<?xml version="1.0" encoding="UTF-8" ?>
<testsuite failures="0" time="0.188" errors="8" skipped="0" tests="9" name="freedays.app.FDUserIntegrationTest">
  <properties>
    <property name="java.runtime.name" value="Java(TM) SE Runtime Environment"/>
    <property name="sun.boot.library.path" value="C:\Program Files\Java\jdk1.6.0_21\jre\bin"/>
    <property name="java.vm.version" value="17.0-b17"/>
    <property name="java.vm.vendor" value="Sun Microsystems Inc."/>
    <property name="java.vendor.url" value="http://java.sun.com/"/>
    <property name="path.separator" value=";"/>
    <property name="java.vm.name" value="Java HotSpot(TM) 64-Bit Server VM"/>
    <property name="file.encoding.pkg" value="sun.io"/>
    <property name="user.country" value="US"/>
    <property name="sun.java.launcher" value="SUN_STANDARD"/>
    <property name="sun.os.patch.level" value=""/>
    <property name="java.vm.specification.name" value="Java Virtual Machine Specification"/>
    <property name="user.dir" value="C:\Users\fmacicasan\git\FreeDaysIntern\Sts\freedays"/>
    <property name="java.runtime.version" value="1.6.0_21-b07"/>
    <property name="java.awt.graphicsenv" value="sun.awt.Win32GraphicsEnvironment"/>
    <property name="basedir" value="C:\Users\fmacicasan\git\FreeDaysIntern\Sts\freedays"/>
    <property name="java.endorsed.dirs" value="C:\Program Files\Java\jdk1.6.0_21\jre\lib\endorsed"/>
    <property name="os.arch" value="amd64"/>
    <property name="surefire.real.class.path" value="C:\Users\fmacicasan\git\FreeDaysIntern\Sts\freedays\target\surefire\surefirebooter1235003270348755692.jar"/>
    <property name="java.io.tmpdir" value="C:\Users\FMACIC~1\AppData\Local\Temp\"/>
    <property name="line.separator" value="
"/>
    <property name="java.vm.specification.vendor" value="Sun Microsystems Inc."/>
    <property name="user.variant" value=""/>
    <property name="os.name" value="Windows 7"/>
    <property name="sun.jnu.encoding" value="Cp1252"/>
    <property name="java.library.path" value="C:\Program Files\Java\jdk1.6.0_21\jre\bin;.;C:\Windows\Sun\Java\bin;C:\Windows\system32;C:\Windows;C:\Windows\system32;C:\Windows;C:\Windows\System32\Wbem;C:\Windows\System32\WindowsPowerShell\v1.0\;C:\Program Files (x86)\Bitvise Tunnelier;D:\Library\apache-maven-3.0.3\bin;D:\Library\grails-1.4.0.M1\bin;D:\Library\spring-roo-1.1.4.RELEASE\bin;C:\Program Files\Java\jdk1.6.0_21\bin;D:\Programs\Old_Mozilla;C:\Program Files (x86)\Git\bin;C:\Program Files (x86)\Notepad++;"/>
    <property name="surefire.test.class.path" value="C:\Users\fmacicasan\git\FreeDaysIntern\Sts\freedays\target\test-classes;C:\Users\fmacicasan\git\FreeDaysIntern\Sts\freedays\target\classes;C:\Users\fmacicasan\.m2\repository\junit\junit\4.8.2\junit-4.8.2.jar;C:\Users\fmacicasan\.m2\repository\log4j\log4j\1.2.16\log4j-1.2.16.jar;C:\Users\fmacicasan\.m2\repository\org\slf4j\slf4j-api\1.6.1\slf4j-api-1.6.1.jar;C:\Users\fmacicasan\.m2\repository\org\slf4j\jcl-over-slf4j\1.6.1\jcl-over-slf4j-1.6.1.jar;C:\Users\fmacicasan\.m2\repository\org\slf4j\slf4j-log4j12\1.6.1\slf4j-log4j12-1.6.1.jar;C:\Users\fmacicasan\.m2\repository\org\aspectj\aspectjrt\1.6.11\aspectjrt-1.6.11.jar;C:\Users\fmacicasan\.m2\repository\org\aspectj\aspectjweaver\1.6.11\aspectjweaver-1.6.11.jar;C:\Users\fmacicasan\.m2\repository\javax\servlet\servlet-api\2.5\servlet-api-2.5.jar;C:\Users\fmacicasan\.m2\repository\net\sf\flexjson\flexjson\2.1\flexjson-2.1.jar;C:\Users\fmacicasan\.m2\repository\org\springframework\roo\org.springframework.roo.annotations\1.1.4.RELEASE\org.springframework.roo.annotations-1.1.4.RELEASE.jar;C:\Users\fmacicasan\.m2\repository\org\springframework\spring-core\3.0.5.RELEASE\spring-core-3.0.5.RELEASE.jar;C:\Users\fmacicasan\.m2\repository\org\springframework\spring-asm\3.0.5.RELEASE\spring-asm-3.0.5.RELEASE.jar;C:\Users\fmacicasan\.m2\repository\org\springframework\spring-test\3.0.5.RELEASE\spring-test-3.0.5.RELEASE.jar;C:\Users\fmacicasan\.m2\repository\org\springframework\spring-context\3.0.5.RELEASE\spring-context-3.0.5.RELEASE.jar;C:\Users\fmacicasan\.m2\repository\org\springframework\spring-beans\3.0.5.RELEASE\spring-beans-3.0.5.RELEASE.jar;C:\Users\fmacicasan\.m2\repository\org\springframework\spring-expression\3.0.5.RELEASE\spring-expression-3.0.5.RELEASE.jar;C:\Users\fmacicasan\.m2\repository\org\springframework\spring-aop\3.0.5.RELEASE\spring-aop-3.0.5.RELEASE.jar;C:\Users\fmacicasan\.m2\repository\aopalliance\aopalliance\1.0\aopalliance-1.0.jar;C:\Users\fmacicasan\.m2\repository\org\springframework\spring-aspects\3.0.5.RELEASE\spring-aspects-3.0.5.RELEASE.jar;C:\Users\fmacicasan\.m2\repository\org\springframework\spring-context-support\3.0.5.RELEASE\spring-context-support-3.0.5.RELEASE.jar;C:\Users\fmacicasan\.m2\repository\mysql\mysql-connector-java\5.1.17\mysql-connector-java-5.1.17.jar;C:\Users\fmacicasan\.m2\repository\org\springframework\spring-tx\3.0.5.RELEASE\spring-tx-3.0.5.RELEASE.jar;C:\Users\fmacicasan\.m2\repository\org\hsqldb\hsqldb\1.8.0.10\hsqldb-1.8.0.10.jar;C:\Users\fmacicasan\.m2\repository\org\hibernate\hibernate-core\3.6.3.Final\hibernate-core-3.6.3.Final.jar;C:\Users\fmacicasan\.m2\repository\antlr\antlr\2.7.6\antlr-2.7.6.jar;C:\Users\fmacicasan\.m2\repository\commons-collections\commons-collections\3.1\commons-collections-3.1.jar;C:\Users\fmacicasan\.m2\repository\dom4j\dom4j\1.6.1\dom4j-1.6.1.jar;C:\Users\fmacicasan\.m2\repository\org\hibernate\hibernate-commons-annotations\3.2.0.Final\hibernate-commons-annotations-3.2.0.Final.jar;C:\Users\fmacicasan\.m2\repository\org\hibernate\hibernate-entitymanager\3.6.3.Final\hibernate-entitymanager-3.6.3.Final.jar;C:\Users\fmacicasan\.m2\repository\javassist\javassist\3.12.0.GA\javassist-3.12.0.GA.jar;C:\Users\fmacicasan\.m2\repository\org\hibernate\javax\persistence\hibernate-jpa-2.0-api\1.0.0.Final\hibernate-jpa-2.0-api-1.0.0.Final.jar;C:\Users\fmacicasan\.m2\repository\org\hibernate\hibernate-validator\4.1.0.Final\hibernate-validator-4.1.0.Final.jar;C:\Users\fmacicasan\.m2\repository\javax\validation\validation-api\1.0.0.GA\validation-api-1.0.0.GA.jar;C:\Users\fmacicasan\.m2\repository\cglib\cglib-nodep\2.2\cglib-nodep-2.2.jar;C:\Users\fmacicasan\.m2\repository\javax\transaction\jta\1.1\jta-1.1.jar;C:\Users\fmacicasan\.m2\repository\org\springframework\spring-jdbc\3.0.5.RELEASE\spring-jdbc-3.0.5.RELEASE.jar;C:\Users\fmacicasan\.m2\repository\org\springframework\spring-orm\3.0.5.RELEASE\spring-orm-3.0.5.RELEASE.jar;C:\Users\fmacicasan\.m2\repository\commons-pool\commons-pool\1.5.4\commons-pool-1.5.4.jar;C:\Users\fmacicasan\.m2\repository\commons-dbcp\commons-dbcp\1.3\commons-dbcp-1.3.jar;C:\Users\fmacicasan\.m2\repository\org\springframework\spring-web\3.0.5.RELEASE\spring-web-3.0.5.RELEASE.jar;C:\Users\fmacicasan\.m2\repository\org\springframework\spring-webmvc\3.0.5.RELEASE\spring-webmvc-3.0.5.RELEASE.jar;C:\Users\fmacicasan\.m2\repository\org\springframework\webflow\spring-js-resources\2.2.1.RELEASE\spring-js-resources-2.2.1.RELEASE.jar;C:\Users\fmacicasan\.m2\repository\commons-digester\commons-digester\2.0\commons-digester-2.0.jar;C:\Users\fmacicasan\.m2\repository\commons-beanutils\commons-beanutils\1.8.0\commons-beanutils-1.8.0.jar;C:\Users\fmacicasan\.m2\repository\commons-fileupload\commons-fileupload\1.2.1\commons-fileupload-1.2.1.jar;C:\Users\fmacicasan\.m2\repository\javax\servlet\jstl\1.2\jstl-1.2.jar;C:\Users\fmacicasan\.m2\repository\javax\el\el-api\1.0\el-api-1.0.jar;C:\Users\fmacicasan\.m2\repository\joda-time\joda-time\1.6\joda-time-1.6.jar;C:\Users\fmacicasan\.m2\repository\javax\servlet\jsp\jsp-api\2.1\jsp-api-2.1.jar;C:\Users\fmacicasan\.m2\repository\commons-codec\commons-codec\1.4\commons-codec-1.4.jar;C:\Users\fmacicasan\.m2\repository\org\apache\tiles\tiles-core\2.2.1\tiles-core-2.2.1.jar;C:\Users\fmacicasan\.m2\repository\org\apache\tiles\tiles-api\2.2.1\tiles-api-2.2.1.jar;C:\Users\fmacicasan\.m2\repository\org\apache\tiles\tiles-jsp\2.2.1\tiles-jsp-2.2.1.jar;C:\Users\fmacicasan\.m2\repository\org\apache\tiles\tiles-servlet\2.2.1\tiles-servlet-2.2.1.jar;C:\Users\fmacicasan\.m2\repository\org\apache\tiles\tiles-template\2.2.1\tiles-template-2.2.1.jar;C:\Users\fmacicasan\.m2\repository\org\springframework\security\spring-security-core\3.0.5.RELEASE\spring-security-core-3.0.5.RELEASE.jar;C:\Users\fmacicasan\.m2\repository\org\springframework\security\spring-security-config\3.0.5.RELEASE\spring-security-config-3.0.5.RELEASE.jar;C:\Users\fmacicasan\.m2\repository\org\springframework\security\spring-security-web\3.0.5.RELEASE\spring-security-web-3.0.5.RELEASE.jar;C:\Users\fmacicasan\.m2\repository\org\springframework\security\spring-security-taglibs\3.0.5.RELEASE\spring-security-taglibs-3.0.5.RELEASE.jar;C:\Users\fmacicasan\.m2\repository\org\springframework\security\spring-security-acl\3.0.5.RELEASE\spring-security-acl-3.0.5.RELEASE.jar;"/>
    <property name="java.specification.name" value="Java Platform API Specification"/>
    <property name="java.class.version" value="50.0"/>
    <property name="sun.management.compiler" value="HotSpot 64-Bit Server Compiler"/>
    <property name="os.version" value="6.1"/>
    <property name="user.home" value="C:\Users\fmacicasan"/>
    <property name="user.timezone" value="Europe/Athens"/>
    <property name="java.awt.printerjob" value="sun.awt.windows.WPrinterJob"/>
    <property name="java.specification.version" value="1.6"/>
    <property name="file.encoding" value="Cp1252"/>
    <property name="user.name" value="fmacicasan"/>
    <property name="java.class.path" value="C:\Users\fmacicasan\git\FreeDaysIntern\Sts\freedays\target\test-classes;C:\Users\fmacicasan\git\FreeDaysIntern\Sts\freedays\target\classes;C:\Users\fmacicasan\.m2\repository\junit\junit\4.8.2\junit-4.8.2.jar;C:\Users\fmacicasan\.m2\repository\log4j\log4j\1.2.16\log4j-1.2.16.jar;C:\Users\fmacicasan\.m2\repository\org\slf4j\slf4j-api\1.6.1\slf4j-api-1.6.1.jar;C:\Users\fmacicasan\.m2\repository\org\slf4j\jcl-over-slf4j\1.6.1\jcl-over-slf4j-1.6.1.jar;C:\Users\fmacicasan\.m2\repository\org\slf4j\slf4j-log4j12\1.6.1\slf4j-log4j12-1.6.1.jar;C:\Users\fmacicasan\.m2\repository\org\aspectj\aspectjrt\1.6.11\aspectjrt-1.6.11.jar;C:\Users\fmacicasan\.m2\repository\org\aspectj\aspectjweaver\1.6.11\aspectjweaver-1.6.11.jar;C:\Users\fmacicasan\.m2\repository\javax\servlet\servlet-api\2.5\servlet-api-2.5.jar;C:\Users\fmacicasan\.m2\repository\net\sf\flexjson\flexjson\2.1\flexjson-2.1.jar;C:\Users\fmacicasan\.m2\repository\org\springframework\roo\org.springframework.roo.annotations\1.1.4.RELEASE\org.springframework.roo.annotations-1.1.4.RELEASE.jar;C:\Users\fmacicasan\.m2\repository\org\springframework\spring-core\3.0.5.RELEASE\spring-core-3.0.5.RELEASE.jar;C:\Users\fmacicasan\.m2\repository\org\springframework\spring-asm\3.0.5.RELEASE\spring-asm-3.0.5.RELEASE.jar;C:\Users\fmacicasan\.m2\repository\org\springframework\spring-test\3.0.5.RELEASE\spring-test-3.0.5.RELEASE.jar;C:\Users\fmacicasan\.m2\repository\org\springframework\spring-context\3.0.5.RELEASE\spring-context-3.0.5.RELEASE.jar;C:\Users\fmacicasan\.m2\repository\org\springframework\spring-beans\3.0.5.RELEASE\spring-beans-3.0.5.RELEASE.jar;C:\Users\fmacicasan\.m2\repository\org\springframework\spring-expression\3.0.5.RELEASE\spring-expression-3.0.5.RELEASE.jar;C:\Users\fmacicasan\.m2\repository\org\springframework\spring-aop\3.0.5.RELEASE\spring-aop-3.0.5.RELEASE.jar;C:\Users\fmacicasan\.m2\repository\aopalliance\aopalliance\1.0\aopalliance-1.0.jar;C:\Users\fmacicasan\.m2\repository\org\springframework\spring-aspects\3.0.5.RELEASE\spring-aspects-3.0.5.RELEASE.jar;C:\Users\fmacicasan\.m2\repository\org\springframework\spring-context-support\3.0.5.RELEASE\spring-context-support-3.0.5.RELEASE.jar;C:\Users\fmacicasan\.m2\repository\mysql\mysql-connector-java\5.1.17\mysql-connector-java-5.1.17.jar;C:\Users\fmacicasan\.m2\repository\org\springframework\spring-tx\3.0.5.RELEASE\spring-tx-3.0.5.RELEASE.jar;C:\Users\fmacicasan\.m2\repository\org\hsqldb\hsqldb\1.8.0.10\hsqldb-1.8.0.10.jar;C:\Users\fmacicasan\.m2\repository\org\hibernate\hibernate-core\3.6.3.Final\hibernate-core-3.6.3.Final.jar;C:\Users\fmacicasan\.m2\repository\antlr\antlr\2.7.6\antlr-2.7.6.jar;C:\Users\fmacicasan\.m2\repository\commons-collections\commons-collections\3.1\commons-collections-3.1.jar;C:\Users\fmacicasan\.m2\repository\dom4j\dom4j\1.6.1\dom4j-1.6.1.jar;C:\Users\fmacicasan\.m2\repository\org\hibernate\hibernate-commons-annotations\3.2.0.Final\hibernate-commons-annotations-3.2.0.Final.jar;C:\Users\fmacicasan\.m2\repository\org\hibernate\hibernate-entitymanager\3.6.3.Final\hibernate-entitymanager-3.6.3.Final.jar;C:\Users\fmacicasan\.m2\repository\javassist\javassist\3.12.0.GA\javassist-3.12.0.GA.jar;C:\Users\fmacicasan\.m2\repository\org\hibernate\javax\persistence\hibernate-jpa-2.0-api\1.0.0.Final\hibernate-jpa-2.0-api-1.0.0.Final.jar;C:\Users\fmacicasan\.m2\repository\org\hibernate\hibernate-validator\4.1.0.Final\hibernate-validator-4.1.0.Final.jar;C:\Users\fmacicasan\.m2\repository\javax\validation\validation-api\1.0.0.GA\validation-api-1.0.0.GA.jar;C:\Users\fmacicasan\.m2\repository\cglib\cglib-nodep\2.2\cglib-nodep-2.2.jar;C:\Users\fmacicasan\.m2\repository\javax\transaction\jta\1.1\jta-1.1.jar;C:\Users\fmacicasan\.m2\repository\org\springframework\spring-jdbc\3.0.5.RELEASE\spring-jdbc-3.0.5.RELEASE.jar;C:\Users\fmacicasan\.m2\repository\org\springframework\spring-orm\3.0.5.RELEASE\spring-orm-3.0.5.RELEASE.jar;C:\Users\fmacicasan\.m2\repository\commons-pool\commons-pool\1.5.4\commons-pool-1.5.4.jar;C:\Users\fmacicasan\.m2\repository\commons-dbcp\commons-dbcp\1.3\commons-dbcp-1.3.jar;C:\Users\fmacicasan\.m2\repository\org\springframework\spring-web\3.0.5.RELEASE\spring-web-3.0.5.RELEASE.jar;C:\Users\fmacicasan\.m2\repository\org\springframework\spring-webmvc\3.0.5.RELEASE\spring-webmvc-3.0.5.RELEASE.jar;C:\Users\fmacicasan\.m2\repository\org\springframework\webflow\spring-js-resources\2.2.1.RELEASE\spring-js-resources-2.2.1.RELEASE.jar;C:\Users\fmacicasan\.m2\repository\commons-digester\commons-digester\2.0\commons-digester-2.0.jar;C:\Users\fmacicasan\.m2\repository\commons-beanutils\commons-beanutils\1.8.0\commons-beanutils-1.8.0.jar;C:\Users\fmacicasan\.m2\repository\commons-fileupload\commons-fileupload\1.2.1\commons-fileupload-1.2.1.jar;C:\Users\fmacicasan\.m2\repository\javax\servlet\jstl\1.2\jstl-1.2.jar;C:\Users\fmacicasan\.m2\repository\javax\el\el-api\1.0\el-api-1.0.jar;C:\Users\fmacicasan\.m2\repository\joda-time\joda-time\1.6\joda-time-1.6.jar;C:\Users\fmacicasan\.m2\repository\javax\servlet\jsp\jsp-api\2.1\jsp-api-2.1.jar;C:\Users\fmacicasan\.m2\repository\commons-codec\commons-codec\1.4\commons-codec-1.4.jar;C:\Users\fmacicasan\.m2\repository\org\apache\tiles\tiles-core\2.2.1\tiles-core-2.2.1.jar;C:\Users\fmacicasan\.m2\repository\org\apache\tiles\tiles-api\2.2.1\tiles-api-2.2.1.jar;C:\Users\fmacicasan\.m2\repository\org\apache\tiles\tiles-jsp\2.2.1\tiles-jsp-2.2.1.jar;C:\Users\fmacicasan\.m2\repository\org\apache\tiles\tiles-servlet\2.2.1\tiles-servlet-2.2.1.jar;C:\Users\fmacicasan\.m2\repository\org\apache\tiles\tiles-template\2.2.1\tiles-template-2.2.1.jar;C:\Users\fmacicasan\.m2\repository\org\springframework\security\spring-security-core\3.0.5.RELEASE\spring-security-core-3.0.5.RELEASE.jar;C:\Users\fmacicasan\.m2\repository\org\springframework\security\spring-security-config\3.0.5.RELEASE\spring-security-config-3.0.5.RELEASE.jar;C:\Users\fmacicasan\.m2\repository\org\springframework\security\spring-security-web\3.0.5.RELEASE\spring-security-web-3.0.5.RELEASE.jar;C:\Users\fmacicasan\.m2\repository\org\springframework\security\spring-security-taglibs\3.0.5.RELEASE\spring-security-taglibs-3.0.5.RELEASE.jar;C:\Users\fmacicasan\.m2\repository\org\springframework\security\spring-security-acl\3.0.5.RELEASE\spring-security-acl-3.0.5.RELEASE.jar;"/>
    <property name="java.vm.specification.version" value="1.0"/>
    <property name="sun.arch.data.model" value="64"/>
    <property name="java.home" value="C:\Program Files\Java\jdk1.6.0_21\jre"/>
    <property name="java.specification.vendor" value="Sun Microsystems Inc."/>
    <property name="user.language" value="en"/>
    <property name="awt.toolkit" value="sun.awt.windows.WToolkit"/>
    <property name="java.vm.info" value="mixed mode"/>
    <property name="java.version" value="1.6.0_21"/>
    <property name="java.ext.dirs" value="C:\Program Files\Java\jdk1.6.0_21\jre\lib\ext;C:\Windows\Sun\Java\lib\ext"/>
    <property name="sun.boot.class.path" value="C:\Program Files\Java\jdk1.6.0_21\jre\lib\resources.jar;C:\Program Files\Java\jdk1.6.0_21\jre\lib\rt.jar;C:\Program Files\Java\jdk1.6.0_21\jre\lib\sunrsasign.jar;C:\Program Files\Java\jdk1.6.0_21\jre\lib\jsse.jar;C:\Program Files\Java\jdk1.6.0_21\jre\lib\jce.jar;C:\Program Files\Java\jdk1.6.0_21\jre\lib\charsets.jar;C:\Program Files\Java\jdk1.6.0_21\jre\classes"/>
    <property name="java.vendor" value="Sun Microsystems Inc."/>
    <property name="localRepository" value="C:\Users\fmacicasan\.m2\repository"/>
    <property name="file.separator" value="\"/>
    <property name="java.vendor.url.bug" value="http://java.sun.com/cgi-bin/bugreport.cgi"/>
    <property name="sun.cpu.endian" value="little"/>
    <property name="sun.io.unicode.encoding" value="UnicodeLittle"/>
    <property name="sun.desktop" value="windows"/>
    <property name="sun.cpu.isalist" value="amd64"/>
  </properties>
  <testcase time="0.011" classname="freedays.app.FDUserIntegrationTest" name="testMarkerMethod"/>
  <testcase time="0.061" classname="freedays.app.FDUserIntegrationTest" name="testFlush">
    <error message="org.hibernate.exception.ConstraintViolationException: could not insert: [freedays.domain.RegularUser]; nested exception is javax.persistence.PersistenceException: org.hibernate.exception.ConstraintViolationException: could not insert: [freedays.domain.RegularUser]" type="org.springframework.orm.jpa.JpaSystemException">org.springframework.orm.jpa.JpaSystemException: org.hibernate.exception.ConstraintViolationException: could not insert: [freedays.domain.RegularUser]; nested exception is javax.persistence.PersistenceException: org.hibernate.exception.ConstraintViolationException: could not insert: [freedays.domain.RegularUser]
	at org.springframework.orm.jpa.EntityManagerFactoryUtils.convertJpaAccessExceptionIfPossible(EntityManagerFactoryUtils.java:311)
	at org.springframework.orm.jpa.aspectj.JpaExceptionTranslatorAspect.ajc$afterThrowing$org_springframework_orm_jpa_aspectj_JpaExceptionTranslatorAspect$1$18a1ac9(JpaExceptionTranslatorAspect.aj:15)
	at freedays.domain.RegularUser_Roo_Entity.ajc$interMethod$freedays_domain_RegularUser_Roo_Entity$freedays_domain_RegularUser$persist(RegularUser_Roo_Entity.aj:55)
	at freedays.domain.RegularUser.persist(RegularUser.java:1)
	at freedays.domain.RegularUser_Roo_Entity.ajc$interMethodDispatch1$freedays_domain_RegularUser_Roo_Entity$freedays_domain_RegularUser$persist(RegularUser_Roo_Entity.aj)
	at freedays.domain.RegularUserDataOnDemand_Roo_DataOnDemand.ajc$interMethod$freedays_domain_RegularUserDataOnDemand_Roo_DataOnDemand$freedays_domain_RegularUserDataOnDemand$init(RegularUserDataOnDemand_Roo_DataOnDemand.aj:112)
	at freedays.domain.RegularUserDataOnDemand.init(RegularUserDataOnDemand.java:1)
	at freedays.domain.RegularUserDataOnDemand_Roo_DataOnDemand.ajc$interMethodDispatch1$freedays_domain_RegularUserDataOnDemand_Roo_DataOnDemand$freedays_domain_RegularUserDataOnDemand$init(RegularUserDataOnDemand_Roo_DataOnDemand.aj)
	at freedays.domain.RegularUserDataOnDemand_Roo_DataOnDemand.ajc$interMethod$freedays_domain_RegularUserDataOnDemand_Roo_DataOnDemand$freedays_domain_RegularUserDataOnDemand$getRandomRegularUser(RegularUserDataOnDemand_Roo_DataOnDemand.aj:93)
	at freedays.domain.RegularUserDataOnDemand.getRandomRegularUser(RegularUserDataOnDemand.java:1)
	at freedays.domain.RegularUserDataOnDemand_Roo_DataOnDemand.ajc$interMethodDispatch1$freedays_domain_RegularUserDataOnDemand_Roo_DataOnDemand$freedays_domain_RegularUserDataOnDemand$getRandomRegularUser(RegularUserDataOnDemand_Roo_DataOnDemand.aj)
	at freedays.app.FDUserDataOnDemand_Roo_DataOnDemand.ajc$interMethod$freedays_app_FDUserDataOnDemand_Roo_DataOnDemand$freedays_app_FDUserDataOnDemand$setRegularUser(FDUserDataOnDemand_Roo_DataOnDemand.aj:39)
	at freedays.app.FDUserDataOnDemand.setRegularUser(FDUserDataOnDemand.java:1)
	at freedays.app.FDUserDataOnDemand_Roo_DataOnDemand.ajc$interMethodDispatch1$freedays_app_FDUserDataOnDemand_Roo_DataOnDemand$freedays_app_FDUserDataOnDemand$setRegularUser(FDUserDataOnDemand_Roo_DataOnDemand.aj)
	at freedays.app.FDUserDataOnDemand_Roo_DataOnDemand.ajc$interMethod$freedays_app_FDUserDataOnDemand_Roo_DataOnDemand$freedays_app_FDUserDataOnDemand$getNewTransientFDUser(FDUserDataOnDemand_Roo_DataOnDemand.aj:30)
	at freedays.app.FDUserDataOnDemand.getNewTransientFDUser(FDUserDataOnDemand.java:1)
	at freedays.app.FDUserDataOnDemand_Roo_DataOnDemand.ajc$interMethodDispatch1$freedays_app_FDUserDataOnDemand_Roo_DataOnDemand$freedays_app_FDUserDataOnDemand$getNewTransientFDUser(FDUserDataOnDemand_Roo_DataOnDemand.aj)
	at freedays.app.FDUserDataOnDemand_Roo_DataOnDemand.ajc$interMethod$freedays_app_FDUserDataOnDemand_Roo_DataOnDemand$freedays_app_FDUserDataOnDemand$init(FDUserDataOnDemand_Roo_DataOnDemand.aj:96)
	at freedays.app.FDUserDataOnDemand.init(FDUserDataOnDemand.java:1)
	at freedays.app.FDUserDataOnDemand_Roo_DataOnDemand.ajc$interMethodDispatch1$freedays_app_FDUserDataOnDemand_Roo_DataOnDemand$freedays_app_FDUserDataOnDemand$init(FDUserDataOnDemand_Roo_DataOnDemand.aj)
	at freedays.app.FDUserDataOnDemand_Roo_DataOnDemand.ajc$interMethod$freedays_app_FDUserDataOnDemand_Roo_DataOnDemand$freedays_app_FDUserDataOnDemand$getRandomFDUser(FDUserDataOnDemand_Roo_DataOnDemand.aj:78)
	at freedays.app.FDUserDataOnDemand.getRandomFDUser(FDUserDataOnDemand.java:1)
	at freedays.app.FDUserDataOnDemand_Roo_DataOnDemand.ajc$interMethodDispatch1$freedays_app_FDUserDataOnDemand_Roo_DataOnDemand$freedays_app_FDUserDataOnDemand$getRandomFDUser(FDUserDataOnDemand_Roo_DataOnDemand.aj)
	at freedays.app.FDUserIntegrationTest_Roo_IntegrationTest.ajc$interMethod$freedays_app_FDUserIntegrationTest_Roo_IntegrationTest$freedays_app_FDUserIntegrationTest$testFlush(FDUserIntegrationTest_Roo_IntegrationTest.aj:65)
	at freedays.app.FDUserIntegrationTest.testFlush(FDUserIntegrationTest.java:1)
	at sun.reflect.NativeMethodAccessorImpl.invoke0(Native Method)
	at sun.reflect.NativeMethodAccessorImpl.invoke(NativeMethodAccessorImpl.java:39)
	at sun.reflect.DelegatingMethodAccessorImpl.invoke(DelegatingMethodAccessorImpl.java:25)
	at java.lang.reflect.Method.invoke(Method.java:597)
	at org.junit.runners.model.FrameworkMethod$1.runReflectiveCall(FrameworkMethod.java:44)
	at org.junit.internal.runners.model.ReflectiveCallable.run(ReflectiveCallable.java:15)
	at org.junit.runners.model.FrameworkMethod.invokeExplosively(FrameworkMethod.java:41)
	at org.junit.internal.runners.statements.InvokeMethod.evaluate(InvokeMethod.java:20)
	at org.springframework.test.context.junit4.statements.RunBeforeTestMethodCallbacks.evaluate(RunBeforeTestMethodCallbacks.java:74)
	at org.springframework.test.context.junit4.statements.RunAfterTestMethodCallbacks.evaluate(RunAfterTestMethodCallbacks.java:82)
	at org.springframework.test.context.junit4.statements.SpringRepeat.evaluate(SpringRepeat.java:72)
	at org.springframework.test.context.junit4.SpringJUnit4ClassRunner.runChild(SpringJUnit4ClassRunner.java:240)
	at org.junit.runners.BlockJUnit4ClassRunner.runChild(BlockJUnit4ClassRunner.java:49)
	at org.junit.runners.ParentRunner$3.run(ParentRunner.java:193)
	at org.junit.runners.ParentRunner$1.schedule(ParentRunner.java:52)
	at org.junit.runners.ParentRunner.runChildren(ParentRunner.java:191)
	at org.junit.runners.ParentRunner.access$000(ParentRunner.java:42)
	at org.junit.runners.ParentRunner$2.evaluate(ParentRunner.java:184)
	at org.springframework.test.context.junit4.statements.RunBeforeTestClassCallbacks.evaluate(RunBeforeTestClassCallbacks.java:61)
	at org.springframework.test.context.junit4.statements.RunAfterTestClassCallbacks.evaluate(RunAfterTestClassCallbacks.java:70)
	at org.junit.runners.ParentRunner.run(ParentRunner.java:236)
	at org.springframework.test.context.junit4.SpringJUnit4ClassRunner.run(SpringJUnit4ClassRunner.java:180)
	at org.apache.maven.surefire.junit4.JUnit4TestSet.execute(JUnit4TestSet.java:35)
	at org.apache.maven.surefire.junit4.JUnit4Provider.executeTestSet(JUnit4Provider.java:115)
	at org.apache.maven.surefire.junit4.JUnit4Provider.invoke(JUnit4Provider.java:97)
	at sun.reflect.NativeMethodAccessorImpl.invoke0(Native Method)
	at sun.reflect.NativeMethodAccessorImpl.invoke(NativeMethodAccessorImpl.java:39)
	at sun.reflect.DelegatingMethodAccessorImpl.invoke(DelegatingMethodAccessorImpl.java:25)
	at java.lang.reflect.Method.invoke(Method.java:597)
	at org.apache.maven.surefire.booter.ProviderFactory$ClassLoaderProxy.invoke(ProviderFactory.java:103)
	at $Proxy0.invoke(Unknown Source)
	at org.apache.maven.surefire.booter.SurefireStarter.invokeProvider(SurefireStarter.java:150)
	at org.apache.maven.surefire.booter.SurefireStarter.runSuitesInProcess(SurefireStarter.java:91)
	at org.apache.maven.surefire.booter.ForkedBooter.main(ForkedBooter.java:69)
Caused by: javax.persistence.PersistenceException: org.hibernate.exception.ConstraintViolationException: could not insert: [freedays.domain.RegularUser]
	at org.hibernate.ejb.AbstractEntityManagerImpl.convert(AbstractEntityManagerImpl.java:1214)
	at org.hibernate.ejb.AbstractEntityManagerImpl.convert(AbstractEntityManagerImpl.java:1147)
	at org.hibernate.ejb.AbstractEntityManagerImpl.convert(AbstractEntityManagerImpl.java:1153)
	at org.hibernate.ejb.AbstractEntityManagerImpl.persist(AbstractEntityManagerImpl.java:678)
	at sun.reflect.GeneratedMethodAccessor10.invoke(Unknown Source)
	at sun.reflect.DelegatingMethodAccessorImpl.invoke(DelegatingMethodAccessorImpl.java:25)
	at java.lang.reflect.Method.invoke(Method.java:597)
	at org.springframework.orm.jpa.SharedEntityManagerCreator$SharedEntityManagerInvocationHandler.invoke(SharedEntityManagerCreator.java:240)
	at $Proxy41.persist(Unknown Source)
	... 57 more
Caused by: org.hibernate.exception.ConstraintViolationException: could not insert: [freedays.domain.RegularUser]
	at org.hibernate.exception.SQLStateConverter.convert(SQLStateConverter.java:96)
	at org.hibernate.exception.JDBCExceptionHelper.convert(JDBCExceptionHelper.java:66)
	at org.hibernate.id.insert.AbstractReturningDelegate.performInsert(AbstractReturningDelegate.java:64)
	at org.hibernate.persister.entity.AbstractEntityPersister.insert(AbstractEntityPersister.java:2345)
	at org.hibernate.persister.entity.AbstractEntityPersister.insert(AbstractEntityPersister.java:2852)
	at org.hibernate.action.EntityIdentityInsertAction.execute(EntityIdentityInsertAction.java:71)
	at org.hibernate.engine.ActionQueue.execute(ActionQueue.java:273)
	at org.hibernate.event.def.AbstractSaveEventListener.performSaveOrReplicate(AbstractSaveEventListener.java:320)
	at org.hibernate.event.def.AbstractSaveEventListener.performSave(AbstractSaveEventListener.java:203)
	at org.hibernate.event.def.AbstractSaveEventListener.saveWithGeneratedId(AbstractSaveEventListener.java:129)
	at org.hibernate.ejb.event.EJB3PersistEventListener.saveWithGeneratedId(EJB3PersistEventListener.java:69)
	at org.hibernate.event.def.DefaultPersistEventListener.entityIsTransient(DefaultPersistEventListener.java:179)
	at org.hibernate.event.def.DefaultPersistEventListener.onPersist(DefaultPersistEventListener.java:135)
	at org.hibernate.event.def.DefaultPersistEventListener.onPersist(DefaultPersistEventListener.java:61)
	at org.hibernate.impl.SessionImpl.firePersist(SessionImpl.java:808)
	at org.hibernate.impl.SessionImpl.persist(SessionImpl.java:782)
	at org.hibernate.impl.SessionImpl.persist(SessionImpl.java:786)
	at org.hibernate.ejb.AbstractEntityManagerImpl.persist(AbstractEntityManagerImpl.java:672)
	... 62 more
Caused by: com.mysql.jdbc.exceptions.jdbc4.MySQLIntegrityConstraintViolationException: Column &apos;usermodify&apos; cannot be null
	at sun.reflect.NativeConstructorAccessorImpl.newInstance0(Native Method)
	at sun.reflect.NativeConstructorAccessorImpl.newInstance(NativeConstructorAccessorImpl.java:39)
	at sun.reflect.DelegatingConstructorAccessorImpl.newInstance(DelegatingConstructorAccessorImpl.java:27)
	at java.lang.reflect.Constructor.newInstance(Constructor.java:513)
	at com.mysql.jdbc.Util.handleNewInstance(Util.java:411)
	at com.mysql.jdbc.Util.getInstance(Util.java:386)
	at com.mysql.jdbc.SQLError.createSQLException(SQLError.java:1039)
	at com.mysql.jdbc.MysqlIO.checkErrorPacket(MysqlIO.java:3597)
	at com.mysql.jdbc.MysqlIO.checkErrorPacket(MysqlIO.java:3529)
	at com.mysql.jdbc.MysqlIO.sendCommand(MysqlIO.java:1990)
	at com.mysql.jdbc.MysqlIO.sqlQueryDirect(MysqlIO.java:2151)
	at com.mysql.jdbc.ConnectionImpl.execSQL(ConnectionImpl.java:2625)
	at com.mysql.jdbc.PreparedStatement.executeInternal(PreparedStatement.java:2119)
	at com.mysql.jdbc.PreparedStatement.executeUpdate(PreparedStatement.java:2415)
	at com.mysql.jdbc.PreparedStatement.executeUpdate(PreparedStatement.java:2333)
	at com.mysql.jdbc.PreparedStatement.executeUpdate(PreparedStatement.java:2318)
	at org.apache.commons.dbcp.DelegatingPreparedStatement.executeUpdate(DelegatingPreparedStatement.java:105)
	at org.apache.commons.dbcp.DelegatingPreparedStatement.executeUpdate(DelegatingPreparedStatement.java:105)
	at org.hibernate.id.IdentityGenerator$GetGeneratedKeysDelegate.executeAndExtract(IdentityGenerator.java:94)
	at org.hibernate.id.insert.AbstractReturningDelegate.performInsert(AbstractReturningDelegate.java:57)
	... 77 more
</error>
    <system-out>2011-07-13 10:47:56,987 [main] DEBUG org.springframework.test.annotation.ProfileValueUtils - Retrieved @ProfileValueSourceConfiguration [null] for test class [freedays.app.FDUserIntegrationTest]
2011-07-13 10:47:56,987 [main] DEBUG org.springframework.test.annotation.ProfileValueUtils - Retrieved ProfileValueSource type [class org.springframework.test.annotation.SystemProfileValueSource] for class [freedays.app.FDUserIntegrationTest]
2011-07-13 10:47:56,987 [main] DEBUG org.springframework.beans.factory.annotation.InjectionMetadata - Processing injected method of bean &apos;freedays.app.FDUserIntegrationTest&apos;: AutowiredFieldElement for private freedays.app.FDUserDataOnDemand freedays.app.FDUserIntegrationTest.dod
2011-07-13 10:47:56,987 [main] DEBUG org.springframework.beans.factory.support.DefaultListableBeanFactory - Returning cached instance of singleton bean &apos;FDUserDataOnDemand&apos;
2011-07-13 10:47:56,987 [main] DEBUG org.springframework.test.context.support.DependencyInjectionTestExecutionListener - Performing dependency injection for test context [[TestContext@461d318f testClass = FDUserIntegrationTest, locations = array&lt;String&gt;[&apos;classpath:/META-INF/spring/applicationContext.xml&apos;], testInstance = freedays.app.FDUserIntegrationTest@16fa21a4, testMethod = [null], testException = [null]]].
2011-07-13 10:47:56,987 [main] DEBUG org.springframework.beans.factory.annotation.InjectionMetadata - Processing injected method of bean &apos;freedays.app.FDUserIntegrationTest&apos;: AutowiredFieldElement for private freedays.app.FDUserDataOnDemand freedays.app.FDUserIntegrationTest.dod
2011-07-13 10:47:56,987 [main] DEBUG org.springframework.beans.factory.support.DefaultListableBeanFactory - Returning cached instance of singleton bean &apos;FDUserDataOnDemand&apos;
2011-07-13 10:47:56,988 [main] DEBUG org.springframework.transaction.annotation.AnnotationTransactionAttributeSource - Adding transactional method &apos;testFlush&apos; with attribute: PROPAGATION_REQUIRED,ISOLATION_DEFAULT; &apos;&apos;
2011-07-13 10:47:56,988 [main] DEBUG org.springframework.test.context.transaction.TransactionalTestExecutionListener - Explicit transaction definition [PROPAGATION_REQUIRED,ISOLATION_DEFAULT; &apos;&apos;] found for test context [[TestContext@461d318f testClass = FDUserIntegrationTest, locations = array&lt;String&gt;[&apos;classpath:/META-INF/spring/applicationContext.xml&apos;], testInstance = freedays.app.FDUserIntegrationTest@16fa21a4, testMethod = testFlush@FDUserIntegrationTest, testException = [null]]]
2011-07-13 10:47:56,988 [main] DEBUG org.springframework.beans.factory.support.DefaultListableBeanFactory - Returning cached instance of singleton bean &apos;transactionManager&apos;
2011-07-13 10:47:56,988 [main] DEBUG org.springframework.orm.jpa.JpaTransactionManager - Creating new transaction with name [testFlush]: PROPAGATION_REQUIRED,ISOLATION_DEFAULT; &apos;&apos;
2011-07-13 10:47:56,988 [main] DEBUG org.hibernate.impl.SessionImpl - opened session at timestamp: 13105432769
2011-07-13 10:47:56,988 [main] DEBUG org.springframework.orm.jpa.JpaTransactionManager - Opened new EntityManager [org.hibernate.ejb.EntityManagerImpl@2f368c5d] for JPA transaction
2011-07-13 10:47:56,988 [main] DEBUG org.hibernate.transaction.JDBCTransaction - begin
2011-07-13 10:47:56,988 [main] DEBUG org.hibernate.jdbc.ConnectionManager - opening JDBC connection
2011-07-13 10:47:56,989 [main] DEBUG org.hibernate.transaction.JDBCTransaction - current autocommit status: true
2011-07-13 10:47:56,989 [main] DEBUG org.hibernate.transaction.JDBCTransaction - disabling autocommit
2011-07-13 10:47:56,990 [main] DEBUG org.springframework.orm.jpa.JpaTransactionManager - Not exposing JPA transaction [org.hibernate.ejb.EntityManagerImpl@2f368c5d] as JDBC transaction because JpaDialect [org.springframework.orm.jpa.DefaultJpaDialect@962e703] does not support JDBC Connection retrieval
2011-07-13 10:47:56,990 [main] DEBUG org.springframework.test.context.transaction.TransactionalTestExecutionListener - No method-level @Rollback override: using default rollback [true] for test context [[TestContext@461d318f testClass = FDUserIntegrationTest, locations = array&lt;String&gt;[&apos;classpath:/META-INF/spring/applicationContext.xml&apos;], testInstance = freedays.app.FDUserIntegrationTest@16fa21a4, testMethod = testFlush@FDUserIntegrationTest, testException = [null]]]
2011-07-13 10:47:56,990 [main] INFO  org.springframework.test.context.transaction.TransactionalTestExecutionListener - Began transaction (2): transaction manager [org.springframework.orm.jpa.JpaTransactionManager@c303a60]; rollback [true]
2011-07-13 10:47:56,990 [main] DEBUG org.springframework.transaction.annotation.AnnotationTransactionAttributeSource - Adding transactional method &apos;testFlush&apos; with attribute: PROPAGATION_REQUIRED,ISOLATION_DEFAULT; &apos;&apos;
2011-07-13 10:47:56,990 [main] DEBUG org.springframework.beans.factory.support.DefaultListableBeanFactory - Returning cached instance of singleton bean &apos;transactionManager&apos;
2011-07-13 10:47:56,990 [main] DEBUG org.springframework.orm.jpa.JpaTransactionManager - Found thread-bound EntityManager [org.hibernate.ejb.EntityManagerImpl@2f368c5d] for JPA transaction
2011-07-13 10:47:56,990 [main] DEBUG org.springframework.orm.jpa.JpaTransactionManager - Participating in existing transaction
2011-07-13 10:47:56,995 [main] DEBUG org.springframework.beans.factory.annotation.InjectionMetadata - Found injected element on class [freedays.domain.ApplicationRegularUser$ApplicationRegularUser_Roo_Entity$1]: PersistenceElement for transient javax.persistence.EntityManager freedays.domain.ApplicationRegularUser.entityManager
2011-07-13 10:47:56,995 [main] DEBUG org.springframework.beans.factory.annotation.InjectionMetadata - Processing injected method of bean &apos;freedays.domain.ApplicationRegularUser$ApplicationRegularUser_Roo_Entity$1&apos;: PersistenceElement for transient javax.persistence.EntityManager freedays.domain.ApplicationRegularUser.entityManager
2011-07-13 10:47:56,995 [main] DEBUG org.springframework.beans.factory.support.DefaultListableBeanFactory - Returning cached instance of singleton bean &apos;entityManagerFactory&apos;
2011-07-13 10:47:56,997 [main] DEBUG org.hibernate.hql.ast.QueryTranslatorImpl - parse() - HQL: SELECT o FROM freedays.app.FDUser o
2011-07-13 10:47:56,998 [main] DEBUG org.hibernate.hql.ast.AST - --- HQL AST ---
 \-[QUERY] Node: &apos;query&apos;
    \-[SELECT_FROM] Node: &apos;SELECT_FROM&apos;
       +-[FROM] Node: &apos;FROM&apos;
       |  \-[RANGE] Node: &apos;RANGE&apos;
       |     +-[DOT] Node: &apos;.&apos;
       |     |  +-[DOT] Node: &apos;.&apos;
       |     |  |  +-[IDENT] Node: &apos;freedays&apos;
       |     |  |  \-[IDENT] Node: &apos;app&apos;
       |     |  \-[IDENT] Node: &apos;FDUser&apos;
       |     \-[ALIAS] Node: &apos;o&apos;
       \-[SELECT] Node: &apos;SELECT&apos;
          \-[IDENT] Node: &apos;o&apos;

2011-07-13 10:47:56,998 [main] DEBUG org.hibernate.hql.ast.ErrorCounter - throwQueryException() : no errors
2011-07-13 10:47:56,998 [main] DEBUG org.hibernate.hql.antlr.HqlSqlBaseWalker - select &lt;&lt; begin [level=1, statement=select]
2011-07-13 10:47:56,998 [main] DEBUG org.hibernate.hql.ast.tree.FromElement - FromClause{level=1} :  freedays.app.FDUser (o) -&gt; fduser0_
2011-07-13 10:47:56,998 [main] DEBUG org.hibernate.hql.ast.tree.FromReferenceNode - Resolved :  o -&gt; fduser0_.id
2011-07-13 10:47:56,998 [main] DEBUG org.hibernate.hql.antlr.HqlSqlBaseWalker - select : finishing up [level=1, statement=select]
2011-07-13 10:47:56,999 [main] DEBUG org.hibernate.hql.ast.HqlSqlWalker - processQuery() :  ( SELECT ( {select clause} fduser0_.id ) ( FromClause{level=1} fduser fduser0_ ) )
2011-07-13 10:47:56,999 [main] DEBUG org.hibernate.hql.ast.util.JoinProcessor - Using FROM fragment [fduser fduser0_]
2011-07-13 10:47:56,999 [main] DEBUG org.hibernate.hql.antlr.HqlSqlBaseWalker - select &gt;&gt; end [level=1, statement=select]
2011-07-13 10:47:56,999 [main] DEBUG org.hibernate.hql.ast.AST - --- SQL AST ---
 \-[SELECT] QueryNode: &apos;SELECT&apos;  querySpaces (application_regular_user,fduser)
    +-[SELECT_CLAUSE] SelectClause: &apos;{select clause}&apos;
    |  +-[ALIAS_REF] IdentNode: &apos;fduser0_.id as id0_&apos; {alias=o, className=freedays.app.FDUser, tableAlias=fduser0_}
    |  \-[SQL_TOKEN] SqlFragment: &apos;fduser0_.granter as granter0_, fduser0_.regular_user as regular4_0_, fduser0_.version as version0_, fduser0_.hire_date as hire1_1_, fduser0_.init_days as init2_1_, fduser0_.max_free_days as max3_1_&apos;
    \-[FROM] FromClause: &apos;FROM&apos; FromClause{level=1, fromElementCounter=1, fromElements=1, fromElementByClassAlias=[o], fromElementByTableAlias=[fduser0_], fromElementsByPath=[], collectionJoinFromElementsByPath=[], impliedElements=[]}
       \-[FROM_FRAGMENT] FromElement: &apos;fduser fduser0_&apos; FromElement{explicit,not a collection join,not a fetch join,fetch non-lazy properties,classAlias=o,role=null,tableName=fduser,tableAlias=fduser0_,origin=null,columns={,className=freedays.app.FDUser}}

2011-07-13 10:47:56,999 [main] DEBUG org.hibernate.hql.ast.ErrorCounter - throwQueryException() : no errors
2011-07-13 10:47:56,999 [main] DEBUG org.hibernate.hql.ast.QueryTranslatorImpl - HQL: SELECT o FROM freedays.app.FDUser o
2011-07-13 10:47:56,999 [main] DEBUG org.hibernate.hql.ast.QueryTranslatorImpl - SQL: select fduser0_.id as id0_, fduser0_.granter as granter0_, fduser0_.regular_user as regular4_0_, fduser0_.version as version0_, fduser0_.hire_date as hire1_1_, fduser0_.init_days as init2_1_, fduser0_.max_free_days as max3_1_ from fduser fduser0_
2011-07-13 10:47:56,999 [main] DEBUG org.hibernate.hql.ast.ErrorCounter - throwQueryException() : no errors
2011-07-13 10:47:57,000 [main] DEBUG org.hibernate.jdbc.AbstractBatcher - about to open PreparedStatement (open PreparedStatements: 0, globally: 0)
2011-07-13 10:47:57,000 [main] DEBUG org.hibernate.SQL - select fduser0_.id as id0_, fduser0_.granter as granter0_, fduser0_.regular_user as regular4_0_, fduser0_.version as version0_, fduser0_.hire_date as hire1_1_, fduser0_.init_days as init2_1_, fduser0_.max_free_days as max3_1_ from fduser fduser0_ limit ?
2011-07-13 10:47:57,001 [main] DEBUG org.hibernate.jdbc.AbstractBatcher - about to open ResultSet (open ResultSets: 0, globally: 0)
2011-07-13 10:47:57,001 [main] DEBUG org.hibernate.jdbc.AbstractBatcher - about to close ResultSet (open ResultSets: 1, globally: 1)
2011-07-13 10:47:57,001 [main] DEBUG org.hibernate.jdbc.AbstractBatcher - about to close PreparedStatement (open PreparedStatements: 1, globally: 1)
2011-07-13 10:47:57,001 [main] DEBUG org.hibernate.engine.StatefulPersistenceContext - initializing non-lazy collections
2011-07-13 10:47:57,001 [main] DEBUG org.springframework.beans.factory.annotation.InjectionMetadata - Processing injected method of bean &apos;freedays.app.FDUser&apos;: PersistenceElement for transient javax.persistence.EntityManager freedays.domain.ApplicationRegularUser.entityManager
2011-07-13 10:47:57,002 [main] DEBUG org.springframework.beans.factory.support.DefaultListableBeanFactory - Returning cached instance of singleton bean &apos;entityManagerFactory&apos;
2011-07-13 10:47:57,005 [main] DEBUG org.springframework.beans.factory.annotation.InjectionMetadata - Processing injected method of bean &apos;freedays.domain.RegularUser&apos;: PersistenceElement for transient javax.persistence.EntityManager freedays.domain.RegularUser.entityManager
2011-07-13 10:47:57,005 [main] DEBUG org.springframework.beans.factory.support.DefaultListableBeanFactory - Returning cached instance of singleton bean &apos;entityManagerFactory&apos;
2011-07-13 10:47:57,008 [main] DEBUG org.hibernate.hql.ast.QueryTranslatorImpl - parse() - HQL: SELECT o FROM freedays.domain.RegularUser o
2011-07-13 10:47:57,009 [main] DEBUG org.hibernate.hql.ast.AST - --- HQL AST ---
 \-[QUERY] Node: &apos;query&apos;
    \-[SELECT_FROM] Node: &apos;SELECT_FROM&apos;
       +-[FROM] Node: &apos;FROM&apos;
       |  \-[RANGE] Node: &apos;RANGE&apos;
       |     +-[DOT] Node: &apos;.&apos;
       |     |  +-[DOT] Node: &apos;.&apos;
       |     |  |  +-[IDENT] Node: &apos;freedays&apos;
       |     |  |  \-[IDENT] Node: &apos;domain&apos;
       |     |  \-[IDENT] Node: &apos;RegularUser&apos;
       |     \-[ALIAS] Node: &apos;o&apos;
       \-[SELECT] Node: &apos;SELECT&apos;
          \-[IDENT] Node: &apos;o&apos;

2011-07-13 10:47:57,009 [main] DEBUG org.hibernate.hql.ast.ErrorCounter - throwQueryException() : no errors
2011-07-13 10:47:57,010 [main] DEBUG org.hibernate.hql.antlr.HqlSqlBaseWalker - select &lt;&lt; begin [level=1, statement=select]
2011-07-13 10:47:57,010 [main] DEBUG org.hibernate.hql.ast.tree.FromElement - FromClause{level=1} :  freedays.domain.RegularUser (o) -&gt; regularuse0_
2011-07-13 10:47:57,010 [main] DEBUG org.hibernate.hql.ast.tree.FromReferenceNode - Resolved :  o -&gt; regularuse0_.id
2011-07-13 10:47:57,010 [main] DEBUG org.hibernate.hql.antlr.HqlSqlBaseWalker - select : finishing up [level=1, statement=select]
2011-07-13 10:47:57,010 [main] DEBUG org.hibernate.hql.ast.HqlSqlWalker - processQuery() :  ( SELECT ( {select clause} regularuse0_.id ) ( FromClause{level=1} regular_user regularuse0_ ) )
2011-07-13 10:47:57,010 [main] DEBUG org.hibernate.hql.ast.util.JoinProcessor - Using FROM fragment [regular_user regularuse0_]
2011-07-13 10:47:57,010 [main] DEBUG org.hibernate.hql.antlr.HqlSqlBaseWalker - select &gt;&gt; end [level=1, statement=select]
2011-07-13 10:47:57,011 [main] DEBUG org.hibernate.hql.ast.AST - --- SQL AST ---
 \-[SELECT] QueryNode: &apos;SELECT&apos;  querySpaces (regular_user)
    +-[SELECT_CLAUSE] SelectClause: &apos;{select clause}&apos;
    |  +-[ALIAS_REF] IdentNode: &apos;regularuse0_.id as id3_&apos; {alias=o, className=freedays.domain.RegularUser, tableAlias=regularuse0_}
    |  \-[SQL_TOKEN] SqlFragment: &apos;regularuse0_.activ as activ3_, regularuse0_.creationdate as creation3_3_, regularuse0_.deleted as deleted3_, regularuse0_.email as email3_, regularuse0_.firstname as firstname3_, regularuse0_.lastmodified as lastmodi7_3_, regularuse0_.password as password3_, regularuse0_.surename as surename3_, regularuse0_.usermodify as usermodify3_, regularuse0_.username as username3_, regularuse0_.version as version3_&apos;
    \-[FROM] FromClause: &apos;FROM&apos; FromClause{level=1, fromElementCounter=1, fromElements=1, fromElementByClassAlias=[o], fromElementByTableAlias=[regularuse0_], fromElementsByPath=[], collectionJoinFromElementsByPath=[], impliedElements=[]}
       \-[FROM_FRAGMENT] FromElement: &apos;regular_user regularuse0_&apos; FromElement{explicit,not a collection join,not a fetch join,fetch non-lazy properties,classAlias=o,role=null,tableName=regular_user,tableAlias=regularuse0_,origin=null,columns={,className=freedays.domain.RegularUser}}

2011-07-13 10:47:57,011 [main] DEBUG org.hibernate.hql.ast.ErrorCounter - throwQueryException() : no errors
2011-07-13 10:47:57,011 [main] DEBUG org.hibernate.hql.ast.QueryTranslatorImpl - HQL: SELECT o FROM freedays.domain.RegularUser o
2011-07-13 10:47:57,011 [main] DEBUG org.hibernate.hql.ast.QueryTranslatorImpl - SQL: select regularuse0_.id as id3_, regularuse0_.activ as activ3_, regularuse0_.creationdate as creation3_3_, regularuse0_.deleted as deleted3_, regularuse0_.email as email3_, regularuse0_.firstname as firstname3_, regularuse0_.lastmodified as lastmodi7_3_, regularuse0_.password as password3_, regularuse0_.surename as surename3_, regularuse0_.usermodify as usermodify3_, regularuse0_.username as username3_, regularuse0_.version as version3_ from regular_user regularuse0_
2011-07-13 10:47:57,011 [main] DEBUG org.hibernate.hql.ast.ErrorCounter - throwQueryException() : no errors
2011-07-13 10:47:57,011 [main] DEBUG org.hibernate.jdbc.AbstractBatcher - about to open PreparedStatement (open PreparedStatements: 0, globally: 0)
2011-07-13 10:47:57,011 [main] DEBUG org.hibernate.SQL - select regularuse0_.id as id3_, regularuse0_.activ as activ3_, regularuse0_.creationdate as creation3_3_, regularuse0_.deleted as deleted3_, regularuse0_.email as email3_, regularuse0_.firstname as firstname3_, regularuse0_.lastmodified as lastmodi7_3_, regularuse0_.password as password3_, regularuse0_.surename as surename3_, regularuse0_.usermodify as usermodify3_, regularuse0_.username as username3_, regularuse0_.version as version3_ from regular_user regularuse0_ limit ?
2011-07-13 10:47:57,013 [main] DEBUG org.hibernate.jdbc.AbstractBatcher - about to open ResultSet (open ResultSets: 0, globally: 0)
2011-07-13 10:47:57,013 [main] DEBUG org.hibernate.jdbc.AbstractBatcher - about to close ResultSet (open ResultSets: 1, globally: 1)
2011-07-13 10:47:57,013 [main] DEBUG org.hibernate.jdbc.AbstractBatcher - about to close PreparedStatement (open PreparedStatements: 1, globally: 1)
2011-07-13 10:47:57,013 [main] DEBUG org.hibernate.engine.StatefulPersistenceContext - initializing non-lazy collections
2011-07-13 10:47:57,013 [main] DEBUG org.springframework.beans.factory.annotation.InjectionMetadata - Processing injected method of bean &apos;freedays.domain.RegularUser&apos;: PersistenceElement for transient javax.persistence.EntityManager freedays.domain.RegularUser.entityManager
2011-07-13 10:47:57,013 [main] DEBUG org.springframework.beans.factory.support.DefaultListableBeanFactory - Returning cached instance of singleton bean &apos;entityManagerFactory&apos;
2011-07-13 10:47:57,015 [main] DEBUG org.springframework.transaction.annotation.AnnotationTransactionAttributeSource - Adding transactional method &apos;persist&apos; with attribute: PROPAGATION_REQUIRED,ISOLATION_DEFAULT; &apos;&apos;
2011-07-13 10:47:57,015 [main] DEBUG org.springframework.beans.factory.support.DefaultListableBeanFactory - Returning cached instance of singleton bean &apos;transactionManager&apos;
2011-07-13 10:47:57,015 [main] DEBUG org.springframework.orm.jpa.JpaTransactionManager - Found thread-bound EntityManager [org.hibernate.ejb.EntityManagerImpl@2f368c5d] for JPA transaction
2011-07-13 10:47:57,015 [main] DEBUG org.springframework.orm.jpa.JpaTransactionManager - Participating in existing transaction
2011-07-13 10:47:57,016 [main] DEBUG org.hibernate.event.def.AbstractSaveEventListener - executing identity-insert immediately
2011-07-13 10:47:57,023 [main] DEBUG org.hibernate.jdbc.AbstractBatcher - about to open PreparedStatement (open PreparedStatements: 0, globally: 0)
2011-07-13 10:47:57,023 [main] DEBUG org.hibernate.SQL - insert into regular_user (activ, creationdate, deleted, email, firstname, lastmodified, password, surename, usermodify, username, version) values (?, ?, ?, ?, ?, ?, ?, ?, ?, ?, ?)
2011-07-13 10:47:57,038 [main] DEBUG org.hibernate.jdbc.AbstractBatcher - about to close PreparedStatement (open PreparedStatements: 1, globally: 1)
2011-07-13 10:47:57,039 [main] DEBUG org.hibernate.util.JDBCExceptionReporter - could not insert: [freedays.domain.RegularUser] [insert into regular_user (activ, creationdate, deleted, email, firstname, lastmodified, password, surename, usermodify, username, version) values (?, ?, ?, ?, ?, ?, ?, ?, ?, ?, ?)]
com.mysql.jdbc.exceptions.jdbc4.MySQLIntegrityConstraintViolationException: Column &apos;usermodify&apos; cannot be null
	at sun.reflect.NativeConstructorAccessorImpl.newInstance0(Native Method)
	at sun.reflect.NativeConstructorAccessorImpl.newInstance(NativeConstructorAccessorImpl.java:39)
	at sun.reflect.DelegatingConstructorAccessorImpl.newInstance(DelegatingConstructorAccessorImpl.java:27)
	at java.lang.reflect.Constructor.newInstance(Constructor.java:513)
	at com.mysql.jdbc.Util.handleNewInstance(Util.java:411)
	at com.mysql.jdbc.Util.getInstance(Util.java:386)
	at com.mysql.jdbc.SQLError.createSQLException(SQLError.java:1039)
	at com.mysql.jdbc.MysqlIO.checkErrorPacket(MysqlIO.java:3597)
	at com.mysql.jdbc.MysqlIO.checkErrorPacket(MysqlIO.java:3529)
	at com.mysql.jdbc.MysqlIO.sendCommand(MysqlIO.java:1990)
	at com.mysql.jdbc.MysqlIO.sqlQueryDirect(MysqlIO.java:2151)
	at com.mysql.jdbc.ConnectionImpl.execSQL(ConnectionImpl.java:2625)
	at com.mysql.jdbc.PreparedStatement.executeInternal(PreparedStatement.java:2119)
	at com.mysql.jdbc.PreparedStatement.executeUpdate(PreparedStatement.java:2415)
	at com.mysql.jdbc.PreparedStatement.executeUpdate(PreparedStatement.java:2333)
	at com.mysql.jdbc.PreparedStatement.executeUpdate(PreparedStatement.java:2318)
	at org.apache.commons.dbcp.DelegatingPreparedStatement.executeUpdate(DelegatingPreparedStatement.java:105)
	at org.apache.commons.dbcp.DelegatingPreparedStatement.executeUpdate(DelegatingPreparedStatement.java:105)
	at org.hibernate.id.IdentityGenerator$GetGeneratedKeysDelegate.executeAndExtract(IdentityGenerator.java:94)
	at org.hibernate.id.insert.AbstractReturningDelegate.performInsert(AbstractReturningDelegate.java:57)
	at org.hibernate.persister.entity.AbstractEntityPersister.insert(AbstractEntityPersister.java:2345)
	at org.hibernate.persister.entity.AbstractEntityPersister.insert(AbstractEntityPersister.java:2852)
	at org.hibernate.action.EntityIdentityInsertAction.execute(EntityIdentityInsertAction.java:71)
	at org.hibernate.engine.ActionQueue.execute(ActionQueue.java:273)
	at org.hibernate.event.def.AbstractSaveEventListener.performSaveOrReplicate(AbstractSaveEventListener.java:320)
	at org.hibernate.event.def.AbstractSaveEventListener.performSave(AbstractSaveEventListener.java:203)
	at org.hibernate.event.def.AbstractSaveEventListener.saveWithGeneratedId(AbstractSaveEventListener.java:129)
	at org.hibernate.ejb.event.EJB3PersistEventListener.saveWithGeneratedId(EJB3PersistEventListener.java:69)
	at org.hibernate.event.def.DefaultPersistEventListener.entityIsTransient(DefaultPersistEventListener.java:179)
	at org.hibernate.event.def.DefaultPersistEventListener.onPersist(DefaultPersistEventListener.java:135)
	at org.hibernate.event.def.DefaultPersistEventListener.onPersist(DefaultPersistEventListener.java:61)
	at org.hibernate.impl.SessionImpl.firePersist(SessionImpl.java:808)
	at org.hibernate.impl.SessionImpl.persist(SessionImpl.java:782)
	at org.hibernate.impl.SessionImpl.persist(SessionImpl.java:786)
	at org.hibernate.ejb.AbstractEntityManagerImpl.persist(AbstractEntityManagerImpl.java:672)
	at sun.reflect.GeneratedMethodAccessor10.invoke(Unknown Source)
	at sun.reflect.DelegatingMethodAccessorImpl.invoke(DelegatingMethodAccessorImpl.java:25)
	at java.lang.reflect.Method.invoke(Method.java:597)
	at org.springframework.orm.jpa.SharedEntityManagerCreator$SharedEntityManagerInvocationHandler.invoke(SharedEntityManagerCreator.java:240)
	at $Proxy41.persist(Unknown Source)
	at freedays.domain.RegularUser_Roo_Entity.ajc$interMethod$freedays_domain_RegularUser_Roo_Entity$freedays_domain_RegularUser$persist(RegularUser_Roo_Entity.aj:55)
	at freedays.domain.RegularUser.persist(RegularUser.java:1)
	at freedays.domain.RegularUser_Roo_Entity.ajc$interMethodDispatch1$freedays_domain_RegularUser_Roo_Entity$freedays_domain_RegularUser$persist(RegularUser_Roo_Entity.aj)
	at freedays.domain.RegularUserDataOnDemand_Roo_DataOnDemand.ajc$interMethod$freedays_domain_RegularUserDataOnDemand_Roo_DataOnDemand$freedays_domain_RegularUserDataOnDemand$init(RegularUserDataOnDemand_Roo_DataOnDemand.aj:112)
	at freedays.domain.RegularUserDataOnDemand.init(RegularUserDataOnDemand.java:1)
	at freedays.domain.RegularUserDataOnDemand_Roo_DataOnDemand.ajc$interMethodDispatch1$freedays_domain_RegularUserDataOnDemand_Roo_DataOnDemand$freedays_domain_RegularUserDataOnDemand$init(RegularUserDataOnDemand_Roo_DataOnDemand.aj)
	at freedays.domain.RegularUserDataOnDemand_Roo_DataOnDemand.ajc$interMethod$freedays_domain_RegularUserDataOnDemand_Roo_DataOnDemand$freedays_domain_RegularUserDataOnDemand$getRandomRegularUser(RegularUserDataOnDemand_Roo_DataOnDemand.aj:93)
	at freedays.domain.RegularUserDataOnDemand.getRandomRegularUser(RegularUserDataOnDemand.java:1)
	at freedays.domain.RegularUserDataOnDemand_Roo_DataOnDemand.ajc$interMethodDispatch1$freedays_domain_RegularUserDataOnDemand_Roo_DataOnDemand$freedays_domain_RegularUserDataOnDemand$getRandomRegularUser(RegularUserDataOnDemand_Roo_DataOnDemand.aj)
	at freedays.app.FDUserDataOnDemand_Roo_DataOnDemand.ajc$interMethod$freedays_app_FDUserDataOnDemand_Roo_DataOnDemand$freedays_app_FDUserDataOnDemand$setRegularUser(FDUserDataOnDemand_Roo_DataOnDemand.aj:39)
	at freedays.app.FDUserDataOnDemand.setRegularUser(FDUserDataOnDemand.java:1)
	at freedays.app.FDUserDataOnDemand_Roo_DataOnDemand.ajc$interMethodDispatch1$freedays_app_FDUserDataOnDemand_Roo_DataOnDemand$freedays_app_FDUserDataOnDemand$setRegularUser(FDUserDataOnDemand_Roo_DataOnDemand.aj)
	at freedays.app.FDUserDataOnDemand_Roo_DataOnDemand.ajc$interMethod$freedays_app_FDUserDataOnDemand_Roo_DataOnDemand$freedays_app_FDUserDataOnDemand$getNewTransientFDUser(FDUserDataOnDemand_Roo_DataOnDemand.aj:30)
	at freedays.app.FDUserDataOnDemand.getNewTransientFDUser(FDUserDataOnDemand.java:1)
	at freedays.app.FDUserDataOnDemand_Roo_DataOnDemand.ajc$interMethodDispatch1$freedays_app_FDUserDataOnDemand_Roo_DataOnDemand$freedays_app_FDUserDataOnDemand$getNewTransientFDUser(FDUserDataOnDemand_Roo_DataOnDemand.aj)
	at freedays.app.FDUserDataOnDemand_Roo_DataOnDemand.ajc$interMethod$freedays_app_FDUserDataOnDemand_Roo_DataOnDemand$freedays_app_FDUserDataOnDemand$init(FDUserDataOnDemand_Roo_DataOnDemand.aj:96)
	at freedays.app.FDUserDataOnDemand.init(FDUserDataOnDemand.java:1)
	at freedays.app.FDUserDataOnDemand_Roo_DataOnDemand.ajc$interMethodDispatch1$freedays_app_FDUserDataOnDemand_Roo_DataOnDemand$freedays_app_FDUserDataOnDemand$init(FDUserDataOnDemand_Roo_DataOnDemand.aj)
	at freedays.app.FDUserDataOnDemand_Roo_DataOnDemand.ajc$interMethod$freedays_app_FDUserDataOnDemand_Roo_DataOnDemand$freedays_app_FDUserDataOnDemand$getRandomFDUser(FDUserDataOnDemand_Roo_DataOnDemand.aj:78)
	at freedays.app.FDUserDataOnDemand.getRandomFDUser(FDUserDataOnDemand.java:1)
	at freedays.app.FDUserDataOnDemand_Roo_DataOnDemand.ajc$interMethodDispatch1$freedays_app_FDUserDataOnDemand_Roo_DataOnDemand$freedays_app_FDUserDataOnDemand$getRandomFDUser(FDUserDataOnDemand_Roo_DataOnDemand.aj)
	at freedays.app.FDUserIntegrationTest_Roo_IntegrationTest.ajc$interMethod$freedays_app_FDUserIntegrationTest_Roo_IntegrationTest$freedays_app_FDUserIntegrationTest$testFlush(FDUserIntegrationTest_Roo_IntegrationTest.aj:65)
	at freedays.app.FDUserIntegrationTest.testFlush(FDUserIntegrationTest.java:1)
	at sun.reflect.NativeMethodAccessorImpl.invoke0(Native Method)
	at sun.reflect.NativeMethodAccessorImpl.invoke(NativeMethodAccessorImpl.java:39)
	at sun.reflect.DelegatingMethodAccessorImpl.invoke(DelegatingMethodAccessorImpl.java:25)
	at java.lang.reflect.Method.invoke(Method.java:597)
	at org.junit.runners.model.FrameworkMethod$1.runReflectiveCall(FrameworkMethod.java:44)
	at org.junit.internal.runners.model.ReflectiveCallable.run(ReflectiveCallable.java:15)
	at org.junit.runners.model.FrameworkMethod.invokeExplosively(FrameworkMethod.java:41)
	at org.junit.internal.runners.statements.InvokeMethod.evaluate(InvokeMethod.java:20)
	at org.springframework.test.context.junit4.statements.RunBeforeTestMethodCallbacks.evaluate(RunBeforeTestMethodCallbacks.java:74)
	at org.springframework.test.context.junit4.statements.RunAfterTestMethodCallbacks.evaluate(RunAfterTestMethodCallbacks.java:82)
	at org.springframework.test.context.junit4.statements.SpringRepeat.evaluate(SpringRepeat.java:72)
	at org.springframework.test.context.junit4.SpringJUnit4ClassRunner.runChild(SpringJUnit4ClassRunner.java:240)
	at org.junit.runners.BlockJUnit4ClassRunner.runChild(BlockJUnit4ClassRunner.java:49)
	at org.junit.runners.ParentRunner$3.run(ParentRunner.java:193)
	at org.junit.runners.ParentRunner$1.schedule(ParentRunner.java:52)
	at org.junit.runners.ParentRunner.runChildren(ParentRunner.java:191)
	at org.junit.runners.ParentRunner.access$000(ParentRunner.java:42)
	at org.junit.runners.ParentRunner$2.evaluate(ParentRunner.java:184)
	at org.springframework.test.context.junit4.statements.RunBeforeTestClassCallbacks.evaluate(RunBeforeTestClassCallbacks.java:61)
	at org.springframework.test.context.junit4.statements.RunAfterTestClassCallbacks.evaluate(RunAfterTestClassCallbacks.java:70)
	at org.junit.runners.ParentRunner.run(ParentRunner.java:236)
	at org.springframework.test.context.junit4.SpringJUnit4ClassRunner.run(SpringJUnit4ClassRunner.java:180)
	at org.apache.maven.surefire.junit4.JUnit4TestSet.execute(JUnit4TestSet.java:35)
	at org.apache.maven.surefire.junit4.JUnit4Provider.executeTestSet(JUnit4Provider.java:115)
	at org.apache.maven.surefire.junit4.JUnit4Provider.invoke(JUnit4Provider.java:97)
	at sun.reflect.NativeMethodAccessorImpl.invoke0(Native Method)
	at sun.reflect.NativeMethodAccessorImpl.invoke(NativeMethodAccessorImpl.java:39)
	at sun.reflect.DelegatingMethodAccessorImpl.invoke(DelegatingMethodAccessorImpl.java:25)
	at java.lang.reflect.Method.invoke(Method.java:597)
	at org.apache.maven.surefire.booter.ProviderFactory$ClassLoaderProxy.invoke(ProviderFactory.java:103)
	at $Proxy0.invoke(Unknown Source)
	at org.apache.maven.surefire.booter.SurefireStarter.invokeProvider(SurefireStarter.java:150)
	at org.apache.maven.surefire.booter.SurefireStarter.runSuitesInProcess(SurefireStarter.java:91)
	at org.apache.maven.surefire.booter.ForkedBooter.main(ForkedBooter.java:69)
2011-07-13 10:47:57,041 [main] WARN  org.hibernate.util.JDBCExceptionReporter - SQL Error: 1048, SQLState: 23000
2011-07-13 10:47:57,041 [main] ERROR org.hibernate.util.JDBCExceptionReporter - Column &apos;usermodify&apos; cannot be null
2011-07-13 10:47:57,041 [main] DEBUG org.hibernate.ejb.AbstractEntityManagerImpl - mark transaction for rollback
2011-07-13 10:47:57,042 [main] DEBUG org.springframework.orm.jpa.JpaTransactionManager - Participating transaction failed - marking existing transaction as rollback-only
2011-07-13 10:47:57,042 [main] DEBUG org.springframework.orm.jpa.JpaTransactionManager - Setting JPA transaction on EntityManager [org.hibernate.ejb.EntityManagerImpl@2f368c5d] rollback-only
2011-07-13 10:47:57,042 [main] DEBUG org.springframework.orm.jpa.JpaTransactionManager - Participating transaction failed - marking existing transaction as rollback-only
2011-07-13 10:47:57,042 [main] DEBUG org.springframework.orm.jpa.JpaTransactionManager - Setting JPA transaction on EntityManager [org.hibernate.ejb.EntityManagerImpl@2f368c5d] rollback-only
2011-07-13 10:47:57,043 [main] DEBUG org.springframework.test.context.transaction.TransactionalTestExecutionListener - No method-level @Rollback override: using default rollback [true] for test context [[TestContext@461d318f testClass = FDUserIntegrationTest, locations = array&lt;String&gt;[&apos;classpath:/META-INF/spring/applicationContext.xml&apos;], testInstance = freedays.app.FDUserIntegrationTest@16fa21a4, testMethod = testFlush@FDUserIntegrationTest, testException = org.springframework.orm.jpa.JpaSystemException: org.hibernate.exception.ConstraintViolationException: could not insert: [freedays.domain.RegularUser]; nested exception is javax.persistence.PersistenceException: org.hibernate.exception.ConstraintViolationException: could not insert: [freedays.domain.RegularUser]]]
2011-07-13 10:47:57,043 [main] DEBUG org.springframework.orm.jpa.JpaTransactionManager - Initiating transaction rollback
2011-07-13 10:47:57,043 [main] DEBUG org.springframework.orm.jpa.JpaTransactionManager - Rolling back JPA transaction on EntityManager [org.hibernate.ejb.EntityManagerImpl@2f368c5d]
2011-07-13 10:47:57,043 [main] DEBUG org.hibernate.transaction.JDBCTransaction - rollback
2011-07-13 10:47:57,044 [main] DEBUG org.hibernate.transaction.JDBCTransaction - re-enabling autocommit
2011-07-13 10:47:57,045 [main] DEBUG org.hibernate.transaction.JDBCTransaction - rolled back JDBC Connection
2011-07-13 10:47:57,045 [main] DEBUG org.hibernate.jdbc.ConnectionManager - aggressively releasing JDBC connection
2011-07-13 10:47:57,045 [main] DEBUG org.hibernate.jdbc.ConnectionManager - releasing JDBC connection [ (open PreparedStatements: 0, globally: 0) (open ResultSets: 0, globally: 0)]
2011-07-13 10:47:57,045 [main] DEBUG org.springframework.orm.jpa.JpaTransactionManager - Closing JPA EntityManager [org.hibernate.ejb.EntityManagerImpl@2f368c5d] after transaction
2011-07-13 10:47:57,045 [main] DEBUG org.springframework.orm.jpa.EntityManagerFactoryUtils - Closing JPA EntityManager
2011-07-13 10:47:57,045 [main] INFO  org.springframework.test.context.transaction.TransactionalTestExecutionListener - Rolled back transaction after test execution for test context [[TestContext@461d318f testClass = FDUserIntegrationTest, locations = array&lt;String&gt;[&apos;classpath:/META-INF/spring/applicationContext.xml&apos;], testInstance = freedays.app.FDUserIntegrationTest@16fa21a4, testMethod = testFlush@FDUserIntegrationTest, testException = org.springframework.orm.jpa.JpaSystemException: org.hibernate.exception.ConstraintViolationException: could not insert: [freedays.domain.RegularUser]; nested exception is javax.persistence.PersistenceException: org.hibernate.exception.ConstraintViolationException: could not insert: [freedays.domain.RegularUser]]]
2011-07-13 10:47:57,045 [main] DEBUG org.springframework.test.context.support.DirtiesContextTestExecutionListener - After test method: context [[TestContext@461d318f testClass = FDUserIntegrationTest, locations = array&lt;String&gt;[&apos;classpath:/META-INF/spring/applicationContext.xml&apos;], testInstance = freedays.app.FDUserIntegrationTest@16fa21a4, testMethod = testFlush@FDUserIntegrationTest, testException = org.springframework.orm.jpa.JpaSystemException: org.hibernate.exception.ConstraintViolationException: could not insert: [freedays.domain.RegularUser]; nested exception is javax.persistence.PersistenceException: org.hibernate.exception.ConstraintViolationException: could not insert: [freedays.domain.RegularUser]]], class dirties context [false], class mode [null], method dirties context [false].
</system-out>
  </testcase>
  <testcase time="0.015" classname="freedays.app.FDUserIntegrationTest" name="testMerge">
    <error message="org.hibernate.exception.ConstraintViolationException: could not insert: [freedays.domain.RegularUser]; nested exception is javax.persistence.PersistenceException: org.hibernate.exception.ConstraintViolationException: could not insert: [freedays.domain.RegularUser]" type="org.springframework.orm.jpa.JpaSystemException">org.springframework.orm.jpa.JpaSystemException: org.hibernate.exception.ConstraintViolationException: could not insert: [freedays.domain.RegularUser]; nested exception is javax.persistence.PersistenceException: org.hibernate.exception.ConstraintViolationException: could not insert: [freedays.domain.RegularUser]
	at org.springframework.orm.jpa.EntityManagerFactoryUtils.convertJpaAccessExceptionIfPossible(EntityManagerFactoryUtils.java:311)
	at org.springframework.orm.jpa.aspectj.JpaExceptionTranslatorAspect.ajc$afterThrowing$org_springframework_orm_jpa_aspectj_JpaExceptionTranslatorAspect$1$18a1ac9(JpaExceptionTranslatorAspect.aj:15)
	at freedays.domain.RegularUser_Roo_Entity.ajc$interMethod$freedays_domain_RegularUser_Roo_Entity$freedays_domain_RegularUser$persist(RegularUser_Roo_Entity.aj:55)
	at freedays.domain.RegularUser.persist(RegularUser.java:1)
	at freedays.domain.RegularUser_Roo_Entity.ajc$interMethodDispatch1$freedays_domain_RegularUser_Roo_Entity$freedays_domain_RegularUser$persist(RegularUser_Roo_Entity.aj)
	at freedays.domain.RegularUserDataOnDemand_Roo_DataOnDemand.ajc$interMethod$freedays_domain_RegularUserDataOnDemand_Roo_DataOnDemand$freedays_domain_RegularUserDataOnDemand$init(RegularUserDataOnDemand_Roo_DataOnDemand.aj:112)
	at freedays.domain.RegularUserDataOnDemand.init(RegularUserDataOnDemand.java:1)
	at freedays.domain.RegularUserDataOnDemand_Roo_DataOnDemand.ajc$interMethodDispatch1$freedays_domain_RegularUserDataOnDemand_Roo_DataOnDemand$freedays_domain_RegularUserDataOnDemand$init(RegularUserDataOnDemand_Roo_DataOnDemand.aj)
	at freedays.domain.RegularUserDataOnDemand_Roo_DataOnDemand.ajc$interMethod$freedays_domain_RegularUserDataOnDemand_Roo_DataOnDemand$freedays_domain_RegularUserDataOnDemand$getRandomRegularUser(RegularUserDataOnDemand_Roo_DataOnDemand.aj:93)
	at freedays.domain.RegularUserDataOnDemand.getRandomRegularUser(RegularUserDataOnDemand.java:1)
	at freedays.domain.RegularUserDataOnDemand_Roo_DataOnDemand.ajc$interMethodDispatch1$freedays_domain_RegularUserDataOnDemand_Roo_DataOnDemand$freedays_domain_RegularUserDataOnDemand$getRandomRegularUser(RegularUserDataOnDemand_Roo_DataOnDemand.aj)
	at freedays.app.FDUserDataOnDemand_Roo_DataOnDemand.ajc$interMethod$freedays_app_FDUserDataOnDemand_Roo_DataOnDemand$freedays_app_FDUserDataOnDemand$setRegularUser(FDUserDataOnDemand_Roo_DataOnDemand.aj:39)
	at freedays.app.FDUserDataOnDemand.setRegularUser(FDUserDataOnDemand.java:1)
	at freedays.app.FDUserDataOnDemand_Roo_DataOnDemand.ajc$interMethodDispatch1$freedays_app_FDUserDataOnDemand_Roo_DataOnDemand$freedays_app_FDUserDataOnDemand$setRegularUser(FDUserDataOnDemand_Roo_DataOnDemand.aj)
	at freedays.app.FDUserDataOnDemand_Roo_DataOnDemand.ajc$interMethod$freedays_app_FDUserDataOnDemand_Roo_DataOnDemand$freedays_app_FDUserDataOnDemand$getNewTransientFDUser(FDUserDataOnDemand_Roo_DataOnDemand.aj:30)
	at freedays.app.FDUserDataOnDemand.getNewTransientFDUser(FDUserDataOnDemand.java:1)
	at freedays.app.FDUserDataOnDemand_Roo_DataOnDemand.ajc$interMethodDispatch1$freedays_app_FDUserDataOnDemand_Roo_DataOnDemand$freedays_app_FDUserDataOnDemand$getNewTransientFDUser(FDUserDataOnDemand_Roo_DataOnDemand.aj)
	at freedays.app.FDUserDataOnDemand_Roo_DataOnDemand.ajc$interMethod$freedays_app_FDUserDataOnDemand_Roo_DataOnDemand$freedays_app_FDUserDataOnDemand$init(FDUserDataOnDemand_Roo_DataOnDemand.aj:96)
	at freedays.app.FDUserDataOnDemand.init(FDUserDataOnDemand.java:1)
	at freedays.app.FDUserDataOnDemand_Roo_DataOnDemand.ajc$interMethodDispatch1$freedays_app_FDUserDataOnDemand_Roo_DataOnDemand$freedays_app_FDUserDataOnDemand$init(FDUserDataOnDemand_Roo_DataOnDemand.aj)
	at freedays.app.FDUserDataOnDemand_Roo_DataOnDemand.ajc$interMethod$freedays_app_FDUserDataOnDemand_Roo_DataOnDemand$freedays_app_FDUserDataOnDemand$getRandomFDUser(FDUserDataOnDemand_Roo_DataOnDemand.aj:78)
	at freedays.app.FDUserDataOnDemand.getRandomFDUser(FDUserDataOnDemand.java:1)
	at freedays.app.FDUserDataOnDemand_Roo_DataOnDemand.ajc$interMethodDispatch1$freedays_app_FDUserDataOnDemand_Roo_DataOnDemand$freedays_app_FDUserDataOnDemand$getRandomFDUser(FDUserDataOnDemand_Roo_DataOnDemand.aj)
	at freedays.app.FDUserIntegrationTest_Roo_IntegrationTest.ajc$interMethod$freedays_app_FDUserIntegrationTest_Roo_IntegrationTest$freedays_app_FDUserIntegrationTest$testMerge(FDUserIntegrationTest_Roo_IntegrationTest.aj:79)
	at freedays.app.FDUserIntegrationTest.testMerge(FDUserIntegrationTest.java:1)
	at sun.reflect.NativeMethodAccessorImpl.invoke0(Native Method)
	at sun.reflect.NativeMethodAccessorImpl.invoke(NativeMethodAccessorImpl.java:39)
	at sun.reflect.DelegatingMethodAccessorImpl.invoke(DelegatingMethodAccessorImpl.java:25)
	at java.lang.reflect.Method.invoke(Method.java:597)
	at org.junit.runners.model.FrameworkMethod$1.runReflectiveCall(FrameworkMethod.java:44)
	at org.junit.internal.runners.model.ReflectiveCallable.run(ReflectiveCallable.java:15)
	at org.junit.runners.model.FrameworkMethod.invokeExplosively(FrameworkMethod.java:41)
	at org.junit.internal.runners.statements.InvokeMethod.evaluate(InvokeMethod.java:20)
	at org.springframework.test.context.junit4.statements.RunBeforeTestMethodCallbacks.evaluate(RunBeforeTestMethodCallbacks.java:74)
	at org.springframework.test.context.junit4.statements.RunAfterTestMethodCallbacks.evaluate(RunAfterTestMethodCallbacks.java:82)
	at org.springframework.test.context.junit4.statements.SpringRepeat.evaluate(SpringRepeat.java:72)
	at org.springframework.test.context.junit4.SpringJUnit4ClassRunner.runChild(SpringJUnit4ClassRunner.java:240)
	at org.junit.runners.BlockJUnit4ClassRunner.runChild(BlockJUnit4ClassRunner.java:49)
	at org.junit.runners.ParentRunner$3.run(ParentRunner.java:193)
	at org.junit.runners.ParentRunner$1.schedule(ParentRunner.java:52)
	at org.junit.runners.ParentRunner.runChildren(ParentRunner.java:191)
	at org.junit.runners.ParentRunner.access$000(ParentRunner.java:42)
	at org.junit.runners.ParentRunner$2.evaluate(ParentRunner.java:184)
	at org.springframework.test.context.junit4.statements.RunBeforeTestClassCallbacks.evaluate(RunBeforeTestClassCallbacks.java:61)
	at org.springframework.test.context.junit4.statements.RunAfterTestClassCallbacks.evaluate(RunAfterTestClassCallbacks.java:70)
	at org.junit.runners.ParentRunner.run(ParentRunner.java:236)
	at org.springframework.test.context.junit4.SpringJUnit4ClassRunner.run(SpringJUnit4ClassRunner.java:180)
	at org.apache.maven.surefire.junit4.JUnit4TestSet.execute(JUnit4TestSet.java:35)
	at org.apache.maven.surefire.junit4.JUnit4Provider.executeTestSet(JUnit4Provider.java:115)
	at org.apache.maven.surefire.junit4.JUnit4Provider.invoke(JUnit4Provider.java:97)
	at sun.reflect.NativeMethodAccessorImpl.invoke0(Native Method)
	at sun.reflect.NativeMethodAccessorImpl.invoke(NativeMethodAccessorImpl.java:39)
	at sun.reflect.DelegatingMethodAccessorImpl.invoke(DelegatingMethodAccessorImpl.java:25)
	at java.lang.reflect.Method.invoke(Method.java:597)
	at org.apache.maven.surefire.booter.ProviderFactory$ClassLoaderProxy.invoke(ProviderFactory.java:103)
	at $Proxy0.invoke(Unknown Source)
	at org.apache.maven.surefire.booter.SurefireStarter.invokeProvider(SurefireStarter.java:150)
	at org.apache.maven.surefire.booter.SurefireStarter.runSuitesInProcess(SurefireStarter.java:91)
	at org.apache.maven.surefire.booter.ForkedBooter.main(ForkedBooter.java:69)
Caused by: javax.persistence.PersistenceException: org.hibernate.exception.ConstraintViolationException: could not insert: [freedays.domain.RegularUser]
	at org.hibernate.ejb.AbstractEntityManagerImpl.convert(AbstractEntityManagerImpl.java:1214)
	at org.hibernate.ejb.AbstractEntityManagerImpl.convert(AbstractEntityManagerImpl.java:1147)
	at org.hibernate.ejb.AbstractEntityManagerImpl.convert(AbstractEntityManagerImpl.java:1153)
	at org.hibernate.ejb.AbstractEntityManagerImpl.persist(AbstractEntityManagerImpl.java:678)
	at sun.reflect.GeneratedMethodAccessor10.invoke(Unknown Source)
	at sun.reflect.DelegatingMethodAccessorImpl.invoke(DelegatingMethodAccessorImpl.java:25)
	at java.lang.reflect.Method.invoke(Method.java:597)
	at org.springframework.orm.jpa.SharedEntityManagerCreator$SharedEntityManagerInvocationHandler.invoke(SharedEntityManagerCreator.java:240)
	at $Proxy41.persist(Unknown Source)
	... 57 more
Caused by: org.hibernate.exception.ConstraintViolationException: could not insert: [freedays.domain.RegularUser]
	at org.hibernate.exception.SQLStateConverter.convert(SQLStateConverter.java:96)
	at org.hibernate.exception.JDBCExceptionHelper.convert(JDBCExceptionHelper.java:66)
	at org.hibernate.id.insert.AbstractReturningDelegate.performInsert(AbstractReturningDelegate.java:64)
	at org.hibernate.persister.entity.AbstractEntityPersister.insert(AbstractEntityPersister.java:2345)
	at org.hibernate.persister.entity.AbstractEntityPersister.insert(AbstractEntityPersister.java:2852)
	at org.hibernate.action.EntityIdentityInsertAction.execute(EntityIdentityInsertAction.java:71)
	at org.hibernate.engine.ActionQueue.execute(ActionQueue.java:273)
	at org.hibernate.event.def.AbstractSaveEventListener.performSaveOrReplicate(AbstractSaveEventListener.java:320)
	at org.hibernate.event.def.AbstractSaveEventListener.performSave(AbstractSaveEventListener.java:203)
	at org.hibernate.event.def.AbstractSaveEventListener.saveWithGeneratedId(AbstractSaveEventListener.java:129)
	at org.hibernate.ejb.event.EJB3PersistEventListener.saveWithGeneratedId(EJB3PersistEventListener.java:69)
	at org.hibernate.event.def.DefaultPersistEventListener.entityIsTransient(DefaultPersistEventListener.java:179)
	at org.hibernate.event.def.DefaultPersistEventListener.onPersist(DefaultPersistEventListener.java:135)
	at org.hibernate.event.def.DefaultPersistEventListener.onPersist(DefaultPersistEventListener.java:61)
	at org.hibernate.impl.SessionImpl.firePersist(SessionImpl.java:808)
	at org.hibernate.impl.SessionImpl.persist(SessionImpl.java:782)
	at org.hibernate.impl.SessionImpl.persist(SessionImpl.java:786)
	at org.hibernate.ejb.AbstractEntityManagerImpl.persist(AbstractEntityManagerImpl.java:672)
	... 62 more
Caused by: com.mysql.jdbc.exceptions.jdbc4.MySQLIntegrityConstraintViolationException: Column &apos;usermodify&apos; cannot be null
	at sun.reflect.NativeConstructorAccessorImpl.newInstance0(Native Method)
	at sun.reflect.NativeConstructorAccessorImpl.newInstance(NativeConstructorAccessorImpl.java:39)
	at sun.reflect.DelegatingConstructorAccessorImpl.newInstance(DelegatingConstructorAccessorImpl.java:27)
	at java.lang.reflect.Constructor.newInstance(Constructor.java:513)
	at com.mysql.jdbc.Util.handleNewInstance(Util.java:411)
	at com.mysql.jdbc.Util.getInstance(Util.java:386)
	at com.mysql.jdbc.SQLError.createSQLException(SQLError.java:1039)
	at com.mysql.jdbc.MysqlIO.checkErrorPacket(MysqlIO.java:3597)
	at com.mysql.jdbc.MysqlIO.checkErrorPacket(MysqlIO.java:3529)
	at com.mysql.jdbc.MysqlIO.sendCommand(MysqlIO.java:1990)
	at com.mysql.jdbc.MysqlIO.sqlQueryDirect(MysqlIO.java:2151)
	at com.mysql.jdbc.ConnectionImpl.execSQL(ConnectionImpl.java:2625)
	at com.mysql.jdbc.PreparedStatement.executeInternal(PreparedStatement.java:2119)
	at com.mysql.jdbc.PreparedStatement.executeUpdate(PreparedStatement.java:2415)
	at com.mysql.jdbc.PreparedStatement.executeUpdate(PreparedStatement.java:2333)
	at com.mysql.jdbc.PreparedStatement.executeUpdate(PreparedStatement.java:2318)
	at org.apache.commons.dbcp.DelegatingPreparedStatement.executeUpdate(DelegatingPreparedStatement.java:105)
	at org.apache.commons.dbcp.DelegatingPreparedStatement.executeUpdate(DelegatingPreparedStatement.java:105)
	at org.hibernate.id.IdentityGenerator$GetGeneratedKeysDelegate.executeAndExtract(IdentityGenerator.java:94)
	at org.hibernate.id.insert.AbstractReturningDelegate.performInsert(AbstractReturningDelegate.java:57)
	... 77 more
</error>
    <system-out>2011-07-13 10:47:57,049 [main] DEBUG org.springframework.test.annotation.ProfileValueUtils - Retrieved @ProfileValueSourceConfiguration [null] for test class [freedays.app.FDUserIntegrationTest]
2011-07-13 10:47:57,049 [main] DEBUG org.springframework.test.annotation.ProfileValueUtils - Retrieved ProfileValueSource type [class org.springframework.test.annotation.SystemProfileValueSource] for class [freedays.app.FDUserIntegrationTest]
2011-07-13 10:47:57,049 [main] DEBUG org.springframework.beans.factory.annotation.InjectionMetadata - Processing injected method of bean &apos;freedays.app.FDUserIntegrationTest&apos;: AutowiredFieldElement for private freedays.app.FDUserDataOnDemand freedays.app.FDUserIntegrationTest.dod
2011-07-13 10:47:57,049 [main] DEBUG org.springframework.beans.factory.support.DefaultListableBeanFactory - Returning cached instance of singleton bean &apos;FDUserDataOnDemand&apos;
2011-07-13 10:47:57,049 [main] DEBUG org.springframework.test.context.support.DependencyInjectionTestExecutionListener - Performing dependency injection for test context [[TestContext@461d318f testClass = FDUserIntegrationTest, locations = array&lt;String&gt;[&apos;classpath:/META-INF/spring/applicationContext.xml&apos;], testInstance = freedays.app.FDUserIntegrationTest@5f159e0c, testMethod = [null], testException = [null]]].
2011-07-13 10:47:57,049 [main] DEBUG org.springframework.beans.factory.annotation.InjectionMetadata - Processing injected method of bean &apos;freedays.app.FDUserIntegrationTest&apos;: AutowiredFieldElement for private freedays.app.FDUserDataOnDemand freedays.app.FDUserIntegrationTest.dod
2011-07-13 10:47:57,049 [main] DEBUG org.springframework.beans.factory.support.DefaultListableBeanFactory - Returning cached instance of singleton bean &apos;FDUserDataOnDemand&apos;
2011-07-13 10:47:57,049 [main] DEBUG org.springframework.transaction.annotation.AnnotationTransactionAttributeSource - Adding transactional method &apos;testMerge&apos; with attribute: PROPAGATION_REQUIRED,ISOLATION_DEFAULT; &apos;&apos;
2011-07-13 10:47:57,049 [main] DEBUG org.springframework.test.context.transaction.TransactionalTestExecutionListener - Explicit transaction definition [PROPAGATION_REQUIRED,ISOLATION_DEFAULT; &apos;&apos;] found for test context [[TestContext@461d318f testClass = FDUserIntegrationTest, locations = array&lt;String&gt;[&apos;classpath:/META-INF/spring/applicationContext.xml&apos;], testInstance = freedays.app.FDUserIntegrationTest@5f159e0c, testMethod = testMerge@FDUserIntegrationTest, testException = [null]]]
2011-07-13 10:47:57,049 [main] DEBUG org.springframework.beans.factory.support.DefaultListableBeanFactory - Returning cached instance of singleton bean &apos;transactionManager&apos;
2011-07-13 10:47:57,050 [main] DEBUG org.springframework.orm.jpa.JpaTransactionManager - Creating new transaction with name [testMerge]: PROPAGATION_REQUIRED,ISOLATION_DEFAULT; &apos;&apos;
2011-07-13 10:47:57,050 [main] DEBUG org.hibernate.impl.SessionImpl - opened session at timestamp: 13105432770
2011-07-13 10:47:57,050 [main] DEBUG org.springframework.orm.jpa.JpaTransactionManager - Opened new EntityManager [org.hibernate.ejb.EntityManagerImpl@53b258fa] for JPA transaction
2011-07-13 10:47:57,050 [main] DEBUG org.hibernate.transaction.JDBCTransaction - begin
2011-07-13 10:47:57,050 [main] DEBUG org.hibernate.jdbc.ConnectionManager - opening JDBC connection
2011-07-13 10:47:57,050 [main] DEBUG org.hibernate.transaction.JDBCTransaction - current autocommit status: true
2011-07-13 10:47:57,050 [main] DEBUG org.hibernate.transaction.JDBCTransaction - disabling autocommit
2011-07-13 10:47:57,051 [main] DEBUG org.springframework.orm.jpa.JpaTransactionManager - Not exposing JPA transaction [org.hibernate.ejb.EntityManagerImpl@53b258fa] as JDBC transaction because JpaDialect [org.springframework.orm.jpa.DefaultJpaDialect@962e703] does not support JDBC Connection retrieval
2011-07-13 10:47:57,051 [main] DEBUG org.springframework.test.context.transaction.TransactionalTestExecutionListener - No method-level @Rollback override: using default rollback [true] for test context [[TestContext@461d318f testClass = FDUserIntegrationTest, locations = array&lt;String&gt;[&apos;classpath:/META-INF/spring/applicationContext.xml&apos;], testInstance = freedays.app.FDUserIntegrationTest@5f159e0c, testMethod = testMerge@FDUserIntegrationTest, testException = [null]]]
2011-07-13 10:47:57,051 [main] INFO  org.springframework.test.context.transaction.TransactionalTestExecutionListener - Began transaction (3): transaction manager [org.springframework.orm.jpa.JpaTransactionManager@c303a60]; rollback [true]
2011-07-13 10:47:57,051 [main] DEBUG org.springframework.transaction.annotation.AnnotationTransactionAttributeSource - Adding transactional method &apos;testMerge&apos; with attribute: PROPAGATION_REQUIRED,ISOLATION_DEFAULT; &apos;&apos;
2011-07-13 10:47:57,051 [main] DEBUG org.springframework.beans.factory.support.DefaultListableBeanFactory - Returning cached instance of singleton bean &apos;transactionManager&apos;
2011-07-13 10:47:57,051 [main] DEBUG org.springframework.orm.jpa.JpaTransactionManager - Found thread-bound EntityManager [org.hibernate.ejb.EntityManagerImpl@53b258fa] for JPA transaction
2011-07-13 10:47:57,051 [main] DEBUG org.springframework.orm.jpa.JpaTransactionManager - Participating in existing transaction
2011-07-13 10:47:57,051 [main] DEBUG org.springframework.beans.factory.annotation.InjectionMetadata - Processing injected method of bean &apos;freedays.domain.ApplicationRegularUser$ApplicationRegularUser_Roo_Entity$1&apos;: PersistenceElement for transient javax.persistence.EntityManager freedays.domain.ApplicationRegularUser.entityManager
2011-07-13 10:47:57,052 [main] DEBUG org.springframework.beans.factory.support.DefaultListableBeanFactory - Returning cached instance of singleton bean &apos;entityManagerFactory&apos;
2011-07-13 10:47:57,052 [main] DEBUG org.hibernate.jdbc.AbstractBatcher - about to open PreparedStatement (open PreparedStatements: 0, globally: 0)
2011-07-13 10:47:57,052 [main] DEBUG org.hibernate.SQL - select fduser0_.id as id0_, fduser0_.granter as granter0_, fduser0_.regular_user as regular4_0_, fduser0_.version as version0_, fduser0_.hire_date as hire1_1_, fduser0_.init_days as init2_1_, fduser0_.max_free_days as max3_1_ from fduser fduser0_ limit ?
2011-07-13 10:47:57,054 [main] DEBUG org.hibernate.jdbc.AbstractBatcher - about to open ResultSet (open ResultSets: 0, globally: 0)
2011-07-13 10:47:57,054 [main] DEBUG org.hibernate.jdbc.AbstractBatcher - about to close ResultSet (open ResultSets: 1, globally: 1)
2011-07-13 10:47:57,054 [main] DEBUG org.hibernate.jdbc.AbstractBatcher - about to close PreparedStatement (open PreparedStatements: 1, globally: 1)
2011-07-13 10:47:57,054 [main] DEBUG org.hibernate.engine.StatefulPersistenceContext - initializing non-lazy collections
2011-07-13 10:47:57,054 [main] DEBUG org.springframework.beans.factory.annotation.InjectionMetadata - Processing injected method of bean &apos;freedays.app.FDUser&apos;: PersistenceElement for transient javax.persistence.EntityManager freedays.domain.ApplicationRegularUser.entityManager
2011-07-13 10:47:57,054 [main] DEBUG org.springframework.beans.factory.support.DefaultListableBeanFactory - Returning cached instance of singleton bean &apos;entityManagerFactory&apos;
2011-07-13 10:47:57,054 [main] DEBUG org.springframework.beans.factory.annotation.InjectionMetadata - Processing injected method of bean &apos;freedays.domain.RegularUser&apos;: PersistenceElement for transient javax.persistence.EntityManager freedays.domain.RegularUser.entityManager
2011-07-13 10:47:57,054 [main] DEBUG org.springframework.beans.factory.support.DefaultListableBeanFactory - Returning cached instance of singleton bean &apos;entityManagerFactory&apos;
2011-07-13 10:47:57,054 [main] DEBUG org.hibernate.jdbc.AbstractBatcher - about to open PreparedStatement (open PreparedStatements: 0, globally: 0)
2011-07-13 10:47:57,054 [main] DEBUG org.hibernate.SQL - select regularuse0_.id as id3_, regularuse0_.activ as activ3_, regularuse0_.creationdate as creation3_3_, regularuse0_.deleted as deleted3_, regularuse0_.email as email3_, regularuse0_.firstname as firstname3_, regularuse0_.lastmodified as lastmodi7_3_, regularuse0_.password as password3_, regularuse0_.surename as surename3_, regularuse0_.usermodify as usermodify3_, regularuse0_.username as username3_, regularuse0_.version as version3_ from regular_user regularuse0_ limit ?
2011-07-13 10:47:57,056 [main] DEBUG org.hibernate.jdbc.AbstractBatcher - about to open ResultSet (open ResultSets: 0, globally: 0)
2011-07-13 10:47:57,056 [main] DEBUG org.hibernate.jdbc.AbstractBatcher - about to close ResultSet (open ResultSets: 1, globally: 1)
2011-07-13 10:47:57,056 [main] DEBUG org.hibernate.jdbc.AbstractBatcher - about to close PreparedStatement (open PreparedStatements: 1, globally: 1)
2011-07-13 10:47:57,056 [main] DEBUG org.hibernate.engine.StatefulPersistenceContext - initializing non-lazy collections
2011-07-13 10:47:57,057 [main] DEBUG org.springframework.beans.factory.annotation.InjectionMetadata - Processing injected method of bean &apos;freedays.domain.RegularUser&apos;: PersistenceElement for transient javax.persistence.EntityManager freedays.domain.RegularUser.entityManager
2011-07-13 10:47:57,057 [main] DEBUG org.springframework.beans.factory.support.DefaultListableBeanFactory - Returning cached instance of singleton bean &apos;entityManagerFactory&apos;
2011-07-13 10:47:57,057 [main] DEBUG org.springframework.beans.factory.support.DefaultListableBeanFactory - Returning cached instance of singleton bean &apos;transactionManager&apos;
2011-07-13 10:47:57,057 [main] DEBUG org.springframework.orm.jpa.JpaTransactionManager - Found thread-bound EntityManager [org.hibernate.ejb.EntityManagerImpl@53b258fa] for JPA transaction
2011-07-13 10:47:57,057 [main] DEBUG org.springframework.orm.jpa.JpaTransactionManager - Participating in existing transaction
2011-07-13 10:47:57,057 [main] DEBUG org.hibernate.event.def.AbstractSaveEventListener - executing identity-insert immediately
2011-07-13 10:47:57,058 [main] DEBUG org.hibernate.jdbc.AbstractBatcher - about to open PreparedStatement (open PreparedStatements: 0, globally: 0)
2011-07-13 10:47:57,058 [main] DEBUG org.hibernate.SQL - insert into regular_user (activ, creationdate, deleted, email, firstname, lastmodified, password, surename, usermodify, username, version) values (?, ?, ?, ?, ?, ?, ?, ?, ?, ?, ?)
2011-07-13 10:47:57,059 [main] DEBUG org.hibernate.jdbc.AbstractBatcher - about to close PreparedStatement (open PreparedStatements: 1, globally: 1)
2011-07-13 10:47:57,059 [main] DEBUG org.hibernate.util.JDBCExceptionReporter - could not insert: [freedays.domain.RegularUser] [insert into regular_user (activ, creationdate, deleted, email, firstname, lastmodified, password, surename, usermodify, username, version) values (?, ?, ?, ?, ?, ?, ?, ?, ?, ?, ?)]
com.mysql.jdbc.exceptions.jdbc4.MySQLIntegrityConstraintViolationException: Column &apos;usermodify&apos; cannot be null
	at sun.reflect.NativeConstructorAccessorImpl.newInstance0(Native Method)
	at sun.reflect.NativeConstructorAccessorImpl.newInstance(NativeConstructorAccessorImpl.java:39)
	at sun.reflect.DelegatingConstructorAccessorImpl.newInstance(DelegatingConstructorAccessorImpl.java:27)
	at java.lang.reflect.Constructor.newInstance(Constructor.java:513)
	at com.mysql.jdbc.Util.handleNewInstance(Util.java:411)
	at com.mysql.jdbc.Util.getInstance(Util.java:386)
	at com.mysql.jdbc.SQLError.createSQLException(SQLError.java:1039)
	at com.mysql.jdbc.MysqlIO.checkErrorPacket(MysqlIO.java:3597)
	at com.mysql.jdbc.MysqlIO.checkErrorPacket(MysqlIO.java:3529)
	at com.mysql.jdbc.MysqlIO.sendCommand(MysqlIO.java:1990)
	at com.mysql.jdbc.MysqlIO.sqlQueryDirect(MysqlIO.java:2151)
	at com.mysql.jdbc.ConnectionImpl.execSQL(ConnectionImpl.java:2625)
	at com.mysql.jdbc.PreparedStatement.executeInternal(PreparedStatement.java:2119)
	at com.mysql.jdbc.PreparedStatement.executeUpdate(PreparedStatement.java:2415)
	at com.mysql.jdbc.PreparedStatement.executeUpdate(PreparedStatement.java:2333)
	at com.mysql.jdbc.PreparedStatement.executeUpdate(PreparedStatement.java:2318)
	at org.apache.commons.dbcp.DelegatingPreparedStatement.executeUpdate(DelegatingPreparedStatement.java:105)
	at org.apache.commons.dbcp.DelegatingPreparedStatement.executeUpdate(DelegatingPreparedStatement.java:105)
	at org.hibernate.id.IdentityGenerator$GetGeneratedKeysDelegate.executeAndExtract(IdentityGenerator.java:94)
	at org.hibernate.id.insert.AbstractReturningDelegate.performInsert(AbstractReturningDelegate.java:57)
	at org.hibernate.persister.entity.AbstractEntityPersister.insert(AbstractEntityPersister.java:2345)
	at org.hibernate.persister.entity.AbstractEntityPersister.insert(AbstractEntityPersister.java:2852)
	at org.hibernate.action.EntityIdentityInsertAction.execute(EntityIdentityInsertAction.java:71)
	at org.hibernate.engine.ActionQueue.execute(ActionQueue.java:273)
	at org.hibernate.event.def.AbstractSaveEventListener.performSaveOrReplicate(AbstractSaveEventListener.java:320)
	at org.hibernate.event.def.AbstractSaveEventListener.performSave(AbstractSaveEventListener.java:203)
	at org.hibernate.event.def.AbstractSaveEventListener.saveWithGeneratedId(AbstractSaveEventListener.java:129)
	at org.hibernate.ejb.event.EJB3PersistEventListener.saveWithGeneratedId(EJB3PersistEventListener.java:69)
	at org.hibernate.event.def.DefaultPersistEventListener.entityIsTransient(DefaultPersistEventListener.java:179)
	at org.hibernate.event.def.DefaultPersistEventListener.onPersist(DefaultPersistEventListener.java:135)
	at org.hibernate.event.def.DefaultPersistEventListener.onPersist(DefaultPersistEventListener.java:61)
	at org.hibernate.impl.SessionImpl.firePersist(SessionImpl.java:808)
	at org.hibernate.impl.SessionImpl.persist(SessionImpl.java:782)
	at org.hibernate.impl.SessionImpl.persist(SessionImpl.java:786)
	at org.hibernate.ejb.AbstractEntityManagerImpl.persist(AbstractEntityManagerImpl.java:672)
	at sun.reflect.GeneratedMethodAccessor10.invoke(Unknown Source)
	at sun.reflect.DelegatingMethodAccessorImpl.invoke(DelegatingMethodAccessorImpl.java:25)
	at java.lang.reflect.Method.invoke(Method.java:597)
	at org.springframework.orm.jpa.SharedEntityManagerCreator$SharedEntityManagerInvocationHandler.invoke(SharedEntityManagerCreator.java:240)
	at $Proxy41.persist(Unknown Source)
	at freedays.domain.RegularUser_Roo_Entity.ajc$interMethod$freedays_domain_RegularUser_Roo_Entity$freedays_domain_RegularUser$persist(RegularUser_Roo_Entity.aj:55)
	at freedays.domain.RegularUser.persist(RegularUser.java:1)
	at freedays.domain.RegularUser_Roo_Entity.ajc$interMethodDispatch1$freedays_domain_RegularUser_Roo_Entity$freedays_domain_RegularUser$persist(RegularUser_Roo_Entity.aj)
	at freedays.domain.RegularUserDataOnDemand_Roo_DataOnDemand.ajc$interMethod$freedays_domain_RegularUserDataOnDemand_Roo_DataOnDemand$freedays_domain_RegularUserDataOnDemand$init(RegularUserDataOnDemand_Roo_DataOnDemand.aj:112)
	at freedays.domain.RegularUserDataOnDemand.init(RegularUserDataOnDemand.java:1)
	at freedays.domain.RegularUserDataOnDemand_Roo_DataOnDemand.ajc$interMethodDispatch1$freedays_domain_RegularUserDataOnDemand_Roo_DataOnDemand$freedays_domain_RegularUserDataOnDemand$init(RegularUserDataOnDemand_Roo_DataOnDemand.aj)
	at freedays.domain.RegularUserDataOnDemand_Roo_DataOnDemand.ajc$interMethod$freedays_domain_RegularUserDataOnDemand_Roo_DataOnDemand$freedays_domain_RegularUserDataOnDemand$getRandomRegularUser(RegularUserDataOnDemand_Roo_DataOnDemand.aj:93)
	at freedays.domain.RegularUserDataOnDemand.getRandomRegularUser(RegularUserDataOnDemand.java:1)
	at freedays.domain.RegularUserDataOnDemand_Roo_DataOnDemand.ajc$interMethodDispatch1$freedays_domain_RegularUserDataOnDemand_Roo_DataOnDemand$freedays_domain_RegularUserDataOnDemand$getRandomRegularUser(RegularUserDataOnDemand_Roo_DataOnDemand.aj)
	at freedays.app.FDUserDataOnDemand_Roo_DataOnDemand.ajc$interMethod$freedays_app_FDUserDataOnDemand_Roo_DataOnDemand$freedays_app_FDUserDataOnDemand$setRegularUser(FDUserDataOnDemand_Roo_DataOnDemand.aj:39)
	at freedays.app.FDUserDataOnDemand.setRegularUser(FDUserDataOnDemand.java:1)
	at freedays.app.FDUserDataOnDemand_Roo_DataOnDemand.ajc$interMethodDispatch1$freedays_app_FDUserDataOnDemand_Roo_DataOnDemand$freedays_app_FDUserDataOnDemand$setRegularUser(FDUserDataOnDemand_Roo_DataOnDemand.aj)
	at freedays.app.FDUserDataOnDemand_Roo_DataOnDemand.ajc$interMethod$freedays_app_FDUserDataOnDemand_Roo_DataOnDemand$freedays_app_FDUserDataOnDemand$getNewTransientFDUser(FDUserDataOnDemand_Roo_DataOnDemand.aj:30)
	at freedays.app.FDUserDataOnDemand.getNewTransientFDUser(FDUserDataOnDemand.java:1)
	at freedays.app.FDUserDataOnDemand_Roo_DataOnDemand.ajc$interMethodDispatch1$freedays_app_FDUserDataOnDemand_Roo_DataOnDemand$freedays_app_FDUserDataOnDemand$getNewTransientFDUser(FDUserDataOnDemand_Roo_DataOnDemand.aj)
	at freedays.app.FDUserDataOnDemand_Roo_DataOnDemand.ajc$interMethod$freedays_app_FDUserDataOnDemand_Roo_DataOnDemand$freedays_app_FDUserDataOnDemand$init(FDUserDataOnDemand_Roo_DataOnDemand.aj:96)
	at freedays.app.FDUserDataOnDemand.init(FDUserDataOnDemand.java:1)
	at freedays.app.FDUserDataOnDemand_Roo_DataOnDemand.ajc$interMethodDispatch1$freedays_app_FDUserDataOnDemand_Roo_DataOnDemand$freedays_app_FDUserDataOnDemand$init(FDUserDataOnDemand_Roo_DataOnDemand.aj)
	at freedays.app.FDUserDataOnDemand_Roo_DataOnDemand.ajc$interMethod$freedays_app_FDUserDataOnDemand_Roo_DataOnDemand$freedays_app_FDUserDataOnDemand$getRandomFDUser(FDUserDataOnDemand_Roo_DataOnDemand.aj:78)
	at freedays.app.FDUserDataOnDemand.getRandomFDUser(FDUserDataOnDemand.java:1)
	at freedays.app.FDUserDataOnDemand_Roo_DataOnDemand.ajc$interMethodDispatch1$freedays_app_FDUserDataOnDemand_Roo_DataOnDemand$freedays_app_FDUserDataOnDemand$getRandomFDUser(FDUserDataOnDemand_Roo_DataOnDemand.aj)
	at freedays.app.FDUserIntegrationTest_Roo_IntegrationTest.ajc$interMethod$freedays_app_FDUserIntegrationTest_Roo_IntegrationTest$freedays_app_FDUserIntegrationTest$testMerge(FDUserIntegrationTest_Roo_IntegrationTest.aj:79)
	at freedays.app.FDUserIntegrationTest.testMerge(FDUserIntegrationTest.java:1)
	at sun.reflect.NativeMethodAccessorImpl.invoke0(Native Method)
	at sun.reflect.NativeMethodAccessorImpl.invoke(NativeMethodAccessorImpl.java:39)
	at sun.reflect.DelegatingMethodAccessorImpl.invoke(DelegatingMethodAccessorImpl.java:25)
	at java.lang.reflect.Method.invoke(Method.java:597)
	at org.junit.runners.model.FrameworkMethod$1.runReflectiveCall(FrameworkMethod.java:44)
	at org.junit.internal.runners.model.ReflectiveCallable.run(ReflectiveCallable.java:15)
	at org.junit.runners.model.FrameworkMethod.invokeExplosively(FrameworkMethod.java:41)
	at org.junit.internal.runners.statements.InvokeMethod.evaluate(InvokeMethod.java:20)
	at org.springframework.test.context.junit4.statements.RunBeforeTestMethodCallbacks.evaluate(RunBeforeTestMethodCallbacks.java:74)
	at org.springframework.test.context.junit4.statements.RunAfterTestMethodCallbacks.evaluate(RunAfterTestMethodCallbacks.java:82)
	at org.springframework.test.context.junit4.statements.SpringRepeat.evaluate(SpringRepeat.java:72)
	at org.springframework.test.context.junit4.SpringJUnit4ClassRunner.runChild(SpringJUnit4ClassRunner.java:240)
	at org.junit.runners.BlockJUnit4ClassRunner.runChild(BlockJUnit4ClassRunner.java:49)
	at org.junit.runners.ParentRunner$3.run(ParentRunner.java:193)
	at org.junit.runners.ParentRunner$1.schedule(ParentRunner.java:52)
	at org.junit.runners.ParentRunner.runChildren(ParentRunner.java:191)
	at org.junit.runners.ParentRunner.access$000(ParentRunner.java:42)
	at org.junit.runners.ParentRunner$2.evaluate(ParentRunner.java:184)
	at org.springframework.test.context.junit4.statements.RunBeforeTestClassCallbacks.evaluate(RunBeforeTestClassCallbacks.java:61)
	at org.springframework.test.context.junit4.statements.RunAfterTestClassCallbacks.evaluate(RunAfterTestClassCallbacks.java:70)
	at org.junit.runners.ParentRunner.run(ParentRunner.java:236)
	at org.springframework.test.context.junit4.SpringJUnit4ClassRunner.run(SpringJUnit4ClassRunner.java:180)
	at org.apache.maven.surefire.junit4.JUnit4TestSet.execute(JUnit4TestSet.java:35)
	at org.apache.maven.surefire.junit4.JUnit4Provider.executeTestSet(JUnit4Provider.java:115)
	at org.apache.maven.surefire.junit4.JUnit4Provider.invoke(JUnit4Provider.java:97)
	at sun.reflect.NativeMethodAccessorImpl.invoke0(Native Method)
	at sun.reflect.NativeMethodAccessorImpl.invoke(NativeMethodAccessorImpl.java:39)
	at sun.reflect.DelegatingMethodAccessorImpl.invoke(DelegatingMethodAccessorImpl.java:25)
	at java.lang.reflect.Method.invoke(Method.java:597)
	at org.apache.maven.surefire.booter.ProviderFactory$ClassLoaderProxy.invoke(ProviderFactory.java:103)
	at $Proxy0.invoke(Unknown Source)
	at org.apache.maven.surefire.booter.SurefireStarter.invokeProvider(SurefireStarter.java:150)
	at org.apache.maven.surefire.booter.SurefireStarter.runSuitesInProcess(SurefireStarter.java:91)
	at org.apache.maven.surefire.booter.ForkedBooter.main(ForkedBooter.java:69)
2011-07-13 10:47:57,060 [main] WARN  org.hibernate.util.JDBCExceptionReporter - SQL Error: 1048, SQLState: 23000
2011-07-13 10:47:57,060 [main] ERROR org.hibernate.util.JDBCExceptionReporter - Column &apos;usermodify&apos; cannot be null
2011-07-13 10:47:57,060 [main] DEBUG org.hibernate.ejb.AbstractEntityManagerImpl - mark transaction for rollback
2011-07-13 10:47:57,060 [main] DEBUG org.springframework.orm.jpa.JpaTransactionManager - Participating transaction failed - marking existing transaction as rollback-only
2011-07-13 10:47:57,060 [main] DEBUG org.springframework.orm.jpa.JpaTransactionManager - Setting JPA transaction on EntityManager [org.hibernate.ejb.EntityManagerImpl@53b258fa] rollback-only
2011-07-13 10:47:57,060 [main] DEBUG org.springframework.orm.jpa.JpaTransactionManager - Participating transaction failed - marking existing transaction as rollback-only
2011-07-13 10:47:57,060 [main] DEBUG org.springframework.orm.jpa.JpaTransactionManager - Setting JPA transaction on EntityManager [org.hibernate.ejb.EntityManagerImpl@53b258fa] rollback-only
2011-07-13 10:47:57,060 [main] DEBUG org.springframework.test.context.transaction.TransactionalTestExecutionListener - No method-level @Rollback override: using default rollback [true] for test context [[TestContext@461d318f testClass = FDUserIntegrationTest, locations = array&lt;String&gt;[&apos;classpath:/META-INF/spring/applicationContext.xml&apos;], testInstance = freedays.app.FDUserIntegrationTest@5f159e0c, testMethod = testMerge@FDUserIntegrationTest, testException = org.springframework.orm.jpa.JpaSystemException: org.hibernate.exception.ConstraintViolationException: could not insert: [freedays.domain.RegularUser]; nested exception is javax.persistence.PersistenceException: org.hibernate.exception.ConstraintViolationException: could not insert: [freedays.domain.RegularUser]]]
2011-07-13 10:47:57,060 [main] DEBUG org.springframework.orm.jpa.JpaTransactionManager - Initiating transaction rollback
2011-07-13 10:47:57,060 [main] DEBUG org.springframework.orm.jpa.JpaTransactionManager - Rolling back JPA transaction on EntityManager [org.hibernate.ejb.EntityManagerImpl@53b258fa]
2011-07-13 10:47:57,060 [main] DEBUG org.hibernate.transaction.JDBCTransaction - rollback
2011-07-13 10:47:57,061 [main] DEBUG org.hibernate.transaction.JDBCTransaction - re-enabling autocommit
2011-07-13 10:47:57,062 [main] DEBUG org.hibernate.transaction.JDBCTransaction - rolled back JDBC Connection
2011-07-13 10:47:57,062 [main] DEBUG org.hibernate.jdbc.ConnectionManager - aggressively releasing JDBC connection
2011-07-13 10:47:57,062 [main] DEBUG org.hibernate.jdbc.ConnectionManager - releasing JDBC connection [ (open PreparedStatements: 0, globally: 0) (open ResultSets: 0, globally: 0)]
2011-07-13 10:47:57,063 [main] DEBUG org.springframework.orm.jpa.JpaTransactionManager - Closing JPA EntityManager [org.hibernate.ejb.EntityManagerImpl@53b258fa] after transaction
2011-07-13 10:47:57,063 [main] DEBUG org.springframework.orm.jpa.EntityManagerFactoryUtils - Closing JPA EntityManager
2011-07-13 10:47:57,063 [main] INFO  org.springframework.test.context.transaction.TransactionalTestExecutionListener - Rolled back transaction after test execution for test context [[TestContext@461d318f testClass = FDUserIntegrationTest, locations = array&lt;String&gt;[&apos;classpath:/META-INF/spring/applicationContext.xml&apos;], testInstance = freedays.app.FDUserIntegrationTest@5f159e0c, testMethod = testMerge@FDUserIntegrationTest, testException = org.springframework.orm.jpa.JpaSystemException: org.hibernate.exception.ConstraintViolationException: could not insert: [freedays.domain.RegularUser]; nested exception is javax.persistence.PersistenceException: org.hibernate.exception.ConstraintViolationException: could not insert: [freedays.domain.RegularUser]]]
2011-07-13 10:47:57,063 [main] DEBUG org.springframework.test.context.support.DirtiesContextTestExecutionListener - After test method: context [[TestContext@461d318f testClass = FDUserIntegrationTest, locations = array&lt;String&gt;[&apos;classpath:/META-INF/spring/applicationContext.xml&apos;], testInstance = freedays.app.FDUserIntegrationTest@5f159e0c, testMethod = testMerge@FDUserIntegrationTest, testException = org.springframework.orm.jpa.JpaSystemException: org.hibernate.exception.ConstraintViolationException: could not insert: [freedays.domain.RegularUser]; nested exception is javax.persistence.PersistenceException: org.hibernate.exception.ConstraintViolationException: could not insert: [freedays.domain.RegularUser]]], class dirties context [false], class mode [null], method dirties context [false].
</system-out>
  </testcase>
  <testcase time="0.016" classname="freedays.app.FDUserIntegrationTest" name="testPersist">
    <error message="org.hibernate.exception.ConstraintViolationException: could not insert: [freedays.domain.RegularUser]; nested exception is javax.persistence.PersistenceException: org.hibernate.exception.ConstraintViolationException: could not insert: [freedays.domain.RegularUser]" type="org.springframework.orm.jpa.JpaSystemException">org.springframework.orm.jpa.JpaSystemException: org.hibernate.exception.ConstraintViolationException: could not insert: [freedays.domain.RegularUser]; nested exception is javax.persistence.PersistenceException: org.hibernate.exception.ConstraintViolationException: could not insert: [freedays.domain.RegularUser]
	at org.springframework.orm.jpa.EntityManagerFactoryUtils.convertJpaAccessExceptionIfPossible(EntityManagerFactoryUtils.java:311)
	at org.springframework.orm.jpa.aspectj.JpaExceptionTranslatorAspect.ajc$afterThrowing$org_springframework_orm_jpa_aspectj_JpaExceptionTranslatorAspect$1$18a1ac9(JpaExceptionTranslatorAspect.aj:15)
	at freedays.domain.RegularUser_Roo_Entity.ajc$interMethod$freedays_domain_RegularUser_Roo_Entity$freedays_domain_RegularUser$persist(RegularUser_Roo_Entity.aj:55)
	at freedays.domain.RegularUser.persist(RegularUser.java:1)
	at freedays.domain.RegularUser_Roo_Entity.ajc$interMethodDispatch1$freedays_domain_RegularUser_Roo_Entity$freedays_domain_RegularUser$persist(RegularUser_Roo_Entity.aj)
	at freedays.domain.RegularUserDataOnDemand_Roo_DataOnDemand.ajc$interMethod$freedays_domain_RegularUserDataOnDemand_Roo_DataOnDemand$freedays_domain_RegularUserDataOnDemand$init(RegularUserDataOnDemand_Roo_DataOnDemand.aj:112)
	at freedays.domain.RegularUserDataOnDemand.init(RegularUserDataOnDemand.java:1)
	at freedays.domain.RegularUserDataOnDemand_Roo_DataOnDemand.ajc$interMethodDispatch1$freedays_domain_RegularUserDataOnDemand_Roo_DataOnDemand$freedays_domain_RegularUserDataOnDemand$init(RegularUserDataOnDemand_Roo_DataOnDemand.aj)
	at freedays.domain.RegularUserDataOnDemand_Roo_DataOnDemand.ajc$interMethod$freedays_domain_RegularUserDataOnDemand_Roo_DataOnDemand$freedays_domain_RegularUserDataOnDemand$getRandomRegularUser(RegularUserDataOnDemand_Roo_DataOnDemand.aj:93)
	at freedays.domain.RegularUserDataOnDemand.getRandomRegularUser(RegularUserDataOnDemand.java:1)
	at freedays.domain.RegularUserDataOnDemand_Roo_DataOnDemand.ajc$interMethodDispatch1$freedays_domain_RegularUserDataOnDemand_Roo_DataOnDemand$freedays_domain_RegularUserDataOnDemand$getRandomRegularUser(RegularUserDataOnDemand_Roo_DataOnDemand.aj)
	at freedays.app.FDUserDataOnDemand_Roo_DataOnDemand.ajc$interMethod$freedays_app_FDUserDataOnDemand_Roo_DataOnDemand$freedays_app_FDUserDataOnDemand$setRegularUser(FDUserDataOnDemand_Roo_DataOnDemand.aj:39)
	at freedays.app.FDUserDataOnDemand.setRegularUser(FDUserDataOnDemand.java:1)
	at freedays.app.FDUserDataOnDemand_Roo_DataOnDemand.ajc$interMethodDispatch1$freedays_app_FDUserDataOnDemand_Roo_DataOnDemand$freedays_app_FDUserDataOnDemand$setRegularUser(FDUserDataOnDemand_Roo_DataOnDemand.aj)
	at freedays.app.FDUserDataOnDemand_Roo_DataOnDemand.ajc$interMethod$freedays_app_FDUserDataOnDemand_Roo_DataOnDemand$freedays_app_FDUserDataOnDemand$getNewTransientFDUser(FDUserDataOnDemand_Roo_DataOnDemand.aj:30)
	at freedays.app.FDUserDataOnDemand.getNewTransientFDUser(FDUserDataOnDemand.java:1)
	at freedays.app.FDUserDataOnDemand_Roo_DataOnDemand.ajc$interMethodDispatch1$freedays_app_FDUserDataOnDemand_Roo_DataOnDemand$freedays_app_FDUserDataOnDemand$getNewTransientFDUser(FDUserDataOnDemand_Roo_DataOnDemand.aj)
	at freedays.app.FDUserDataOnDemand_Roo_DataOnDemand.ajc$interMethod$freedays_app_FDUserDataOnDemand_Roo_DataOnDemand$freedays_app_FDUserDataOnDemand$init(FDUserDataOnDemand_Roo_DataOnDemand.aj:96)
	at freedays.app.FDUserDataOnDemand.init(FDUserDataOnDemand.java:1)
	at freedays.app.FDUserDataOnDemand_Roo_DataOnDemand.ajc$interMethodDispatch1$freedays_app_FDUserDataOnDemand_Roo_DataOnDemand$freedays_app_FDUserDataOnDemand$init(FDUserDataOnDemand_Roo_DataOnDemand.aj)
	at freedays.app.FDUserDataOnDemand_Roo_DataOnDemand.ajc$interMethod$freedays_app_FDUserDataOnDemand_Roo_DataOnDemand$freedays_app_FDUserDataOnDemand$getRandomFDUser(FDUserDataOnDemand_Roo_DataOnDemand.aj:78)
	at freedays.app.FDUserDataOnDemand.getRandomFDUser(FDUserDataOnDemand.java:1)
	at freedays.app.FDUserDataOnDemand_Roo_DataOnDemand.ajc$interMethodDispatch1$freedays_app_FDUserDataOnDemand_Roo_DataOnDemand$freedays_app_FDUserDataOnDemand$getRandomFDUser(FDUserDataOnDemand_Roo_DataOnDemand.aj)
	at freedays.app.FDUserIntegrationTest_Roo_IntegrationTest.ajc$interMethod$freedays_app_FDUserIntegrationTest_Roo_IntegrationTest$freedays_app_FDUserIntegrationTest$testPersist(FDUserIntegrationTest_Roo_IntegrationTest.aj:94)
	at freedays.app.FDUserIntegrationTest.testPersist(FDUserIntegrationTest.java:1)
	at sun.reflect.NativeMethodAccessorImpl.invoke0(Native Method)
	at sun.reflect.NativeMethodAccessorImpl.invoke(NativeMethodAccessorImpl.java:39)
	at sun.reflect.DelegatingMethodAccessorImpl.invoke(DelegatingMethodAccessorImpl.java:25)
	at java.lang.reflect.Method.invoke(Method.java:597)
	at org.junit.runners.model.FrameworkMethod$1.runReflectiveCall(FrameworkMethod.java:44)
	at org.junit.internal.runners.model.ReflectiveCallable.run(ReflectiveCallable.java:15)
	at org.junit.runners.model.FrameworkMethod.invokeExplosively(FrameworkMethod.java:41)
	at org.junit.internal.runners.statements.InvokeMethod.evaluate(InvokeMethod.java:20)
	at org.springframework.test.context.junit4.statements.RunBeforeTestMethodCallbacks.evaluate(RunBeforeTestMethodCallbacks.java:74)
	at org.springframework.test.context.junit4.statements.RunAfterTestMethodCallbacks.evaluate(RunAfterTestMethodCallbacks.java:82)
	at org.springframework.test.context.junit4.statements.SpringRepeat.evaluate(SpringRepeat.java:72)
	at org.springframework.test.context.junit4.SpringJUnit4ClassRunner.runChild(SpringJUnit4ClassRunner.java:240)
	at org.junit.runners.BlockJUnit4ClassRunner.runChild(BlockJUnit4ClassRunner.java:49)
	at org.junit.runners.ParentRunner$3.run(ParentRunner.java:193)
	at org.junit.runners.ParentRunner$1.schedule(ParentRunner.java:52)
	at org.junit.runners.ParentRunner.runChildren(ParentRunner.java:191)
	at org.junit.runners.ParentRunner.access$000(ParentRunner.java:42)
	at org.junit.runners.ParentRunner$2.evaluate(ParentRunner.java:184)
	at org.springframework.test.context.junit4.statements.RunBeforeTestClassCallbacks.evaluate(RunBeforeTestClassCallbacks.java:61)
	at org.springframework.test.context.junit4.statements.RunAfterTestClassCallbacks.evaluate(RunAfterTestClassCallbacks.java:70)
	at org.junit.runners.ParentRunner.run(ParentRunner.java:236)
	at org.springframework.test.context.junit4.SpringJUnit4ClassRunner.run(SpringJUnit4ClassRunner.java:180)
	at org.apache.maven.surefire.junit4.JUnit4TestSet.execute(JUnit4TestSet.java:35)
	at org.apache.maven.surefire.junit4.JUnit4Provider.executeTestSet(JUnit4Provider.java:115)
	at org.apache.maven.surefire.junit4.JUnit4Provider.invoke(JUnit4Provider.java:97)
	at sun.reflect.NativeMethodAccessorImpl.invoke0(Native Method)
	at sun.reflect.NativeMethodAccessorImpl.invoke(NativeMethodAccessorImpl.java:39)
	at sun.reflect.DelegatingMethodAccessorImpl.invoke(DelegatingMethodAccessorImpl.java:25)
	at java.lang.reflect.Method.invoke(Method.java:597)
	at org.apache.maven.surefire.booter.ProviderFactory$ClassLoaderProxy.invoke(ProviderFactory.java:103)
	at $Proxy0.invoke(Unknown Source)
	at org.apache.maven.surefire.booter.SurefireStarter.invokeProvider(SurefireStarter.java:150)
	at org.apache.maven.surefire.booter.SurefireStarter.runSuitesInProcess(SurefireStarter.java:91)
	at org.apache.maven.surefire.booter.ForkedBooter.main(ForkedBooter.java:69)
Caused by: javax.persistence.PersistenceException: org.hibernate.exception.ConstraintViolationException: could not insert: [freedays.domain.RegularUser]
	at org.hibernate.ejb.AbstractEntityManagerImpl.convert(AbstractEntityManagerImpl.java:1214)
	at org.hibernate.ejb.AbstractEntityManagerImpl.convert(AbstractEntityManagerImpl.java:1147)
	at org.hibernate.ejb.AbstractEntityManagerImpl.convert(AbstractEntityManagerImpl.java:1153)
	at org.hibernate.ejb.AbstractEntityManagerImpl.persist(AbstractEntityManagerImpl.java:678)
	at sun.reflect.GeneratedMethodAccessor10.invoke(Unknown Source)
	at sun.reflect.DelegatingMethodAccessorImpl.invoke(DelegatingMethodAccessorImpl.java:25)
	at java.lang.reflect.Method.invoke(Method.java:597)
	at org.springframework.orm.jpa.SharedEntityManagerCreator$SharedEntityManagerInvocationHandler.invoke(SharedEntityManagerCreator.java:240)
	at $Proxy41.persist(Unknown Source)
	... 57 more
Caused by: org.hibernate.exception.ConstraintViolationException: could not insert: [freedays.domain.RegularUser]
	at org.hibernate.exception.SQLStateConverter.convert(SQLStateConverter.java:96)
	at org.hibernate.exception.JDBCExceptionHelper.convert(JDBCExceptionHelper.java:66)
	at org.hibernate.id.insert.AbstractReturningDelegate.performInsert(AbstractReturningDelegate.java:64)
	at org.hibernate.persister.entity.AbstractEntityPersister.insert(AbstractEntityPersister.java:2345)
	at org.hibernate.persister.entity.AbstractEntityPersister.insert(AbstractEntityPersister.java:2852)
	at org.hibernate.action.EntityIdentityInsertAction.execute(EntityIdentityInsertAction.java:71)
	at org.hibernate.engine.ActionQueue.execute(ActionQueue.java:273)
	at org.hibernate.event.def.AbstractSaveEventListener.performSaveOrReplicate(AbstractSaveEventListener.java:320)
	at org.hibernate.event.def.AbstractSaveEventListener.performSave(AbstractSaveEventListener.java:203)
	at org.hibernate.event.def.AbstractSaveEventListener.saveWithGeneratedId(AbstractSaveEventListener.java:129)
	at org.hibernate.ejb.event.EJB3PersistEventListener.saveWithGeneratedId(EJB3PersistEventListener.java:69)
	at org.hibernate.event.def.DefaultPersistEventListener.entityIsTransient(DefaultPersistEventListener.java:179)
	at org.hibernate.event.def.DefaultPersistEventListener.onPersist(DefaultPersistEventListener.java:135)
	at org.hibernate.event.def.DefaultPersistEventListener.onPersist(DefaultPersistEventListener.java:61)
	at org.hibernate.impl.SessionImpl.firePersist(SessionImpl.java:808)
	at org.hibernate.impl.SessionImpl.persist(SessionImpl.java:782)
	at org.hibernate.impl.SessionImpl.persist(SessionImpl.java:786)
	at org.hibernate.ejb.AbstractEntityManagerImpl.persist(AbstractEntityManagerImpl.java:672)
	... 62 more
Caused by: com.mysql.jdbc.exceptions.jdbc4.MySQLIntegrityConstraintViolationException: Column &apos;usermodify&apos; cannot be null
	at sun.reflect.NativeConstructorAccessorImpl.newInstance0(Native Method)
	at sun.reflect.NativeConstructorAccessorImpl.newInstance(NativeConstructorAccessorImpl.java:39)
	at sun.reflect.DelegatingConstructorAccessorImpl.newInstance(DelegatingConstructorAccessorImpl.java:27)
	at java.lang.reflect.Constructor.newInstance(Constructor.java:513)
	at com.mysql.jdbc.Util.handleNewInstance(Util.java:411)
	at com.mysql.jdbc.Util.getInstance(Util.java:386)
	at com.mysql.jdbc.SQLError.createSQLException(SQLError.java:1039)
	at com.mysql.jdbc.MysqlIO.checkErrorPacket(MysqlIO.java:3597)
	at com.mysql.jdbc.MysqlIO.checkErrorPacket(MysqlIO.java:3529)
	at com.mysql.jdbc.MysqlIO.sendCommand(MysqlIO.java:1990)
	at com.mysql.jdbc.MysqlIO.sqlQueryDirect(MysqlIO.java:2151)
	at com.mysql.jdbc.ConnectionImpl.execSQL(ConnectionImpl.java:2625)
	at com.mysql.jdbc.PreparedStatement.executeInternal(PreparedStatement.java:2119)
	at com.mysql.jdbc.PreparedStatement.executeUpdate(PreparedStatement.java:2415)
	at com.mysql.jdbc.PreparedStatement.executeUpdate(PreparedStatement.java:2333)
	at com.mysql.jdbc.PreparedStatement.executeUpdate(PreparedStatement.java:2318)
	at org.apache.commons.dbcp.DelegatingPreparedStatement.executeUpdate(DelegatingPreparedStatement.java:105)
	at org.apache.commons.dbcp.DelegatingPreparedStatement.executeUpdate(DelegatingPreparedStatement.java:105)
	at org.hibernate.id.IdentityGenerator$GetGeneratedKeysDelegate.executeAndExtract(IdentityGenerator.java:94)
	at org.hibernate.id.insert.AbstractReturningDelegate.performInsert(AbstractReturningDelegate.java:57)
	... 77 more
</error>
    <system-out>2011-07-13 10:47:57,065 [main] DEBUG org.springframework.test.annotation.ProfileValueUtils - Retrieved @ProfileValueSourceConfiguration [null] for test class [freedays.app.FDUserIntegrationTest]
2011-07-13 10:47:57,065 [main] DEBUG org.springframework.test.annotation.ProfileValueUtils - Retrieved ProfileValueSource type [class org.springframework.test.annotation.SystemProfileValueSource] for class [freedays.app.FDUserIntegrationTest]
2011-07-13 10:47:57,065 [main] DEBUG org.springframework.beans.factory.annotation.InjectionMetadata - Processing injected method of bean &apos;freedays.app.FDUserIntegrationTest&apos;: AutowiredFieldElement for private freedays.app.FDUserDataOnDemand freedays.app.FDUserIntegrationTest.dod
2011-07-13 10:47:57,065 [main] DEBUG org.springframework.beans.factory.support.DefaultListableBeanFactory - Returning cached instance of singleton bean &apos;FDUserDataOnDemand&apos;
2011-07-13 10:47:57,065 [main] DEBUG org.springframework.test.context.support.DependencyInjectionTestExecutionListener - Performing dependency injection for test context [[TestContext@461d318f testClass = FDUserIntegrationTest, locations = array&lt;String&gt;[&apos;classpath:/META-INF/spring/applicationContext.xml&apos;], testInstance = freedays.app.FDUserIntegrationTest@69ed2bbd, testMethod = [null], testException = [null]]].
2011-07-13 10:47:57,065 [main] DEBUG org.springframework.beans.factory.annotation.InjectionMetadata - Processing injected method of bean &apos;freedays.app.FDUserIntegrationTest&apos;: AutowiredFieldElement for private freedays.app.FDUserDataOnDemand freedays.app.FDUserIntegrationTest.dod
2011-07-13 10:47:57,065 [main] DEBUG org.springframework.beans.factory.support.DefaultListableBeanFactory - Returning cached instance of singleton bean &apos;FDUserDataOnDemand&apos;
2011-07-13 10:47:57,066 [main] DEBUG org.springframework.transaction.annotation.AnnotationTransactionAttributeSource - Adding transactional method &apos;testPersist&apos; with attribute: PROPAGATION_REQUIRED,ISOLATION_DEFAULT; &apos;&apos;
2011-07-13 10:47:57,066 [main] DEBUG org.springframework.test.context.transaction.TransactionalTestExecutionListener - Explicit transaction definition [PROPAGATION_REQUIRED,ISOLATION_DEFAULT; &apos;&apos;] found for test context [[TestContext@461d318f testClass = FDUserIntegrationTest, locations = array&lt;String&gt;[&apos;classpath:/META-INF/spring/applicationContext.xml&apos;], testInstance = freedays.app.FDUserIntegrationTest@69ed2bbd, testMethod = testPersist@FDUserIntegrationTest, testException = [null]]]
2011-07-13 10:47:57,066 [main] DEBUG org.springframework.beans.factory.support.DefaultListableBeanFactory - Returning cached instance of singleton bean &apos;transactionManager&apos;
2011-07-13 10:47:57,066 [main] DEBUG org.springframework.orm.jpa.JpaTransactionManager - Creating new transaction with name [testPersist]: PROPAGATION_REQUIRED,ISOLATION_DEFAULT; &apos;&apos;
2011-07-13 10:47:57,066 [main] DEBUG org.hibernate.impl.SessionImpl - opened session at timestamp: 13105432770
2011-07-13 10:47:57,066 [main] DEBUG org.springframework.orm.jpa.JpaTransactionManager - Opened new EntityManager [org.hibernate.ejb.EntityManagerImpl@621bedb0] for JPA transaction
2011-07-13 10:47:57,066 [main] DEBUG org.hibernate.transaction.JDBCTransaction - begin
2011-07-13 10:47:57,066 [main] DEBUG org.hibernate.jdbc.ConnectionManager - opening JDBC connection
2011-07-13 10:47:57,066 [main] DEBUG org.hibernate.transaction.JDBCTransaction - current autocommit status: true
2011-07-13 10:47:57,066 [main] DEBUG org.hibernate.transaction.JDBCTransaction - disabling autocommit
2011-07-13 10:47:57,067 [main] DEBUG org.springframework.orm.jpa.JpaTransactionManager - Not exposing JPA transaction [org.hibernate.ejb.EntityManagerImpl@621bedb0] as JDBC transaction because JpaDialect [org.springframework.orm.jpa.DefaultJpaDialect@962e703] does not support JDBC Connection retrieval
2011-07-13 10:47:57,067 [main] DEBUG org.springframework.test.context.transaction.TransactionalTestExecutionListener - No method-level @Rollback override: using default rollback [true] for test context [[TestContext@461d318f testClass = FDUserIntegrationTest, locations = array&lt;String&gt;[&apos;classpath:/META-INF/spring/applicationContext.xml&apos;], testInstance = freedays.app.FDUserIntegrationTest@69ed2bbd, testMethod = testPersist@FDUserIntegrationTest, testException = [null]]]
2011-07-13 10:47:57,067 [main] INFO  org.springframework.test.context.transaction.TransactionalTestExecutionListener - Began transaction (4): transaction manager [org.springframework.orm.jpa.JpaTransactionManager@c303a60]; rollback [true]
2011-07-13 10:47:57,067 [main] DEBUG org.springframework.transaction.annotation.AnnotationTransactionAttributeSource - Adding transactional method &apos;testPersist&apos; with attribute: PROPAGATION_REQUIRED,ISOLATION_DEFAULT; &apos;&apos;
2011-07-13 10:47:57,067 [main] DEBUG org.springframework.beans.factory.support.DefaultListableBeanFactory - Returning cached instance of singleton bean &apos;transactionManager&apos;
2011-07-13 10:47:57,068 [main] DEBUG org.springframework.orm.jpa.JpaTransactionManager - Found thread-bound EntityManager [org.hibernate.ejb.EntityManagerImpl@621bedb0] for JPA transaction
2011-07-13 10:47:57,068 [main] DEBUG org.springframework.orm.jpa.JpaTransactionManager - Participating in existing transaction
2011-07-13 10:47:57,068 [main] DEBUG org.springframework.beans.factory.annotation.InjectionMetadata - Processing injected method of bean &apos;freedays.domain.ApplicationRegularUser$ApplicationRegularUser_Roo_Entity$1&apos;: PersistenceElement for transient javax.persistence.EntityManager freedays.domain.ApplicationRegularUser.entityManager
2011-07-13 10:47:57,068 [main] DEBUG org.springframework.beans.factory.support.DefaultListableBeanFactory - Returning cached instance of singleton bean &apos;entityManagerFactory&apos;
2011-07-13 10:47:57,068 [main] DEBUG org.hibernate.jdbc.AbstractBatcher - about to open PreparedStatement (open PreparedStatements: 0, globally: 0)
2011-07-13 10:47:57,068 [main] DEBUG org.hibernate.SQL - select fduser0_.id as id0_, fduser0_.granter as granter0_, fduser0_.regular_user as regular4_0_, fduser0_.version as version0_, fduser0_.hire_date as hire1_1_, fduser0_.init_days as init2_1_, fduser0_.max_free_days as max3_1_ from fduser fduser0_ limit ?
2011-07-13 10:47:57,070 [main] DEBUG org.hibernate.jdbc.AbstractBatcher - about to open ResultSet (open ResultSets: 0, globally: 0)
2011-07-13 10:47:57,070 [main] DEBUG org.hibernate.jdbc.AbstractBatcher - about to close ResultSet (open ResultSets: 1, globally: 1)
2011-07-13 10:47:57,070 [main] DEBUG org.hibernate.jdbc.AbstractBatcher - about to close PreparedStatement (open PreparedStatements: 1, globally: 1)
2011-07-13 10:47:57,070 [main] DEBUG org.hibernate.engine.StatefulPersistenceContext - initializing non-lazy collections
2011-07-13 10:47:57,070 [main] DEBUG org.springframework.beans.factory.annotation.InjectionMetadata - Processing injected method of bean &apos;freedays.app.FDUser&apos;: PersistenceElement for transient javax.persistence.EntityManager freedays.domain.ApplicationRegularUser.entityManager
2011-07-13 10:47:57,070 [main] DEBUG org.springframework.beans.factory.support.DefaultListableBeanFactory - Returning cached instance of singleton bean &apos;entityManagerFactory&apos;
2011-07-13 10:47:57,070 [main] DEBUG org.springframework.beans.factory.annotation.InjectionMetadata - Processing injected method of bean &apos;freedays.domain.RegularUser&apos;: PersistenceElement for transient javax.persistence.EntityManager freedays.domain.RegularUser.entityManager
2011-07-13 10:47:57,070 [main] DEBUG org.springframework.beans.factory.support.DefaultListableBeanFactory - Returning cached instance of singleton bean &apos;entityManagerFactory&apos;
2011-07-13 10:47:57,070 [main] DEBUG org.hibernate.jdbc.AbstractBatcher - about to open PreparedStatement (open PreparedStatements: 0, globally: 0)
2011-07-13 10:47:57,070 [main] DEBUG org.hibernate.SQL - select regularuse0_.id as id3_, regularuse0_.activ as activ3_, regularuse0_.creationdate as creation3_3_, regularuse0_.deleted as deleted3_, regularuse0_.email as email3_, regularuse0_.firstname as firstname3_, regularuse0_.lastmodified as lastmodi7_3_, regularuse0_.password as password3_, regularuse0_.surename as surename3_, regularuse0_.usermodify as usermodify3_, regularuse0_.username as username3_, regularuse0_.version as version3_ from regular_user regularuse0_ limit ?
2011-07-13 10:47:57,073 [main] DEBUG org.hibernate.jdbc.AbstractBatcher - about to open ResultSet (open ResultSets: 0, globally: 0)
2011-07-13 10:47:57,073 [main] DEBUG org.hibernate.jdbc.AbstractBatcher - about to close ResultSet (open ResultSets: 1, globally: 1)
2011-07-13 10:47:57,073 [main] DEBUG org.hibernate.jdbc.AbstractBatcher - about to close PreparedStatement (open PreparedStatements: 1, globally: 1)
2011-07-13 10:47:57,073 [main] DEBUG org.hibernate.engine.StatefulPersistenceContext - initializing non-lazy collections
2011-07-13 10:47:57,073 [main] DEBUG org.springframework.beans.factory.annotation.InjectionMetadata - Processing injected method of bean &apos;freedays.domain.RegularUser&apos;: PersistenceElement for transient javax.persistence.EntityManager freedays.domain.RegularUser.entityManager
2011-07-13 10:47:57,073 [main] DEBUG org.springframework.beans.factory.support.DefaultListableBeanFactory - Returning cached instance of singleton bean &apos;entityManagerFactory&apos;
2011-07-13 10:47:57,073 [main] DEBUG org.springframework.beans.factory.support.DefaultListableBeanFactory - Returning cached instance of singleton bean &apos;transactionManager&apos;
2011-07-13 10:47:57,073 [main] DEBUG org.springframework.orm.jpa.JpaTransactionManager - Found thread-bound EntityManager [org.hibernate.ejb.EntityManagerImpl@621bedb0] for JPA transaction
2011-07-13 10:47:57,073 [main] DEBUG org.springframework.orm.jpa.JpaTransactionManager - Participating in existing transaction
2011-07-13 10:47:57,074 [main] DEBUG org.hibernate.event.def.AbstractSaveEventListener - executing identity-insert immediately
2011-07-13 10:47:57,074 [main] DEBUG org.hibernate.jdbc.AbstractBatcher - about to open PreparedStatement (open PreparedStatements: 0, globally: 0)
2011-07-13 10:47:57,074 [main] DEBUG org.hibernate.SQL - insert into regular_user (activ, creationdate, deleted, email, firstname, lastmodified, password, surename, usermodify, username, version) values (?, ?, ?, ?, ?, ?, ?, ?, ?, ?, ?)
2011-07-13 10:47:57,076 [main] DEBUG org.hibernate.jdbc.AbstractBatcher - about to close PreparedStatement (open PreparedStatements: 1, globally: 1)
2011-07-13 10:47:57,076 [main] DEBUG org.hibernate.util.JDBCExceptionReporter - could not insert: [freedays.domain.RegularUser] [insert into regular_user (activ, creationdate, deleted, email, firstname, lastmodified, password, surename, usermodify, username, version) values (?, ?, ?, ?, ?, ?, ?, ?, ?, ?, ?)]
com.mysql.jdbc.exceptions.jdbc4.MySQLIntegrityConstraintViolationException: Column &apos;usermodify&apos; cannot be null
	at sun.reflect.NativeConstructorAccessorImpl.newInstance0(Native Method)
	at sun.reflect.NativeConstructorAccessorImpl.newInstance(NativeConstructorAccessorImpl.java:39)
	at sun.reflect.DelegatingConstructorAccessorImpl.newInstance(DelegatingConstructorAccessorImpl.java:27)
	at java.lang.reflect.Constructor.newInstance(Constructor.java:513)
	at com.mysql.jdbc.Util.handleNewInstance(Util.java:411)
	at com.mysql.jdbc.Util.getInstance(Util.java:386)
	at com.mysql.jdbc.SQLError.createSQLException(SQLError.java:1039)
	at com.mysql.jdbc.MysqlIO.checkErrorPacket(MysqlIO.java:3597)
	at com.mysql.jdbc.MysqlIO.checkErrorPacket(MysqlIO.java:3529)
	at com.mysql.jdbc.MysqlIO.sendCommand(MysqlIO.java:1990)
	at com.mysql.jdbc.MysqlIO.sqlQueryDirect(MysqlIO.java:2151)
	at com.mysql.jdbc.ConnectionImpl.execSQL(ConnectionImpl.java:2625)
	at com.mysql.jdbc.PreparedStatement.executeInternal(PreparedStatement.java:2119)
	at com.mysql.jdbc.PreparedStatement.executeUpdate(PreparedStatement.java:2415)
	at com.mysql.jdbc.PreparedStatement.executeUpdate(PreparedStatement.java:2333)
	at com.mysql.jdbc.PreparedStatement.executeUpdate(PreparedStatement.java:2318)
	at org.apache.commons.dbcp.DelegatingPreparedStatement.executeUpdate(DelegatingPreparedStatement.java:105)
	at org.apache.commons.dbcp.DelegatingPreparedStatement.executeUpdate(DelegatingPreparedStatement.java:105)
	at org.hibernate.id.IdentityGenerator$GetGeneratedKeysDelegate.executeAndExtract(IdentityGenerator.java:94)
	at org.hibernate.id.insert.AbstractReturningDelegate.performInsert(AbstractReturningDelegate.java:57)
	at org.hibernate.persister.entity.AbstractEntityPersister.insert(AbstractEntityPersister.java:2345)
	at org.hibernate.persister.entity.AbstractEntityPersister.insert(AbstractEntityPersister.java:2852)
	at org.hibernate.action.EntityIdentityInsertAction.execute(EntityIdentityInsertAction.java:71)
	at org.hibernate.engine.ActionQueue.execute(ActionQueue.java:273)
	at org.hibernate.event.def.AbstractSaveEventListener.performSaveOrReplicate(AbstractSaveEventListener.java:320)
	at org.hibernate.event.def.AbstractSaveEventListener.performSave(AbstractSaveEventListener.java:203)
	at org.hibernate.event.def.AbstractSaveEventListener.saveWithGeneratedId(AbstractSaveEventListener.java:129)
	at org.hibernate.ejb.event.EJB3PersistEventListener.saveWithGeneratedId(EJB3PersistEventListener.java:69)
	at org.hibernate.event.def.DefaultPersistEventListener.entityIsTransient(DefaultPersistEventListener.java:179)
	at org.hibernate.event.def.DefaultPersistEventListener.onPersist(DefaultPersistEventListener.java:135)
	at org.hibernate.event.def.DefaultPersistEventListener.onPersist(DefaultPersistEventListener.java:61)
	at org.hibernate.impl.SessionImpl.firePersist(SessionImpl.java:808)
	at org.hibernate.impl.SessionImpl.persist(SessionImpl.java:782)
	at org.hibernate.impl.SessionImpl.persist(SessionImpl.java:786)
	at org.hibernate.ejb.AbstractEntityManagerImpl.persist(AbstractEntityManagerImpl.java:672)
	at sun.reflect.GeneratedMethodAccessor10.invoke(Unknown Source)
	at sun.reflect.DelegatingMethodAccessorImpl.invoke(DelegatingMethodAccessorImpl.java:25)
	at java.lang.reflect.Method.invoke(Method.java:597)
	at org.springframework.orm.jpa.SharedEntityManagerCreator$SharedEntityManagerInvocationHandler.invoke(SharedEntityManagerCreator.java:240)
	at $Proxy41.persist(Unknown Source)
	at freedays.domain.RegularUser_Roo_Entity.ajc$interMethod$freedays_domain_RegularUser_Roo_Entity$freedays_domain_RegularUser$persist(RegularUser_Roo_Entity.aj:55)
	at freedays.domain.RegularUser.persist(RegularUser.java:1)
	at freedays.domain.RegularUser_Roo_Entity.ajc$interMethodDispatch1$freedays_domain_RegularUser_Roo_Entity$freedays_domain_RegularUser$persist(RegularUser_Roo_Entity.aj)
	at freedays.domain.RegularUserDataOnDemand_Roo_DataOnDemand.ajc$interMethod$freedays_domain_RegularUserDataOnDemand_Roo_DataOnDemand$freedays_domain_RegularUserDataOnDemand$init(RegularUserDataOnDemand_Roo_DataOnDemand.aj:112)
	at freedays.domain.RegularUserDataOnDemand.init(RegularUserDataOnDemand.java:1)
	at freedays.domain.RegularUserDataOnDemand_Roo_DataOnDemand.ajc$interMethodDispatch1$freedays_domain_RegularUserDataOnDemand_Roo_DataOnDemand$freedays_domain_RegularUserDataOnDemand$init(RegularUserDataOnDemand_Roo_DataOnDemand.aj)
	at freedays.domain.RegularUserDataOnDemand_Roo_DataOnDemand.ajc$interMethod$freedays_domain_RegularUserDataOnDemand_Roo_DataOnDemand$freedays_domain_RegularUserDataOnDemand$getRandomRegularUser(RegularUserDataOnDemand_Roo_DataOnDemand.aj:93)
	at freedays.domain.RegularUserDataOnDemand.getRandomRegularUser(RegularUserDataOnDemand.java:1)
	at freedays.domain.RegularUserDataOnDemand_Roo_DataOnDemand.ajc$interMethodDispatch1$freedays_domain_RegularUserDataOnDemand_Roo_DataOnDemand$freedays_domain_RegularUserDataOnDemand$getRandomRegularUser(RegularUserDataOnDemand_Roo_DataOnDemand.aj)
	at freedays.app.FDUserDataOnDemand_Roo_DataOnDemand.ajc$interMethod$freedays_app_FDUserDataOnDemand_Roo_DataOnDemand$freedays_app_FDUserDataOnDemand$setRegularUser(FDUserDataOnDemand_Roo_DataOnDemand.aj:39)
	at freedays.app.FDUserDataOnDemand.setRegularUser(FDUserDataOnDemand.java:1)
	at freedays.app.FDUserDataOnDemand_Roo_DataOnDemand.ajc$interMethodDispatch1$freedays_app_FDUserDataOnDemand_Roo_DataOnDemand$freedays_app_FDUserDataOnDemand$setRegularUser(FDUserDataOnDemand_Roo_DataOnDemand.aj)
	at freedays.app.FDUserDataOnDemand_Roo_DataOnDemand.ajc$interMethod$freedays_app_FDUserDataOnDemand_Roo_DataOnDemand$freedays_app_FDUserDataOnDemand$getNewTransientFDUser(FDUserDataOnDemand_Roo_DataOnDemand.aj:30)
	at freedays.app.FDUserDataOnDemand.getNewTransientFDUser(FDUserDataOnDemand.java:1)
	at freedays.app.FDUserDataOnDemand_Roo_DataOnDemand.ajc$interMethodDispatch1$freedays_app_FDUserDataOnDemand_Roo_DataOnDemand$freedays_app_FDUserDataOnDemand$getNewTransientFDUser(FDUserDataOnDemand_Roo_DataOnDemand.aj)
	at freedays.app.FDUserDataOnDemand_Roo_DataOnDemand.ajc$interMethod$freedays_app_FDUserDataOnDemand_Roo_DataOnDemand$freedays_app_FDUserDataOnDemand$init(FDUserDataOnDemand_Roo_DataOnDemand.aj:96)
	at freedays.app.FDUserDataOnDemand.init(FDUserDataOnDemand.java:1)
	at freedays.app.FDUserDataOnDemand_Roo_DataOnDemand.ajc$interMethodDispatch1$freedays_app_FDUserDataOnDemand_Roo_DataOnDemand$freedays_app_FDUserDataOnDemand$init(FDUserDataOnDemand_Roo_DataOnDemand.aj)
	at freedays.app.FDUserDataOnDemand_Roo_DataOnDemand.ajc$interMethod$freedays_app_FDUserDataOnDemand_Roo_DataOnDemand$freedays_app_FDUserDataOnDemand$getRandomFDUser(FDUserDataOnDemand_Roo_DataOnDemand.aj:78)
	at freedays.app.FDUserDataOnDemand.getRandomFDUser(FDUserDataOnDemand.java:1)
	at freedays.app.FDUserDataOnDemand_Roo_DataOnDemand.ajc$interMethodDispatch1$freedays_app_FDUserDataOnDemand_Roo_DataOnDemand$freedays_app_FDUserDataOnDemand$getRandomFDUser(FDUserDataOnDemand_Roo_DataOnDemand.aj)
	at freedays.app.FDUserIntegrationTest_Roo_IntegrationTest.ajc$interMethod$freedays_app_FDUserIntegrationTest_Roo_IntegrationTest$freedays_app_FDUserIntegrationTest$testPersist(FDUserIntegrationTest_Roo_IntegrationTest.aj:94)
	at freedays.app.FDUserIntegrationTest.testPersist(FDUserIntegrationTest.java:1)
	at sun.reflect.NativeMethodAccessorImpl.invoke0(Native Method)
	at sun.reflect.NativeMethodAccessorImpl.invoke(NativeMethodAccessorImpl.java:39)
	at sun.reflect.DelegatingMethodAccessorImpl.invoke(DelegatingMethodAccessorImpl.java:25)
	at java.lang.reflect.Method.invoke(Method.java:597)
	at org.junit.runners.model.FrameworkMethod$1.runReflectiveCall(FrameworkMethod.java:44)
	at org.junit.internal.runners.model.ReflectiveCallable.run(ReflectiveCallable.java:15)
	at org.junit.runners.model.FrameworkMethod.invokeExplosively(FrameworkMethod.java:41)
	at org.junit.internal.runners.statements.InvokeMethod.evaluate(InvokeMethod.java:20)
	at org.springframework.test.context.junit4.statements.RunBeforeTestMethodCallbacks.evaluate(RunBeforeTestMethodCallbacks.java:74)
	at org.springframework.test.context.junit4.statements.RunAfterTestMethodCallbacks.evaluate(RunAfterTestMethodCallbacks.java:82)
	at org.springframework.test.context.junit4.statements.SpringRepeat.evaluate(SpringRepeat.java:72)
	at org.springframework.test.context.junit4.SpringJUnit4ClassRunner.runChild(SpringJUnit4ClassRunner.java:240)
	at org.junit.runners.BlockJUnit4ClassRunner.runChild(BlockJUnit4ClassRunner.java:49)
	at org.junit.runners.ParentRunner$3.run(ParentRunner.java:193)
	at org.junit.runners.ParentRunner$1.schedule(ParentRunner.java:52)
	at org.junit.runners.ParentRunner.runChildren(ParentRunner.java:191)
	at org.junit.runners.ParentRunner.access$000(ParentRunner.java:42)
	at org.junit.runners.ParentRunner$2.evaluate(ParentRunner.java:184)
	at org.springframework.test.context.junit4.statements.RunBeforeTestClassCallbacks.evaluate(RunBeforeTestClassCallbacks.java:61)
	at org.springframework.test.context.junit4.statements.RunAfterTestClassCallbacks.evaluate(RunAfterTestClassCallbacks.java:70)
	at org.junit.runners.ParentRunner.run(ParentRunner.java:236)
	at org.springframework.test.context.junit4.SpringJUnit4ClassRunner.run(SpringJUnit4ClassRunner.java:180)
	at org.apache.maven.surefire.junit4.JUnit4TestSet.execute(JUnit4TestSet.java:35)
	at org.apache.maven.surefire.junit4.JUnit4Provider.executeTestSet(JUnit4Provider.java:115)
	at org.apache.maven.surefire.junit4.JUnit4Provider.invoke(JUnit4Provider.java:97)
	at sun.reflect.NativeMethodAccessorImpl.invoke0(Native Method)
	at sun.reflect.NativeMethodAccessorImpl.invoke(NativeMethodAccessorImpl.java:39)
	at sun.reflect.DelegatingMethodAccessorImpl.invoke(DelegatingMethodAccessorImpl.java:25)
	at java.lang.reflect.Method.invoke(Method.java:597)
	at org.apache.maven.surefire.booter.ProviderFactory$ClassLoaderProxy.invoke(ProviderFactory.java:103)
	at $Proxy0.invoke(Unknown Source)
	at org.apache.maven.surefire.booter.SurefireStarter.invokeProvider(SurefireStarter.java:150)
	at org.apache.maven.surefire.booter.SurefireStarter.runSuitesInProcess(SurefireStarter.java:91)
	at org.apache.maven.surefire.booter.ForkedBooter.main(ForkedBooter.java:69)
2011-07-13 10:47:57,077 [main] WARN  org.hibernate.util.JDBCExceptionReporter - SQL Error: 1048, SQLState: 23000
2011-07-13 10:47:57,077 [main] ERROR org.hibernate.util.JDBCExceptionReporter - Column &apos;usermodify&apos; cannot be null
2011-07-13 10:47:57,077 [main] DEBUG org.hibernate.ejb.AbstractEntityManagerImpl - mark transaction for rollback
2011-07-13 10:47:57,077 [main] DEBUG org.springframework.orm.jpa.JpaTransactionManager - Participating transaction failed - marking existing transaction as rollback-only
2011-07-13 10:47:57,077 [main] DEBUG org.springframework.orm.jpa.JpaTransactionManager - Setting JPA transaction on EntityManager [org.hibernate.ejb.EntityManagerImpl@621bedb0] rollback-only
2011-07-13 10:47:57,077 [main] DEBUG org.springframework.orm.jpa.JpaTransactionManager - Participating transaction failed - marking existing transaction as rollback-only
2011-07-13 10:47:57,077 [main] DEBUG org.springframework.orm.jpa.JpaTransactionManager - Setting JPA transaction on EntityManager [org.hibernate.ejb.EntityManagerImpl@621bedb0] rollback-only
2011-07-13 10:47:57,077 [main] DEBUG org.springframework.test.context.transaction.TransactionalTestExecutionListener - No method-level @Rollback override: using default rollback [true] for test context [[TestContext@461d318f testClass = FDUserIntegrationTest, locations = array&lt;String&gt;[&apos;classpath:/META-INF/spring/applicationContext.xml&apos;], testInstance = freedays.app.FDUserIntegrationTest@69ed2bbd, testMethod = testPersist@FDUserIntegrationTest, testException = org.springframework.orm.jpa.JpaSystemException: org.hibernate.exception.ConstraintViolationException: could not insert: [freedays.domain.RegularUser]; nested exception is javax.persistence.PersistenceException: org.hibernate.exception.ConstraintViolationException: could not insert: [freedays.domain.RegularUser]]]
2011-07-13 10:47:57,077 [main] DEBUG org.springframework.orm.jpa.JpaTransactionManager - Initiating transaction rollback
2011-07-13 10:47:57,077 [main] DEBUG org.springframework.orm.jpa.JpaTransactionManager - Rolling back JPA transaction on EntityManager [org.hibernate.ejb.EntityManagerImpl@621bedb0]
2011-07-13 10:47:57,077 [main] DEBUG org.hibernate.transaction.JDBCTransaction - rollback
2011-07-13 10:47:57,078 [main] DEBUG org.hibernate.transaction.JDBCTransaction - re-enabling autocommit
2011-07-13 10:47:57,079 [main] DEBUG org.hibernate.transaction.JDBCTransaction - rolled back JDBC Connection
2011-07-13 10:47:57,079 [main] DEBUG org.hibernate.jdbc.ConnectionManager - aggressively releasing JDBC connection
2011-07-13 10:47:57,079 [main] DEBUG org.hibernate.jdbc.ConnectionManager - releasing JDBC connection [ (open PreparedStatements: 0, globally: 0) (open ResultSets: 0, globally: 0)]
2011-07-13 10:47:57,079 [main] DEBUG org.springframework.orm.jpa.JpaTransactionManager - Closing JPA EntityManager [org.hibernate.ejb.EntityManagerImpl@621bedb0] after transaction
2011-07-13 10:47:57,079 [main] DEBUG org.springframework.orm.jpa.EntityManagerFactoryUtils - Closing JPA EntityManager
2011-07-13 10:47:57,079 [main] INFO  org.springframework.test.context.transaction.TransactionalTestExecutionListener - Rolled back transaction after test execution for test context [[TestContext@461d318f testClass = FDUserIntegrationTest, locations = array&lt;String&gt;[&apos;classpath:/META-INF/spring/applicationContext.xml&apos;], testInstance = freedays.app.FDUserIntegrationTest@69ed2bbd, testMethod = testPersist@FDUserIntegrationTest, testException = org.springframework.orm.jpa.JpaSystemException: org.hibernate.exception.ConstraintViolationException: could not insert: [freedays.domain.RegularUser]; nested exception is javax.persistence.PersistenceException: org.hibernate.exception.ConstraintViolationException: could not insert: [freedays.domain.RegularUser]]]
2011-07-13 10:47:57,080 [main] DEBUG org.springframework.test.context.support.DirtiesContextTestExecutionListener - After test method: context [[TestContext@461d318f testClass = FDUserIntegrationTest, locations = array&lt;String&gt;[&apos;classpath:/META-INF/spring/applicationContext.xml&apos;], testInstance = freedays.app.FDUserIntegrationTest@69ed2bbd, testMethod = testPersist@FDUserIntegrationTest, testException = org.springframework.orm.jpa.JpaSystemException: org.hibernate.exception.ConstraintViolationException: could not insert: [freedays.domain.RegularUser]; nested exception is javax.persistence.PersistenceException: org.hibernate.exception.ConstraintViolationException: could not insert: [freedays.domain.RegularUser]]], class dirties context [false], class mode [null], method dirties context [false].
</system-out>
  </testcase>
  <testcase time="0.016" classname="freedays.app.FDUserIntegrationTest" name="testRemove">
    <error message="org.hibernate.exception.ConstraintViolationException: could not insert: [freedays.domain.RegularUser]; nested exception is javax.persistence.PersistenceException: org.hibernate.exception.ConstraintViolationException: could not insert: [freedays.domain.RegularUser]" type="org.springframework.orm.jpa.JpaSystemException">org.springframework.orm.jpa.JpaSystemException: org.hibernate.exception.ConstraintViolationException: could not insert: [freedays.domain.RegularUser]; nested exception is javax.persistence.PersistenceException: org.hibernate.exception.ConstraintViolationException: could not insert: [freedays.domain.RegularUser]
	at org.springframework.orm.jpa.EntityManagerFactoryUtils.convertJpaAccessExceptionIfPossible(EntityManagerFactoryUtils.java:311)
	at org.springframework.orm.jpa.aspectj.JpaExceptionTranslatorAspect.ajc$afterThrowing$org_springframework_orm_jpa_aspectj_JpaExceptionTranslatorAspect$1$18a1ac9(JpaExceptionTranslatorAspect.aj:15)
	at freedays.domain.RegularUser_Roo_Entity.ajc$interMethod$freedays_domain_RegularUser_Roo_Entity$freedays_domain_RegularUser$persist(RegularUser_Roo_Entity.aj:55)
	at freedays.domain.RegularUser.persist(RegularUser.java:1)
	at freedays.domain.RegularUser_Roo_Entity.ajc$interMethodDispatch1$freedays_domain_RegularUser_Roo_Entity$freedays_domain_RegularUser$persist(RegularUser_Roo_Entity.aj)
	at freedays.domain.RegularUserDataOnDemand_Roo_DataOnDemand.ajc$interMethod$freedays_domain_RegularUserDataOnDemand_Roo_DataOnDemand$freedays_domain_RegularUserDataOnDemand$init(RegularUserDataOnDemand_Roo_DataOnDemand.aj:112)
	at freedays.domain.RegularUserDataOnDemand.init(RegularUserDataOnDemand.java:1)
	at freedays.domain.RegularUserDataOnDemand_Roo_DataOnDemand.ajc$interMethodDispatch1$freedays_domain_RegularUserDataOnDemand_Roo_DataOnDemand$freedays_domain_RegularUserDataOnDemand$init(RegularUserDataOnDemand_Roo_DataOnDemand.aj)
	at freedays.domain.RegularUserDataOnDemand_Roo_DataOnDemand.ajc$interMethod$freedays_domain_RegularUserDataOnDemand_Roo_DataOnDemand$freedays_domain_RegularUserDataOnDemand$getRandomRegularUser(RegularUserDataOnDemand_Roo_DataOnDemand.aj:93)
	at freedays.domain.RegularUserDataOnDemand.getRandomRegularUser(RegularUserDataOnDemand.java:1)
	at freedays.domain.RegularUserDataOnDemand_Roo_DataOnDemand.ajc$interMethodDispatch1$freedays_domain_RegularUserDataOnDemand_Roo_DataOnDemand$freedays_domain_RegularUserDataOnDemand$getRandomRegularUser(RegularUserDataOnDemand_Roo_DataOnDemand.aj)
	at freedays.app.FDUserDataOnDemand_Roo_DataOnDemand.ajc$interMethod$freedays_app_FDUserDataOnDemand_Roo_DataOnDemand$freedays_app_FDUserDataOnDemand$setRegularUser(FDUserDataOnDemand_Roo_DataOnDemand.aj:39)
	at freedays.app.FDUserDataOnDemand.setRegularUser(FDUserDataOnDemand.java:1)
	at freedays.app.FDUserDataOnDemand_Roo_DataOnDemand.ajc$interMethodDispatch1$freedays_app_FDUserDataOnDemand_Roo_DataOnDemand$freedays_app_FDUserDataOnDemand$setRegularUser(FDUserDataOnDemand_Roo_DataOnDemand.aj)
	at freedays.app.FDUserDataOnDemand_Roo_DataOnDemand.ajc$interMethod$freedays_app_FDUserDataOnDemand_Roo_DataOnDemand$freedays_app_FDUserDataOnDemand$getNewTransientFDUser(FDUserDataOnDemand_Roo_DataOnDemand.aj:30)
	at freedays.app.FDUserDataOnDemand.getNewTransientFDUser(FDUserDataOnDemand.java:1)
	at freedays.app.FDUserDataOnDemand_Roo_DataOnDemand.ajc$interMethodDispatch1$freedays_app_FDUserDataOnDemand_Roo_DataOnDemand$freedays_app_FDUserDataOnDemand$getNewTransientFDUser(FDUserDataOnDemand_Roo_DataOnDemand.aj)
	at freedays.app.FDUserDataOnDemand_Roo_DataOnDemand.ajc$interMethod$freedays_app_FDUserDataOnDemand_Roo_DataOnDemand$freedays_app_FDUserDataOnDemand$init(FDUserDataOnDemand_Roo_DataOnDemand.aj:96)
	at freedays.app.FDUserDataOnDemand.init(FDUserDataOnDemand.java:1)
	at freedays.app.FDUserDataOnDemand_Roo_DataOnDemand.ajc$interMethodDispatch1$freedays_app_FDUserDataOnDemand_Roo_DataOnDemand$freedays_app_FDUserDataOnDemand$init(FDUserDataOnDemand_Roo_DataOnDemand.aj)
	at freedays.app.FDUserDataOnDemand_Roo_DataOnDemand.ajc$interMethod$freedays_app_FDUserDataOnDemand_Roo_DataOnDemand$freedays_app_FDUserDataOnDemand$getRandomFDUser(FDUserDataOnDemand_Roo_DataOnDemand.aj:78)
	at freedays.app.FDUserDataOnDemand.getRandomFDUser(FDUserDataOnDemand.java:1)
	at freedays.app.FDUserDataOnDemand_Roo_DataOnDemand.ajc$interMethodDispatch1$freedays_app_FDUserDataOnDemand_Roo_DataOnDemand$freedays_app_FDUserDataOnDemand$getRandomFDUser(FDUserDataOnDemand_Roo_DataOnDemand.aj)
	at freedays.app.FDUserIntegrationTest_Roo_IntegrationTest.ajc$interMethod$freedays_app_FDUserIntegrationTest_Roo_IntegrationTest$freedays_app_FDUserIntegrationTest$testRemove(FDUserIntegrationTest_Roo_IntegrationTest.aj:105)
	at freedays.app.FDUserIntegrationTest.testRemove(FDUserIntegrationTest.java:1)
	at sun.reflect.NativeMethodAccessorImpl.invoke0(Native Method)
	at sun.reflect.NativeMethodAccessorImpl.invoke(NativeMethodAccessorImpl.java:39)
	at sun.reflect.DelegatingMethodAccessorImpl.invoke(DelegatingMethodAccessorImpl.java:25)
	at java.lang.reflect.Method.invoke(Method.java:597)
	at org.junit.runners.model.FrameworkMethod$1.runReflectiveCall(FrameworkMethod.java:44)
	at org.junit.internal.runners.model.ReflectiveCallable.run(ReflectiveCallable.java:15)
	at org.junit.runners.model.FrameworkMethod.invokeExplosively(FrameworkMethod.java:41)
	at org.junit.internal.runners.statements.InvokeMethod.evaluate(InvokeMethod.java:20)
	at org.springframework.test.context.junit4.statements.RunBeforeTestMethodCallbacks.evaluate(RunBeforeTestMethodCallbacks.java:74)
	at org.springframework.test.context.junit4.statements.RunAfterTestMethodCallbacks.evaluate(RunAfterTestMethodCallbacks.java:82)
	at org.springframework.test.context.junit4.statements.SpringRepeat.evaluate(SpringRepeat.java:72)
	at org.springframework.test.context.junit4.SpringJUnit4ClassRunner.runChild(SpringJUnit4ClassRunner.java:240)
	at org.junit.runners.BlockJUnit4ClassRunner.runChild(BlockJUnit4ClassRunner.java:49)
	at org.junit.runners.ParentRunner$3.run(ParentRunner.java:193)
	at org.junit.runners.ParentRunner$1.schedule(ParentRunner.java:52)
	at org.junit.runners.ParentRunner.runChildren(ParentRunner.java:191)
	at org.junit.runners.ParentRunner.access$000(ParentRunner.java:42)
	at org.junit.runners.ParentRunner$2.evaluate(ParentRunner.java:184)
	at org.springframework.test.context.junit4.statements.RunBeforeTestClassCallbacks.evaluate(RunBeforeTestClassCallbacks.java:61)
	at org.springframework.test.context.junit4.statements.RunAfterTestClassCallbacks.evaluate(RunAfterTestClassCallbacks.java:70)
	at org.junit.runners.ParentRunner.run(ParentRunner.java:236)
	at org.springframework.test.context.junit4.SpringJUnit4ClassRunner.run(SpringJUnit4ClassRunner.java:180)
	at org.apache.maven.surefire.junit4.JUnit4TestSet.execute(JUnit4TestSet.java:35)
	at org.apache.maven.surefire.junit4.JUnit4Provider.executeTestSet(JUnit4Provider.java:115)
	at org.apache.maven.surefire.junit4.JUnit4Provider.invoke(JUnit4Provider.java:97)
	at sun.reflect.NativeMethodAccessorImpl.invoke0(Native Method)
	at sun.reflect.NativeMethodAccessorImpl.invoke(NativeMethodAccessorImpl.java:39)
	at sun.reflect.DelegatingMethodAccessorImpl.invoke(DelegatingMethodAccessorImpl.java:25)
	at java.lang.reflect.Method.invoke(Method.java:597)
	at org.apache.maven.surefire.booter.ProviderFactory$ClassLoaderProxy.invoke(ProviderFactory.java:103)
	at $Proxy0.invoke(Unknown Source)
	at org.apache.maven.surefire.booter.SurefireStarter.invokeProvider(SurefireStarter.java:150)
	at org.apache.maven.surefire.booter.SurefireStarter.runSuitesInProcess(SurefireStarter.java:91)
	at org.apache.maven.surefire.booter.ForkedBooter.main(ForkedBooter.java:69)
Caused by: javax.persistence.PersistenceException: org.hibernate.exception.ConstraintViolationException: could not insert: [freedays.domain.RegularUser]
	at org.hibernate.ejb.AbstractEntityManagerImpl.convert(AbstractEntityManagerImpl.java:1214)
	at org.hibernate.ejb.AbstractEntityManagerImpl.convert(AbstractEntityManagerImpl.java:1147)
	at org.hibernate.ejb.AbstractEntityManagerImpl.convert(AbstractEntityManagerImpl.java:1153)
	at org.hibernate.ejb.AbstractEntityManagerImpl.persist(AbstractEntityManagerImpl.java:678)
	at sun.reflect.GeneratedMethodAccessor10.invoke(Unknown Source)
	at sun.reflect.DelegatingMethodAccessorImpl.invoke(DelegatingMethodAccessorImpl.java:25)
	at java.lang.reflect.Method.invoke(Method.java:597)
	at org.springframework.orm.jpa.SharedEntityManagerCreator$SharedEntityManagerInvocationHandler.invoke(SharedEntityManagerCreator.java:240)
	at $Proxy41.persist(Unknown Source)
	... 57 more
Caused by: org.hibernate.exception.ConstraintViolationException: could not insert: [freedays.domain.RegularUser]
	at org.hibernate.exception.SQLStateConverter.convert(SQLStateConverter.java:96)
	at org.hibernate.exception.JDBCExceptionHelper.convert(JDBCExceptionHelper.java:66)
	at org.hibernate.id.insert.AbstractReturningDelegate.performInsert(AbstractReturningDelegate.java:64)
	at org.hibernate.persister.entity.AbstractEntityPersister.insert(AbstractEntityPersister.java:2345)
	at org.hibernate.persister.entity.AbstractEntityPersister.insert(AbstractEntityPersister.java:2852)
	at org.hibernate.action.EntityIdentityInsertAction.execute(EntityIdentityInsertAction.java:71)
	at org.hibernate.engine.ActionQueue.execute(ActionQueue.java:273)
	at org.hibernate.event.def.AbstractSaveEventListener.performSaveOrReplicate(AbstractSaveEventListener.java:320)
	at org.hibernate.event.def.AbstractSaveEventListener.performSave(AbstractSaveEventListener.java:203)
	at org.hibernate.event.def.AbstractSaveEventListener.saveWithGeneratedId(AbstractSaveEventListener.java:129)
	at org.hibernate.ejb.event.EJB3PersistEventListener.saveWithGeneratedId(EJB3PersistEventListener.java:69)
	at org.hibernate.event.def.DefaultPersistEventListener.entityIsTransient(DefaultPersistEventListener.java:179)
	at org.hibernate.event.def.DefaultPersistEventListener.onPersist(DefaultPersistEventListener.java:135)
	at org.hibernate.event.def.DefaultPersistEventListener.onPersist(DefaultPersistEventListener.java:61)
	at org.hibernate.impl.SessionImpl.firePersist(SessionImpl.java:808)
	at org.hibernate.impl.SessionImpl.persist(SessionImpl.java:782)
	at org.hibernate.impl.SessionImpl.persist(SessionImpl.java:786)
	at org.hibernate.ejb.AbstractEntityManagerImpl.persist(AbstractEntityManagerImpl.java:672)
	... 62 more
Caused by: com.mysql.jdbc.exceptions.jdbc4.MySQLIntegrityConstraintViolationException: Column &apos;usermodify&apos; cannot be null
	at sun.reflect.NativeConstructorAccessorImpl.newInstance0(Native Method)
	at sun.reflect.NativeConstructorAccessorImpl.newInstance(NativeConstructorAccessorImpl.java:39)
	at sun.reflect.DelegatingConstructorAccessorImpl.newInstance(DelegatingConstructorAccessorImpl.java:27)
	at java.lang.reflect.Constructor.newInstance(Constructor.java:513)
	at com.mysql.jdbc.Util.handleNewInstance(Util.java:411)
	at com.mysql.jdbc.Util.getInstance(Util.java:386)
	at com.mysql.jdbc.SQLError.createSQLException(SQLError.java:1039)
	at com.mysql.jdbc.MysqlIO.checkErrorPacket(MysqlIO.java:3597)
	at com.mysql.jdbc.MysqlIO.checkErrorPacket(MysqlIO.java:3529)
	at com.mysql.jdbc.MysqlIO.sendCommand(MysqlIO.java:1990)
	at com.mysql.jdbc.MysqlIO.sqlQueryDirect(MysqlIO.java:2151)
	at com.mysql.jdbc.ConnectionImpl.execSQL(ConnectionImpl.java:2625)
	at com.mysql.jdbc.PreparedStatement.executeInternal(PreparedStatement.java:2119)
	at com.mysql.jdbc.PreparedStatement.executeUpdate(PreparedStatement.java:2415)
	at com.mysql.jdbc.PreparedStatement.executeUpdate(PreparedStatement.java:2333)
	at com.mysql.jdbc.PreparedStatement.executeUpdate(PreparedStatement.java:2318)
	at org.apache.commons.dbcp.DelegatingPreparedStatement.executeUpdate(DelegatingPreparedStatement.java:105)
	at org.apache.commons.dbcp.DelegatingPreparedStatement.executeUpdate(DelegatingPreparedStatement.java:105)
	at org.hibernate.id.IdentityGenerator$GetGeneratedKeysDelegate.executeAndExtract(IdentityGenerator.java:94)
	at org.hibernate.id.insert.AbstractReturningDelegate.performInsert(AbstractReturningDelegate.java:57)
	... 77 more
</error>
    <system-out>2011-07-13 10:47:57,081 [main] DEBUG org.springframework.test.annotation.ProfileValueUtils - Retrieved @ProfileValueSourceConfiguration [null] for test class [freedays.app.FDUserIntegrationTest]
2011-07-13 10:47:57,081 [main] DEBUG org.springframework.test.annotation.ProfileValueUtils - Retrieved ProfileValueSource type [class org.springframework.test.annotation.SystemProfileValueSource] for class [freedays.app.FDUserIntegrationTest]
2011-07-13 10:47:57,082 [main] DEBUG org.springframework.beans.factory.annotation.InjectionMetadata - Processing injected method of bean &apos;freedays.app.FDUserIntegrationTest&apos;: AutowiredFieldElement for private freedays.app.FDUserDataOnDemand freedays.app.FDUserIntegrationTest.dod
2011-07-13 10:47:57,082 [main] DEBUG org.springframework.beans.factory.support.DefaultListableBeanFactory - Returning cached instance of singleton bean &apos;FDUserDataOnDemand&apos;
2011-07-13 10:47:57,082 [main] DEBUG org.springframework.test.context.support.DependencyInjectionTestExecutionListener - Performing dependency injection for test context [[TestContext@461d318f testClass = FDUserIntegrationTest, locations = array&lt;String&gt;[&apos;classpath:/META-INF/spring/applicationContext.xml&apos;], testInstance = freedays.app.FDUserIntegrationTest@e75be38, testMethod = [null], testException = [null]]].
2011-07-13 10:47:57,082 [main] DEBUG org.springframework.beans.factory.annotation.InjectionMetadata - Processing injected method of bean &apos;freedays.app.FDUserIntegrationTest&apos;: AutowiredFieldElement for private freedays.app.FDUserDataOnDemand freedays.app.FDUserIntegrationTest.dod
2011-07-13 10:47:57,082 [main] DEBUG org.springframework.beans.factory.support.DefaultListableBeanFactory - Returning cached instance of singleton bean &apos;FDUserDataOnDemand&apos;
2011-07-13 10:47:57,082 [main] DEBUG org.springframework.transaction.annotation.AnnotationTransactionAttributeSource - Adding transactional method &apos;testRemove&apos; with attribute: PROPAGATION_REQUIRED,ISOLATION_DEFAULT; &apos;&apos;
2011-07-13 10:47:57,082 [main] DEBUG org.springframework.test.context.transaction.TransactionalTestExecutionListener - Explicit transaction definition [PROPAGATION_REQUIRED,ISOLATION_DEFAULT; &apos;&apos;] found for test context [[TestContext@461d318f testClass = FDUserIntegrationTest, locations = array&lt;String&gt;[&apos;classpath:/META-INF/spring/applicationContext.xml&apos;], testInstance = freedays.app.FDUserIntegrationTest@e75be38, testMethod = testRemove@FDUserIntegrationTest, testException = [null]]]
2011-07-13 10:47:57,082 [main] DEBUG org.springframework.beans.factory.support.DefaultListableBeanFactory - Returning cached instance of singleton bean &apos;transactionManager&apos;
2011-07-13 10:47:57,083 [main] DEBUG org.springframework.orm.jpa.JpaTransactionManager - Creating new transaction with name [testRemove]: PROPAGATION_REQUIRED,ISOLATION_DEFAULT; &apos;&apos;
2011-07-13 10:47:57,083 [main] DEBUG org.hibernate.impl.SessionImpl - opened session at timestamp: 13105432770
2011-07-13 10:47:57,083 [main] DEBUG org.springframework.orm.jpa.JpaTransactionManager - Opened new EntityManager [org.hibernate.ejb.EntityManagerImpl@4ea7ae01] for JPA transaction
2011-07-13 10:47:57,083 [main] DEBUG org.hibernate.transaction.JDBCTransaction - begin
2011-07-13 10:47:57,083 [main] DEBUG org.hibernate.jdbc.ConnectionManager - opening JDBC connection
2011-07-13 10:47:57,083 [main] DEBUG org.hibernate.transaction.JDBCTransaction - current autocommit status: true
2011-07-13 10:47:57,083 [main] DEBUG org.hibernate.transaction.JDBCTransaction - disabling autocommit
2011-07-13 10:47:57,084 [main] DEBUG org.springframework.orm.jpa.JpaTransactionManager - Not exposing JPA transaction [org.hibernate.ejb.EntityManagerImpl@4ea7ae01] as JDBC transaction because JpaDialect [org.springframework.orm.jpa.DefaultJpaDialect@962e703] does not support JDBC Connection retrieval
2011-07-13 10:47:57,084 [main] DEBUG org.springframework.test.context.transaction.TransactionalTestExecutionListener - No method-level @Rollback override: using default rollback [true] for test context [[TestContext@461d318f testClass = FDUserIntegrationTest, locations = array&lt;String&gt;[&apos;classpath:/META-INF/spring/applicationContext.xml&apos;], testInstance = freedays.app.FDUserIntegrationTest@e75be38, testMethod = testRemove@FDUserIntegrationTest, testException = [null]]]
2011-07-13 10:47:57,084 [main] INFO  org.springframework.test.context.transaction.TransactionalTestExecutionListener - Began transaction (5): transaction manager [org.springframework.orm.jpa.JpaTransactionManager@c303a60]; rollback [true]
2011-07-13 10:47:57,084 [main] DEBUG org.springframework.transaction.annotation.AnnotationTransactionAttributeSource - Adding transactional method &apos;testRemove&apos; with attribute: PROPAGATION_REQUIRED,ISOLATION_DEFAULT; &apos;&apos;
2011-07-13 10:47:57,084 [main] DEBUG org.springframework.beans.factory.support.DefaultListableBeanFactory - Returning cached instance of singleton bean &apos;transactionManager&apos;
2011-07-13 10:47:57,085 [main] DEBUG org.springframework.orm.jpa.JpaTransactionManager - Found thread-bound EntityManager [org.hibernate.ejb.EntityManagerImpl@4ea7ae01] for JPA transaction
2011-07-13 10:47:57,085 [main] DEBUG org.springframework.orm.jpa.JpaTransactionManager - Participating in existing transaction
2011-07-13 10:47:57,085 [main] DEBUG org.springframework.beans.factory.annotation.InjectionMetadata - Processing injected method of bean &apos;freedays.domain.ApplicationRegularUser$ApplicationRegularUser_Roo_Entity$1&apos;: PersistenceElement for transient javax.persistence.EntityManager freedays.domain.ApplicationRegularUser.entityManager
2011-07-13 10:47:57,085 [main] DEBUG org.springframework.beans.factory.support.DefaultListableBeanFactory - Returning cached instance of singleton bean &apos;entityManagerFactory&apos;
2011-07-13 10:47:57,085 [main] DEBUG org.hibernate.jdbc.AbstractBatcher - about to open PreparedStatement (open PreparedStatements: 0, globally: 0)
2011-07-13 10:47:57,085 [main] DEBUG org.hibernate.SQL - select fduser0_.id as id0_, fduser0_.granter as granter0_, fduser0_.regular_user as regular4_0_, fduser0_.version as version0_, fduser0_.hire_date as hire1_1_, fduser0_.init_days as init2_1_, fduser0_.max_free_days as max3_1_ from fduser fduser0_ limit ?
2011-07-13 10:47:57,087 [main] DEBUG org.hibernate.jdbc.AbstractBatcher - about to open ResultSet (open ResultSets: 0, globally: 0)
2011-07-13 10:47:57,087 [main] DEBUG org.hibernate.jdbc.AbstractBatcher - about to close ResultSet (open ResultSets: 1, globally: 1)
2011-07-13 10:47:57,087 [main] DEBUG org.hibernate.jdbc.AbstractBatcher - about to close PreparedStatement (open PreparedStatements: 1, globally: 1)
2011-07-13 10:47:57,087 [main] DEBUG org.hibernate.engine.StatefulPersistenceContext - initializing non-lazy collections
2011-07-13 10:47:57,087 [main] DEBUG org.springframework.beans.factory.annotation.InjectionMetadata - Processing injected method of bean &apos;freedays.app.FDUser&apos;: PersistenceElement for transient javax.persistence.EntityManager freedays.domain.ApplicationRegularUser.entityManager
2011-07-13 10:47:57,087 [main] DEBUG org.springframework.beans.factory.support.DefaultListableBeanFactory - Returning cached instance of singleton bean &apos;entityManagerFactory&apos;
2011-07-13 10:47:57,087 [main] DEBUG org.springframework.beans.factory.annotation.InjectionMetadata - Processing injected method of bean &apos;freedays.domain.RegularUser&apos;: PersistenceElement for transient javax.persistence.EntityManager freedays.domain.RegularUser.entityManager
2011-07-13 10:47:57,087 [main] DEBUG org.springframework.beans.factory.support.DefaultListableBeanFactory - Returning cached instance of singleton bean &apos;entityManagerFactory&apos;
2011-07-13 10:47:57,087 [main] DEBUG org.hibernate.jdbc.AbstractBatcher - about to open PreparedStatement (open PreparedStatements: 0, globally: 0)
2011-07-13 10:47:57,087 [main] DEBUG org.hibernate.SQL - select regularuse0_.id as id3_, regularuse0_.activ as activ3_, regularuse0_.creationdate as creation3_3_, regularuse0_.deleted as deleted3_, regularuse0_.email as email3_, regularuse0_.firstname as firstname3_, regularuse0_.lastmodified as lastmodi7_3_, regularuse0_.password as password3_, regularuse0_.surename as surename3_, regularuse0_.usermodify as usermodify3_, regularuse0_.username as username3_, regularuse0_.version as version3_ from regular_user regularuse0_ limit ?
2011-07-13 10:47:57,089 [main] DEBUG org.hibernate.jdbc.AbstractBatcher - about to open ResultSet (open ResultSets: 0, globally: 0)
2011-07-13 10:47:57,089 [main] DEBUG org.hibernate.jdbc.AbstractBatcher - about to close ResultSet (open ResultSets: 1, globally: 1)
2011-07-13 10:47:57,089 [main] DEBUG org.hibernate.jdbc.AbstractBatcher - about to close PreparedStatement (open PreparedStatements: 1, globally: 1)
2011-07-13 10:47:57,089 [main] DEBUG org.hibernate.engine.StatefulPersistenceContext - initializing non-lazy collections
2011-07-13 10:47:57,089 [main] DEBUG org.springframework.beans.factory.annotation.InjectionMetadata - Processing injected method of bean &apos;freedays.domain.RegularUser&apos;: PersistenceElement for transient javax.persistence.EntityManager freedays.domain.RegularUser.entityManager
2011-07-13 10:47:57,090 [main] DEBUG org.springframework.beans.factory.support.DefaultListableBeanFactory - Returning cached instance of singleton bean &apos;entityManagerFactory&apos;
2011-07-13 10:47:57,090 [main] DEBUG org.springframework.beans.factory.support.DefaultListableBeanFactory - Returning cached instance of singleton bean &apos;transactionManager&apos;
2011-07-13 10:47:57,090 [main] DEBUG org.springframework.orm.jpa.JpaTransactionManager - Found thread-bound EntityManager [org.hibernate.ejb.EntityManagerImpl@4ea7ae01] for JPA transaction
2011-07-13 10:47:57,090 [main] DEBUG org.springframework.orm.jpa.JpaTransactionManager - Participating in existing transaction
2011-07-13 10:47:57,090 [main] DEBUG org.hibernate.event.def.AbstractSaveEventListener - executing identity-insert immediately
2011-07-13 10:47:57,090 [main] DEBUG org.hibernate.jdbc.AbstractBatcher - about to open PreparedStatement (open PreparedStatements: 0, globally: 0)
2011-07-13 10:47:57,090 [main] DEBUG org.hibernate.SQL - insert into regular_user (activ, creationdate, deleted, email, firstname, lastmodified, password, surename, usermodify, username, version) values (?, ?, ?, ?, ?, ?, ?, ?, ?, ?, ?)
2011-07-13 10:47:57,092 [main] DEBUG org.hibernate.jdbc.AbstractBatcher - about to close PreparedStatement (open PreparedStatements: 1, globally: 1)
2011-07-13 10:47:57,092 [main] DEBUG org.hibernate.util.JDBCExceptionReporter - could not insert: [freedays.domain.RegularUser] [insert into regular_user (activ, creationdate, deleted, email, firstname, lastmodified, password, surename, usermodify, username, version) values (?, ?, ?, ?, ?, ?, ?, ?, ?, ?, ?)]
com.mysql.jdbc.exceptions.jdbc4.MySQLIntegrityConstraintViolationException: Column &apos;usermodify&apos; cannot be null
	at sun.reflect.NativeConstructorAccessorImpl.newInstance0(Native Method)
	at sun.reflect.NativeConstructorAccessorImpl.newInstance(NativeConstructorAccessorImpl.java:39)
	at sun.reflect.DelegatingConstructorAccessorImpl.newInstance(DelegatingConstructorAccessorImpl.java:27)
	at java.lang.reflect.Constructor.newInstance(Constructor.java:513)
	at com.mysql.jdbc.Util.handleNewInstance(Util.java:411)
	at com.mysql.jdbc.Util.getInstance(Util.java:386)
	at com.mysql.jdbc.SQLError.createSQLException(SQLError.java:1039)
	at com.mysql.jdbc.MysqlIO.checkErrorPacket(MysqlIO.java:3597)
	at com.mysql.jdbc.MysqlIO.checkErrorPacket(MysqlIO.java:3529)
	at com.mysql.jdbc.MysqlIO.sendCommand(MysqlIO.java:1990)
	at com.mysql.jdbc.MysqlIO.sqlQueryDirect(MysqlIO.java:2151)
	at com.mysql.jdbc.ConnectionImpl.execSQL(ConnectionImpl.java:2625)
	at com.mysql.jdbc.PreparedStatement.executeInternal(PreparedStatement.java:2119)
	at com.mysql.jdbc.PreparedStatement.executeUpdate(PreparedStatement.java:2415)
	at com.mysql.jdbc.PreparedStatement.executeUpdate(PreparedStatement.java:2333)
	at com.mysql.jdbc.PreparedStatement.executeUpdate(PreparedStatement.java:2318)
	at org.apache.commons.dbcp.DelegatingPreparedStatement.executeUpdate(DelegatingPreparedStatement.java:105)
	at org.apache.commons.dbcp.DelegatingPreparedStatement.executeUpdate(DelegatingPreparedStatement.java:105)
	at org.hibernate.id.IdentityGenerator$GetGeneratedKeysDelegate.executeAndExtract(IdentityGenerator.java:94)
	at org.hibernate.id.insert.AbstractReturningDelegate.performInsert(AbstractReturningDelegate.java:57)
	at org.hibernate.persister.entity.AbstractEntityPersister.insert(AbstractEntityPersister.java:2345)
	at org.hibernate.persister.entity.AbstractEntityPersister.insert(AbstractEntityPersister.java:2852)
	at org.hibernate.action.EntityIdentityInsertAction.execute(EntityIdentityInsertAction.java:71)
	at org.hibernate.engine.ActionQueue.execute(ActionQueue.java:273)
	at org.hibernate.event.def.AbstractSaveEventListener.performSaveOrReplicate(AbstractSaveEventListener.java:320)
	at org.hibernate.event.def.AbstractSaveEventListener.performSave(AbstractSaveEventListener.java:203)
	at org.hibernate.event.def.AbstractSaveEventListener.saveWithGeneratedId(AbstractSaveEventListener.java:129)
	at org.hibernate.ejb.event.EJB3PersistEventListener.saveWithGeneratedId(EJB3PersistEventListener.java:69)
	at org.hibernate.event.def.DefaultPersistEventListener.entityIsTransient(DefaultPersistEventListener.java:179)
	at org.hibernate.event.def.DefaultPersistEventListener.onPersist(DefaultPersistEventListener.java:135)
	at org.hibernate.event.def.DefaultPersistEventListener.onPersist(DefaultPersistEventListener.java:61)
	at org.hibernate.impl.SessionImpl.firePersist(SessionImpl.java:808)
	at org.hibernate.impl.SessionImpl.persist(SessionImpl.java:782)
	at org.hibernate.impl.SessionImpl.persist(SessionImpl.java:786)
	at org.hibernate.ejb.AbstractEntityManagerImpl.persist(AbstractEntityManagerImpl.java:672)
	at sun.reflect.GeneratedMethodAccessor10.invoke(Unknown Source)
	at sun.reflect.DelegatingMethodAccessorImpl.invoke(DelegatingMethodAccessorImpl.java:25)
	at java.lang.reflect.Method.invoke(Method.java:597)
	at org.springframework.orm.jpa.SharedEntityManagerCreator$SharedEntityManagerInvocationHandler.invoke(SharedEntityManagerCreator.java:240)
	at $Proxy41.persist(Unknown Source)
	at freedays.domain.RegularUser_Roo_Entity.ajc$interMethod$freedays_domain_RegularUser_Roo_Entity$freedays_domain_RegularUser$persist(RegularUser_Roo_Entity.aj:55)
	at freedays.domain.RegularUser.persist(RegularUser.java:1)
	at freedays.domain.RegularUser_Roo_Entity.ajc$interMethodDispatch1$freedays_domain_RegularUser_Roo_Entity$freedays_domain_RegularUser$persist(RegularUser_Roo_Entity.aj)
	at freedays.domain.RegularUserDataOnDemand_Roo_DataOnDemand.ajc$interMethod$freedays_domain_RegularUserDataOnDemand_Roo_DataOnDemand$freedays_domain_RegularUserDataOnDemand$init(RegularUserDataOnDemand_Roo_DataOnDemand.aj:112)
	at freedays.domain.RegularUserDataOnDemand.init(RegularUserDataOnDemand.java:1)
	at freedays.domain.RegularUserDataOnDemand_Roo_DataOnDemand.ajc$interMethodDispatch1$freedays_domain_RegularUserDataOnDemand_Roo_DataOnDemand$freedays_domain_RegularUserDataOnDemand$init(RegularUserDataOnDemand_Roo_DataOnDemand.aj)
	at freedays.domain.RegularUserDataOnDemand_Roo_DataOnDemand.ajc$interMethod$freedays_domain_RegularUserDataOnDemand_Roo_DataOnDemand$freedays_domain_RegularUserDataOnDemand$getRandomRegularUser(RegularUserDataOnDemand_Roo_DataOnDemand.aj:93)
	at freedays.domain.RegularUserDataOnDemand.getRandomRegularUser(RegularUserDataOnDemand.java:1)
	at freedays.domain.RegularUserDataOnDemand_Roo_DataOnDemand.ajc$interMethodDispatch1$freedays_domain_RegularUserDataOnDemand_Roo_DataOnDemand$freedays_domain_RegularUserDataOnDemand$getRandomRegularUser(RegularUserDataOnDemand_Roo_DataOnDemand.aj)
	at freedays.app.FDUserDataOnDemand_Roo_DataOnDemand.ajc$interMethod$freedays_app_FDUserDataOnDemand_Roo_DataOnDemand$freedays_app_FDUserDataOnDemand$setRegularUser(FDUserDataOnDemand_Roo_DataOnDemand.aj:39)
	at freedays.app.FDUserDataOnDemand.setRegularUser(FDUserDataOnDemand.java:1)
	at freedays.app.FDUserDataOnDemand_Roo_DataOnDemand.ajc$interMethodDispatch1$freedays_app_FDUserDataOnDemand_Roo_DataOnDemand$freedays_app_FDUserDataOnDemand$setRegularUser(FDUserDataOnDemand_Roo_DataOnDemand.aj)
	at freedays.app.FDUserDataOnDemand_Roo_DataOnDemand.ajc$interMethod$freedays_app_FDUserDataOnDemand_Roo_DataOnDemand$freedays_app_FDUserDataOnDemand$getNewTransientFDUser(FDUserDataOnDemand_Roo_DataOnDemand.aj:30)
	at freedays.app.FDUserDataOnDemand.getNewTransientFDUser(FDUserDataOnDemand.java:1)
	at freedays.app.FDUserDataOnDemand_Roo_DataOnDemand.ajc$interMethodDispatch1$freedays_app_FDUserDataOnDemand_Roo_DataOnDemand$freedays_app_FDUserDataOnDemand$getNewTransientFDUser(FDUserDataOnDemand_Roo_DataOnDemand.aj)
	at freedays.app.FDUserDataOnDemand_Roo_DataOnDemand.ajc$interMethod$freedays_app_FDUserDataOnDemand_Roo_DataOnDemand$freedays_app_FDUserDataOnDemand$init(FDUserDataOnDemand_Roo_DataOnDemand.aj:96)
	at freedays.app.FDUserDataOnDemand.init(FDUserDataOnDemand.java:1)
	at freedays.app.FDUserDataOnDemand_Roo_DataOnDemand.ajc$interMethodDispatch1$freedays_app_FDUserDataOnDemand_Roo_DataOnDemand$freedays_app_FDUserDataOnDemand$init(FDUserDataOnDemand_Roo_DataOnDemand.aj)
	at freedays.app.FDUserDataOnDemand_Roo_DataOnDemand.ajc$interMethod$freedays_app_FDUserDataOnDemand_Roo_DataOnDemand$freedays_app_FDUserDataOnDemand$getRandomFDUser(FDUserDataOnDemand_Roo_DataOnDemand.aj:78)
	at freedays.app.FDUserDataOnDemand.getRandomFDUser(FDUserDataOnDemand.java:1)
	at freedays.app.FDUserDataOnDemand_Roo_DataOnDemand.ajc$interMethodDispatch1$freedays_app_FDUserDataOnDemand_Roo_DataOnDemand$freedays_app_FDUserDataOnDemand$getRandomFDUser(FDUserDataOnDemand_Roo_DataOnDemand.aj)
	at freedays.app.FDUserIntegrationTest_Roo_IntegrationTest.ajc$interMethod$freedays_app_FDUserIntegrationTest_Roo_IntegrationTest$freedays_app_FDUserIntegrationTest$testRemove(FDUserIntegrationTest_Roo_IntegrationTest.aj:105)
	at freedays.app.FDUserIntegrationTest.testRemove(FDUserIntegrationTest.java:1)
	at sun.reflect.NativeMethodAccessorImpl.invoke0(Native Method)
	at sun.reflect.NativeMethodAccessorImpl.invoke(NativeMethodAccessorImpl.java:39)
	at sun.reflect.DelegatingMethodAccessorImpl.invoke(DelegatingMethodAccessorImpl.java:25)
	at java.lang.reflect.Method.invoke(Method.java:597)
	at org.junit.runners.model.FrameworkMethod$1.runReflectiveCall(FrameworkMethod.java:44)
	at org.junit.internal.runners.model.ReflectiveCallable.run(ReflectiveCallable.java:15)
	at org.junit.runners.model.FrameworkMethod.invokeExplosively(FrameworkMethod.java:41)
	at org.junit.internal.runners.statements.InvokeMethod.evaluate(InvokeMethod.java:20)
	at org.springframework.test.context.junit4.statements.RunBeforeTestMethodCallbacks.evaluate(RunBeforeTestMethodCallbacks.java:74)
	at org.springframework.test.context.junit4.statements.RunAfterTestMethodCallbacks.evaluate(RunAfterTestMethodCallbacks.java:82)
	at org.springframework.test.context.junit4.statements.SpringRepeat.evaluate(SpringRepeat.java:72)
	at org.springframework.test.context.junit4.SpringJUnit4ClassRunner.runChild(SpringJUnit4ClassRunner.java:240)
	at org.junit.runners.BlockJUnit4ClassRunner.runChild(BlockJUnit4ClassRunner.java:49)
	at org.junit.runners.ParentRunner$3.run(ParentRunner.java:193)
	at org.junit.runners.ParentRunner$1.schedule(ParentRunner.java:52)
	at org.junit.runners.ParentRunner.runChildren(ParentRunner.java:191)
	at org.junit.runners.ParentRunner.access$000(ParentRunner.java:42)
	at org.junit.runners.ParentRunner$2.evaluate(ParentRunner.java:184)
	at org.springframework.test.context.junit4.statements.RunBeforeTestClassCallbacks.evaluate(RunBeforeTestClassCallbacks.java:61)
	at org.springframework.test.context.junit4.statements.RunAfterTestClassCallbacks.evaluate(RunAfterTestClassCallbacks.java:70)
	at org.junit.runners.ParentRunner.run(ParentRunner.java:236)
	at org.springframework.test.context.junit4.SpringJUnit4ClassRunner.run(SpringJUnit4ClassRunner.java:180)
	at org.apache.maven.surefire.junit4.JUnit4TestSet.execute(JUnit4TestSet.java:35)
	at org.apache.maven.surefire.junit4.JUnit4Provider.executeTestSet(JUnit4Provider.java:115)
	at org.apache.maven.surefire.junit4.JUnit4Provider.invoke(JUnit4Provider.java:97)
	at sun.reflect.NativeMethodAccessorImpl.invoke0(Native Method)
	at sun.reflect.NativeMethodAccessorImpl.invoke(NativeMethodAccessorImpl.java:39)
	at sun.reflect.DelegatingMethodAccessorImpl.invoke(DelegatingMethodAccessorImpl.java:25)
	at java.lang.reflect.Method.invoke(Method.java:597)
	at org.apache.maven.surefire.booter.ProviderFactory$ClassLoaderProxy.invoke(ProviderFactory.java:103)
	at $Proxy0.invoke(Unknown Source)
	at org.apache.maven.surefire.booter.SurefireStarter.invokeProvider(SurefireStarter.java:150)
	at org.apache.maven.surefire.booter.SurefireStarter.runSuitesInProcess(SurefireStarter.java:91)
	at org.apache.maven.surefire.booter.ForkedBooter.main(ForkedBooter.java:69)
2011-07-13 10:47:57,093 [main] WARN  org.hibernate.util.JDBCExceptionReporter - SQL Error: 1048, SQLState: 23000
2011-07-13 10:47:57,093 [main] ERROR org.hibernate.util.JDBCExceptionReporter - Column &apos;usermodify&apos; cannot be null
2011-07-13 10:47:57,093 [main] DEBUG org.hibernate.ejb.AbstractEntityManagerImpl - mark transaction for rollback
2011-07-13 10:47:57,093 [main] DEBUG org.springframework.orm.jpa.JpaTransactionManager - Participating transaction failed - marking existing transaction as rollback-only
2011-07-13 10:47:57,093 [main] DEBUG org.springframework.orm.jpa.JpaTransactionManager - Setting JPA transaction on EntityManager [org.hibernate.ejb.EntityManagerImpl@4ea7ae01] rollback-only
2011-07-13 10:47:57,093 [main] DEBUG org.springframework.orm.jpa.JpaTransactionManager - Participating transaction failed - marking existing transaction as rollback-only
2011-07-13 10:47:57,093 [main] DEBUG org.springframework.orm.jpa.JpaTransactionManager - Setting JPA transaction on EntityManager [org.hibernate.ejb.EntityManagerImpl@4ea7ae01] rollback-only
2011-07-13 10:47:57,093 [main] DEBUG org.springframework.test.context.transaction.TransactionalTestExecutionListener - No method-level @Rollback override: using default rollback [true] for test context [[TestContext@461d318f testClass = FDUserIntegrationTest, locations = array&lt;String&gt;[&apos;classpath:/META-INF/spring/applicationContext.xml&apos;], testInstance = freedays.app.FDUserIntegrationTest@e75be38, testMethod = testRemove@FDUserIntegrationTest, testException = org.springframework.orm.jpa.JpaSystemException: org.hibernate.exception.ConstraintViolationException: could not insert: [freedays.domain.RegularUser]; nested exception is javax.persistence.PersistenceException: org.hibernate.exception.ConstraintViolationException: could not insert: [freedays.domain.RegularUser]]]
2011-07-13 10:47:57,093 [main] DEBUG org.springframework.orm.jpa.JpaTransactionManager - Initiating transaction rollback
2011-07-13 10:47:57,093 [main] DEBUG org.springframework.orm.jpa.JpaTransactionManager - Rolling back JPA transaction on EntityManager [org.hibernate.ejb.EntityManagerImpl@4ea7ae01]
2011-07-13 10:47:57,093 [main] DEBUG org.hibernate.transaction.JDBCTransaction - rollback
2011-07-13 10:47:57,094 [main] DEBUG org.hibernate.transaction.JDBCTransaction - re-enabling autocommit
2011-07-13 10:47:57,095 [main] DEBUG org.hibernate.transaction.JDBCTransaction - rolled back JDBC Connection
2011-07-13 10:47:57,095 [main] DEBUG org.hibernate.jdbc.ConnectionManager - aggressively releasing JDBC connection
2011-07-13 10:47:57,095 [main] DEBUG org.hibernate.jdbc.ConnectionManager - releasing JDBC connection [ (open PreparedStatements: 0, globally: 0) (open ResultSets: 0, globally: 0)]
2011-07-13 10:47:57,095 [main] DEBUG org.springframework.orm.jpa.JpaTransactionManager - Closing JPA EntityManager [org.hibernate.ejb.EntityManagerImpl@4ea7ae01] after transaction
2011-07-13 10:47:57,095 [main] DEBUG org.springframework.orm.jpa.EntityManagerFactoryUtils - Closing JPA EntityManager
2011-07-13 10:47:57,095 [main] INFO  org.springframework.test.context.transaction.TransactionalTestExecutionListener - Rolled back transaction after test execution for test context [[TestContext@461d318f testClass = FDUserIntegrationTest, locations = array&lt;String&gt;[&apos;classpath:/META-INF/spring/applicationContext.xml&apos;], testInstance = freedays.app.FDUserIntegrationTest@e75be38, testMethod = testRemove@FDUserIntegrationTest, testException = org.springframework.orm.jpa.JpaSystemException: org.hibernate.exception.ConstraintViolationException: could not insert: [freedays.domain.RegularUser]; nested exception is javax.persistence.PersistenceException: org.hibernate.exception.ConstraintViolationException: could not insert: [freedays.domain.RegularUser]]]
2011-07-13 10:47:57,095 [main] DEBUG org.springframework.test.context.support.DirtiesContextTestExecutionListener - After test method: context [[TestContext@461d318f testClass = FDUserIntegrationTest, locations = array&lt;String&gt;[&apos;classpath:/META-INF/spring/applicationContext.xml&apos;], testInstance = freedays.app.FDUserIntegrationTest@e75be38, testMethod = testRemove@FDUserIntegrationTest, testException = org.springframework.orm.jpa.JpaSystemException: org.hibernate.exception.ConstraintViolationException: could not insert: [freedays.domain.RegularUser]; nested exception is javax.persistence.PersistenceException: org.hibernate.exception.ConstraintViolationException: could not insert: [freedays.domain.RegularUser]]], class dirties context [false], class mode [null], method dirties context [false].
</system-out>
  </testcase>
  <testcase time="0.015" classname="freedays.app.FDUserIntegrationTest" name="testCountFDUsers">
    <error message="org.hibernate.exception.ConstraintViolationException: could not insert: [freedays.domain.RegularUser]; nested exception is javax.persistence.PersistenceException: org.hibernate.exception.ConstraintViolationException: could not insert: [freedays.domain.RegularUser]" type="org.springframework.orm.jpa.JpaSystemException">org.springframework.orm.jpa.JpaSystemException: org.hibernate.exception.ConstraintViolationException: could not insert: [freedays.domain.RegularUser]; nested exception is javax.persistence.PersistenceException: org.hibernate.exception.ConstraintViolationException: could not insert: [freedays.domain.RegularUser]
	at org.springframework.orm.jpa.EntityManagerFactoryUtils.convertJpaAccessExceptionIfPossible(EntityManagerFactoryUtils.java:311)
	at org.springframework.orm.jpa.aspectj.JpaExceptionTranslatorAspect.ajc$afterThrowing$org_springframework_orm_jpa_aspectj_JpaExceptionTranslatorAspect$1$18a1ac9(JpaExceptionTranslatorAspect.aj:15)
	at freedays.domain.RegularUser_Roo_Entity.ajc$interMethod$freedays_domain_RegularUser_Roo_Entity$freedays_domain_RegularUser$persist(RegularUser_Roo_Entity.aj:55)
	at freedays.domain.RegularUser.persist(RegularUser.java:1)
	at freedays.domain.RegularUser_Roo_Entity.ajc$interMethodDispatch1$freedays_domain_RegularUser_Roo_Entity$freedays_domain_RegularUser$persist(RegularUser_Roo_Entity.aj)
	at freedays.domain.RegularUserDataOnDemand_Roo_DataOnDemand.ajc$interMethod$freedays_domain_RegularUserDataOnDemand_Roo_DataOnDemand$freedays_domain_RegularUserDataOnDemand$init(RegularUserDataOnDemand_Roo_DataOnDemand.aj:112)
	at freedays.domain.RegularUserDataOnDemand.init(RegularUserDataOnDemand.java:1)
	at freedays.domain.RegularUserDataOnDemand_Roo_DataOnDemand.ajc$interMethodDispatch1$freedays_domain_RegularUserDataOnDemand_Roo_DataOnDemand$freedays_domain_RegularUserDataOnDemand$init(RegularUserDataOnDemand_Roo_DataOnDemand.aj)
	at freedays.domain.RegularUserDataOnDemand_Roo_DataOnDemand.ajc$interMethod$freedays_domain_RegularUserDataOnDemand_Roo_DataOnDemand$freedays_domain_RegularUserDataOnDemand$getRandomRegularUser(RegularUserDataOnDemand_Roo_DataOnDemand.aj:93)
	at freedays.domain.RegularUserDataOnDemand.getRandomRegularUser(RegularUserDataOnDemand.java:1)
	at freedays.domain.RegularUserDataOnDemand_Roo_DataOnDemand.ajc$interMethodDispatch1$freedays_domain_RegularUserDataOnDemand_Roo_DataOnDemand$freedays_domain_RegularUserDataOnDemand$getRandomRegularUser(RegularUserDataOnDemand_Roo_DataOnDemand.aj)
	at freedays.app.FDUserDataOnDemand_Roo_DataOnDemand.ajc$interMethod$freedays_app_FDUserDataOnDemand_Roo_DataOnDemand$freedays_app_FDUserDataOnDemand$setRegularUser(FDUserDataOnDemand_Roo_DataOnDemand.aj:39)
	at freedays.app.FDUserDataOnDemand.setRegularUser(FDUserDataOnDemand.java:1)
	at freedays.app.FDUserDataOnDemand_Roo_DataOnDemand.ajc$interMethodDispatch1$freedays_app_FDUserDataOnDemand_Roo_DataOnDemand$freedays_app_FDUserDataOnDemand$setRegularUser(FDUserDataOnDemand_Roo_DataOnDemand.aj)
	at freedays.app.FDUserDataOnDemand_Roo_DataOnDemand.ajc$interMethod$freedays_app_FDUserDataOnDemand_Roo_DataOnDemand$freedays_app_FDUserDataOnDemand$getNewTransientFDUser(FDUserDataOnDemand_Roo_DataOnDemand.aj:30)
	at freedays.app.FDUserDataOnDemand.getNewTransientFDUser(FDUserDataOnDemand.java:1)
	at freedays.app.FDUserDataOnDemand_Roo_DataOnDemand.ajc$interMethodDispatch1$freedays_app_FDUserDataOnDemand_Roo_DataOnDemand$freedays_app_FDUserDataOnDemand$getNewTransientFDUser(FDUserDataOnDemand_Roo_DataOnDemand.aj)
	at freedays.app.FDUserDataOnDemand_Roo_DataOnDemand.ajc$interMethod$freedays_app_FDUserDataOnDemand_Roo_DataOnDemand$freedays_app_FDUserDataOnDemand$init(FDUserDataOnDemand_Roo_DataOnDemand.aj:96)
	at freedays.app.FDUserDataOnDemand.init(FDUserDataOnDemand.java:1)
	at freedays.app.FDUserDataOnDemand_Roo_DataOnDemand.ajc$interMethodDispatch1$freedays_app_FDUserDataOnDemand_Roo_DataOnDemand$freedays_app_FDUserDataOnDemand$init(FDUserDataOnDemand_Roo_DataOnDemand.aj)
	at freedays.app.FDUserDataOnDemand_Roo_DataOnDemand.ajc$interMethod$freedays_app_FDUserDataOnDemand_Roo_DataOnDemand$freedays_app_FDUserDataOnDemand$getRandomFDUser(FDUserDataOnDemand_Roo_DataOnDemand.aj:78)
	at freedays.app.FDUserDataOnDemand.getRandomFDUser(FDUserDataOnDemand.java:1)
	at freedays.app.FDUserDataOnDemand_Roo_DataOnDemand.ajc$interMethodDispatch1$freedays_app_FDUserDataOnDemand_Roo_DataOnDemand$freedays_app_FDUserDataOnDemand$getRandomFDUser(FDUserDataOnDemand_Roo_DataOnDemand.aj)
	at freedays.app.FDUserIntegrationTest_Roo_IntegrationTest.ajc$interMethod$freedays_app_FDUserIntegrationTest_Roo_IntegrationTest$freedays_app_FDUserIntegrationTest$testCountFDUsers(FDUserIntegrationTest_Roo_IntegrationTest.aj:27)
	at freedays.app.FDUserIntegrationTest.testCountFDUsers(FDUserIntegrationTest.java:1)
	at sun.reflect.NativeMethodAccessorImpl.invoke0(Native Method)
	at sun.reflect.NativeMethodAccessorImpl.invoke(NativeMethodAccessorImpl.java:39)
	at sun.reflect.DelegatingMethodAccessorImpl.invoke(DelegatingMethodAccessorImpl.java:25)
	at java.lang.reflect.Method.invoke(Method.java:597)
	at org.junit.runners.model.FrameworkMethod$1.runReflectiveCall(FrameworkMethod.java:44)
	at org.junit.internal.runners.model.ReflectiveCallable.run(ReflectiveCallable.java:15)
	at org.junit.runners.model.FrameworkMethod.invokeExplosively(FrameworkMethod.java:41)
	at org.junit.internal.runners.statements.InvokeMethod.evaluate(InvokeMethod.java:20)
	at org.springframework.test.context.junit4.statements.RunBeforeTestMethodCallbacks.evaluate(RunBeforeTestMethodCallbacks.java:74)
	at org.springframework.test.context.junit4.statements.RunAfterTestMethodCallbacks.evaluate(RunAfterTestMethodCallbacks.java:82)
	at org.springframework.test.context.junit4.statements.SpringRepeat.evaluate(SpringRepeat.java:72)
	at org.springframework.test.context.junit4.SpringJUnit4ClassRunner.runChild(SpringJUnit4ClassRunner.java:240)
	at org.junit.runners.BlockJUnit4ClassRunner.runChild(BlockJUnit4ClassRunner.java:49)
	at org.junit.runners.ParentRunner$3.run(ParentRunner.java:193)
	at org.junit.runners.ParentRunner$1.schedule(ParentRunner.java:52)
	at org.junit.runners.ParentRunner.runChildren(ParentRunner.java:191)
	at org.junit.runners.ParentRunner.access$000(ParentRunner.java:42)
	at org.junit.runners.ParentRunner$2.evaluate(ParentRunner.java:184)
	at org.springframework.test.context.junit4.statements.RunBeforeTestClassCallbacks.evaluate(RunBeforeTestClassCallbacks.java:61)
	at org.springframework.test.context.junit4.statements.RunAfterTestClassCallbacks.evaluate(RunAfterTestClassCallbacks.java:70)
	at org.junit.runners.ParentRunner.run(ParentRunner.java:236)
	at org.springframework.test.context.junit4.SpringJUnit4ClassRunner.run(SpringJUnit4ClassRunner.java:180)
	at org.apache.maven.surefire.junit4.JUnit4TestSet.execute(JUnit4TestSet.java:35)
	at org.apache.maven.surefire.junit4.JUnit4Provider.executeTestSet(JUnit4Provider.java:115)
	at org.apache.maven.surefire.junit4.JUnit4Provider.invoke(JUnit4Provider.java:97)
	at sun.reflect.NativeMethodAccessorImpl.invoke0(Native Method)
	at sun.reflect.NativeMethodAccessorImpl.invoke(NativeMethodAccessorImpl.java:39)
	at sun.reflect.DelegatingMethodAccessorImpl.invoke(DelegatingMethodAccessorImpl.java:25)
	at java.lang.reflect.Method.invoke(Method.java:597)
	at org.apache.maven.surefire.booter.ProviderFactory$ClassLoaderProxy.invoke(ProviderFactory.java:103)
	at $Proxy0.invoke(Unknown Source)
	at org.apache.maven.surefire.booter.SurefireStarter.invokeProvider(SurefireStarter.java:150)
	at org.apache.maven.surefire.booter.SurefireStarter.runSuitesInProcess(SurefireStarter.java:91)
	at org.apache.maven.surefire.booter.ForkedBooter.main(ForkedBooter.java:69)
Caused by: javax.persistence.PersistenceException: org.hibernate.exception.ConstraintViolationException: could not insert: [freedays.domain.RegularUser]
	at org.hibernate.ejb.AbstractEntityManagerImpl.convert(AbstractEntityManagerImpl.java:1214)
	at org.hibernate.ejb.AbstractEntityManagerImpl.convert(AbstractEntityManagerImpl.java:1147)
	at org.hibernate.ejb.AbstractEntityManagerImpl.convert(AbstractEntityManagerImpl.java:1153)
	at org.hibernate.ejb.AbstractEntityManagerImpl.persist(AbstractEntityManagerImpl.java:678)
	at sun.reflect.GeneratedMethodAccessor10.invoke(Unknown Source)
	at sun.reflect.DelegatingMethodAccessorImpl.invoke(DelegatingMethodAccessorImpl.java:25)
	at java.lang.reflect.Method.invoke(Method.java:597)
	at org.springframework.orm.jpa.SharedEntityManagerCreator$SharedEntityManagerInvocationHandler.invoke(SharedEntityManagerCreator.java:240)
	at $Proxy41.persist(Unknown Source)
	... 57 more
Caused by: org.hibernate.exception.ConstraintViolationException: could not insert: [freedays.domain.RegularUser]
	at org.hibernate.exception.SQLStateConverter.convert(SQLStateConverter.java:96)
	at org.hibernate.exception.JDBCExceptionHelper.convert(JDBCExceptionHelper.java:66)
	at org.hibernate.id.insert.AbstractReturningDelegate.performInsert(AbstractReturningDelegate.java:64)
	at org.hibernate.persister.entity.AbstractEntityPersister.insert(AbstractEntityPersister.java:2345)
	at org.hibernate.persister.entity.AbstractEntityPersister.insert(AbstractEntityPersister.java:2852)
	at org.hibernate.action.EntityIdentityInsertAction.execute(EntityIdentityInsertAction.java:71)
	at org.hibernate.engine.ActionQueue.execute(ActionQueue.java:273)
	at org.hibernate.event.def.AbstractSaveEventListener.performSaveOrReplicate(AbstractSaveEventListener.java:320)
	at org.hibernate.event.def.AbstractSaveEventListener.performSave(AbstractSaveEventListener.java:203)
	at org.hibernate.event.def.AbstractSaveEventListener.saveWithGeneratedId(AbstractSaveEventListener.java:129)
	at org.hibernate.ejb.event.EJB3PersistEventListener.saveWithGeneratedId(EJB3PersistEventListener.java:69)
	at org.hibernate.event.def.DefaultPersistEventListener.entityIsTransient(DefaultPersistEventListener.java:179)
	at org.hibernate.event.def.DefaultPersistEventListener.onPersist(DefaultPersistEventListener.java:135)
	at org.hibernate.event.def.DefaultPersistEventListener.onPersist(DefaultPersistEventListener.java:61)
	at org.hibernate.impl.SessionImpl.firePersist(SessionImpl.java:808)
	at org.hibernate.impl.SessionImpl.persist(SessionImpl.java:782)
	at org.hibernate.impl.SessionImpl.persist(SessionImpl.java:786)
	at org.hibernate.ejb.AbstractEntityManagerImpl.persist(AbstractEntityManagerImpl.java:672)
	... 62 more
Caused by: com.mysql.jdbc.exceptions.jdbc4.MySQLIntegrityConstraintViolationException: Column &apos;usermodify&apos; cannot be null
	at sun.reflect.NativeConstructorAccessorImpl.newInstance0(Native Method)
	at sun.reflect.NativeConstructorAccessorImpl.newInstance(NativeConstructorAccessorImpl.java:39)
	at sun.reflect.DelegatingConstructorAccessorImpl.newInstance(DelegatingConstructorAccessorImpl.java:27)
	at java.lang.reflect.Constructor.newInstance(Constructor.java:513)
	at com.mysql.jdbc.Util.handleNewInstance(Util.java:411)
	at com.mysql.jdbc.Util.getInstance(Util.java:386)
	at com.mysql.jdbc.SQLError.createSQLException(SQLError.java:1039)
	at com.mysql.jdbc.MysqlIO.checkErrorPacket(MysqlIO.java:3597)
	at com.mysql.jdbc.MysqlIO.checkErrorPacket(MysqlIO.java:3529)
	at com.mysql.jdbc.MysqlIO.sendCommand(MysqlIO.java:1990)
	at com.mysql.jdbc.MysqlIO.sqlQueryDirect(MysqlIO.java:2151)
	at com.mysql.jdbc.ConnectionImpl.execSQL(ConnectionImpl.java:2625)
	at com.mysql.jdbc.PreparedStatement.executeInternal(PreparedStatement.java:2119)
	at com.mysql.jdbc.PreparedStatement.executeUpdate(PreparedStatement.java:2415)
	at com.mysql.jdbc.PreparedStatement.executeUpdate(PreparedStatement.java:2333)
	at com.mysql.jdbc.PreparedStatement.executeUpdate(PreparedStatement.java:2318)
	at org.apache.commons.dbcp.DelegatingPreparedStatement.executeUpdate(DelegatingPreparedStatement.java:105)
	at org.apache.commons.dbcp.DelegatingPreparedStatement.executeUpdate(DelegatingPreparedStatement.java:105)
	at org.hibernate.id.IdentityGenerator$GetGeneratedKeysDelegate.executeAndExtract(IdentityGenerator.java:94)
	at org.hibernate.id.insert.AbstractReturningDelegate.performInsert(AbstractReturningDelegate.java:57)
	... 77 more
</error>
    <system-out>2011-07-13 10:47:57,097 [main] DEBUG org.springframework.test.annotation.ProfileValueUtils - Retrieved @ProfileValueSourceConfiguration [null] for test class [freedays.app.FDUserIntegrationTest]
2011-07-13 10:47:57,097 [main] DEBUG org.springframework.test.annotation.ProfileValueUtils - Retrieved ProfileValueSource type [class org.springframework.test.annotation.SystemProfileValueSource] for class [freedays.app.FDUserIntegrationTest]
2011-07-13 10:47:57,098 [main] DEBUG org.springframework.beans.factory.annotation.InjectionMetadata - Processing injected method of bean &apos;freedays.app.FDUserIntegrationTest&apos;: AutowiredFieldElement for private freedays.app.FDUserDataOnDemand freedays.app.FDUserIntegrationTest.dod
2011-07-13 10:47:57,098 [main] DEBUG org.springframework.beans.factory.support.DefaultListableBeanFactory - Returning cached instance of singleton bean &apos;FDUserDataOnDemand&apos;
2011-07-13 10:47:57,098 [main] DEBUG org.springframework.test.context.support.DependencyInjectionTestExecutionListener - Performing dependency injection for test context [[TestContext@461d318f testClass = FDUserIntegrationTest, locations = array&lt;String&gt;[&apos;classpath:/META-INF/spring/applicationContext.xml&apos;], testInstance = freedays.app.FDUserIntegrationTest@4fb7a553, testMethod = [null], testException = [null]]].
2011-07-13 10:47:57,098 [main] DEBUG org.springframework.beans.factory.annotation.InjectionMetadata - Processing injected method of bean &apos;freedays.app.FDUserIntegrationTest&apos;: AutowiredFieldElement for private freedays.app.FDUserDataOnDemand freedays.app.FDUserIntegrationTest.dod
2011-07-13 10:47:57,098 [main] DEBUG org.springframework.beans.factory.support.DefaultListableBeanFactory - Returning cached instance of singleton bean &apos;FDUserDataOnDemand&apos;
2011-07-13 10:47:57,098 [main] DEBUG org.springframework.transaction.annotation.AnnotationTransactionAttributeSource - Adding transactional method &apos;testCountFDUsers&apos; with attribute: PROPAGATION_REQUIRED,ISOLATION_DEFAULT; &apos;&apos;
2011-07-13 10:47:57,098 [main] DEBUG org.springframework.test.context.transaction.TransactionalTestExecutionListener - Explicit transaction definition [PROPAGATION_REQUIRED,ISOLATION_DEFAULT; &apos;&apos;] found for test context [[TestContext@461d318f testClass = FDUserIntegrationTest, locations = array&lt;String&gt;[&apos;classpath:/META-INF/spring/applicationContext.xml&apos;], testInstance = freedays.app.FDUserIntegrationTest@4fb7a553, testMethod = testCountFDUsers@FDUserIntegrationTest, testException = [null]]]
2011-07-13 10:47:57,098 [main] DEBUG org.springframework.beans.factory.support.DefaultListableBeanFactory - Returning cached instance of singleton bean &apos;transactionManager&apos;
2011-07-13 10:47:57,098 [main] DEBUG org.springframework.orm.jpa.JpaTransactionManager - Creating new transaction with name [testCountFDUsers]: PROPAGATION_REQUIRED,ISOLATION_DEFAULT; &apos;&apos;
2011-07-13 10:47:57,099 [main] DEBUG org.hibernate.impl.SessionImpl - opened session at timestamp: 13105432770
2011-07-13 10:47:57,099 [main] DEBUG org.springframework.orm.jpa.JpaTransactionManager - Opened new EntityManager [org.hibernate.ejb.EntityManagerImpl@1535d18b] for JPA transaction
2011-07-13 10:47:57,099 [main] DEBUG org.hibernate.transaction.JDBCTransaction - begin
2011-07-13 10:47:57,099 [main] DEBUG org.hibernate.jdbc.ConnectionManager - opening JDBC connection
2011-07-13 10:47:57,099 [main] DEBUG org.hibernate.transaction.JDBCTransaction - current autocommit status: true
2011-07-13 10:47:57,099 [main] DEBUG org.hibernate.transaction.JDBCTransaction - disabling autocommit
2011-07-13 10:47:57,100 [main] DEBUG org.springframework.orm.jpa.JpaTransactionManager - Not exposing JPA transaction [org.hibernate.ejb.EntityManagerImpl@1535d18b] as JDBC transaction because JpaDialect [org.springframework.orm.jpa.DefaultJpaDialect@962e703] does not support JDBC Connection retrieval
2011-07-13 10:47:57,100 [main] DEBUG org.springframework.test.context.transaction.TransactionalTestExecutionListener - No method-level @Rollback override: using default rollback [true] for test context [[TestContext@461d318f testClass = FDUserIntegrationTest, locations = array&lt;String&gt;[&apos;classpath:/META-INF/spring/applicationContext.xml&apos;], testInstance = freedays.app.FDUserIntegrationTest@4fb7a553, testMethod = testCountFDUsers@FDUserIntegrationTest, testException = [null]]]
2011-07-13 10:47:57,100 [main] INFO  org.springframework.test.context.transaction.TransactionalTestExecutionListener - Began transaction (6): transaction manager [org.springframework.orm.jpa.JpaTransactionManager@c303a60]; rollback [true]
2011-07-13 10:47:57,100 [main] DEBUG org.springframework.transaction.annotation.AnnotationTransactionAttributeSource - Adding transactional method &apos;testCountFDUsers&apos; with attribute: PROPAGATION_REQUIRED,ISOLATION_DEFAULT; &apos;&apos;
2011-07-13 10:47:57,100 [main] DEBUG org.springframework.beans.factory.support.DefaultListableBeanFactory - Returning cached instance of singleton bean &apos;transactionManager&apos;
2011-07-13 10:47:57,100 [main] DEBUG org.springframework.orm.jpa.JpaTransactionManager - Found thread-bound EntityManager [org.hibernate.ejb.EntityManagerImpl@1535d18b] for JPA transaction
2011-07-13 10:47:57,100 [main] DEBUG org.springframework.orm.jpa.JpaTransactionManager - Participating in existing transaction
2011-07-13 10:47:57,100 [main] DEBUG org.springframework.beans.factory.annotation.InjectionMetadata - Processing injected method of bean &apos;freedays.domain.ApplicationRegularUser$ApplicationRegularUser_Roo_Entity$1&apos;: PersistenceElement for transient javax.persistence.EntityManager freedays.domain.ApplicationRegularUser.entityManager
2011-07-13 10:47:57,100 [main] DEBUG org.springframework.beans.factory.support.DefaultListableBeanFactory - Returning cached instance of singleton bean &apos;entityManagerFactory&apos;
2011-07-13 10:47:57,100 [main] DEBUG org.hibernate.jdbc.AbstractBatcher - about to open PreparedStatement (open PreparedStatements: 0, globally: 0)
2011-07-13 10:47:57,101 [main] DEBUG org.hibernate.SQL - select fduser0_.id as id0_, fduser0_.granter as granter0_, fduser0_.regular_user as regular4_0_, fduser0_.version as version0_, fduser0_.hire_date as hire1_1_, fduser0_.init_days as init2_1_, fduser0_.max_free_days as max3_1_ from fduser fduser0_ limit ?
2011-07-13 10:47:57,102 [main] DEBUG org.hibernate.jdbc.AbstractBatcher - about to open ResultSet (open ResultSets: 0, globally: 0)
2011-07-13 10:47:57,102 [main] DEBUG org.hibernate.jdbc.AbstractBatcher - about to close ResultSet (open ResultSets: 1, globally: 1)
2011-07-13 10:47:57,102 [main] DEBUG org.hibernate.jdbc.AbstractBatcher - about to close PreparedStatement (open PreparedStatements: 1, globally: 1)
2011-07-13 10:47:57,102 [main] DEBUG org.hibernate.engine.StatefulPersistenceContext - initializing non-lazy collections
2011-07-13 10:47:57,102 [main] DEBUG org.springframework.beans.factory.annotation.InjectionMetadata - Processing injected method of bean &apos;freedays.app.FDUser&apos;: PersistenceElement for transient javax.persistence.EntityManager freedays.domain.ApplicationRegularUser.entityManager
2011-07-13 10:47:57,102 [main] DEBUG org.springframework.beans.factory.support.DefaultListableBeanFactory - Returning cached instance of singleton bean &apos;entityManagerFactory&apos;
2011-07-13 10:47:57,102 [main] DEBUG org.springframework.beans.factory.annotation.InjectionMetadata - Processing injected method of bean &apos;freedays.domain.RegularUser&apos;: PersistenceElement for transient javax.persistence.EntityManager freedays.domain.RegularUser.entityManager
2011-07-13 10:47:57,102 [main] DEBUG org.springframework.beans.factory.support.DefaultListableBeanFactory - Returning cached instance of singleton bean &apos;entityManagerFactory&apos;
2011-07-13 10:47:57,103 [main] DEBUG org.hibernate.jdbc.AbstractBatcher - about to open PreparedStatement (open PreparedStatements: 0, globally: 0)
2011-07-13 10:47:57,103 [main] DEBUG org.hibernate.SQL - select regularuse0_.id as id3_, regularuse0_.activ as activ3_, regularuse0_.creationdate as creation3_3_, regularuse0_.deleted as deleted3_, regularuse0_.email as email3_, regularuse0_.firstname as firstname3_, regularuse0_.lastmodified as lastmodi7_3_, regularuse0_.password as password3_, regularuse0_.surename as surename3_, regularuse0_.usermodify as usermodify3_, regularuse0_.username as username3_, regularuse0_.version as version3_ from regular_user regularuse0_ limit ?
2011-07-13 10:47:57,104 [main] DEBUG org.hibernate.jdbc.AbstractBatcher - about to open ResultSet (open ResultSets: 0, globally: 0)
2011-07-13 10:47:57,104 [main] DEBUG org.hibernate.jdbc.AbstractBatcher - about to close ResultSet (open ResultSets: 1, globally: 1)
2011-07-13 10:47:57,104 [main] DEBUG org.hibernate.jdbc.AbstractBatcher - about to close PreparedStatement (open PreparedStatements: 1, globally: 1)
2011-07-13 10:47:57,104 [main] DEBUG org.hibernate.engine.StatefulPersistenceContext - initializing non-lazy collections
2011-07-13 10:47:57,104 [main] DEBUG org.springframework.beans.factory.annotation.InjectionMetadata - Processing injected method of bean &apos;freedays.domain.RegularUser&apos;: PersistenceElement for transient javax.persistence.EntityManager freedays.domain.RegularUser.entityManager
2011-07-13 10:47:57,105 [main] DEBUG org.springframework.beans.factory.support.DefaultListableBeanFactory - Returning cached instance of singleton bean &apos;entityManagerFactory&apos;
2011-07-13 10:47:57,105 [main] DEBUG org.springframework.beans.factory.support.DefaultListableBeanFactory - Returning cached instance of singleton bean &apos;transactionManager&apos;
2011-07-13 10:47:57,105 [main] DEBUG org.springframework.orm.jpa.JpaTransactionManager - Found thread-bound EntityManager [org.hibernate.ejb.EntityManagerImpl@1535d18b] for JPA transaction
2011-07-13 10:47:57,105 [main] DEBUG org.springframework.orm.jpa.JpaTransactionManager - Participating in existing transaction
2011-07-13 10:47:57,105 [main] DEBUG org.hibernate.event.def.AbstractSaveEventListener - executing identity-insert immediately
2011-07-13 10:47:57,106 [main] DEBUG org.hibernate.jdbc.AbstractBatcher - about to open PreparedStatement (open PreparedStatements: 0, globally: 0)
2011-07-13 10:47:57,106 [main] DEBUG org.hibernate.SQL - insert into regular_user (activ, creationdate, deleted, email, firstname, lastmodified, password, surename, usermodify, username, version) values (?, ?, ?, ?, ?, ?, ?, ?, ?, ?, ?)
2011-07-13 10:47:57,107 [main] DEBUG org.hibernate.jdbc.AbstractBatcher - about to close PreparedStatement (open PreparedStatements: 1, globally: 1)
2011-07-13 10:47:57,107 [main] DEBUG org.hibernate.util.JDBCExceptionReporter - could not insert: [freedays.domain.RegularUser] [insert into regular_user (activ, creationdate, deleted, email, firstname, lastmodified, password, surename, usermodify, username, version) values (?, ?, ?, ?, ?, ?, ?, ?, ?, ?, ?)]
com.mysql.jdbc.exceptions.jdbc4.MySQLIntegrityConstraintViolationException: Column &apos;usermodify&apos; cannot be null
	at sun.reflect.NativeConstructorAccessorImpl.newInstance0(Native Method)
	at sun.reflect.NativeConstructorAccessorImpl.newInstance(NativeConstructorAccessorImpl.java:39)
	at sun.reflect.DelegatingConstructorAccessorImpl.newInstance(DelegatingConstructorAccessorImpl.java:27)
	at java.lang.reflect.Constructor.newInstance(Constructor.java:513)
	at com.mysql.jdbc.Util.handleNewInstance(Util.java:411)
	at com.mysql.jdbc.Util.getInstance(Util.java:386)
	at com.mysql.jdbc.SQLError.createSQLException(SQLError.java:1039)
	at com.mysql.jdbc.MysqlIO.checkErrorPacket(MysqlIO.java:3597)
	at com.mysql.jdbc.MysqlIO.checkErrorPacket(MysqlIO.java:3529)
	at com.mysql.jdbc.MysqlIO.sendCommand(MysqlIO.java:1990)
	at com.mysql.jdbc.MysqlIO.sqlQueryDirect(MysqlIO.java:2151)
	at com.mysql.jdbc.ConnectionImpl.execSQL(ConnectionImpl.java:2625)
	at com.mysql.jdbc.PreparedStatement.executeInternal(PreparedStatement.java:2119)
	at com.mysql.jdbc.PreparedStatement.executeUpdate(PreparedStatement.java:2415)
	at com.mysql.jdbc.PreparedStatement.executeUpdate(PreparedStatement.java:2333)
	at com.mysql.jdbc.PreparedStatement.executeUpdate(PreparedStatement.java:2318)
	at org.apache.commons.dbcp.DelegatingPreparedStatement.executeUpdate(DelegatingPreparedStatement.java:105)
	at org.apache.commons.dbcp.DelegatingPreparedStatement.executeUpdate(DelegatingPreparedStatement.java:105)
	at org.hibernate.id.IdentityGenerator$GetGeneratedKeysDelegate.executeAndExtract(IdentityGenerator.java:94)
	at org.hibernate.id.insert.AbstractReturningDelegate.performInsert(AbstractReturningDelegate.java:57)
	at org.hibernate.persister.entity.AbstractEntityPersister.insert(AbstractEntityPersister.java:2345)
	at org.hibernate.persister.entity.AbstractEntityPersister.insert(AbstractEntityPersister.java:2852)
	at org.hibernate.action.EntityIdentityInsertAction.execute(EntityIdentityInsertAction.java:71)
	at org.hibernate.engine.ActionQueue.execute(ActionQueue.java:273)
	at org.hibernate.event.def.AbstractSaveEventListener.performSaveOrReplicate(AbstractSaveEventListener.java:320)
	at org.hibernate.event.def.AbstractSaveEventListener.performSave(AbstractSaveEventListener.java:203)
	at org.hibernate.event.def.AbstractSaveEventListener.saveWithGeneratedId(AbstractSaveEventListener.java:129)
	at org.hibernate.ejb.event.EJB3PersistEventListener.saveWithGeneratedId(EJB3PersistEventListener.java:69)
	at org.hibernate.event.def.DefaultPersistEventListener.entityIsTransient(DefaultPersistEventListener.java:179)
	at org.hibernate.event.def.DefaultPersistEventListener.onPersist(DefaultPersistEventListener.java:135)
	at org.hibernate.event.def.DefaultPersistEventListener.onPersist(DefaultPersistEventListener.java:61)
	at org.hibernate.impl.SessionImpl.firePersist(SessionImpl.java:808)
	at org.hibernate.impl.SessionImpl.persist(SessionImpl.java:782)
	at org.hibernate.impl.SessionImpl.persist(SessionImpl.java:786)
	at org.hibernate.ejb.AbstractEntityManagerImpl.persist(AbstractEntityManagerImpl.java:672)
	at sun.reflect.GeneratedMethodAccessor10.invoke(Unknown Source)
	at sun.reflect.DelegatingMethodAccessorImpl.invoke(DelegatingMethodAccessorImpl.java:25)
	at java.lang.reflect.Method.invoke(Method.java:597)
	at org.springframework.orm.jpa.SharedEntityManagerCreator$SharedEntityManagerInvocationHandler.invoke(SharedEntityManagerCreator.java:240)
	at $Proxy41.persist(Unknown Source)
	at freedays.domain.RegularUser_Roo_Entity.ajc$interMethod$freedays_domain_RegularUser_Roo_Entity$freedays_domain_RegularUser$persist(RegularUser_Roo_Entity.aj:55)
	at freedays.domain.RegularUser.persist(RegularUser.java:1)
	at freedays.domain.RegularUser_Roo_Entity.ajc$interMethodDispatch1$freedays_domain_RegularUser_Roo_Entity$freedays_domain_RegularUser$persist(RegularUser_Roo_Entity.aj)
	at freedays.domain.RegularUserDataOnDemand_Roo_DataOnDemand.ajc$interMethod$freedays_domain_RegularUserDataOnDemand_Roo_DataOnDemand$freedays_domain_RegularUserDataOnDemand$init(RegularUserDataOnDemand_Roo_DataOnDemand.aj:112)
	at freedays.domain.RegularUserDataOnDemand.init(RegularUserDataOnDemand.java:1)
	at freedays.domain.RegularUserDataOnDemand_Roo_DataOnDemand.ajc$interMethodDispatch1$freedays_domain_RegularUserDataOnDemand_Roo_DataOnDemand$freedays_domain_RegularUserDataOnDemand$init(RegularUserDataOnDemand_Roo_DataOnDemand.aj)
	at freedays.domain.RegularUserDataOnDemand_Roo_DataOnDemand.ajc$interMethod$freedays_domain_RegularUserDataOnDemand_Roo_DataOnDemand$freedays_domain_RegularUserDataOnDemand$getRandomRegularUser(RegularUserDataOnDemand_Roo_DataOnDemand.aj:93)
	at freedays.domain.RegularUserDataOnDemand.getRandomRegularUser(RegularUserDataOnDemand.java:1)
	at freedays.domain.RegularUserDataOnDemand_Roo_DataOnDemand.ajc$interMethodDispatch1$freedays_domain_RegularUserDataOnDemand_Roo_DataOnDemand$freedays_domain_RegularUserDataOnDemand$getRandomRegularUser(RegularUserDataOnDemand_Roo_DataOnDemand.aj)
	at freedays.app.FDUserDataOnDemand_Roo_DataOnDemand.ajc$interMethod$freedays_app_FDUserDataOnDemand_Roo_DataOnDemand$freedays_app_FDUserDataOnDemand$setRegularUser(FDUserDataOnDemand_Roo_DataOnDemand.aj:39)
	at freedays.app.FDUserDataOnDemand.setRegularUser(FDUserDataOnDemand.java:1)
	at freedays.app.FDUserDataOnDemand_Roo_DataOnDemand.ajc$interMethodDispatch1$freedays_app_FDUserDataOnDemand_Roo_DataOnDemand$freedays_app_FDUserDataOnDemand$setRegularUser(FDUserDataOnDemand_Roo_DataOnDemand.aj)
	at freedays.app.FDUserDataOnDemand_Roo_DataOnDemand.ajc$interMethod$freedays_app_FDUserDataOnDemand_Roo_DataOnDemand$freedays_app_FDUserDataOnDemand$getNewTransientFDUser(FDUserDataOnDemand_Roo_DataOnDemand.aj:30)
	at freedays.app.FDUserDataOnDemand.getNewTransientFDUser(FDUserDataOnDemand.java:1)
	at freedays.app.FDUserDataOnDemand_Roo_DataOnDemand.ajc$interMethodDispatch1$freedays_app_FDUserDataOnDemand_Roo_DataOnDemand$freedays_app_FDUserDataOnDemand$getNewTransientFDUser(FDUserDataOnDemand_Roo_DataOnDemand.aj)
	at freedays.app.FDUserDataOnDemand_Roo_DataOnDemand.ajc$interMethod$freedays_app_FDUserDataOnDemand_Roo_DataOnDemand$freedays_app_FDUserDataOnDemand$init(FDUserDataOnDemand_Roo_DataOnDemand.aj:96)
	at freedays.app.FDUserDataOnDemand.init(FDUserDataOnDemand.java:1)
	at freedays.app.FDUserDataOnDemand_Roo_DataOnDemand.ajc$interMethodDispatch1$freedays_app_FDUserDataOnDemand_Roo_DataOnDemand$freedays_app_FDUserDataOnDemand$init(FDUserDataOnDemand_Roo_DataOnDemand.aj)
	at freedays.app.FDUserDataOnDemand_Roo_DataOnDemand.ajc$interMethod$freedays_app_FDUserDataOnDemand_Roo_DataOnDemand$freedays_app_FDUserDataOnDemand$getRandomFDUser(FDUserDataOnDemand_Roo_DataOnDemand.aj:78)
	at freedays.app.FDUserDataOnDemand.getRandomFDUser(FDUserDataOnDemand.java:1)
	at freedays.app.FDUserDataOnDemand_Roo_DataOnDemand.ajc$interMethodDispatch1$freedays_app_FDUserDataOnDemand_Roo_DataOnDemand$freedays_app_FDUserDataOnDemand$getRandomFDUser(FDUserDataOnDemand_Roo_DataOnDemand.aj)
	at freedays.app.FDUserIntegrationTest_Roo_IntegrationTest.ajc$interMethod$freedays_app_FDUserIntegrationTest_Roo_IntegrationTest$freedays_app_FDUserIntegrationTest$testCountFDUsers(FDUserIntegrationTest_Roo_IntegrationTest.aj:27)
	at freedays.app.FDUserIntegrationTest.testCountFDUsers(FDUserIntegrationTest.java:1)
	at sun.reflect.NativeMethodAccessorImpl.invoke0(Native Method)
	at sun.reflect.NativeMethodAccessorImpl.invoke(NativeMethodAccessorImpl.java:39)
	at sun.reflect.DelegatingMethodAccessorImpl.invoke(DelegatingMethodAccessorImpl.java:25)
	at java.lang.reflect.Method.invoke(Method.java:597)
	at org.junit.runners.model.FrameworkMethod$1.runReflectiveCall(FrameworkMethod.java:44)
	at org.junit.internal.runners.model.ReflectiveCallable.run(ReflectiveCallable.java:15)
	at org.junit.runners.model.FrameworkMethod.invokeExplosively(FrameworkMethod.java:41)
	at org.junit.internal.runners.statements.InvokeMethod.evaluate(InvokeMethod.java:20)
	at org.springframework.test.context.junit4.statements.RunBeforeTestMethodCallbacks.evaluate(RunBeforeTestMethodCallbacks.java:74)
	at org.springframework.test.context.junit4.statements.RunAfterTestMethodCallbacks.evaluate(RunAfterTestMethodCallbacks.java:82)
	at org.springframework.test.context.junit4.statements.SpringRepeat.evaluate(SpringRepeat.java:72)
	at org.springframework.test.context.junit4.SpringJUnit4ClassRunner.runChild(SpringJUnit4ClassRunner.java:240)
	at org.junit.runners.BlockJUnit4ClassRunner.runChild(BlockJUnit4ClassRunner.java:49)
	at org.junit.runners.ParentRunner$3.run(ParentRunner.java:193)
	at org.junit.runners.ParentRunner$1.schedule(ParentRunner.java:52)
	at org.junit.runners.ParentRunner.runChildren(ParentRunner.java:191)
	at org.junit.runners.ParentRunner.access$000(ParentRunner.java:42)
	at org.junit.runners.ParentRunner$2.evaluate(ParentRunner.java:184)
	at org.springframework.test.context.junit4.statements.RunBeforeTestClassCallbacks.evaluate(RunBeforeTestClassCallbacks.java:61)
	at org.springframework.test.context.junit4.statements.RunAfterTestClassCallbacks.evaluate(RunAfterTestClassCallbacks.java:70)
	at org.junit.runners.ParentRunner.run(ParentRunner.java:236)
	at org.springframework.test.context.junit4.SpringJUnit4ClassRunner.run(SpringJUnit4ClassRunner.java:180)
	at org.apache.maven.surefire.junit4.JUnit4TestSet.execute(JUnit4TestSet.java:35)
	at org.apache.maven.surefire.junit4.JUnit4Provider.executeTestSet(JUnit4Provider.java:115)
	at org.apache.maven.surefire.junit4.JUnit4Provider.invoke(JUnit4Provider.java:97)
	at sun.reflect.NativeMethodAccessorImpl.invoke0(Native Method)
	at sun.reflect.NativeMethodAccessorImpl.invoke(NativeMethodAccessorImpl.java:39)
	at sun.reflect.DelegatingMethodAccessorImpl.invoke(DelegatingMethodAccessorImpl.java:25)
	at java.lang.reflect.Method.invoke(Method.java:597)
	at org.apache.maven.surefire.booter.ProviderFactory$ClassLoaderProxy.invoke(ProviderFactory.java:103)
	at $Proxy0.invoke(Unknown Source)
	at org.apache.maven.surefire.booter.SurefireStarter.invokeProvider(SurefireStarter.java:150)
	at org.apache.maven.surefire.booter.SurefireStarter.runSuitesInProcess(SurefireStarter.java:91)
	at org.apache.maven.surefire.booter.ForkedBooter.main(ForkedBooter.java:69)
2011-07-13 10:47:57,108 [main] WARN  org.hibernate.util.JDBCExceptionReporter - SQL Error: 1048, SQLState: 23000
2011-07-13 10:47:57,108 [main] ERROR org.hibernate.util.JDBCExceptionReporter - Column &apos;usermodify&apos; cannot be null
2011-07-13 10:47:57,108 [main] DEBUG org.hibernate.ejb.AbstractEntityManagerImpl - mark transaction for rollback
2011-07-13 10:47:57,108 [main] DEBUG org.springframework.orm.jpa.JpaTransactionManager - Participating transaction failed - marking existing transaction as rollback-only
2011-07-13 10:47:57,108 [main] DEBUG org.springframework.orm.jpa.JpaTransactionManager - Setting JPA transaction on EntityManager [org.hibernate.ejb.EntityManagerImpl@1535d18b] rollback-only
2011-07-13 10:47:57,108 [main] DEBUG org.springframework.orm.jpa.JpaTransactionManager - Participating transaction failed - marking existing transaction as rollback-only
2011-07-13 10:47:57,108 [main] DEBUG org.springframework.orm.jpa.JpaTransactionManager - Setting JPA transaction on EntityManager [org.hibernate.ejb.EntityManagerImpl@1535d18b] rollback-only
2011-07-13 10:47:57,108 [main] DEBUG org.springframework.test.context.transaction.TransactionalTestExecutionListener - No method-level @Rollback override: using default rollback [true] for test context [[TestContext@461d318f testClass = FDUserIntegrationTest, locations = array&lt;String&gt;[&apos;classpath:/META-INF/spring/applicationContext.xml&apos;], testInstance = freedays.app.FDUserIntegrationTest@4fb7a553, testMethod = testCountFDUsers@FDUserIntegrationTest, testException = org.springframework.orm.jpa.JpaSystemException: org.hibernate.exception.ConstraintViolationException: could not insert: [freedays.domain.RegularUser]; nested exception is javax.persistence.PersistenceException: org.hibernate.exception.ConstraintViolationException: could not insert: [freedays.domain.RegularUser]]]
2011-07-13 10:47:57,108 [main] DEBUG org.springframework.orm.jpa.JpaTransactionManager - Initiating transaction rollback
2011-07-13 10:47:57,109 [main] DEBUG org.springframework.orm.jpa.JpaTransactionManager - Rolling back JPA transaction on EntityManager [org.hibernate.ejb.EntityManagerImpl@1535d18b]
2011-07-13 10:47:57,109 [main] DEBUG org.hibernate.transaction.JDBCTransaction - rollback
2011-07-13 10:47:57,110 [main] DEBUG org.hibernate.transaction.JDBCTransaction - re-enabling autocommit
2011-07-13 10:47:57,111 [main] DEBUG org.hibernate.transaction.JDBCTransaction - rolled back JDBC Connection
2011-07-13 10:47:57,111 [main] DEBUG org.hibernate.jdbc.ConnectionManager - aggressively releasing JDBC connection
2011-07-13 10:47:57,111 [main] DEBUG org.hibernate.jdbc.ConnectionManager - releasing JDBC connection [ (open PreparedStatements: 0, globally: 0) (open ResultSets: 0, globally: 0)]
2011-07-13 10:47:57,111 [main] DEBUG org.springframework.orm.jpa.JpaTransactionManager - Closing JPA EntityManager [org.hibernate.ejb.EntityManagerImpl@1535d18b] after transaction
2011-07-13 10:47:57,111 [main] DEBUG org.springframework.orm.jpa.EntityManagerFactoryUtils - Closing JPA EntityManager
2011-07-13 10:47:57,111 [main] INFO  org.springframework.test.context.transaction.TransactionalTestExecutionListener - Rolled back transaction after test execution for test context [[TestContext@461d318f testClass = FDUserIntegrationTest, locations = array&lt;String&gt;[&apos;classpath:/META-INF/spring/applicationContext.xml&apos;], testInstance = freedays.app.FDUserIntegrationTest@4fb7a553, testMethod = testCountFDUsers@FDUserIntegrationTest, testException = org.springframework.orm.jpa.JpaSystemException: org.hibernate.exception.ConstraintViolationException: could not insert: [freedays.domain.RegularUser]; nested exception is javax.persistence.PersistenceException: org.hibernate.exception.ConstraintViolationException: could not insert: [freedays.domain.RegularUser]]]
2011-07-13 10:47:57,111 [main] DEBUG org.springframework.test.context.support.DirtiesContextTestExecutionListener - After test method: context [[TestContext@461d318f testClass = FDUserIntegrationTest, locations = array&lt;String&gt;[&apos;classpath:/META-INF/spring/applicationContext.xml&apos;], testInstance = freedays.app.FDUserIntegrationTest@4fb7a553, testMethod = testCountFDUsers@FDUserIntegrationTest, testException = org.springframework.orm.jpa.JpaSystemException: org.hibernate.exception.ConstraintViolationException: could not insert: [freedays.domain.RegularUser]; nested exception is javax.persistence.PersistenceException: org.hibernate.exception.ConstraintViolationException: could not insert: [freedays.domain.RegularUser]]], class dirties context [false], class mode [null], method dirties context [false].
</system-out>
  </testcase>
  <testcase time="0.015" classname="freedays.app.FDUserIntegrationTest" name="testFindFDUser">
    <error message="org.hibernate.exception.ConstraintViolationException: could not insert: [freedays.domain.RegularUser]; nested exception is javax.persistence.PersistenceException: org.hibernate.exception.ConstraintViolationException: could not insert: [freedays.domain.RegularUser]" type="org.springframework.orm.jpa.JpaSystemException">org.springframework.orm.jpa.JpaSystemException: org.hibernate.exception.ConstraintViolationException: could not insert: [freedays.domain.RegularUser]; nested exception is javax.persistence.PersistenceException: org.hibernate.exception.ConstraintViolationException: could not insert: [freedays.domain.RegularUser]
	at org.springframework.orm.jpa.EntityManagerFactoryUtils.convertJpaAccessExceptionIfPossible(EntityManagerFactoryUtils.java:311)
	at org.springframework.orm.jpa.aspectj.JpaExceptionTranslatorAspect.ajc$afterThrowing$org_springframework_orm_jpa_aspectj_JpaExceptionTranslatorAspect$1$18a1ac9(JpaExceptionTranslatorAspect.aj:15)
	at freedays.domain.RegularUser_Roo_Entity.ajc$interMethod$freedays_domain_RegularUser_Roo_Entity$freedays_domain_RegularUser$persist(RegularUser_Roo_Entity.aj:55)
	at freedays.domain.RegularUser.persist(RegularUser.java:1)
	at freedays.domain.RegularUser_Roo_Entity.ajc$interMethodDispatch1$freedays_domain_RegularUser_Roo_Entity$freedays_domain_RegularUser$persist(RegularUser_Roo_Entity.aj)
	at freedays.domain.RegularUserDataOnDemand_Roo_DataOnDemand.ajc$interMethod$freedays_domain_RegularUserDataOnDemand_Roo_DataOnDemand$freedays_domain_RegularUserDataOnDemand$init(RegularUserDataOnDemand_Roo_DataOnDemand.aj:112)
	at freedays.domain.RegularUserDataOnDemand.init(RegularUserDataOnDemand.java:1)
	at freedays.domain.RegularUserDataOnDemand_Roo_DataOnDemand.ajc$interMethodDispatch1$freedays_domain_RegularUserDataOnDemand_Roo_DataOnDemand$freedays_domain_RegularUserDataOnDemand$init(RegularUserDataOnDemand_Roo_DataOnDemand.aj)
	at freedays.domain.RegularUserDataOnDemand_Roo_DataOnDemand.ajc$interMethod$freedays_domain_RegularUserDataOnDemand_Roo_DataOnDemand$freedays_domain_RegularUserDataOnDemand$getRandomRegularUser(RegularUserDataOnDemand_Roo_DataOnDemand.aj:93)
	at freedays.domain.RegularUserDataOnDemand.getRandomRegularUser(RegularUserDataOnDemand.java:1)
	at freedays.domain.RegularUserDataOnDemand_Roo_DataOnDemand.ajc$interMethodDispatch1$freedays_domain_RegularUserDataOnDemand_Roo_DataOnDemand$freedays_domain_RegularUserDataOnDemand$getRandomRegularUser(RegularUserDataOnDemand_Roo_DataOnDemand.aj)
	at freedays.app.FDUserDataOnDemand_Roo_DataOnDemand.ajc$interMethod$freedays_app_FDUserDataOnDemand_Roo_DataOnDemand$freedays_app_FDUserDataOnDemand$setRegularUser(FDUserDataOnDemand_Roo_DataOnDemand.aj:39)
	at freedays.app.FDUserDataOnDemand.setRegularUser(FDUserDataOnDemand.java:1)
	at freedays.app.FDUserDataOnDemand_Roo_DataOnDemand.ajc$interMethodDispatch1$freedays_app_FDUserDataOnDemand_Roo_DataOnDemand$freedays_app_FDUserDataOnDemand$setRegularUser(FDUserDataOnDemand_Roo_DataOnDemand.aj)
	at freedays.app.FDUserDataOnDemand_Roo_DataOnDemand.ajc$interMethod$freedays_app_FDUserDataOnDemand_Roo_DataOnDemand$freedays_app_FDUserDataOnDemand$getNewTransientFDUser(FDUserDataOnDemand_Roo_DataOnDemand.aj:30)
	at freedays.app.FDUserDataOnDemand.getNewTransientFDUser(FDUserDataOnDemand.java:1)
	at freedays.app.FDUserDataOnDemand_Roo_DataOnDemand.ajc$interMethodDispatch1$freedays_app_FDUserDataOnDemand_Roo_DataOnDemand$freedays_app_FDUserDataOnDemand$getNewTransientFDUser(FDUserDataOnDemand_Roo_DataOnDemand.aj)
	at freedays.app.FDUserDataOnDemand_Roo_DataOnDemand.ajc$interMethod$freedays_app_FDUserDataOnDemand_Roo_DataOnDemand$freedays_app_FDUserDataOnDemand$init(FDUserDataOnDemand_Roo_DataOnDemand.aj:96)
	at freedays.app.FDUserDataOnDemand.init(FDUserDataOnDemand.java:1)
	at freedays.app.FDUserDataOnDemand_Roo_DataOnDemand.ajc$interMethodDispatch1$freedays_app_FDUserDataOnDemand_Roo_DataOnDemand$freedays_app_FDUserDataOnDemand$init(FDUserDataOnDemand_Roo_DataOnDemand.aj)
	at freedays.app.FDUserDataOnDemand_Roo_DataOnDemand.ajc$interMethod$freedays_app_FDUserDataOnDemand_Roo_DataOnDemand$freedays_app_FDUserDataOnDemand$getRandomFDUser(FDUserDataOnDemand_Roo_DataOnDemand.aj:78)
	at freedays.app.FDUserDataOnDemand.getRandomFDUser(FDUserDataOnDemand.java:1)
	at freedays.app.FDUserDataOnDemand_Roo_DataOnDemand.ajc$interMethodDispatch1$freedays_app_FDUserDataOnDemand_Roo_DataOnDemand$freedays_app_FDUserDataOnDemand$getRandomFDUser(FDUserDataOnDemand_Roo_DataOnDemand.aj)
	at freedays.app.FDUserIntegrationTest_Roo_IntegrationTest.ajc$interMethod$freedays_app_FDUserIntegrationTest_Roo_IntegrationTest$freedays_app_FDUserIntegrationTest$testFindFDUser(FDUserIntegrationTest_Roo_IntegrationTest.aj:34)
	at freedays.app.FDUserIntegrationTest.testFindFDUser(FDUserIntegrationTest.java:1)
	at sun.reflect.NativeMethodAccessorImpl.invoke0(Native Method)
	at sun.reflect.NativeMethodAccessorImpl.invoke(NativeMethodAccessorImpl.java:39)
	at sun.reflect.DelegatingMethodAccessorImpl.invoke(DelegatingMethodAccessorImpl.java:25)
	at java.lang.reflect.Method.invoke(Method.java:597)
	at org.junit.runners.model.FrameworkMethod$1.runReflectiveCall(FrameworkMethod.java:44)
	at org.junit.internal.runners.model.ReflectiveCallable.run(ReflectiveCallable.java:15)
	at org.junit.runners.model.FrameworkMethod.invokeExplosively(FrameworkMethod.java:41)
	at org.junit.internal.runners.statements.InvokeMethod.evaluate(InvokeMethod.java:20)
	at org.springframework.test.context.junit4.statements.RunBeforeTestMethodCallbacks.evaluate(RunBeforeTestMethodCallbacks.java:74)
	at org.springframework.test.context.junit4.statements.RunAfterTestMethodCallbacks.evaluate(RunAfterTestMethodCallbacks.java:82)
	at org.springframework.test.context.junit4.statements.SpringRepeat.evaluate(SpringRepeat.java:72)
	at org.springframework.test.context.junit4.SpringJUnit4ClassRunner.runChild(SpringJUnit4ClassRunner.java:240)
	at org.junit.runners.BlockJUnit4ClassRunner.runChild(BlockJUnit4ClassRunner.java:49)
	at org.junit.runners.ParentRunner$3.run(ParentRunner.java:193)
	at org.junit.runners.ParentRunner$1.schedule(ParentRunner.java:52)
	at org.junit.runners.ParentRunner.runChildren(ParentRunner.java:191)
	at org.junit.runners.ParentRunner.access$000(ParentRunner.java:42)
	at org.junit.runners.ParentRunner$2.evaluate(ParentRunner.java:184)
	at org.springframework.test.context.junit4.statements.RunBeforeTestClassCallbacks.evaluate(RunBeforeTestClassCallbacks.java:61)
	at org.springframework.test.context.junit4.statements.RunAfterTestClassCallbacks.evaluate(RunAfterTestClassCallbacks.java:70)
	at org.junit.runners.ParentRunner.run(ParentRunner.java:236)
	at org.springframework.test.context.junit4.SpringJUnit4ClassRunner.run(SpringJUnit4ClassRunner.java:180)
	at org.apache.maven.surefire.junit4.JUnit4TestSet.execute(JUnit4TestSet.java:35)
	at org.apache.maven.surefire.junit4.JUnit4Provider.executeTestSet(JUnit4Provider.java:115)
	at org.apache.maven.surefire.junit4.JUnit4Provider.invoke(JUnit4Provider.java:97)
	at sun.reflect.NativeMethodAccessorImpl.invoke0(Native Method)
	at sun.reflect.NativeMethodAccessorImpl.invoke(NativeMethodAccessorImpl.java:39)
	at sun.reflect.DelegatingMethodAccessorImpl.invoke(DelegatingMethodAccessorImpl.java:25)
	at java.lang.reflect.Method.invoke(Method.java:597)
	at org.apache.maven.surefire.booter.ProviderFactory$ClassLoaderProxy.invoke(ProviderFactory.java:103)
	at $Proxy0.invoke(Unknown Source)
	at org.apache.maven.surefire.booter.SurefireStarter.invokeProvider(SurefireStarter.java:150)
	at org.apache.maven.surefire.booter.SurefireStarter.runSuitesInProcess(SurefireStarter.java:91)
	at org.apache.maven.surefire.booter.ForkedBooter.main(ForkedBooter.java:69)
Caused by: javax.persistence.PersistenceException: org.hibernate.exception.ConstraintViolationException: could not insert: [freedays.domain.RegularUser]
	at org.hibernate.ejb.AbstractEntityManagerImpl.convert(AbstractEntityManagerImpl.java:1214)
	at org.hibernate.ejb.AbstractEntityManagerImpl.convert(AbstractEntityManagerImpl.java:1147)
	at org.hibernate.ejb.AbstractEntityManagerImpl.convert(AbstractEntityManagerImpl.java:1153)
	at org.hibernate.ejb.AbstractEntityManagerImpl.persist(AbstractEntityManagerImpl.java:678)
	at sun.reflect.GeneratedMethodAccessor10.invoke(Unknown Source)
	at sun.reflect.DelegatingMethodAccessorImpl.invoke(DelegatingMethodAccessorImpl.java:25)
	at java.lang.reflect.Method.invoke(Method.java:597)
	at org.springframework.orm.jpa.SharedEntityManagerCreator$SharedEntityManagerInvocationHandler.invoke(SharedEntityManagerCreator.java:240)
	at $Proxy41.persist(Unknown Source)
	... 57 more
Caused by: org.hibernate.exception.ConstraintViolationException: could not insert: [freedays.domain.RegularUser]
	at org.hibernate.exception.SQLStateConverter.convert(SQLStateConverter.java:96)
	at org.hibernate.exception.JDBCExceptionHelper.convert(JDBCExceptionHelper.java:66)
	at org.hibernate.id.insert.AbstractReturningDelegate.performInsert(AbstractReturningDelegate.java:64)
	at org.hibernate.persister.entity.AbstractEntityPersister.insert(AbstractEntityPersister.java:2345)
	at org.hibernate.persister.entity.AbstractEntityPersister.insert(AbstractEntityPersister.java:2852)
	at org.hibernate.action.EntityIdentityInsertAction.execute(EntityIdentityInsertAction.java:71)
	at org.hibernate.engine.ActionQueue.execute(ActionQueue.java:273)
	at org.hibernate.event.def.AbstractSaveEventListener.performSaveOrReplicate(AbstractSaveEventListener.java:320)
	at org.hibernate.event.def.AbstractSaveEventListener.performSave(AbstractSaveEventListener.java:203)
	at org.hibernate.event.def.AbstractSaveEventListener.saveWithGeneratedId(AbstractSaveEventListener.java:129)
	at org.hibernate.ejb.event.EJB3PersistEventListener.saveWithGeneratedId(EJB3PersistEventListener.java:69)
	at org.hibernate.event.def.DefaultPersistEventListener.entityIsTransient(DefaultPersistEventListener.java:179)
	at org.hibernate.event.def.DefaultPersistEventListener.onPersist(DefaultPersistEventListener.java:135)
	at org.hibernate.event.def.DefaultPersistEventListener.onPersist(DefaultPersistEventListener.java:61)
	at org.hibernate.impl.SessionImpl.firePersist(SessionImpl.java:808)
	at org.hibernate.impl.SessionImpl.persist(SessionImpl.java:782)
	at org.hibernate.impl.SessionImpl.persist(SessionImpl.java:786)
	at org.hibernate.ejb.AbstractEntityManagerImpl.persist(AbstractEntityManagerImpl.java:672)
	... 62 more
Caused by: com.mysql.jdbc.exceptions.jdbc4.MySQLIntegrityConstraintViolationException: Column &apos;usermodify&apos; cannot be null
	at sun.reflect.NativeConstructorAccessorImpl.newInstance0(Native Method)
	at sun.reflect.NativeConstructorAccessorImpl.newInstance(NativeConstructorAccessorImpl.java:39)
	at sun.reflect.DelegatingConstructorAccessorImpl.newInstance(DelegatingConstructorAccessorImpl.java:27)
	at java.lang.reflect.Constructor.newInstance(Constructor.java:513)
	at com.mysql.jdbc.Util.handleNewInstance(Util.java:411)
	at com.mysql.jdbc.Util.getInstance(Util.java:386)
	at com.mysql.jdbc.SQLError.createSQLException(SQLError.java:1039)
	at com.mysql.jdbc.MysqlIO.checkErrorPacket(MysqlIO.java:3597)
	at com.mysql.jdbc.MysqlIO.checkErrorPacket(MysqlIO.java:3529)
	at com.mysql.jdbc.MysqlIO.sendCommand(MysqlIO.java:1990)
	at com.mysql.jdbc.MysqlIO.sqlQueryDirect(MysqlIO.java:2151)
	at com.mysql.jdbc.ConnectionImpl.execSQL(ConnectionImpl.java:2625)
	at com.mysql.jdbc.PreparedStatement.executeInternal(PreparedStatement.java:2119)
	at com.mysql.jdbc.PreparedStatement.executeUpdate(PreparedStatement.java:2415)
	at com.mysql.jdbc.PreparedStatement.executeUpdate(PreparedStatement.java:2333)
	at com.mysql.jdbc.PreparedStatement.executeUpdate(PreparedStatement.java:2318)
	at org.apache.commons.dbcp.DelegatingPreparedStatement.executeUpdate(DelegatingPreparedStatement.java:105)
	at org.apache.commons.dbcp.DelegatingPreparedStatement.executeUpdate(DelegatingPreparedStatement.java:105)
	at org.hibernate.id.IdentityGenerator$GetGeneratedKeysDelegate.executeAndExtract(IdentityGenerator.java:94)
	at org.hibernate.id.insert.AbstractReturningDelegate.performInsert(AbstractReturningDelegate.java:57)
	... 77 more
</error>
    <system-out>2011-07-13 10:47:57,113 [main] DEBUG org.springframework.test.annotation.ProfileValueUtils - Retrieved @ProfileValueSourceConfiguration [null] for test class [freedays.app.FDUserIntegrationTest]
2011-07-13 10:47:57,113 [main] DEBUG org.springframework.test.annotation.ProfileValueUtils - Retrieved ProfileValueSource type [class org.springframework.test.annotation.SystemProfileValueSource] for class [freedays.app.FDUserIntegrationTest]
2011-07-13 10:47:57,113 [main] DEBUG org.springframework.beans.factory.annotation.InjectionMetadata - Processing injected method of bean &apos;freedays.app.FDUserIntegrationTest&apos;: AutowiredFieldElement for private freedays.app.FDUserDataOnDemand freedays.app.FDUserIntegrationTest.dod
2011-07-13 10:47:57,113 [main] DEBUG org.springframework.beans.factory.support.DefaultListableBeanFactory - Returning cached instance of singleton bean &apos;FDUserDataOnDemand&apos;
2011-07-13 10:47:57,113 [main] DEBUG org.springframework.test.context.support.DependencyInjectionTestExecutionListener - Performing dependency injection for test context [[TestContext@461d318f testClass = FDUserIntegrationTest, locations = array&lt;String&gt;[&apos;classpath:/META-INF/spring/applicationContext.xml&apos;], testInstance = freedays.app.FDUserIntegrationTest@1a5a58e0, testMethod = [null], testException = [null]]].
2011-07-13 10:47:57,113 [main] DEBUG org.springframework.beans.factory.annotation.InjectionMetadata - Processing injected method of bean &apos;freedays.app.FDUserIntegrationTest&apos;: AutowiredFieldElement for private freedays.app.FDUserDataOnDemand freedays.app.FDUserIntegrationTest.dod
2011-07-13 10:47:57,113 [main] DEBUG org.springframework.beans.factory.support.DefaultListableBeanFactory - Returning cached instance of singleton bean &apos;FDUserDataOnDemand&apos;
2011-07-13 10:47:57,114 [main] DEBUG org.springframework.transaction.annotation.AnnotationTransactionAttributeSource - Adding transactional method &apos;testFindFDUser&apos; with attribute: PROPAGATION_REQUIRED,ISOLATION_DEFAULT; &apos;&apos;
2011-07-13 10:47:57,114 [main] DEBUG org.springframework.test.context.transaction.TransactionalTestExecutionListener - Explicit transaction definition [PROPAGATION_REQUIRED,ISOLATION_DEFAULT; &apos;&apos;] found for test context [[TestContext@461d318f testClass = FDUserIntegrationTest, locations = array&lt;String&gt;[&apos;classpath:/META-INF/spring/applicationContext.xml&apos;], testInstance = freedays.app.FDUserIntegrationTest@1a5a58e0, testMethod = testFindFDUser@FDUserIntegrationTest, testException = [null]]]
2011-07-13 10:47:57,114 [main] DEBUG org.springframework.beans.factory.support.DefaultListableBeanFactory - Returning cached instance of singleton bean &apos;transactionManager&apos;
2011-07-13 10:47:57,114 [main] DEBUG org.springframework.orm.jpa.JpaTransactionManager - Creating new transaction with name [testFindFDUser]: PROPAGATION_REQUIRED,ISOLATION_DEFAULT; &apos;&apos;
2011-07-13 10:47:57,114 [main] DEBUG org.hibernate.impl.SessionImpl - opened session at timestamp: 13105432771
2011-07-13 10:47:57,114 [main] DEBUG org.springframework.orm.jpa.JpaTransactionManager - Opened new EntityManager [org.hibernate.ejb.EntityManagerImpl@21495bb8] for JPA transaction
2011-07-13 10:47:57,114 [main] DEBUG org.hibernate.transaction.JDBCTransaction - begin
2011-07-13 10:47:57,114 [main] DEBUG org.hibernate.jdbc.ConnectionManager - opening JDBC connection
2011-07-13 10:47:57,114 [main] DEBUG org.hibernate.transaction.JDBCTransaction - current autocommit status: true
2011-07-13 10:47:57,114 [main] DEBUG org.hibernate.transaction.JDBCTransaction - disabling autocommit
2011-07-13 10:47:57,115 [main] DEBUG org.springframework.orm.jpa.JpaTransactionManager - Not exposing JPA transaction [org.hibernate.ejb.EntityManagerImpl@21495bb8] as JDBC transaction because JpaDialect [org.springframework.orm.jpa.DefaultJpaDialect@962e703] does not support JDBC Connection retrieval
2011-07-13 10:47:57,116 [main] DEBUG org.springframework.test.context.transaction.TransactionalTestExecutionListener - No method-level @Rollback override: using default rollback [true] for test context [[TestContext@461d318f testClass = FDUserIntegrationTest, locations = array&lt;String&gt;[&apos;classpath:/META-INF/spring/applicationContext.xml&apos;], testInstance = freedays.app.FDUserIntegrationTest@1a5a58e0, testMethod = testFindFDUser@FDUserIntegrationTest, testException = [null]]]
2011-07-13 10:47:57,116 [main] INFO  org.springframework.test.context.transaction.TransactionalTestExecutionListener - Began transaction (7): transaction manager [org.springframework.orm.jpa.JpaTransactionManager@c303a60]; rollback [true]
2011-07-13 10:47:57,116 [main] DEBUG org.springframework.transaction.annotation.AnnotationTransactionAttributeSource - Adding transactional method &apos;testFindFDUser&apos; with attribute: PROPAGATION_REQUIRED,ISOLATION_DEFAULT; &apos;&apos;
2011-07-13 10:47:57,116 [main] DEBUG org.springframework.beans.factory.support.DefaultListableBeanFactory - Returning cached instance of singleton bean &apos;transactionManager&apos;
2011-07-13 10:47:57,116 [main] DEBUG org.springframework.orm.jpa.JpaTransactionManager - Found thread-bound EntityManager [org.hibernate.ejb.EntityManagerImpl@21495bb8] for JPA transaction
2011-07-13 10:47:57,116 [main] DEBUG org.springframework.orm.jpa.JpaTransactionManager - Participating in existing transaction
2011-07-13 10:47:57,116 [main] DEBUG org.springframework.beans.factory.annotation.InjectionMetadata - Processing injected method of bean &apos;freedays.domain.ApplicationRegularUser$ApplicationRegularUser_Roo_Entity$1&apos;: PersistenceElement for transient javax.persistence.EntityManager freedays.domain.ApplicationRegularUser.entityManager
2011-07-13 10:47:57,116 [main] DEBUG org.springframework.beans.factory.support.DefaultListableBeanFactory - Returning cached instance of singleton bean &apos;entityManagerFactory&apos;
2011-07-13 10:47:57,116 [main] DEBUG org.hibernate.jdbc.AbstractBatcher - about to open PreparedStatement (open PreparedStatements: 0, globally: 0)
2011-07-13 10:47:57,116 [main] DEBUG org.hibernate.SQL - select fduser0_.id as id0_, fduser0_.granter as granter0_, fduser0_.regular_user as regular4_0_, fduser0_.version as version0_, fduser0_.hire_date as hire1_1_, fduser0_.init_days as init2_1_, fduser0_.max_free_days as max3_1_ from fduser fduser0_ limit ?
2011-07-13 10:47:57,118 [main] DEBUG org.hibernate.jdbc.AbstractBatcher - about to open ResultSet (open ResultSets: 0, globally: 0)
2011-07-13 10:47:57,118 [main] DEBUG org.hibernate.jdbc.AbstractBatcher - about to close ResultSet (open ResultSets: 1, globally: 1)
2011-07-13 10:47:57,118 [main] DEBUG org.hibernate.jdbc.AbstractBatcher - about to close PreparedStatement (open PreparedStatements: 1, globally: 1)
2011-07-13 10:47:57,118 [main] DEBUG org.hibernate.engine.StatefulPersistenceContext - initializing non-lazy collections
2011-07-13 10:47:57,118 [main] DEBUG org.springframework.beans.factory.annotation.InjectionMetadata - Processing injected method of bean &apos;freedays.app.FDUser&apos;: PersistenceElement for transient javax.persistence.EntityManager freedays.domain.ApplicationRegularUser.entityManager
2011-07-13 10:47:57,118 [main] DEBUG org.springframework.beans.factory.support.DefaultListableBeanFactory - Returning cached instance of singleton bean &apos;entityManagerFactory&apos;
2011-07-13 10:47:57,118 [main] DEBUG org.springframework.beans.factory.annotation.InjectionMetadata - Processing injected method of bean &apos;freedays.domain.RegularUser&apos;: PersistenceElement for transient javax.persistence.EntityManager freedays.domain.RegularUser.entityManager
2011-07-13 10:47:57,118 [main] DEBUG org.springframework.beans.factory.support.DefaultListableBeanFactory - Returning cached instance of singleton bean &apos;entityManagerFactory&apos;
2011-07-13 10:47:57,118 [main] DEBUG org.hibernate.jdbc.AbstractBatcher - about to open PreparedStatement (open PreparedStatements: 0, globally: 0)
2011-07-13 10:47:57,118 [main] DEBUG org.hibernate.SQL - select regularuse0_.id as id3_, regularuse0_.activ as activ3_, regularuse0_.creationdate as creation3_3_, regularuse0_.deleted as deleted3_, regularuse0_.email as email3_, regularuse0_.firstname as firstname3_, regularuse0_.lastmodified as lastmodi7_3_, regularuse0_.password as password3_, regularuse0_.surename as surename3_, regularuse0_.usermodify as usermodify3_, regularuse0_.username as username3_, regularuse0_.version as version3_ from regular_user regularuse0_ limit ?
2011-07-13 10:47:57,120 [main] DEBUG org.hibernate.jdbc.AbstractBatcher - about to open ResultSet (open ResultSets: 0, globally: 0)
2011-07-13 10:47:57,120 [main] DEBUG org.hibernate.jdbc.AbstractBatcher - about to close ResultSet (open ResultSets: 1, globally: 1)
2011-07-13 10:47:57,120 [main] DEBUG org.hibernate.jdbc.AbstractBatcher - about to close PreparedStatement (open PreparedStatements: 1, globally: 1)
2011-07-13 10:47:57,120 [main] DEBUG org.hibernate.engine.StatefulPersistenceContext - initializing non-lazy collections
2011-07-13 10:47:57,120 [main] DEBUG org.springframework.beans.factory.annotation.InjectionMetadata - Processing injected method of bean &apos;freedays.domain.RegularUser&apos;: PersistenceElement for transient javax.persistence.EntityManager freedays.domain.RegularUser.entityManager
2011-07-13 10:47:57,120 [main] DEBUG org.springframework.beans.factory.support.DefaultListableBeanFactory - Returning cached instance of singleton bean &apos;entityManagerFactory&apos;
2011-07-13 10:47:57,121 [main] DEBUG org.springframework.beans.factory.support.DefaultListableBeanFactory - Returning cached instance of singleton bean &apos;transactionManager&apos;
2011-07-13 10:47:57,121 [main] DEBUG org.springframework.orm.jpa.JpaTransactionManager - Found thread-bound EntityManager [org.hibernate.ejb.EntityManagerImpl@21495bb8] for JPA transaction
2011-07-13 10:47:57,121 [main] DEBUG org.springframework.orm.jpa.JpaTransactionManager - Participating in existing transaction
2011-07-13 10:47:57,121 [main] DEBUG org.hibernate.event.def.AbstractSaveEventListener - executing identity-insert immediately
2011-07-13 10:47:57,121 [main] DEBUG org.hibernate.jdbc.AbstractBatcher - about to open PreparedStatement (open PreparedStatements: 0, globally: 0)
2011-07-13 10:47:57,121 [main] DEBUG org.hibernate.SQL - insert into regular_user (activ, creationdate, deleted, email, firstname, lastmodified, password, surename, usermodify, username, version) values (?, ?, ?, ?, ?, ?, ?, ?, ?, ?, ?)
2011-07-13 10:47:57,123 [main] DEBUG org.hibernate.jdbc.AbstractBatcher - about to close PreparedStatement (open PreparedStatements: 1, globally: 1)
2011-07-13 10:47:57,123 [main] DEBUG org.hibernate.util.JDBCExceptionReporter - could not insert: [freedays.domain.RegularUser] [insert into regular_user (activ, creationdate, deleted, email, firstname, lastmodified, password, surename, usermodify, username, version) values (?, ?, ?, ?, ?, ?, ?, ?, ?, ?, ?)]
com.mysql.jdbc.exceptions.jdbc4.MySQLIntegrityConstraintViolationException: Column &apos;usermodify&apos; cannot be null
	at sun.reflect.NativeConstructorAccessorImpl.newInstance0(Native Method)
	at sun.reflect.NativeConstructorAccessorImpl.newInstance(NativeConstructorAccessorImpl.java:39)
	at sun.reflect.DelegatingConstructorAccessorImpl.newInstance(DelegatingConstructorAccessorImpl.java:27)
	at java.lang.reflect.Constructor.newInstance(Constructor.java:513)
	at com.mysql.jdbc.Util.handleNewInstance(Util.java:411)
	at com.mysql.jdbc.Util.getInstance(Util.java:386)
	at com.mysql.jdbc.SQLError.createSQLException(SQLError.java:1039)
	at com.mysql.jdbc.MysqlIO.checkErrorPacket(MysqlIO.java:3597)
	at com.mysql.jdbc.MysqlIO.checkErrorPacket(MysqlIO.java:3529)
	at com.mysql.jdbc.MysqlIO.sendCommand(MysqlIO.java:1990)
	at com.mysql.jdbc.MysqlIO.sqlQueryDirect(MysqlIO.java:2151)
	at com.mysql.jdbc.ConnectionImpl.execSQL(ConnectionImpl.java:2625)
	at com.mysql.jdbc.PreparedStatement.executeInternal(PreparedStatement.java:2119)
	at com.mysql.jdbc.PreparedStatement.executeUpdate(PreparedStatement.java:2415)
	at com.mysql.jdbc.PreparedStatement.executeUpdate(PreparedStatement.java:2333)
	at com.mysql.jdbc.PreparedStatement.executeUpdate(PreparedStatement.java:2318)
	at org.apache.commons.dbcp.DelegatingPreparedStatement.executeUpdate(DelegatingPreparedStatement.java:105)
	at org.apache.commons.dbcp.DelegatingPreparedStatement.executeUpdate(DelegatingPreparedStatement.java:105)
	at org.hibernate.id.IdentityGenerator$GetGeneratedKeysDelegate.executeAndExtract(IdentityGenerator.java:94)
	at org.hibernate.id.insert.AbstractReturningDelegate.performInsert(AbstractReturningDelegate.java:57)
	at org.hibernate.persister.entity.AbstractEntityPersister.insert(AbstractEntityPersister.java:2345)
	at org.hibernate.persister.entity.AbstractEntityPersister.insert(AbstractEntityPersister.java:2852)
	at org.hibernate.action.EntityIdentityInsertAction.execute(EntityIdentityInsertAction.java:71)
	at org.hibernate.engine.ActionQueue.execute(ActionQueue.java:273)
	at org.hibernate.event.def.AbstractSaveEventListener.performSaveOrReplicate(AbstractSaveEventListener.java:320)
	at org.hibernate.event.def.AbstractSaveEventListener.performSave(AbstractSaveEventListener.java:203)
	at org.hibernate.event.def.AbstractSaveEventListener.saveWithGeneratedId(AbstractSaveEventListener.java:129)
	at org.hibernate.ejb.event.EJB3PersistEventListener.saveWithGeneratedId(EJB3PersistEventListener.java:69)
	at org.hibernate.event.def.DefaultPersistEventListener.entityIsTransient(DefaultPersistEventListener.java:179)
	at org.hibernate.event.def.DefaultPersistEventListener.onPersist(DefaultPersistEventListener.java:135)
	at org.hibernate.event.def.DefaultPersistEventListener.onPersist(DefaultPersistEventListener.java:61)
	at org.hibernate.impl.SessionImpl.firePersist(SessionImpl.java:808)
	at org.hibernate.impl.SessionImpl.persist(SessionImpl.java:782)
	at org.hibernate.impl.SessionImpl.persist(SessionImpl.java:786)
	at org.hibernate.ejb.AbstractEntityManagerImpl.persist(AbstractEntityManagerImpl.java:672)
	at sun.reflect.GeneratedMethodAccessor10.invoke(Unknown Source)
	at sun.reflect.DelegatingMethodAccessorImpl.invoke(DelegatingMethodAccessorImpl.java:25)
	at java.lang.reflect.Method.invoke(Method.java:597)
	at org.springframework.orm.jpa.SharedEntityManagerCreator$SharedEntityManagerInvocationHandler.invoke(SharedEntityManagerCreator.java:240)
	at $Proxy41.persist(Unknown Source)
	at freedays.domain.RegularUser_Roo_Entity.ajc$interMethod$freedays_domain_RegularUser_Roo_Entity$freedays_domain_RegularUser$persist(RegularUser_Roo_Entity.aj:55)
	at freedays.domain.RegularUser.persist(RegularUser.java:1)
	at freedays.domain.RegularUser_Roo_Entity.ajc$interMethodDispatch1$freedays_domain_RegularUser_Roo_Entity$freedays_domain_RegularUser$persist(RegularUser_Roo_Entity.aj)
	at freedays.domain.RegularUserDataOnDemand_Roo_DataOnDemand.ajc$interMethod$freedays_domain_RegularUserDataOnDemand_Roo_DataOnDemand$freedays_domain_RegularUserDataOnDemand$init(RegularUserDataOnDemand_Roo_DataOnDemand.aj:112)
	at freedays.domain.RegularUserDataOnDemand.init(RegularUserDataOnDemand.java:1)
	at freedays.domain.RegularUserDataOnDemand_Roo_DataOnDemand.ajc$interMethodDispatch1$freedays_domain_RegularUserDataOnDemand_Roo_DataOnDemand$freedays_domain_RegularUserDataOnDemand$init(RegularUserDataOnDemand_Roo_DataOnDemand.aj)
	at freedays.domain.RegularUserDataOnDemand_Roo_DataOnDemand.ajc$interMethod$freedays_domain_RegularUserDataOnDemand_Roo_DataOnDemand$freedays_domain_RegularUserDataOnDemand$getRandomRegularUser(RegularUserDataOnDemand_Roo_DataOnDemand.aj:93)
	at freedays.domain.RegularUserDataOnDemand.getRandomRegularUser(RegularUserDataOnDemand.java:1)
	at freedays.domain.RegularUserDataOnDemand_Roo_DataOnDemand.ajc$interMethodDispatch1$freedays_domain_RegularUserDataOnDemand_Roo_DataOnDemand$freedays_domain_RegularUserDataOnDemand$getRandomRegularUser(RegularUserDataOnDemand_Roo_DataOnDemand.aj)
	at freedays.app.FDUserDataOnDemand_Roo_DataOnDemand.ajc$interMethod$freedays_app_FDUserDataOnDemand_Roo_DataOnDemand$freedays_app_FDUserDataOnDemand$setRegularUser(FDUserDataOnDemand_Roo_DataOnDemand.aj:39)
	at freedays.app.FDUserDataOnDemand.setRegularUser(FDUserDataOnDemand.java:1)
	at freedays.app.FDUserDataOnDemand_Roo_DataOnDemand.ajc$interMethodDispatch1$freedays_app_FDUserDataOnDemand_Roo_DataOnDemand$freedays_app_FDUserDataOnDemand$setRegularUser(FDUserDataOnDemand_Roo_DataOnDemand.aj)
	at freedays.app.FDUserDataOnDemand_Roo_DataOnDemand.ajc$interMethod$freedays_app_FDUserDataOnDemand_Roo_DataOnDemand$freedays_app_FDUserDataOnDemand$getNewTransientFDUser(FDUserDataOnDemand_Roo_DataOnDemand.aj:30)
	at freedays.app.FDUserDataOnDemand.getNewTransientFDUser(FDUserDataOnDemand.java:1)
	at freedays.app.FDUserDataOnDemand_Roo_DataOnDemand.ajc$interMethodDispatch1$freedays_app_FDUserDataOnDemand_Roo_DataOnDemand$freedays_app_FDUserDataOnDemand$getNewTransientFDUser(FDUserDataOnDemand_Roo_DataOnDemand.aj)
	at freedays.app.FDUserDataOnDemand_Roo_DataOnDemand.ajc$interMethod$freedays_app_FDUserDataOnDemand_Roo_DataOnDemand$freedays_app_FDUserDataOnDemand$init(FDUserDataOnDemand_Roo_DataOnDemand.aj:96)
	at freedays.app.FDUserDataOnDemand.init(FDUserDataOnDemand.java:1)
	at freedays.app.FDUserDataOnDemand_Roo_DataOnDemand.ajc$interMethodDispatch1$freedays_app_FDUserDataOnDemand_Roo_DataOnDemand$freedays_app_FDUserDataOnDemand$init(FDUserDataOnDemand_Roo_DataOnDemand.aj)
	at freedays.app.FDUserDataOnDemand_Roo_DataOnDemand.ajc$interMethod$freedays_app_FDUserDataOnDemand_Roo_DataOnDemand$freedays_app_FDUserDataOnDemand$getRandomFDUser(FDUserDataOnDemand_Roo_DataOnDemand.aj:78)
	at freedays.app.FDUserDataOnDemand.getRandomFDUser(FDUserDataOnDemand.java:1)
	at freedays.app.FDUserDataOnDemand_Roo_DataOnDemand.ajc$interMethodDispatch1$freedays_app_FDUserDataOnDemand_Roo_DataOnDemand$freedays_app_FDUserDataOnDemand$getRandomFDUser(FDUserDataOnDemand_Roo_DataOnDemand.aj)
	at freedays.app.FDUserIntegrationTest_Roo_IntegrationTest.ajc$interMethod$freedays_app_FDUserIntegrationTest_Roo_IntegrationTest$freedays_app_FDUserIntegrationTest$testFindFDUser(FDUserIntegrationTest_Roo_IntegrationTest.aj:34)
	at freedays.app.FDUserIntegrationTest.testFindFDUser(FDUserIntegrationTest.java:1)
	at sun.reflect.NativeMethodAccessorImpl.invoke0(Native Method)
	at sun.reflect.NativeMethodAccessorImpl.invoke(NativeMethodAccessorImpl.java:39)
	at sun.reflect.DelegatingMethodAccessorImpl.invoke(DelegatingMethodAccessorImpl.java:25)
	at java.lang.reflect.Method.invoke(Method.java:597)
	at org.junit.runners.model.FrameworkMethod$1.runReflectiveCall(FrameworkMethod.java:44)
	at org.junit.internal.runners.model.ReflectiveCallable.run(ReflectiveCallable.java:15)
	at org.junit.runners.model.FrameworkMethod.invokeExplosively(FrameworkMethod.java:41)
	at org.junit.internal.runners.statements.InvokeMethod.evaluate(InvokeMethod.java:20)
	at org.springframework.test.context.junit4.statements.RunBeforeTestMethodCallbacks.evaluate(RunBeforeTestMethodCallbacks.java:74)
	at org.springframework.test.context.junit4.statements.RunAfterTestMethodCallbacks.evaluate(RunAfterTestMethodCallbacks.java:82)
	at org.springframework.test.context.junit4.statements.SpringRepeat.evaluate(SpringRepeat.java:72)
	at org.springframework.test.context.junit4.SpringJUnit4ClassRunner.runChild(SpringJUnit4ClassRunner.java:240)
	at org.junit.runners.BlockJUnit4ClassRunner.runChild(BlockJUnit4ClassRunner.java:49)
	at org.junit.runners.ParentRunner$3.run(ParentRunner.java:193)
	at org.junit.runners.ParentRunner$1.schedule(ParentRunner.java:52)
	at org.junit.runners.ParentRunner.runChildren(ParentRunner.java:191)
	at org.junit.runners.ParentRunner.access$000(ParentRunner.java:42)
	at org.junit.runners.ParentRunner$2.evaluate(ParentRunner.java:184)
	at org.springframework.test.context.junit4.statements.RunBeforeTestClassCallbacks.evaluate(RunBeforeTestClassCallbacks.java:61)
	at org.springframework.test.context.junit4.statements.RunAfterTestClassCallbacks.evaluate(RunAfterTestClassCallbacks.java:70)
	at org.junit.runners.ParentRunner.run(ParentRunner.java:236)
	at org.springframework.test.context.junit4.SpringJUnit4ClassRunner.run(SpringJUnit4ClassRunner.java:180)
	at org.apache.maven.surefire.junit4.JUnit4TestSet.execute(JUnit4TestSet.java:35)
	at org.apache.maven.surefire.junit4.JUnit4Provider.executeTestSet(JUnit4Provider.java:115)
	at org.apache.maven.surefire.junit4.JUnit4Provider.invoke(JUnit4Provider.java:97)
	at sun.reflect.NativeMethodAccessorImpl.invoke0(Native Method)
	at sun.reflect.NativeMethodAccessorImpl.invoke(NativeMethodAccessorImpl.java:39)
	at sun.reflect.DelegatingMethodAccessorImpl.invoke(DelegatingMethodAccessorImpl.java:25)
	at java.lang.reflect.Method.invoke(Method.java:597)
	at org.apache.maven.surefire.booter.ProviderFactory$ClassLoaderProxy.invoke(ProviderFactory.java:103)
	at $Proxy0.invoke(Unknown Source)
	at org.apache.maven.surefire.booter.SurefireStarter.invokeProvider(SurefireStarter.java:150)
	at org.apache.maven.surefire.booter.SurefireStarter.runSuitesInProcess(SurefireStarter.java:91)
	at org.apache.maven.surefire.booter.ForkedBooter.main(ForkedBooter.java:69)
2011-07-13 10:47:57,124 [main] WARN  org.hibernate.util.JDBCExceptionReporter - SQL Error: 1048, SQLState: 23000
2011-07-13 10:47:57,124 [main] ERROR org.hibernate.util.JDBCExceptionReporter - Column &apos;usermodify&apos; cannot be null
2011-07-13 10:47:57,124 [main] DEBUG org.hibernate.ejb.AbstractEntityManagerImpl - mark transaction for rollback
2011-07-13 10:47:57,124 [main] DEBUG org.springframework.orm.jpa.JpaTransactionManager - Participating transaction failed - marking existing transaction as rollback-only
2011-07-13 10:47:57,124 [main] DEBUG org.springframework.orm.jpa.JpaTransactionManager - Setting JPA transaction on EntityManager [org.hibernate.ejb.EntityManagerImpl@21495bb8] rollback-only
2011-07-13 10:47:57,124 [main] DEBUG org.springframework.orm.jpa.JpaTransactionManager - Participating transaction failed - marking existing transaction as rollback-only
2011-07-13 10:47:57,124 [main] DEBUG org.springframework.orm.jpa.JpaTransactionManager - Setting JPA transaction on EntityManager [org.hibernate.ejb.EntityManagerImpl@21495bb8] rollback-only
2011-07-13 10:47:57,124 [main] DEBUG org.springframework.test.context.transaction.TransactionalTestExecutionListener - No method-level @Rollback override: using default rollback [true] for test context [[TestContext@461d318f testClass = FDUserIntegrationTest, locations = array&lt;String&gt;[&apos;classpath:/META-INF/spring/applicationContext.xml&apos;], testInstance = freedays.app.FDUserIntegrationTest@1a5a58e0, testMethod = testFindFDUser@FDUserIntegrationTest, testException = org.springframework.orm.jpa.JpaSystemException: org.hibernate.exception.ConstraintViolationException: could not insert: [freedays.domain.RegularUser]; nested exception is javax.persistence.PersistenceException: org.hibernate.exception.ConstraintViolationException: could not insert: [freedays.domain.RegularUser]]]
2011-07-13 10:47:57,124 [main] DEBUG org.springframework.orm.jpa.JpaTransactionManager - Initiating transaction rollback
2011-07-13 10:47:57,124 [main] DEBUG org.springframework.orm.jpa.JpaTransactionManager - Rolling back JPA transaction on EntityManager [org.hibernate.ejb.EntityManagerImpl@21495bb8]
2011-07-13 10:47:57,124 [main] DEBUG org.hibernate.transaction.JDBCTransaction - rollback
2011-07-13 10:47:57,125 [main] DEBUG org.hibernate.transaction.JDBCTransaction - re-enabling autocommit
2011-07-13 10:47:57,126 [main] DEBUG org.hibernate.transaction.JDBCTransaction - rolled back JDBC Connection
2011-07-13 10:47:57,126 [main] DEBUG org.hibernate.jdbc.ConnectionManager - aggressively releasing JDBC connection
2011-07-13 10:47:57,126 [main] DEBUG org.hibernate.jdbc.ConnectionManager - releasing JDBC connection [ (open PreparedStatements: 0, globally: 0) (open ResultSets: 0, globally: 0)]
2011-07-13 10:47:57,126 [main] DEBUG org.springframework.orm.jpa.JpaTransactionManager - Closing JPA EntityManager [org.hibernate.ejb.EntityManagerImpl@21495bb8] after transaction
2011-07-13 10:47:57,126 [main] DEBUG org.springframework.orm.jpa.EntityManagerFactoryUtils - Closing JPA EntityManager
2011-07-13 10:47:57,126 [main] INFO  org.springframework.test.context.transaction.TransactionalTestExecutionListener - Rolled back transaction after test execution for test context [[TestContext@461d318f testClass = FDUserIntegrationTest, locations = array&lt;String&gt;[&apos;classpath:/META-INF/spring/applicationContext.xml&apos;], testInstance = freedays.app.FDUserIntegrationTest@1a5a58e0, testMethod = testFindFDUser@FDUserIntegrationTest, testException = org.springframework.orm.jpa.JpaSystemException: org.hibernate.exception.ConstraintViolationException: could not insert: [freedays.domain.RegularUser]; nested exception is javax.persistence.PersistenceException: org.hibernate.exception.ConstraintViolationException: could not insert: [freedays.domain.RegularUser]]]
2011-07-13 10:47:57,127 [main] DEBUG org.springframework.test.context.support.DirtiesContextTestExecutionListener - After test method: context [[TestContext@461d318f testClass = FDUserIntegrationTest, locations = array&lt;String&gt;[&apos;classpath:/META-INF/spring/applicationContext.xml&apos;], testInstance = freedays.app.FDUserIntegrationTest@1a5a58e0, testMethod = testFindFDUser@FDUserIntegrationTest, testException = org.springframework.orm.jpa.JpaSystemException: org.hibernate.exception.ConstraintViolationException: could not insert: [freedays.domain.RegularUser]; nested exception is javax.persistence.PersistenceException: org.hibernate.exception.ConstraintViolationException: could not insert: [freedays.domain.RegularUser]]], class dirties context [false], class mode [null], method dirties context [false].
</system-out>
  </testcase>
  <testcase time="0.014" classname="freedays.app.FDUserIntegrationTest" name="testFindAllFDUsers">
    <error message="org.hibernate.exception.ConstraintViolationException: could not insert: [freedays.domain.RegularUser]; nested exception is javax.persistence.PersistenceException: org.hibernate.exception.ConstraintViolationException: could not insert: [freedays.domain.RegularUser]" type="org.springframework.orm.jpa.JpaSystemException">org.springframework.orm.jpa.JpaSystemException: org.hibernate.exception.ConstraintViolationException: could not insert: [freedays.domain.RegularUser]; nested exception is javax.persistence.PersistenceException: org.hibernate.exception.ConstraintViolationException: could not insert: [freedays.domain.RegularUser]
	at org.springframework.orm.jpa.EntityManagerFactoryUtils.convertJpaAccessExceptionIfPossible(EntityManagerFactoryUtils.java:311)
	at org.springframework.orm.jpa.aspectj.JpaExceptionTranslatorAspect.ajc$afterThrowing$org_springframework_orm_jpa_aspectj_JpaExceptionTranslatorAspect$1$18a1ac9(JpaExceptionTranslatorAspect.aj:15)
	at freedays.domain.RegularUser_Roo_Entity.ajc$interMethod$freedays_domain_RegularUser_Roo_Entity$freedays_domain_RegularUser$persist(RegularUser_Roo_Entity.aj:55)
	at freedays.domain.RegularUser.persist(RegularUser.java:1)
	at freedays.domain.RegularUser_Roo_Entity.ajc$interMethodDispatch1$freedays_domain_RegularUser_Roo_Entity$freedays_domain_RegularUser$persist(RegularUser_Roo_Entity.aj)
	at freedays.domain.RegularUserDataOnDemand_Roo_DataOnDemand.ajc$interMethod$freedays_domain_RegularUserDataOnDemand_Roo_DataOnDemand$freedays_domain_RegularUserDataOnDemand$init(RegularUserDataOnDemand_Roo_DataOnDemand.aj:112)
	at freedays.domain.RegularUserDataOnDemand.init(RegularUserDataOnDemand.java:1)
	at freedays.domain.RegularUserDataOnDemand_Roo_DataOnDemand.ajc$interMethodDispatch1$freedays_domain_RegularUserDataOnDemand_Roo_DataOnDemand$freedays_domain_RegularUserDataOnDemand$init(RegularUserDataOnDemand_Roo_DataOnDemand.aj)
	at freedays.domain.RegularUserDataOnDemand_Roo_DataOnDemand.ajc$interMethod$freedays_domain_RegularUserDataOnDemand_Roo_DataOnDemand$freedays_domain_RegularUserDataOnDemand$getRandomRegularUser(RegularUserDataOnDemand_Roo_DataOnDemand.aj:93)
	at freedays.domain.RegularUserDataOnDemand.getRandomRegularUser(RegularUserDataOnDemand.java:1)
	at freedays.domain.RegularUserDataOnDemand_Roo_DataOnDemand.ajc$interMethodDispatch1$freedays_domain_RegularUserDataOnDemand_Roo_DataOnDemand$freedays_domain_RegularUserDataOnDemand$getRandomRegularUser(RegularUserDataOnDemand_Roo_DataOnDemand.aj)
	at freedays.app.FDUserDataOnDemand_Roo_DataOnDemand.ajc$interMethod$freedays_app_FDUserDataOnDemand_Roo_DataOnDemand$freedays_app_FDUserDataOnDemand$setRegularUser(FDUserDataOnDemand_Roo_DataOnDemand.aj:39)
	at freedays.app.FDUserDataOnDemand.setRegularUser(FDUserDataOnDemand.java:1)
	at freedays.app.FDUserDataOnDemand_Roo_DataOnDemand.ajc$interMethodDispatch1$freedays_app_FDUserDataOnDemand_Roo_DataOnDemand$freedays_app_FDUserDataOnDemand$setRegularUser(FDUserDataOnDemand_Roo_DataOnDemand.aj)
	at freedays.app.FDUserDataOnDemand_Roo_DataOnDemand.ajc$interMethod$freedays_app_FDUserDataOnDemand_Roo_DataOnDemand$freedays_app_FDUserDataOnDemand$getNewTransientFDUser(FDUserDataOnDemand_Roo_DataOnDemand.aj:30)
	at freedays.app.FDUserDataOnDemand.getNewTransientFDUser(FDUserDataOnDemand.java:1)
	at freedays.app.FDUserDataOnDemand_Roo_DataOnDemand.ajc$interMethodDispatch1$freedays_app_FDUserDataOnDemand_Roo_DataOnDemand$freedays_app_FDUserDataOnDemand$getNewTransientFDUser(FDUserDataOnDemand_Roo_DataOnDemand.aj)
	at freedays.app.FDUserDataOnDemand_Roo_DataOnDemand.ajc$interMethod$freedays_app_FDUserDataOnDemand_Roo_DataOnDemand$freedays_app_FDUserDataOnDemand$init(FDUserDataOnDemand_Roo_DataOnDemand.aj:96)
	at freedays.app.FDUserDataOnDemand.init(FDUserDataOnDemand.java:1)
	at freedays.app.FDUserDataOnDemand_Roo_DataOnDemand.ajc$interMethodDispatch1$freedays_app_FDUserDataOnDemand_Roo_DataOnDemand$freedays_app_FDUserDataOnDemand$init(FDUserDataOnDemand_Roo_DataOnDemand.aj)
	at freedays.app.FDUserDataOnDemand_Roo_DataOnDemand.ajc$interMethod$freedays_app_FDUserDataOnDemand_Roo_DataOnDemand$freedays_app_FDUserDataOnDemand$getRandomFDUser(FDUserDataOnDemand_Roo_DataOnDemand.aj:78)
	at freedays.app.FDUserDataOnDemand.getRandomFDUser(FDUserDataOnDemand.java:1)
	at freedays.app.FDUserDataOnDemand_Roo_DataOnDemand.ajc$interMethodDispatch1$freedays_app_FDUserDataOnDemand_Roo_DataOnDemand$freedays_app_FDUserDataOnDemand$getRandomFDUser(FDUserDataOnDemand_Roo_DataOnDemand.aj)
	at freedays.app.FDUserIntegrationTest_Roo_IntegrationTest.ajc$interMethod$freedays_app_FDUserIntegrationTest_Roo_IntegrationTest$freedays_app_FDUserIntegrationTest$testFindAllFDUsers(FDUserIntegrationTest_Roo_IntegrationTest.aj:45)
	at freedays.app.FDUserIntegrationTest.testFindAllFDUsers(FDUserIntegrationTest.java:1)
	at sun.reflect.NativeMethodAccessorImpl.invoke0(Native Method)
	at sun.reflect.NativeMethodAccessorImpl.invoke(NativeMethodAccessorImpl.java:39)
	at sun.reflect.DelegatingMethodAccessorImpl.invoke(DelegatingMethodAccessorImpl.java:25)
	at java.lang.reflect.Method.invoke(Method.java:597)
	at org.junit.runners.model.FrameworkMethod$1.runReflectiveCall(FrameworkMethod.java:44)
	at org.junit.internal.runners.model.ReflectiveCallable.run(ReflectiveCallable.java:15)
	at org.junit.runners.model.FrameworkMethod.invokeExplosively(FrameworkMethod.java:41)
	at org.junit.internal.runners.statements.InvokeMethod.evaluate(InvokeMethod.java:20)
	at org.springframework.test.context.junit4.statements.RunBeforeTestMethodCallbacks.evaluate(RunBeforeTestMethodCallbacks.java:74)
	at org.springframework.test.context.junit4.statements.RunAfterTestMethodCallbacks.evaluate(RunAfterTestMethodCallbacks.java:82)
	at org.springframework.test.context.junit4.statements.SpringRepeat.evaluate(SpringRepeat.java:72)
	at org.springframework.test.context.junit4.SpringJUnit4ClassRunner.runChild(SpringJUnit4ClassRunner.java:240)
	at org.junit.runners.BlockJUnit4ClassRunner.runChild(BlockJUnit4ClassRunner.java:49)
	at org.junit.runners.ParentRunner$3.run(ParentRunner.java:193)
	at org.junit.runners.ParentRunner$1.schedule(ParentRunner.java:52)
	at org.junit.runners.ParentRunner.runChildren(ParentRunner.java:191)
	at org.junit.runners.ParentRunner.access$000(ParentRunner.java:42)
	at org.junit.runners.ParentRunner$2.evaluate(ParentRunner.java:184)
	at org.springframework.test.context.junit4.statements.RunBeforeTestClassCallbacks.evaluate(RunBeforeTestClassCallbacks.java:61)
	at org.springframework.test.context.junit4.statements.RunAfterTestClassCallbacks.evaluate(RunAfterTestClassCallbacks.java:70)
	at org.junit.runners.ParentRunner.run(ParentRunner.java:236)
	at org.springframework.test.context.junit4.SpringJUnit4ClassRunner.run(SpringJUnit4ClassRunner.java:180)
	at org.apache.maven.surefire.junit4.JUnit4TestSet.execute(JUnit4TestSet.java:35)
	at org.apache.maven.surefire.junit4.JUnit4Provider.executeTestSet(JUnit4Provider.java:115)
	at org.apache.maven.surefire.junit4.JUnit4Provider.invoke(JUnit4Provider.java:97)
	at sun.reflect.NativeMethodAccessorImpl.invoke0(Native Method)
	at sun.reflect.NativeMethodAccessorImpl.invoke(NativeMethodAccessorImpl.java:39)
	at sun.reflect.DelegatingMethodAccessorImpl.invoke(DelegatingMethodAccessorImpl.java:25)
	at java.lang.reflect.Method.invoke(Method.java:597)
	at org.apache.maven.surefire.booter.ProviderFactory$ClassLoaderProxy.invoke(ProviderFactory.java:103)
	at $Proxy0.invoke(Unknown Source)
	at org.apache.maven.surefire.booter.SurefireStarter.invokeProvider(SurefireStarter.java:150)
	at org.apache.maven.surefire.booter.SurefireStarter.runSuitesInProcess(SurefireStarter.java:91)
	at org.apache.maven.surefire.booter.ForkedBooter.main(ForkedBooter.java:69)
Caused by: javax.persistence.PersistenceException: org.hibernate.exception.ConstraintViolationException: could not insert: [freedays.domain.RegularUser]
	at org.hibernate.ejb.AbstractEntityManagerImpl.convert(AbstractEntityManagerImpl.java:1214)
	at org.hibernate.ejb.AbstractEntityManagerImpl.convert(AbstractEntityManagerImpl.java:1147)
	at org.hibernate.ejb.AbstractEntityManagerImpl.convert(AbstractEntityManagerImpl.java:1153)
	at org.hibernate.ejb.AbstractEntityManagerImpl.persist(AbstractEntityManagerImpl.java:678)
	at sun.reflect.GeneratedMethodAccessor10.invoke(Unknown Source)
	at sun.reflect.DelegatingMethodAccessorImpl.invoke(DelegatingMethodAccessorImpl.java:25)
	at java.lang.reflect.Method.invoke(Method.java:597)
	at org.springframework.orm.jpa.SharedEntityManagerCreator$SharedEntityManagerInvocationHandler.invoke(SharedEntityManagerCreator.java:240)
	at $Proxy41.persist(Unknown Source)
	... 57 more
Caused by: org.hibernate.exception.ConstraintViolationException: could not insert: [freedays.domain.RegularUser]
	at org.hibernate.exception.SQLStateConverter.convert(SQLStateConverter.java:96)
	at org.hibernate.exception.JDBCExceptionHelper.convert(JDBCExceptionHelper.java:66)
	at org.hibernate.id.insert.AbstractReturningDelegate.performInsert(AbstractReturningDelegate.java:64)
	at org.hibernate.persister.entity.AbstractEntityPersister.insert(AbstractEntityPersister.java:2345)
	at org.hibernate.persister.entity.AbstractEntityPersister.insert(AbstractEntityPersister.java:2852)
	at org.hibernate.action.EntityIdentityInsertAction.execute(EntityIdentityInsertAction.java:71)
	at org.hibernate.engine.ActionQueue.execute(ActionQueue.java:273)
	at org.hibernate.event.def.AbstractSaveEventListener.performSaveOrReplicate(AbstractSaveEventListener.java:320)
	at org.hibernate.event.def.AbstractSaveEventListener.performSave(AbstractSaveEventListener.java:203)
	at org.hibernate.event.def.AbstractSaveEventListener.saveWithGeneratedId(AbstractSaveEventListener.java:129)
	at org.hibernate.ejb.event.EJB3PersistEventListener.saveWithGeneratedId(EJB3PersistEventListener.java:69)
	at org.hibernate.event.def.DefaultPersistEventListener.entityIsTransient(DefaultPersistEventListener.java:179)
	at org.hibernate.event.def.DefaultPersistEventListener.onPersist(DefaultPersistEventListener.java:135)
	at org.hibernate.event.def.DefaultPersistEventListener.onPersist(DefaultPersistEventListener.java:61)
	at org.hibernate.impl.SessionImpl.firePersist(SessionImpl.java:808)
	at org.hibernate.impl.SessionImpl.persist(SessionImpl.java:782)
	at org.hibernate.impl.SessionImpl.persist(SessionImpl.java:786)
	at org.hibernate.ejb.AbstractEntityManagerImpl.persist(AbstractEntityManagerImpl.java:672)
	... 62 more
Caused by: com.mysql.jdbc.exceptions.jdbc4.MySQLIntegrityConstraintViolationException: Column &apos;usermodify&apos; cannot be null
	at sun.reflect.NativeConstructorAccessorImpl.newInstance0(Native Method)
	at sun.reflect.NativeConstructorAccessorImpl.newInstance(NativeConstructorAccessorImpl.java:39)
	at sun.reflect.DelegatingConstructorAccessorImpl.newInstance(DelegatingConstructorAccessorImpl.java:27)
	at java.lang.reflect.Constructor.newInstance(Constructor.java:513)
	at com.mysql.jdbc.Util.handleNewInstance(Util.java:411)
	at com.mysql.jdbc.Util.getInstance(Util.java:386)
	at com.mysql.jdbc.SQLError.createSQLException(SQLError.java:1039)
	at com.mysql.jdbc.MysqlIO.checkErrorPacket(MysqlIO.java:3597)
	at com.mysql.jdbc.MysqlIO.checkErrorPacket(MysqlIO.java:3529)
	at com.mysql.jdbc.MysqlIO.sendCommand(MysqlIO.java:1990)
	at com.mysql.jdbc.MysqlIO.sqlQueryDirect(MysqlIO.java:2151)
	at com.mysql.jdbc.ConnectionImpl.execSQL(ConnectionImpl.java:2625)
	at com.mysql.jdbc.PreparedStatement.executeInternal(PreparedStatement.java:2119)
	at com.mysql.jdbc.PreparedStatement.executeUpdate(PreparedStatement.java:2415)
	at com.mysql.jdbc.PreparedStatement.executeUpdate(PreparedStatement.java:2333)
	at com.mysql.jdbc.PreparedStatement.executeUpdate(PreparedStatement.java:2318)
	at org.apache.commons.dbcp.DelegatingPreparedStatement.executeUpdate(DelegatingPreparedStatement.java:105)
	at org.apache.commons.dbcp.DelegatingPreparedStatement.executeUpdate(DelegatingPreparedStatement.java:105)
	at org.hibernate.id.IdentityGenerator$GetGeneratedKeysDelegate.executeAndExtract(IdentityGenerator.java:94)
	at org.hibernate.id.insert.AbstractReturningDelegate.performInsert(AbstractReturningDelegate.java:57)
	... 77 more
</error>
    <system-out>2011-07-13 10:47:57,128 [main] DEBUG org.springframework.test.annotation.ProfileValueUtils - Retrieved @ProfileValueSourceConfiguration [null] for test class [freedays.app.FDUserIntegrationTest]
2011-07-13 10:47:57,129 [main] DEBUG org.springframework.test.annotation.ProfileValueUtils - Retrieved ProfileValueSource type [class org.springframework.test.annotation.SystemProfileValueSource] for class [freedays.app.FDUserIntegrationTest]
2011-07-13 10:47:57,129 [main] DEBUG org.springframework.beans.factory.annotation.InjectionMetadata - Processing injected method of bean &apos;freedays.app.FDUserIntegrationTest&apos;: AutowiredFieldElement for private freedays.app.FDUserDataOnDemand freedays.app.FDUserIntegrationTest.dod
2011-07-13 10:47:57,129 [main] DEBUG org.springframework.beans.factory.support.DefaultListableBeanFactory - Returning cached instance of singleton bean &apos;FDUserDataOnDemand&apos;
2011-07-13 10:47:57,129 [main] DEBUG org.springframework.test.context.support.DependencyInjectionTestExecutionListener - Performing dependency injection for test context [[TestContext@461d318f testClass = FDUserIntegrationTest, locations = array&lt;String&gt;[&apos;classpath:/META-INF/spring/applicationContext.xml&apos;], testInstance = freedays.app.FDUserIntegrationTest@62ee558f, testMethod = [null], testException = [null]]].
2011-07-13 10:47:57,129 [main] DEBUG org.springframework.beans.factory.annotation.InjectionMetadata - Processing injected method of bean &apos;freedays.app.FDUserIntegrationTest&apos;: AutowiredFieldElement for private freedays.app.FDUserDataOnDemand freedays.app.FDUserIntegrationTest.dod
2011-07-13 10:47:57,129 [main] DEBUG org.springframework.beans.factory.support.DefaultListableBeanFactory - Returning cached instance of singleton bean &apos;FDUserDataOnDemand&apos;
2011-07-13 10:47:57,129 [main] DEBUG org.springframework.transaction.annotation.AnnotationTransactionAttributeSource - Adding transactional method &apos;testFindAllFDUsers&apos; with attribute: PROPAGATION_REQUIRED,ISOLATION_DEFAULT; &apos;&apos;
2011-07-13 10:47:57,129 [main] DEBUG org.springframework.test.context.transaction.TransactionalTestExecutionListener - Explicit transaction definition [PROPAGATION_REQUIRED,ISOLATION_DEFAULT; &apos;&apos;] found for test context [[TestContext@461d318f testClass = FDUserIntegrationTest, locations = array&lt;String&gt;[&apos;classpath:/META-INF/spring/applicationContext.xml&apos;], testInstance = freedays.app.FDUserIntegrationTest@62ee558f, testMethod = testFindAllFDUsers@FDUserIntegrationTest, testException = [null]]]
2011-07-13 10:47:57,129 [main] DEBUG org.springframework.beans.factory.support.DefaultListableBeanFactory - Returning cached instance of singleton bean &apos;transactionManager&apos;
2011-07-13 10:47:57,129 [main] DEBUG org.springframework.orm.jpa.JpaTransactionManager - Creating new transaction with name [testFindAllFDUsers]: PROPAGATION_REQUIRED,ISOLATION_DEFAULT; &apos;&apos;
2011-07-13 10:47:57,130 [main] DEBUG org.hibernate.impl.SessionImpl - opened session at timestamp: 13105432771
2011-07-13 10:47:57,130 [main] DEBUG org.springframework.orm.jpa.JpaTransactionManager - Opened new EntityManager [org.hibernate.ejb.EntityManagerImpl@244e5056] for JPA transaction
2011-07-13 10:47:57,130 [main] DEBUG org.hibernate.transaction.JDBCTransaction - begin
2011-07-13 10:47:57,130 [main] DEBUG org.hibernate.jdbc.ConnectionManager - opening JDBC connection
2011-07-13 10:47:57,130 [main] DEBUG org.hibernate.transaction.JDBCTransaction - current autocommit status: true
2011-07-13 10:47:57,130 [main] DEBUG org.hibernate.transaction.JDBCTransaction - disabling autocommit
2011-07-13 10:47:57,131 [main] DEBUG org.springframework.orm.jpa.JpaTransactionManager - Not exposing JPA transaction [org.hibernate.ejb.EntityManagerImpl@244e5056] as JDBC transaction because JpaDialect [org.springframework.orm.jpa.DefaultJpaDialect@962e703] does not support JDBC Connection retrieval
2011-07-13 10:47:57,131 [main] DEBUG org.springframework.test.context.transaction.TransactionalTestExecutionListener - No method-level @Rollback override: using default rollback [true] for test context [[TestContext@461d318f testClass = FDUserIntegrationTest, locations = array&lt;String&gt;[&apos;classpath:/META-INF/spring/applicationContext.xml&apos;], testInstance = freedays.app.FDUserIntegrationTest@62ee558f, testMethod = testFindAllFDUsers@FDUserIntegrationTest, testException = [null]]]
2011-07-13 10:47:57,131 [main] INFO  org.springframework.test.context.transaction.TransactionalTestExecutionListener - Began transaction (8): transaction manager [org.springframework.orm.jpa.JpaTransactionManager@c303a60]; rollback [true]
2011-07-13 10:47:57,131 [main] DEBUG org.springframework.transaction.annotation.AnnotationTransactionAttributeSource - Adding transactional method &apos;testFindAllFDUsers&apos; with attribute: PROPAGATION_REQUIRED,ISOLATION_DEFAULT; &apos;&apos;
2011-07-13 10:47:57,131 [main] DEBUG org.springframework.beans.factory.support.DefaultListableBeanFactory - Returning cached instance of singleton bean &apos;transactionManager&apos;
2011-07-13 10:47:57,131 [main] DEBUG org.springframework.orm.jpa.JpaTransactionManager - Found thread-bound EntityManager [org.hibernate.ejb.EntityManagerImpl@244e5056] for JPA transaction
2011-07-13 10:47:57,131 [main] DEBUG org.springframework.orm.jpa.JpaTransactionManager - Participating in existing transaction
2011-07-13 10:47:57,131 [main] DEBUG org.springframework.beans.factory.annotation.InjectionMetadata - Processing injected method of bean &apos;freedays.domain.ApplicationRegularUser$ApplicationRegularUser_Roo_Entity$1&apos;: PersistenceElement for transient javax.persistence.EntityManager freedays.domain.ApplicationRegularUser.entityManager
2011-07-13 10:47:57,131 [main] DEBUG org.springframework.beans.factory.support.DefaultListableBeanFactory - Returning cached instance of singleton bean &apos;entityManagerFactory&apos;
2011-07-13 10:47:57,131 [main] DEBUG org.hibernate.jdbc.AbstractBatcher - about to open PreparedStatement (open PreparedStatements: 0, globally: 0)
2011-07-13 10:47:57,131 [main] DEBUG org.hibernate.SQL - select fduser0_.id as id0_, fduser0_.granter as granter0_, fduser0_.regular_user as regular4_0_, fduser0_.version as version0_, fduser0_.hire_date as hire1_1_, fduser0_.init_days as init2_1_, fduser0_.max_free_days as max3_1_ from fduser fduser0_ limit ?
2011-07-13 10:47:57,133 [main] DEBUG org.hibernate.jdbc.AbstractBatcher - about to open ResultSet (open ResultSets: 0, globally: 0)
2011-07-13 10:47:57,133 [main] DEBUG org.hibernate.jdbc.AbstractBatcher - about to close ResultSet (open ResultSets: 1, globally: 1)
2011-07-13 10:47:57,133 [main] DEBUG org.hibernate.jdbc.AbstractBatcher - about to close PreparedStatement (open PreparedStatements: 1, globally: 1)
2011-07-13 10:47:57,133 [main] DEBUG org.hibernate.engine.StatefulPersistenceContext - initializing non-lazy collections
2011-07-13 10:47:57,133 [main] DEBUG org.springframework.beans.factory.annotation.InjectionMetadata - Processing injected method of bean &apos;freedays.app.FDUser&apos;: PersistenceElement for transient javax.persistence.EntityManager freedays.domain.ApplicationRegularUser.entityManager
2011-07-13 10:47:57,133 [main] DEBUG org.springframework.beans.factory.support.DefaultListableBeanFactory - Returning cached instance of singleton bean &apos;entityManagerFactory&apos;
2011-07-13 10:47:57,133 [main] DEBUG org.springframework.beans.factory.annotation.InjectionMetadata - Processing injected method of bean &apos;freedays.domain.RegularUser&apos;: PersistenceElement for transient javax.persistence.EntityManager freedays.domain.RegularUser.entityManager
2011-07-13 10:47:57,133 [main] DEBUG org.springframework.beans.factory.support.DefaultListableBeanFactory - Returning cached instance of singleton bean &apos;entityManagerFactory&apos;
2011-07-13 10:47:57,134 [main] DEBUG org.hibernate.jdbc.AbstractBatcher - about to open PreparedStatement (open PreparedStatements: 0, globally: 0)
2011-07-13 10:47:57,134 [main] DEBUG org.hibernate.SQL - select regularuse0_.id as id3_, regularuse0_.activ as activ3_, regularuse0_.creationdate as creation3_3_, regularuse0_.deleted as deleted3_, regularuse0_.email as email3_, regularuse0_.firstname as firstname3_, regularuse0_.lastmodified as lastmodi7_3_, regularuse0_.password as password3_, regularuse0_.surename as surename3_, regularuse0_.usermodify as usermodify3_, regularuse0_.username as username3_, regularuse0_.version as version3_ from regular_user regularuse0_ limit ?
2011-07-13 10:47:57,135 [main] DEBUG org.hibernate.jdbc.AbstractBatcher - about to open ResultSet (open ResultSets: 0, globally: 0)
2011-07-13 10:47:57,135 [main] DEBUG org.hibernate.jdbc.AbstractBatcher - about to close ResultSet (open ResultSets: 1, globally: 1)
2011-07-13 10:47:57,135 [main] DEBUG org.hibernate.jdbc.AbstractBatcher - about to close PreparedStatement (open PreparedStatements: 1, globally: 1)
2011-07-13 10:47:57,135 [main] DEBUG org.hibernate.engine.StatefulPersistenceContext - initializing non-lazy collections
2011-07-13 10:47:57,135 [main] DEBUG org.springframework.beans.factory.annotation.InjectionMetadata - Processing injected method of bean &apos;freedays.domain.RegularUser&apos;: PersistenceElement for transient javax.persistence.EntityManager freedays.domain.RegularUser.entityManager
2011-07-13 10:47:57,135 [main] DEBUG org.springframework.beans.factory.support.DefaultListableBeanFactory - Returning cached instance of singleton bean &apos;entityManagerFactory&apos;
2011-07-13 10:47:57,136 [main] DEBUG org.springframework.beans.factory.support.DefaultListableBeanFactory - Returning cached instance of singleton bean &apos;transactionManager&apos;
2011-07-13 10:47:57,136 [main] DEBUG org.springframework.orm.jpa.JpaTransactionManager - Found thread-bound EntityManager [org.hibernate.ejb.EntityManagerImpl@244e5056] for JPA transaction
2011-07-13 10:47:57,136 [main] DEBUG org.springframework.orm.jpa.JpaTransactionManager - Participating in existing transaction
2011-07-13 10:47:57,136 [main] DEBUG org.hibernate.event.def.AbstractSaveEventListener - executing identity-insert immediately
2011-07-13 10:47:57,136 [main] DEBUG org.hibernate.jdbc.AbstractBatcher - about to open PreparedStatement (open PreparedStatements: 0, globally: 0)
2011-07-13 10:47:57,136 [main] DEBUG org.hibernate.SQL - insert into regular_user (activ, creationdate, deleted, email, firstname, lastmodified, password, surename, usermodify, username, version) values (?, ?, ?, ?, ?, ?, ?, ?, ?, ?, ?)
2011-07-13 10:47:57,138 [main] DEBUG org.hibernate.jdbc.AbstractBatcher - about to close PreparedStatement (open PreparedStatements: 1, globally: 1)
2011-07-13 10:47:57,138 [main] DEBUG org.hibernate.util.JDBCExceptionReporter - could not insert: [freedays.domain.RegularUser] [insert into regular_user (activ, creationdate, deleted, email, firstname, lastmodified, password, surename, usermodify, username, version) values (?, ?, ?, ?, ?, ?, ?, ?, ?, ?, ?)]
com.mysql.jdbc.exceptions.jdbc4.MySQLIntegrityConstraintViolationException: Column &apos;usermodify&apos; cannot be null
	at sun.reflect.NativeConstructorAccessorImpl.newInstance0(Native Method)
	at sun.reflect.NativeConstructorAccessorImpl.newInstance(NativeConstructorAccessorImpl.java:39)
	at sun.reflect.DelegatingConstructorAccessorImpl.newInstance(DelegatingConstructorAccessorImpl.java:27)
	at java.lang.reflect.Constructor.newInstance(Constructor.java:513)
	at com.mysql.jdbc.Util.handleNewInstance(Util.java:411)
	at com.mysql.jdbc.Util.getInstance(Util.java:386)
	at com.mysql.jdbc.SQLError.createSQLException(SQLError.java:1039)
	at com.mysql.jdbc.MysqlIO.checkErrorPacket(MysqlIO.java:3597)
	at com.mysql.jdbc.MysqlIO.checkErrorPacket(MysqlIO.java:3529)
	at com.mysql.jdbc.MysqlIO.sendCommand(MysqlIO.java:1990)
	at com.mysql.jdbc.MysqlIO.sqlQueryDirect(MysqlIO.java:2151)
	at com.mysql.jdbc.ConnectionImpl.execSQL(ConnectionImpl.java:2625)
	at com.mysql.jdbc.PreparedStatement.executeInternal(PreparedStatement.java:2119)
	at com.mysql.jdbc.PreparedStatement.executeUpdate(PreparedStatement.java:2415)
	at com.mysql.jdbc.PreparedStatement.executeUpdate(PreparedStatement.java:2333)
	at com.mysql.jdbc.PreparedStatement.executeUpdate(PreparedStatement.java:2318)
	at org.apache.commons.dbcp.DelegatingPreparedStatement.executeUpdate(DelegatingPreparedStatement.java:105)
	at org.apache.commons.dbcp.DelegatingPreparedStatement.executeUpdate(DelegatingPreparedStatement.java:105)
	at org.hibernate.id.IdentityGenerator$GetGeneratedKeysDelegate.executeAndExtract(IdentityGenerator.java:94)
	at org.hibernate.id.insert.AbstractReturningDelegate.performInsert(AbstractReturningDelegate.java:57)
	at org.hibernate.persister.entity.AbstractEntityPersister.insert(AbstractEntityPersister.java:2345)
	at org.hibernate.persister.entity.AbstractEntityPersister.insert(AbstractEntityPersister.java:2852)
	at org.hibernate.action.EntityIdentityInsertAction.execute(EntityIdentityInsertAction.java:71)
	at org.hibernate.engine.ActionQueue.execute(ActionQueue.java:273)
	at org.hibernate.event.def.AbstractSaveEventListener.performSaveOrReplicate(AbstractSaveEventListener.java:320)
	at org.hibernate.event.def.AbstractSaveEventListener.performSave(AbstractSaveEventListener.java:203)
	at org.hibernate.event.def.AbstractSaveEventListener.saveWithGeneratedId(AbstractSaveEventListener.java:129)
	at org.hibernate.ejb.event.EJB3PersistEventListener.saveWithGeneratedId(EJB3PersistEventListener.java:69)
	at org.hibernate.event.def.DefaultPersistEventListener.entityIsTransient(DefaultPersistEventListener.java:179)
	at org.hibernate.event.def.DefaultPersistEventListener.onPersist(DefaultPersistEventListener.java:135)
	at org.hibernate.event.def.DefaultPersistEventListener.onPersist(DefaultPersistEventListener.java:61)
	at org.hibernate.impl.SessionImpl.firePersist(SessionImpl.java:808)
	at org.hibernate.impl.SessionImpl.persist(SessionImpl.java:782)
	at org.hibernate.impl.SessionImpl.persist(SessionImpl.java:786)
	at org.hibernate.ejb.AbstractEntityManagerImpl.persist(AbstractEntityManagerImpl.java:672)
	at sun.reflect.GeneratedMethodAccessor10.invoke(Unknown Source)
	at sun.reflect.DelegatingMethodAccessorImpl.invoke(DelegatingMethodAccessorImpl.java:25)
	at java.lang.reflect.Method.invoke(Method.java:597)
	at org.springframework.orm.jpa.SharedEntityManagerCreator$SharedEntityManagerInvocationHandler.invoke(SharedEntityManagerCreator.java:240)
	at $Proxy41.persist(Unknown Source)
	at freedays.domain.RegularUser_Roo_Entity.ajc$interMethod$freedays_domain_RegularUser_Roo_Entity$freedays_domain_RegularUser$persist(RegularUser_Roo_Entity.aj:55)
	at freedays.domain.RegularUser.persist(RegularUser.java:1)
	at freedays.domain.RegularUser_Roo_Entity.ajc$interMethodDispatch1$freedays_domain_RegularUser_Roo_Entity$freedays_domain_RegularUser$persist(RegularUser_Roo_Entity.aj)
	at freedays.domain.RegularUserDataOnDemand_Roo_DataOnDemand.ajc$interMethod$freedays_domain_RegularUserDataOnDemand_Roo_DataOnDemand$freedays_domain_RegularUserDataOnDemand$init(RegularUserDataOnDemand_Roo_DataOnDemand.aj:112)
	at freedays.domain.RegularUserDataOnDemand.init(RegularUserDataOnDemand.java:1)
	at freedays.domain.RegularUserDataOnDemand_Roo_DataOnDemand.ajc$interMethodDispatch1$freedays_domain_RegularUserDataOnDemand_Roo_DataOnDemand$freedays_domain_RegularUserDataOnDemand$init(RegularUserDataOnDemand_Roo_DataOnDemand.aj)
	at freedays.domain.RegularUserDataOnDemand_Roo_DataOnDemand.ajc$interMethod$freedays_domain_RegularUserDataOnDemand_Roo_DataOnDemand$freedays_domain_RegularUserDataOnDemand$getRandomRegularUser(RegularUserDataOnDemand_Roo_DataOnDemand.aj:93)
	at freedays.domain.RegularUserDataOnDemand.getRandomRegularUser(RegularUserDataOnDemand.java:1)
	at freedays.domain.RegularUserDataOnDemand_Roo_DataOnDemand.ajc$interMethodDispatch1$freedays_domain_RegularUserDataOnDemand_Roo_DataOnDemand$freedays_domain_RegularUserDataOnDemand$getRandomRegularUser(RegularUserDataOnDemand_Roo_DataOnDemand.aj)
	at freedays.app.FDUserDataOnDemand_Roo_DataOnDemand.ajc$interMethod$freedays_app_FDUserDataOnDemand_Roo_DataOnDemand$freedays_app_FDUserDataOnDemand$setRegularUser(FDUserDataOnDemand_Roo_DataOnDemand.aj:39)
	at freedays.app.FDUserDataOnDemand.setRegularUser(FDUserDataOnDemand.java:1)
	at freedays.app.FDUserDataOnDemand_Roo_DataOnDemand.ajc$interMethodDispatch1$freedays_app_FDUserDataOnDemand_Roo_DataOnDemand$freedays_app_FDUserDataOnDemand$setRegularUser(FDUserDataOnDemand_Roo_DataOnDemand.aj)
	at freedays.app.FDUserDataOnDemand_Roo_DataOnDemand.ajc$interMethod$freedays_app_FDUserDataOnDemand_Roo_DataOnDemand$freedays_app_FDUserDataOnDemand$getNewTransientFDUser(FDUserDataOnDemand_Roo_DataOnDemand.aj:30)
	at freedays.app.FDUserDataOnDemand.getNewTransientFDUser(FDUserDataOnDemand.java:1)
	at freedays.app.FDUserDataOnDemand_Roo_DataOnDemand.ajc$interMethodDispatch1$freedays_app_FDUserDataOnDemand_Roo_DataOnDemand$freedays_app_FDUserDataOnDemand$getNewTransientFDUser(FDUserDataOnDemand_Roo_DataOnDemand.aj)
	at freedays.app.FDUserDataOnDemand_Roo_DataOnDemand.ajc$interMethod$freedays_app_FDUserDataOnDemand_Roo_DataOnDemand$freedays_app_FDUserDataOnDemand$init(FDUserDataOnDemand_Roo_DataOnDemand.aj:96)
	at freedays.app.FDUserDataOnDemand.init(FDUserDataOnDemand.java:1)
	at freedays.app.FDUserDataOnDemand_Roo_DataOnDemand.ajc$interMethodDispatch1$freedays_app_FDUserDataOnDemand_Roo_DataOnDemand$freedays_app_FDUserDataOnDemand$init(FDUserDataOnDemand_Roo_DataOnDemand.aj)
	at freedays.app.FDUserDataOnDemand_Roo_DataOnDemand.ajc$interMethod$freedays_app_FDUserDataOnDemand_Roo_DataOnDemand$freedays_app_FDUserDataOnDemand$getRandomFDUser(FDUserDataOnDemand_Roo_DataOnDemand.aj:78)
	at freedays.app.FDUserDataOnDemand.getRandomFDUser(FDUserDataOnDemand.java:1)
	at freedays.app.FDUserDataOnDemand_Roo_DataOnDemand.ajc$interMethodDispatch1$freedays_app_FDUserDataOnDemand_Roo_DataOnDemand$freedays_app_FDUserDataOnDemand$getRandomFDUser(FDUserDataOnDemand_Roo_DataOnDemand.aj)
	at freedays.app.FDUserIntegrationTest_Roo_IntegrationTest.ajc$interMethod$freedays_app_FDUserIntegrationTest_Roo_IntegrationTest$freedays_app_FDUserIntegrationTest$testFindAllFDUsers(FDUserIntegrationTest_Roo_IntegrationTest.aj:45)
	at freedays.app.FDUserIntegrationTest.testFindAllFDUsers(FDUserIntegrationTest.java:1)
	at sun.reflect.NativeMethodAccessorImpl.invoke0(Native Method)
	at sun.reflect.NativeMethodAccessorImpl.invoke(NativeMethodAccessorImpl.java:39)
	at sun.reflect.DelegatingMethodAccessorImpl.invoke(DelegatingMethodAccessorImpl.java:25)
	at java.lang.reflect.Method.invoke(Method.java:597)
	at org.junit.runners.model.FrameworkMethod$1.runReflectiveCall(FrameworkMethod.java:44)
	at org.junit.internal.runners.model.ReflectiveCallable.run(ReflectiveCallable.java:15)
	at org.junit.runners.model.FrameworkMethod.invokeExplosively(FrameworkMethod.java:41)
	at org.junit.internal.runners.statements.InvokeMethod.evaluate(InvokeMethod.java:20)
	at org.springframework.test.context.junit4.statements.RunBeforeTestMethodCallbacks.evaluate(RunBeforeTestMethodCallbacks.java:74)
	at org.springframework.test.context.junit4.statements.RunAfterTestMethodCallbacks.evaluate(RunAfterTestMethodCallbacks.java:82)
	at org.springframework.test.context.junit4.statements.SpringRepeat.evaluate(SpringRepeat.java:72)
	at org.springframework.test.context.junit4.SpringJUnit4ClassRunner.runChild(SpringJUnit4ClassRunner.java:240)
	at org.junit.runners.BlockJUnit4ClassRunner.runChild(BlockJUnit4ClassRunner.java:49)
	at org.junit.runners.ParentRunner$3.run(ParentRunner.java:193)
	at org.junit.runners.ParentRunner$1.schedule(ParentRunner.java:52)
	at org.junit.runners.ParentRunner.runChildren(ParentRunner.java:191)
	at org.junit.runners.ParentRunner.access$000(ParentRunner.java:42)
	at org.junit.runners.ParentRunner$2.evaluate(ParentRunner.java:184)
	at org.springframework.test.context.junit4.statements.RunBeforeTestClassCallbacks.evaluate(RunBeforeTestClassCallbacks.java:61)
	at org.springframework.test.context.junit4.statements.RunAfterTestClassCallbacks.evaluate(RunAfterTestClassCallbacks.java:70)
	at org.junit.runners.ParentRunner.run(ParentRunner.java:236)
	at org.springframework.test.context.junit4.SpringJUnit4ClassRunner.run(SpringJUnit4ClassRunner.java:180)
	at org.apache.maven.surefire.junit4.JUnit4TestSet.execute(JUnit4TestSet.java:35)
	at org.apache.maven.surefire.junit4.JUnit4Provider.executeTestSet(JUnit4Provider.java:115)
	at org.apache.maven.surefire.junit4.JUnit4Provider.invoke(JUnit4Provider.java:97)
	at sun.reflect.NativeMethodAccessorImpl.invoke0(Native Method)
	at sun.reflect.NativeMethodAccessorImpl.invoke(NativeMethodAccessorImpl.java:39)
	at sun.reflect.DelegatingMethodAccessorImpl.invoke(DelegatingMethodAccessorImpl.java:25)
	at java.lang.reflect.Method.invoke(Method.java:597)
	at org.apache.maven.surefire.booter.ProviderFactory$ClassLoaderProxy.invoke(ProviderFactory.java:103)
	at $Proxy0.invoke(Unknown Source)
	at org.apache.maven.surefire.booter.SurefireStarter.invokeProvider(SurefireStarter.java:150)
	at org.apache.maven.surefire.booter.SurefireStarter.runSuitesInProcess(SurefireStarter.java:91)
	at org.apache.maven.surefire.booter.ForkedBooter.main(ForkedBooter.java:69)
2011-07-13 10:47:57,139 [main] WARN  org.hibernate.util.JDBCExceptionReporter - SQL Error: 1048, SQLState: 23000
2011-07-13 10:47:57,139 [main] ERROR org.hibernate.util.JDBCExceptionReporter - Column &apos;usermodify&apos; cannot be null
2011-07-13 10:47:57,139 [main] DEBUG org.hibernate.ejb.AbstractEntityManagerImpl - mark transaction for rollback
2011-07-13 10:47:57,139 [main] DEBUG org.springframework.orm.jpa.JpaTransactionManager - Participating transaction failed - marking existing transaction as rollback-only
2011-07-13 10:47:57,139 [main] DEBUG org.springframework.orm.jpa.JpaTransactionManager - Setting JPA transaction on EntityManager [org.hibernate.ejb.EntityManagerImpl@244e5056] rollback-only
2011-07-13 10:47:57,139 [main] DEBUG org.springframework.orm.jpa.JpaTransactionManager - Participating transaction failed - marking existing transaction as rollback-only
2011-07-13 10:47:57,139 [main] DEBUG org.springframework.orm.jpa.JpaTransactionManager - Setting JPA transaction on EntityManager [org.hibernate.ejb.EntityManagerImpl@244e5056] rollback-only
2011-07-13 10:47:57,139 [main] DEBUG org.springframework.test.context.transaction.TransactionalTestExecutionListener - No method-level @Rollback override: using default rollback [true] for test context [[TestContext@461d318f testClass = FDUserIntegrationTest, locations = array&lt;String&gt;[&apos;classpath:/META-INF/spring/applicationContext.xml&apos;], testInstance = freedays.app.FDUserIntegrationTest@62ee558f, testMethod = testFindAllFDUsers@FDUserIntegrationTest, testException = org.springframework.orm.jpa.JpaSystemException: org.hibernate.exception.ConstraintViolationException: could not insert: [freedays.domain.RegularUser]; nested exception is javax.persistence.PersistenceException: org.hibernate.exception.ConstraintViolationException: could not insert: [freedays.domain.RegularUser]]]
2011-07-13 10:47:57,139 [main] DEBUG org.springframework.orm.jpa.JpaTransactionManager - Initiating transaction rollback
2011-07-13 10:47:57,139 [main] DEBUG org.springframework.orm.jpa.JpaTransactionManager - Rolling back JPA transaction on EntityManager [org.hibernate.ejb.EntityManagerImpl@244e5056]
2011-07-13 10:47:57,139 [main] DEBUG org.hibernate.transaction.JDBCTransaction - rollback
2011-07-13 10:47:57,140 [main] DEBUG org.hibernate.transaction.JDBCTransaction - re-enabling autocommit
2011-07-13 10:47:57,141 [main] DEBUG org.hibernate.transaction.JDBCTransaction - rolled back JDBC Connection
2011-07-13 10:47:57,141 [main] DEBUG org.hibernate.jdbc.ConnectionManager - aggressively releasing JDBC connection
2011-07-13 10:47:57,141 [main] DEBUG org.hibernate.jdbc.ConnectionManager - releasing JDBC connection [ (open PreparedStatements: 0, globally: 0) (open ResultSets: 0, globally: 0)]
2011-07-13 10:47:57,141 [main] DEBUG org.springframework.orm.jpa.JpaTransactionManager - Closing JPA EntityManager [org.hibernate.ejb.EntityManagerImpl@244e5056] after transaction
2011-07-13 10:47:57,141 [main] DEBUG org.springframework.orm.jpa.EntityManagerFactoryUtils - Closing JPA EntityManager
2011-07-13 10:47:57,142 [main] INFO  org.springframework.test.context.transaction.TransactionalTestExecutionListener - Rolled back transaction after test execution for test context [[TestContext@461d318f testClass = FDUserIntegrationTest, locations = array&lt;String&gt;[&apos;classpath:/META-INF/spring/applicationContext.xml&apos;], testInstance = freedays.app.FDUserIntegrationTest@62ee558f, testMethod = testFindAllFDUsers@FDUserIntegrationTest, testException = org.springframework.orm.jpa.JpaSystemException: org.hibernate.exception.ConstraintViolationException: could not insert: [freedays.domain.RegularUser]; nested exception is javax.persistence.PersistenceException: org.hibernate.exception.ConstraintViolationException: could not insert: [freedays.domain.RegularUser]]]
2011-07-13 10:47:57,142 [main] DEBUG org.springframework.test.context.support.DirtiesContextTestExecutionListener - After test method: context [[TestContext@461d318f testClass = FDUserIntegrationTest, locations = array&lt;String&gt;[&apos;classpath:/META-INF/spring/applicationContext.xml&apos;], testInstance = freedays.app.FDUserIntegrationTest@62ee558f, testMethod = testFindAllFDUsers@FDUserIntegrationTest, testException = org.springframework.orm.jpa.JpaSystemException: org.hibernate.exception.ConstraintViolationException: could not insert: [freedays.domain.RegularUser]; nested exception is javax.persistence.PersistenceException: org.hibernate.exception.ConstraintViolationException: could not insert: [freedays.domain.RegularUser]]], class dirties context [false], class mode [null], method dirties context [false].
</system-out>
  </testcase>
  <testcase time="0.014" classname="freedays.app.FDUserIntegrationTest" name="testFindFDUserEntries">
    <error message="org.hibernate.exception.ConstraintViolationException: could not insert: [freedays.domain.RegularUser]; nested exception is javax.persistence.PersistenceException: org.hibernate.exception.ConstraintViolationException: could not insert: [freedays.domain.RegularUser]" type="org.springframework.orm.jpa.JpaSystemException">org.springframework.orm.jpa.JpaSystemException: org.hibernate.exception.ConstraintViolationException: could not insert: [freedays.domain.RegularUser]; nested exception is javax.persistence.PersistenceException: org.hibernate.exception.ConstraintViolationException: could not insert: [freedays.domain.RegularUser]
	at org.springframework.orm.jpa.EntityManagerFactoryUtils.convertJpaAccessExceptionIfPossible(EntityManagerFactoryUtils.java:311)
	at org.springframework.orm.jpa.aspectj.JpaExceptionTranslatorAspect.ajc$afterThrowing$org_springframework_orm_jpa_aspectj_JpaExceptionTranslatorAspect$1$18a1ac9(JpaExceptionTranslatorAspect.aj:15)
	at freedays.domain.RegularUser_Roo_Entity.ajc$interMethod$freedays_domain_RegularUser_Roo_Entity$freedays_domain_RegularUser$persist(RegularUser_Roo_Entity.aj:55)
	at freedays.domain.RegularUser.persist(RegularUser.java:1)
	at freedays.domain.RegularUser_Roo_Entity.ajc$interMethodDispatch1$freedays_domain_RegularUser_Roo_Entity$freedays_domain_RegularUser$persist(RegularUser_Roo_Entity.aj)
	at freedays.domain.RegularUserDataOnDemand_Roo_DataOnDemand.ajc$interMethod$freedays_domain_RegularUserDataOnDemand_Roo_DataOnDemand$freedays_domain_RegularUserDataOnDemand$init(RegularUserDataOnDemand_Roo_DataOnDemand.aj:112)
	at freedays.domain.RegularUserDataOnDemand.init(RegularUserDataOnDemand.java:1)
	at freedays.domain.RegularUserDataOnDemand_Roo_DataOnDemand.ajc$interMethodDispatch1$freedays_domain_RegularUserDataOnDemand_Roo_DataOnDemand$freedays_domain_RegularUserDataOnDemand$init(RegularUserDataOnDemand_Roo_DataOnDemand.aj)
	at freedays.domain.RegularUserDataOnDemand_Roo_DataOnDemand.ajc$interMethod$freedays_domain_RegularUserDataOnDemand_Roo_DataOnDemand$freedays_domain_RegularUserDataOnDemand$getRandomRegularUser(RegularUserDataOnDemand_Roo_DataOnDemand.aj:93)
	at freedays.domain.RegularUserDataOnDemand.getRandomRegularUser(RegularUserDataOnDemand.java:1)
	at freedays.domain.RegularUserDataOnDemand_Roo_DataOnDemand.ajc$interMethodDispatch1$freedays_domain_RegularUserDataOnDemand_Roo_DataOnDemand$freedays_domain_RegularUserDataOnDemand$getRandomRegularUser(RegularUserDataOnDemand_Roo_DataOnDemand.aj)
	at freedays.app.FDUserDataOnDemand_Roo_DataOnDemand.ajc$interMethod$freedays_app_FDUserDataOnDemand_Roo_DataOnDemand$freedays_app_FDUserDataOnDemand$setRegularUser(FDUserDataOnDemand_Roo_DataOnDemand.aj:39)
	at freedays.app.FDUserDataOnDemand.setRegularUser(FDUserDataOnDemand.java:1)
	at freedays.app.FDUserDataOnDemand_Roo_DataOnDemand.ajc$interMethodDispatch1$freedays_app_FDUserDataOnDemand_Roo_DataOnDemand$freedays_app_FDUserDataOnDemand$setRegularUser(FDUserDataOnDemand_Roo_DataOnDemand.aj)
	at freedays.app.FDUserDataOnDemand_Roo_DataOnDemand.ajc$interMethod$freedays_app_FDUserDataOnDemand_Roo_DataOnDemand$freedays_app_FDUserDataOnDemand$getNewTransientFDUser(FDUserDataOnDemand_Roo_DataOnDemand.aj:30)
	at freedays.app.FDUserDataOnDemand.getNewTransientFDUser(FDUserDataOnDemand.java:1)
	at freedays.app.FDUserDataOnDemand_Roo_DataOnDemand.ajc$interMethodDispatch1$freedays_app_FDUserDataOnDemand_Roo_DataOnDemand$freedays_app_FDUserDataOnDemand$getNewTransientFDUser(FDUserDataOnDemand_Roo_DataOnDemand.aj)
	at freedays.app.FDUserDataOnDemand_Roo_DataOnDemand.ajc$interMethod$freedays_app_FDUserDataOnDemand_Roo_DataOnDemand$freedays_app_FDUserDataOnDemand$init(FDUserDataOnDemand_Roo_DataOnDemand.aj:96)
	at freedays.app.FDUserDataOnDemand.init(FDUserDataOnDemand.java:1)
	at freedays.app.FDUserDataOnDemand_Roo_DataOnDemand.ajc$interMethodDispatch1$freedays_app_FDUserDataOnDemand_Roo_DataOnDemand$freedays_app_FDUserDataOnDemand$init(FDUserDataOnDemand_Roo_DataOnDemand.aj)
	at freedays.app.FDUserDataOnDemand_Roo_DataOnDemand.ajc$interMethod$freedays_app_FDUserDataOnDemand_Roo_DataOnDemand$freedays_app_FDUserDataOnDemand$getRandomFDUser(FDUserDataOnDemand_Roo_DataOnDemand.aj:78)
	at freedays.app.FDUserDataOnDemand.getRandomFDUser(FDUserDataOnDemand.java:1)
	at freedays.app.FDUserDataOnDemand_Roo_DataOnDemand.ajc$interMethodDispatch1$freedays_app_FDUserDataOnDemand_Roo_DataOnDemand$freedays_app_FDUserDataOnDemand$getRandomFDUser(FDUserDataOnDemand_Roo_DataOnDemand.aj)
	at freedays.app.FDUserIntegrationTest_Roo_IntegrationTest.ajc$interMethod$freedays_app_FDUserIntegrationTest_Roo_IntegrationTest$freedays_app_FDUserIntegrationTest$testFindFDUserEntries(FDUserIntegrationTest_Roo_IntegrationTest.aj:55)
	at freedays.app.FDUserIntegrationTest.testFindFDUserEntries(FDUserIntegrationTest.java:1)
	at sun.reflect.NativeMethodAccessorImpl.invoke0(Native Method)
	at sun.reflect.NativeMethodAccessorImpl.invoke(NativeMethodAccessorImpl.java:39)
	at sun.reflect.DelegatingMethodAccessorImpl.invoke(DelegatingMethodAccessorImpl.java:25)
	at java.lang.reflect.Method.invoke(Method.java:597)
	at org.junit.runners.model.FrameworkMethod$1.runReflectiveCall(FrameworkMethod.java:44)
	at org.junit.internal.runners.model.ReflectiveCallable.run(ReflectiveCallable.java:15)
	at org.junit.runners.model.FrameworkMethod.invokeExplosively(FrameworkMethod.java:41)
	at org.junit.internal.runners.statements.InvokeMethod.evaluate(InvokeMethod.java:20)
	at org.springframework.test.context.junit4.statements.RunBeforeTestMethodCallbacks.evaluate(RunBeforeTestMethodCallbacks.java:74)
	at org.springframework.test.context.junit4.statements.RunAfterTestMethodCallbacks.evaluate(RunAfterTestMethodCallbacks.java:82)
	at org.springframework.test.context.junit4.statements.SpringRepeat.evaluate(SpringRepeat.java:72)
	at org.springframework.test.context.junit4.SpringJUnit4ClassRunner.runChild(SpringJUnit4ClassRunner.java:240)
	at org.junit.runners.BlockJUnit4ClassRunner.runChild(BlockJUnit4ClassRunner.java:49)
	at org.junit.runners.ParentRunner$3.run(ParentRunner.java:193)
	at org.junit.runners.ParentRunner$1.schedule(ParentRunner.java:52)
	at org.junit.runners.ParentRunner.runChildren(ParentRunner.java:191)
	at org.junit.runners.ParentRunner.access$000(ParentRunner.java:42)
	at org.junit.runners.ParentRunner$2.evaluate(ParentRunner.java:184)
	at org.springframework.test.context.junit4.statements.RunBeforeTestClassCallbacks.evaluate(RunBeforeTestClassCallbacks.java:61)
	at org.springframework.test.context.junit4.statements.RunAfterTestClassCallbacks.evaluate(RunAfterTestClassCallbacks.java:70)
	at org.junit.runners.ParentRunner.run(ParentRunner.java:236)
	at org.springframework.test.context.junit4.SpringJUnit4ClassRunner.run(SpringJUnit4ClassRunner.java:180)
	at org.apache.maven.surefire.junit4.JUnit4TestSet.execute(JUnit4TestSet.java:35)
	at org.apache.maven.surefire.junit4.JUnit4Provider.executeTestSet(JUnit4Provider.java:115)
	at org.apache.maven.surefire.junit4.JUnit4Provider.invoke(JUnit4Provider.java:97)
	at sun.reflect.NativeMethodAccessorImpl.invoke0(Native Method)
	at sun.reflect.NativeMethodAccessorImpl.invoke(NativeMethodAccessorImpl.java:39)
	at sun.reflect.DelegatingMethodAccessorImpl.invoke(DelegatingMethodAccessorImpl.java:25)
	at java.lang.reflect.Method.invoke(Method.java:597)
	at org.apache.maven.surefire.booter.ProviderFactory$ClassLoaderProxy.invoke(ProviderFactory.java:103)
	at $Proxy0.invoke(Unknown Source)
	at org.apache.maven.surefire.booter.SurefireStarter.invokeProvider(SurefireStarter.java:150)
	at org.apache.maven.surefire.booter.SurefireStarter.runSuitesInProcess(SurefireStarter.java:91)
	at org.apache.maven.surefire.booter.ForkedBooter.main(ForkedBooter.java:69)
Caused by: javax.persistence.PersistenceException: org.hibernate.exception.ConstraintViolationException: could not insert: [freedays.domain.RegularUser]
	at org.hibernate.ejb.AbstractEntityManagerImpl.convert(AbstractEntityManagerImpl.java:1214)
	at org.hibernate.ejb.AbstractEntityManagerImpl.convert(AbstractEntityManagerImpl.java:1147)
	at org.hibernate.ejb.AbstractEntityManagerImpl.convert(AbstractEntityManagerImpl.java:1153)
	at org.hibernate.ejb.AbstractEntityManagerImpl.persist(AbstractEntityManagerImpl.java:678)
	at sun.reflect.GeneratedMethodAccessor10.invoke(Unknown Source)
	at sun.reflect.DelegatingMethodAccessorImpl.invoke(DelegatingMethodAccessorImpl.java:25)
	at java.lang.reflect.Method.invoke(Method.java:597)
	at org.springframework.orm.jpa.SharedEntityManagerCreator$SharedEntityManagerInvocationHandler.invoke(SharedEntityManagerCreator.java:240)
	at $Proxy41.persist(Unknown Source)
	... 57 more
Caused by: org.hibernate.exception.ConstraintViolationException: could not insert: [freedays.domain.RegularUser]
	at org.hibernate.exception.SQLStateConverter.convert(SQLStateConverter.java:96)
	at org.hibernate.exception.JDBCExceptionHelper.convert(JDBCExceptionHelper.java:66)
	at org.hibernate.id.insert.AbstractReturningDelegate.performInsert(AbstractReturningDelegate.java:64)
	at org.hibernate.persister.entity.AbstractEntityPersister.insert(AbstractEntityPersister.java:2345)
	at org.hibernate.persister.entity.AbstractEntityPersister.insert(AbstractEntityPersister.java:2852)
	at org.hibernate.action.EntityIdentityInsertAction.execute(EntityIdentityInsertAction.java:71)
	at org.hibernate.engine.ActionQueue.execute(ActionQueue.java:273)
	at org.hibernate.event.def.AbstractSaveEventListener.performSaveOrReplicate(AbstractSaveEventListener.java:320)
	at org.hibernate.event.def.AbstractSaveEventListener.performSave(AbstractSaveEventListener.java:203)
	at org.hibernate.event.def.AbstractSaveEventListener.saveWithGeneratedId(AbstractSaveEventListener.java:129)
	at org.hibernate.ejb.event.EJB3PersistEventListener.saveWithGeneratedId(EJB3PersistEventListener.java:69)
	at org.hibernate.event.def.DefaultPersistEventListener.entityIsTransient(DefaultPersistEventListener.java:179)
	at org.hibernate.event.def.DefaultPersistEventListener.onPersist(DefaultPersistEventListener.java:135)
	at org.hibernate.event.def.DefaultPersistEventListener.onPersist(DefaultPersistEventListener.java:61)
	at org.hibernate.impl.SessionImpl.firePersist(SessionImpl.java:808)
	at org.hibernate.impl.SessionImpl.persist(SessionImpl.java:782)
	at org.hibernate.impl.SessionImpl.persist(SessionImpl.java:786)
	at org.hibernate.ejb.AbstractEntityManagerImpl.persist(AbstractEntityManagerImpl.java:672)
	... 62 more
Caused by: com.mysql.jdbc.exceptions.jdbc4.MySQLIntegrityConstraintViolationException: Column &apos;usermodify&apos; cannot be null
	at sun.reflect.NativeConstructorAccessorImpl.newInstance0(Native Method)
	at sun.reflect.NativeConstructorAccessorImpl.newInstance(NativeConstructorAccessorImpl.java:39)
	at sun.reflect.DelegatingConstructorAccessorImpl.newInstance(DelegatingConstructorAccessorImpl.java:27)
	at java.lang.reflect.Constructor.newInstance(Constructor.java:513)
	at com.mysql.jdbc.Util.handleNewInstance(Util.java:411)
	at com.mysql.jdbc.Util.getInstance(Util.java:386)
	at com.mysql.jdbc.SQLError.createSQLException(SQLError.java:1039)
	at com.mysql.jdbc.MysqlIO.checkErrorPacket(MysqlIO.java:3597)
	at com.mysql.jdbc.MysqlIO.checkErrorPacket(MysqlIO.java:3529)
	at com.mysql.jdbc.MysqlIO.sendCommand(MysqlIO.java:1990)
	at com.mysql.jdbc.MysqlIO.sqlQueryDirect(MysqlIO.java:2151)
	at com.mysql.jdbc.ConnectionImpl.execSQL(ConnectionImpl.java:2625)
	at com.mysql.jdbc.PreparedStatement.executeInternal(PreparedStatement.java:2119)
	at com.mysql.jdbc.PreparedStatement.executeUpdate(PreparedStatement.java:2415)
	at com.mysql.jdbc.PreparedStatement.executeUpdate(PreparedStatement.java:2333)
	at com.mysql.jdbc.PreparedStatement.executeUpdate(PreparedStatement.java:2318)
	at org.apache.commons.dbcp.DelegatingPreparedStatement.executeUpdate(DelegatingPreparedStatement.java:105)
	at org.apache.commons.dbcp.DelegatingPreparedStatement.executeUpdate(DelegatingPreparedStatement.java:105)
	at org.hibernate.id.IdentityGenerator$GetGeneratedKeysDelegate.executeAndExtract(IdentityGenerator.java:94)
	at org.hibernate.id.insert.AbstractReturningDelegate.performInsert(AbstractReturningDelegate.java:57)
	... 77 more
</error>
    <system-out>2011-07-13 10:47:57,143 [main] DEBUG org.springframework.test.annotation.ProfileValueUtils - Retrieved @ProfileValueSourceConfiguration [null] for test class [freedays.app.FDUserIntegrationTest]
2011-07-13 10:47:57,143 [main] DEBUG org.springframework.test.annotation.ProfileValueUtils - Retrieved ProfileValueSource type [class org.springframework.test.annotation.SystemProfileValueSource] for class [freedays.app.FDUserIntegrationTest]
2011-07-13 10:47:57,144 [main] DEBUG org.springframework.beans.factory.annotation.InjectionMetadata - Processing injected method of bean &apos;freedays.app.FDUserIntegrationTest&apos;: AutowiredFieldElement for private freedays.app.FDUserDataOnDemand freedays.app.FDUserIntegrationTest.dod
2011-07-13 10:47:57,144 [main] DEBUG org.springframework.beans.factory.support.DefaultListableBeanFactory - Returning cached instance of singleton bean &apos;FDUserDataOnDemand&apos;
2011-07-13 10:47:57,144 [main] DEBUG org.springframework.test.context.support.DependencyInjectionTestExecutionListener - Performing dependency injection for test context [[TestContext@461d318f testClass = FDUserIntegrationTest, locations = array&lt;String&gt;[&apos;classpath:/META-INF/spring/applicationContext.xml&apos;], testInstance = freedays.app.FDUserIntegrationTest@2a06bbe7, testMethod = [null], testException = [null]]].
2011-07-13 10:47:57,144 [main] DEBUG org.springframework.beans.factory.annotation.InjectionMetadata - Processing injected method of bean &apos;freedays.app.FDUserIntegrationTest&apos;: AutowiredFieldElement for private freedays.app.FDUserDataOnDemand freedays.app.FDUserIntegrationTest.dod
2011-07-13 10:47:57,144 [main] DEBUG org.springframework.beans.factory.support.DefaultListableBeanFactory - Returning cached instance of singleton bean &apos;FDUserDataOnDemand&apos;
2011-07-13 10:47:57,144 [main] DEBUG org.springframework.transaction.annotation.AnnotationTransactionAttributeSource - Adding transactional method &apos;testFindFDUserEntries&apos; with attribute: PROPAGATION_REQUIRED,ISOLATION_DEFAULT; &apos;&apos;
2011-07-13 10:47:57,144 [main] DEBUG org.springframework.test.context.transaction.TransactionalTestExecutionListener - Explicit transaction definition [PROPAGATION_REQUIRED,ISOLATION_DEFAULT; &apos;&apos;] found for test context [[TestContext@461d318f testClass = FDUserIntegrationTest, locations = array&lt;String&gt;[&apos;classpath:/META-INF/spring/applicationContext.xml&apos;], testInstance = freedays.app.FDUserIntegrationTest@2a06bbe7, testMethod = testFindFDUserEntries@FDUserIntegrationTest, testException = [null]]]
2011-07-13 10:47:57,144 [main] DEBUG org.springframework.beans.factory.support.DefaultListableBeanFactory - Returning cached instance of singleton bean &apos;transactionManager&apos;
2011-07-13 10:47:57,144 [main] DEBUG org.springframework.orm.jpa.JpaTransactionManager - Creating new transaction with name [testFindFDUserEntries]: PROPAGATION_REQUIRED,ISOLATION_DEFAULT; &apos;&apos;
2011-07-13 10:47:57,144 [main] DEBUG org.hibernate.impl.SessionImpl - opened session at timestamp: 13105432771
2011-07-13 10:47:57,144 [main] DEBUG org.springframework.orm.jpa.JpaTransactionManager - Opened new EntityManager [org.hibernate.ejb.EntityManagerImpl@1f8a6890] for JPA transaction
2011-07-13 10:47:57,144 [main] DEBUG org.hibernate.transaction.JDBCTransaction - begin
2011-07-13 10:47:57,144 [main] DEBUG org.hibernate.jdbc.ConnectionManager - opening JDBC connection
2011-07-13 10:47:57,144 [main] DEBUG org.hibernate.transaction.JDBCTransaction - current autocommit status: true
2011-07-13 10:47:57,145 [main] DEBUG org.hibernate.transaction.JDBCTransaction - disabling autocommit
2011-07-13 10:47:57,146 [main] DEBUG org.springframework.orm.jpa.JpaTransactionManager - Not exposing JPA transaction [org.hibernate.ejb.EntityManagerImpl@1f8a6890] as JDBC transaction because JpaDialect [org.springframework.orm.jpa.DefaultJpaDialect@962e703] does not support JDBC Connection retrieval
2011-07-13 10:47:57,146 [main] DEBUG org.springframework.test.context.transaction.TransactionalTestExecutionListener - No method-level @Rollback override: using default rollback [true] for test context [[TestContext@461d318f testClass = FDUserIntegrationTest, locations = array&lt;String&gt;[&apos;classpath:/META-INF/spring/applicationContext.xml&apos;], testInstance = freedays.app.FDUserIntegrationTest@2a06bbe7, testMethod = testFindFDUserEntries@FDUserIntegrationTest, testException = [null]]]
2011-07-13 10:47:57,146 [main] INFO  org.springframework.test.context.transaction.TransactionalTestExecutionListener - Began transaction (9): transaction manager [org.springframework.orm.jpa.JpaTransactionManager@c303a60]; rollback [true]
2011-07-13 10:47:57,146 [main] DEBUG org.springframework.transaction.annotation.AnnotationTransactionAttributeSource - Adding transactional method &apos;testFindFDUserEntries&apos; with attribute: PROPAGATION_REQUIRED,ISOLATION_DEFAULT; &apos;&apos;
2011-07-13 10:47:57,146 [main] DEBUG org.springframework.beans.factory.support.DefaultListableBeanFactory - Returning cached instance of singleton bean &apos;transactionManager&apos;
2011-07-13 10:47:57,146 [main] DEBUG org.springframework.orm.jpa.JpaTransactionManager - Found thread-bound EntityManager [org.hibernate.ejb.EntityManagerImpl@1f8a6890] for JPA transaction
2011-07-13 10:47:57,146 [main] DEBUG org.springframework.orm.jpa.JpaTransactionManager - Participating in existing transaction
2011-07-13 10:47:57,146 [main] DEBUG org.springframework.beans.factory.annotation.InjectionMetadata - Processing injected method of bean &apos;freedays.domain.ApplicationRegularUser$ApplicationRegularUser_Roo_Entity$1&apos;: PersistenceElement for transient javax.persistence.EntityManager freedays.domain.ApplicationRegularUser.entityManager
2011-07-13 10:47:57,146 [main] DEBUG org.springframework.beans.factory.support.DefaultListableBeanFactory - Returning cached instance of singleton bean &apos;entityManagerFactory&apos;
2011-07-13 10:47:57,146 [main] DEBUG org.hibernate.jdbc.AbstractBatcher - about to open PreparedStatement (open PreparedStatements: 0, globally: 0)
2011-07-13 10:47:57,146 [main] DEBUG org.hibernate.SQL - select fduser0_.id as id0_, fduser0_.granter as granter0_, fduser0_.regular_user as regular4_0_, fduser0_.version as version0_, fduser0_.hire_date as hire1_1_, fduser0_.init_days as init2_1_, fduser0_.max_free_days as max3_1_ from fduser fduser0_ limit ?
2011-07-13 10:47:57,148 [main] DEBUG org.hibernate.jdbc.AbstractBatcher - about to open ResultSet (open ResultSets: 0, globally: 0)
2011-07-13 10:47:57,148 [main] DEBUG org.hibernate.jdbc.AbstractBatcher - about to close ResultSet (open ResultSets: 1, globally: 1)
2011-07-13 10:47:57,148 [main] DEBUG org.hibernate.jdbc.AbstractBatcher - about to close PreparedStatement (open PreparedStatements: 1, globally: 1)
2011-07-13 10:47:57,148 [main] DEBUG org.hibernate.engine.StatefulPersistenceContext - initializing non-lazy collections
2011-07-13 10:47:57,148 [main] DEBUG org.springframework.beans.factory.annotation.InjectionMetadata - Processing injected method of bean &apos;freedays.app.FDUser&apos;: PersistenceElement for transient javax.persistence.EntityManager freedays.domain.ApplicationRegularUser.entityManager
2011-07-13 10:47:57,148 [main] DEBUG org.springframework.beans.factory.support.DefaultListableBeanFactory - Returning cached instance of singleton bean &apos;entityManagerFactory&apos;
2011-07-13 10:47:57,148 [main] DEBUG org.springframework.beans.factory.annotation.InjectionMetadata - Processing injected method of bean &apos;freedays.domain.RegularUser&apos;: PersistenceElement for transient javax.persistence.EntityManager freedays.domain.RegularUser.entityManager
2011-07-13 10:47:57,148 [main] DEBUG org.springframework.beans.factory.support.DefaultListableBeanFactory - Returning cached instance of singleton bean &apos;entityManagerFactory&apos;
2011-07-13 10:47:57,149 [main] DEBUG org.hibernate.jdbc.AbstractBatcher - about to open PreparedStatement (open PreparedStatements: 0, globally: 0)
2011-07-13 10:47:57,149 [main] DEBUG org.hibernate.SQL - select regularuse0_.id as id3_, regularuse0_.activ as activ3_, regularuse0_.creationdate as creation3_3_, regularuse0_.deleted as deleted3_, regularuse0_.email as email3_, regularuse0_.firstname as firstname3_, regularuse0_.lastmodified as lastmodi7_3_, regularuse0_.password as password3_, regularuse0_.surename as surename3_, regularuse0_.usermodify as usermodify3_, regularuse0_.username as username3_, regularuse0_.version as version3_ from regular_user regularuse0_ limit ?
2011-07-13 10:47:57,150 [main] DEBUG org.hibernate.jdbc.AbstractBatcher - about to open ResultSet (open ResultSets: 0, globally: 0)
2011-07-13 10:47:57,150 [main] DEBUG org.hibernate.jdbc.AbstractBatcher - about to close ResultSet (open ResultSets: 1, globally: 1)
2011-07-13 10:47:57,150 [main] DEBUG org.hibernate.jdbc.AbstractBatcher - about to close PreparedStatement (open PreparedStatements: 1, globally: 1)
2011-07-13 10:47:57,150 [main] DEBUG org.hibernate.engine.StatefulPersistenceContext - initializing non-lazy collections
2011-07-13 10:47:57,150 [main] DEBUG org.springframework.beans.factory.annotation.InjectionMetadata - Processing injected method of bean &apos;freedays.domain.RegularUser&apos;: PersistenceElement for transient javax.persistence.EntityManager freedays.domain.RegularUser.entityManager
2011-07-13 10:47:57,151 [main] DEBUG org.springframework.beans.factory.support.DefaultListableBeanFactory - Returning cached instance of singleton bean &apos;entityManagerFactory&apos;
2011-07-13 10:47:57,151 [main] DEBUG org.springframework.beans.factory.support.DefaultListableBeanFactory - Returning cached instance of singleton bean &apos;transactionManager&apos;
2011-07-13 10:47:57,151 [main] DEBUG org.springframework.orm.jpa.JpaTransactionManager - Found thread-bound EntityManager [org.hibernate.ejb.EntityManagerImpl@1f8a6890] for JPA transaction
2011-07-13 10:47:57,151 [main] DEBUG org.springframework.orm.jpa.JpaTransactionManager - Participating in existing transaction
2011-07-13 10:47:57,151 [main] DEBUG org.hibernate.event.def.AbstractSaveEventListener - executing identity-insert immediately
2011-07-13 10:47:57,151 [main] DEBUG org.hibernate.jdbc.AbstractBatcher - about to open PreparedStatement (open PreparedStatements: 0, globally: 0)
2011-07-13 10:47:57,151 [main] DEBUG org.hibernate.SQL - insert into regular_user (activ, creationdate, deleted, email, firstname, lastmodified, password, surename, usermodify, username, version) values (?, ?, ?, ?, ?, ?, ?, ?, ?, ?, ?)
2011-07-13 10:47:57,153 [main] DEBUG org.hibernate.jdbc.AbstractBatcher - about to close PreparedStatement (open PreparedStatements: 1, globally: 1)
2011-07-13 10:47:57,153 [main] DEBUG org.hibernate.util.JDBCExceptionReporter - could not insert: [freedays.domain.RegularUser] [insert into regular_user (activ, creationdate, deleted, email, firstname, lastmodified, password, surename, usermodify, username, version) values (?, ?, ?, ?, ?, ?, ?, ?, ?, ?, ?)]
com.mysql.jdbc.exceptions.jdbc4.MySQLIntegrityConstraintViolationException: Column &apos;usermodify&apos; cannot be null
	at sun.reflect.NativeConstructorAccessorImpl.newInstance0(Native Method)
	at sun.reflect.NativeConstructorAccessorImpl.newInstance(NativeConstructorAccessorImpl.java:39)
	at sun.reflect.DelegatingConstructorAccessorImpl.newInstance(DelegatingConstructorAccessorImpl.java:27)
	at java.lang.reflect.Constructor.newInstance(Constructor.java:513)
	at com.mysql.jdbc.Util.handleNewInstance(Util.java:411)
	at com.mysql.jdbc.Util.getInstance(Util.java:386)
	at com.mysql.jdbc.SQLError.createSQLException(SQLError.java:1039)
	at com.mysql.jdbc.MysqlIO.checkErrorPacket(MysqlIO.java:3597)
	at com.mysql.jdbc.MysqlIO.checkErrorPacket(MysqlIO.java:3529)
	at com.mysql.jdbc.MysqlIO.sendCommand(MysqlIO.java:1990)
	at com.mysql.jdbc.MysqlIO.sqlQueryDirect(MysqlIO.java:2151)
	at com.mysql.jdbc.ConnectionImpl.execSQL(ConnectionImpl.java:2625)
	at com.mysql.jdbc.PreparedStatement.executeInternal(PreparedStatement.java:2119)
	at com.mysql.jdbc.PreparedStatement.executeUpdate(PreparedStatement.java:2415)
	at com.mysql.jdbc.PreparedStatement.executeUpdate(PreparedStatement.java:2333)
	at com.mysql.jdbc.PreparedStatement.executeUpdate(PreparedStatement.java:2318)
	at org.apache.commons.dbcp.DelegatingPreparedStatement.executeUpdate(DelegatingPreparedStatement.java:105)
	at org.apache.commons.dbcp.DelegatingPreparedStatement.executeUpdate(DelegatingPreparedStatement.java:105)
	at org.hibernate.id.IdentityGenerator$GetGeneratedKeysDelegate.executeAndExtract(IdentityGenerator.java:94)
	at org.hibernate.id.insert.AbstractReturningDelegate.performInsert(AbstractReturningDelegate.java:57)
	at org.hibernate.persister.entity.AbstractEntityPersister.insert(AbstractEntityPersister.java:2345)
	at org.hibernate.persister.entity.AbstractEntityPersister.insert(AbstractEntityPersister.java:2852)
	at org.hibernate.action.EntityIdentityInsertAction.execute(EntityIdentityInsertAction.java:71)
	at org.hibernate.engine.ActionQueue.execute(ActionQueue.java:273)
	at org.hibernate.event.def.AbstractSaveEventListener.performSaveOrReplicate(AbstractSaveEventListener.java:320)
	at org.hibernate.event.def.AbstractSaveEventListener.performSave(AbstractSaveEventListener.java:203)
	at org.hibernate.event.def.AbstractSaveEventListener.saveWithGeneratedId(AbstractSaveEventListener.java:129)
	at org.hibernate.ejb.event.EJB3PersistEventListener.saveWithGeneratedId(EJB3PersistEventListener.java:69)
	at org.hibernate.event.def.DefaultPersistEventListener.entityIsTransient(DefaultPersistEventListener.java:179)
	at org.hibernate.event.def.DefaultPersistEventListener.onPersist(DefaultPersistEventListener.java:135)
	at org.hibernate.event.def.DefaultPersistEventListener.onPersist(DefaultPersistEventListener.java:61)
	at org.hibernate.impl.SessionImpl.firePersist(SessionImpl.java:808)
	at org.hibernate.impl.SessionImpl.persist(SessionImpl.java:782)
	at org.hibernate.impl.SessionImpl.persist(SessionImpl.java:786)
	at org.hibernate.ejb.AbstractEntityManagerImpl.persist(AbstractEntityManagerImpl.java:672)
	at sun.reflect.GeneratedMethodAccessor10.invoke(Unknown Source)
	at sun.reflect.DelegatingMethodAccessorImpl.invoke(DelegatingMethodAccessorImpl.java:25)
	at java.lang.reflect.Method.invoke(Method.java:597)
	at org.springframework.orm.jpa.SharedEntityManagerCreator$SharedEntityManagerInvocationHandler.invoke(SharedEntityManagerCreator.java:240)
	at $Proxy41.persist(Unknown Source)
	at freedays.domain.RegularUser_Roo_Entity.ajc$interMethod$freedays_domain_RegularUser_Roo_Entity$freedays_domain_RegularUser$persist(RegularUser_Roo_Entity.aj:55)
	at freedays.domain.RegularUser.persist(RegularUser.java:1)
	at freedays.domain.RegularUser_Roo_Entity.ajc$interMethodDispatch1$freedays_domain_RegularUser_Roo_Entity$freedays_domain_RegularUser$persist(RegularUser_Roo_Entity.aj)
	at freedays.domain.RegularUserDataOnDemand_Roo_DataOnDemand.ajc$interMethod$freedays_domain_RegularUserDataOnDemand_Roo_DataOnDemand$freedays_domain_RegularUserDataOnDemand$init(RegularUserDataOnDemand_Roo_DataOnDemand.aj:112)
	at freedays.domain.RegularUserDataOnDemand.init(RegularUserDataOnDemand.java:1)
	at freedays.domain.RegularUserDataOnDemand_Roo_DataOnDemand.ajc$interMethodDispatch1$freedays_domain_RegularUserDataOnDemand_Roo_DataOnDemand$freedays_domain_RegularUserDataOnDemand$init(RegularUserDataOnDemand_Roo_DataOnDemand.aj)
	at freedays.domain.RegularUserDataOnDemand_Roo_DataOnDemand.ajc$interMethod$freedays_domain_RegularUserDataOnDemand_Roo_DataOnDemand$freedays_domain_RegularUserDataOnDemand$getRandomRegularUser(RegularUserDataOnDemand_Roo_DataOnDemand.aj:93)
	at freedays.domain.RegularUserDataOnDemand.getRandomRegularUser(RegularUserDataOnDemand.java:1)
	at freedays.domain.RegularUserDataOnDemand_Roo_DataOnDemand.ajc$interMethodDispatch1$freedays_domain_RegularUserDataOnDemand_Roo_DataOnDemand$freedays_domain_RegularUserDataOnDemand$getRandomRegularUser(RegularUserDataOnDemand_Roo_DataOnDemand.aj)
	at freedays.app.FDUserDataOnDemand_Roo_DataOnDemand.ajc$interMethod$freedays_app_FDUserDataOnDemand_Roo_DataOnDemand$freedays_app_FDUserDataOnDemand$setRegularUser(FDUserDataOnDemand_Roo_DataOnDemand.aj:39)
	at freedays.app.FDUserDataOnDemand.setRegularUser(FDUserDataOnDemand.java:1)
	at freedays.app.FDUserDataOnDemand_Roo_DataOnDemand.ajc$interMethodDispatch1$freedays_app_FDUserDataOnDemand_Roo_DataOnDemand$freedays_app_FDUserDataOnDemand$setRegularUser(FDUserDataOnDemand_Roo_DataOnDemand.aj)
	at freedays.app.FDUserDataOnDemand_Roo_DataOnDemand.ajc$interMethod$freedays_app_FDUserDataOnDemand_Roo_DataOnDemand$freedays_app_FDUserDataOnDemand$getNewTransientFDUser(FDUserDataOnDemand_Roo_DataOnDemand.aj:30)
	at freedays.app.FDUserDataOnDemand.getNewTransientFDUser(FDUserDataOnDemand.java:1)
	at freedays.app.FDUserDataOnDemand_Roo_DataOnDemand.ajc$interMethodDispatch1$freedays_app_FDUserDataOnDemand_Roo_DataOnDemand$freedays_app_FDUserDataOnDemand$getNewTransientFDUser(FDUserDataOnDemand_Roo_DataOnDemand.aj)
	at freedays.app.FDUserDataOnDemand_Roo_DataOnDemand.ajc$interMethod$freedays_app_FDUserDataOnDemand_Roo_DataOnDemand$freedays_app_FDUserDataOnDemand$init(FDUserDataOnDemand_Roo_DataOnDemand.aj:96)
	at freedays.app.FDUserDataOnDemand.init(FDUserDataOnDemand.java:1)
	at freedays.app.FDUserDataOnDemand_Roo_DataOnDemand.ajc$interMethodDispatch1$freedays_app_FDUserDataOnDemand_Roo_DataOnDemand$freedays_app_FDUserDataOnDemand$init(FDUserDataOnDemand_Roo_DataOnDemand.aj)
	at freedays.app.FDUserDataOnDemand_Roo_DataOnDemand.ajc$interMethod$freedays_app_FDUserDataOnDemand_Roo_DataOnDemand$freedays_app_FDUserDataOnDemand$getRandomFDUser(FDUserDataOnDemand_Roo_DataOnDemand.aj:78)
	at freedays.app.FDUserDataOnDemand.getRandomFDUser(FDUserDataOnDemand.java:1)
	at freedays.app.FDUserDataOnDemand_Roo_DataOnDemand.ajc$interMethodDispatch1$freedays_app_FDUserDataOnDemand_Roo_DataOnDemand$freedays_app_FDUserDataOnDemand$getRandomFDUser(FDUserDataOnDemand_Roo_DataOnDemand.aj)
	at freedays.app.FDUserIntegrationTest_Roo_IntegrationTest.ajc$interMethod$freedays_app_FDUserIntegrationTest_Roo_IntegrationTest$freedays_app_FDUserIntegrationTest$testFindFDUserEntries(FDUserIntegrationTest_Roo_IntegrationTest.aj:55)
	at freedays.app.FDUserIntegrationTest.testFindFDUserEntries(FDUserIntegrationTest.java:1)
	at sun.reflect.NativeMethodAccessorImpl.invoke0(Native Method)
	at sun.reflect.NativeMethodAccessorImpl.invoke(NativeMethodAccessorImpl.java:39)
	at sun.reflect.DelegatingMethodAccessorImpl.invoke(DelegatingMethodAccessorImpl.java:25)
	at java.lang.reflect.Method.invoke(Method.java:597)
	at org.junit.runners.model.FrameworkMethod$1.runReflectiveCall(FrameworkMethod.java:44)
	at org.junit.internal.runners.model.ReflectiveCallable.run(ReflectiveCallable.java:15)
	at org.junit.runners.model.FrameworkMethod.invokeExplosively(FrameworkMethod.java:41)
	at org.junit.internal.runners.statements.InvokeMethod.evaluate(InvokeMethod.java:20)
	at org.springframework.test.context.junit4.statements.RunBeforeTestMethodCallbacks.evaluate(RunBeforeTestMethodCallbacks.java:74)
	at org.springframework.test.context.junit4.statements.RunAfterTestMethodCallbacks.evaluate(RunAfterTestMethodCallbacks.java:82)
	at org.springframework.test.context.junit4.statements.SpringRepeat.evaluate(SpringRepeat.java:72)
	at org.springframework.test.context.junit4.SpringJUnit4ClassRunner.runChild(SpringJUnit4ClassRunner.java:240)
	at org.junit.runners.BlockJUnit4ClassRunner.runChild(BlockJUnit4ClassRunner.java:49)
	at org.junit.runners.ParentRunner$3.run(ParentRunner.java:193)
	at org.junit.runners.ParentRunner$1.schedule(ParentRunner.java:52)
	at org.junit.runners.ParentRunner.runChildren(ParentRunner.java:191)
	at org.junit.runners.ParentRunner.access$000(ParentRunner.java:42)
	at org.junit.runners.ParentRunner$2.evaluate(ParentRunner.java:184)
	at org.springframework.test.context.junit4.statements.RunBeforeTestClassCallbacks.evaluate(RunBeforeTestClassCallbacks.java:61)
	at org.springframework.test.context.junit4.statements.RunAfterTestClassCallbacks.evaluate(RunAfterTestClassCallbacks.java:70)
	at org.junit.runners.ParentRunner.run(ParentRunner.java:236)
	at org.springframework.test.context.junit4.SpringJUnit4ClassRunner.run(SpringJUnit4ClassRunner.java:180)
	at org.apache.maven.surefire.junit4.JUnit4TestSet.execute(JUnit4TestSet.java:35)
	at org.apache.maven.surefire.junit4.JUnit4Provider.executeTestSet(JUnit4Provider.java:115)
	at org.apache.maven.surefire.junit4.JUnit4Provider.invoke(JUnit4Provider.java:97)
	at sun.reflect.NativeMethodAccessorImpl.invoke0(Native Method)
	at sun.reflect.NativeMethodAccessorImpl.invoke(NativeMethodAccessorImpl.java:39)
	at sun.reflect.DelegatingMethodAccessorImpl.invoke(DelegatingMethodAccessorImpl.java:25)
	at java.lang.reflect.Method.invoke(Method.java:597)
	at org.apache.maven.surefire.booter.ProviderFactory$ClassLoaderProxy.invoke(ProviderFactory.java:103)
	at $Proxy0.invoke(Unknown Source)
	at org.apache.maven.surefire.booter.SurefireStarter.invokeProvider(SurefireStarter.java:150)
	at org.apache.maven.surefire.booter.SurefireStarter.runSuitesInProcess(SurefireStarter.java:91)
	at org.apache.maven.surefire.booter.ForkedBooter.main(ForkedBooter.java:69)
2011-07-13 10:47:57,154 [main] WARN  org.hibernate.util.JDBCExceptionReporter - SQL Error: 1048, SQLState: 23000
2011-07-13 10:47:57,154 [main] ERROR org.hibernate.util.JDBCExceptionReporter - Column &apos;usermodify&apos; cannot be null
2011-07-13 10:47:57,154 [main] DEBUG org.hibernate.ejb.AbstractEntityManagerImpl - mark transaction for rollback
2011-07-13 10:47:57,154 [main] DEBUG org.springframework.orm.jpa.JpaTransactionManager - Participating transaction failed - marking existing transaction as rollback-only
2011-07-13 10:47:57,154 [main] DEBUG org.springframework.orm.jpa.JpaTransactionManager - Setting JPA transaction on EntityManager [org.hibernate.ejb.EntityManagerImpl@1f8a6890] rollback-only
2011-07-13 10:47:57,154 [main] DEBUG org.springframework.orm.jpa.JpaTransactionManager - Participating transaction failed - marking existing transaction as rollback-only
2011-07-13 10:47:57,154 [main] DEBUG org.springframework.orm.jpa.JpaTransactionManager - Setting JPA transaction on EntityManager [org.hibernate.ejb.EntityManagerImpl@1f8a6890] rollback-only
2011-07-13 10:47:57,154 [main] DEBUG org.springframework.test.context.transaction.TransactionalTestExecutionListener - No method-level @Rollback override: using default rollback [true] for test context [[TestContext@461d318f testClass = FDUserIntegrationTest, locations = array&lt;String&gt;[&apos;classpath:/META-INF/spring/applicationContext.xml&apos;], testInstance = freedays.app.FDUserIntegrationTest@2a06bbe7, testMethod = testFindFDUserEntries@FDUserIntegrationTest, testException = org.springframework.orm.jpa.JpaSystemException: org.hibernate.exception.ConstraintViolationException: could not insert: [freedays.domain.RegularUser]; nested exception is javax.persistence.PersistenceException: org.hibernate.exception.ConstraintViolationException: could not insert: [freedays.domain.RegularUser]]]
2011-07-13 10:47:57,154 [main] DEBUG org.springframework.orm.jpa.JpaTransactionManager - Initiating transaction rollback
2011-07-13 10:47:57,154 [main] DEBUG org.springframework.orm.jpa.JpaTransactionManager - Rolling back JPA transaction on EntityManager [org.hibernate.ejb.EntityManagerImpl@1f8a6890]
2011-07-13 10:47:57,154 [main] DEBUG org.hibernate.transaction.JDBCTransaction - rollback
2011-07-13 10:47:57,155 [main] DEBUG org.hibernate.transaction.JDBCTransaction - re-enabling autocommit
2011-07-13 10:47:57,156 [main] DEBUG org.hibernate.transaction.JDBCTransaction - rolled back JDBC Connection
2011-07-13 10:47:57,156 [main] DEBUG org.hibernate.jdbc.ConnectionManager - aggressively releasing JDBC connection
2011-07-13 10:47:57,156 [main] DEBUG org.hibernate.jdbc.ConnectionManager - releasing JDBC connection [ (open PreparedStatements: 0, globally: 0) (open ResultSets: 0, globally: 0)]
2011-07-13 10:47:57,157 [main] DEBUG org.springframework.orm.jpa.JpaTransactionManager - Closing JPA EntityManager [org.hibernate.ejb.EntityManagerImpl@1f8a6890] after transaction
2011-07-13 10:47:57,157 [main] DEBUG org.springframework.orm.jpa.EntityManagerFactoryUtils - Closing JPA EntityManager
2011-07-13 10:47:57,157 [main] INFO  org.springframework.test.context.transaction.TransactionalTestExecutionListener - Rolled back transaction after test execution for test context [[TestContext@461d318f testClass = FDUserIntegrationTest, locations = array&lt;String&gt;[&apos;classpath:/META-INF/spring/applicationContext.xml&apos;], testInstance = freedays.app.FDUserIntegrationTest@2a06bbe7, testMethod = testFindFDUserEntries@FDUserIntegrationTest, testException = org.springframework.orm.jpa.JpaSystemException: org.hibernate.exception.ConstraintViolationException: could not insert: [freedays.domain.RegularUser]; nested exception is javax.persistence.PersistenceException: org.hibernate.exception.ConstraintViolationException: could not insert: [freedays.domain.RegularUser]]]
2011-07-13 10:47:57,157 [main] DEBUG org.springframework.test.context.support.DirtiesContextTestExecutionListener - After test method: context [[TestContext@461d318f testClass = FDUserIntegrationTest, locations = array&lt;String&gt;[&apos;classpath:/META-INF/spring/applicationContext.xml&apos;], testInstance = freedays.app.FDUserIntegrationTest@2a06bbe7, testMethod = testFindFDUserEntries@FDUserIntegrationTest, testException = org.springframework.orm.jpa.JpaSystemException: org.hibernate.exception.ConstraintViolationException: could not insert: [freedays.domain.RegularUser]; nested exception is javax.persistence.PersistenceException: org.hibernate.exception.ConstraintViolationException: could not insert: [freedays.domain.RegularUser]]], class dirties context [false], class mode [null], method dirties context [false].
</system-out>
  </testcase>
</testsuite>