<?xml version="1.0" encoding="UTF-8" ?>
<testsuite failures="0" time="0.161" errors="1" skipped="0" tests="10" name="freedays.domain.RegularUserIntegrationTest">
  <properties>
    <property name="java.runtime.name" value="Java(TM) SE Runtime Environment"/>
    <property name="sun.boot.library.path" value="C:\Program Files\Java\jdk1.6.0_21\jre\bin"/>
    <property name="java.vm.version" value="17.0-b17"/>
    <property name="java.vm.vendor" value="Sun Microsystems Inc."/>
    <property name="java.vendor.url" value="http://java.sun.com/"/>
    <property name="path.separator" value=";"/>
    <property name="java.vm.name" value="Java HotSpot(TM) 64-Bit Server VM"/>
    <property name="file.encoding.pkg" value="sun.io"/>
    <property name="user.country" value="US"/>
    <property name="sun.java.launcher" value="SUN_STANDARD"/>
    <property name="sun.os.patch.level" value=""/>
    <property name="java.vm.specification.name" value="Java Virtual Machine Specification"/>
    <property name="user.dir" value="C:\Users\fmacicasan\git\FreeDaysIntern\Sts\freeday"/>
    <property name="java.runtime.version" value="1.6.0_21-b07"/>
    <property name="java.awt.graphicsenv" value="sun.awt.Win32GraphicsEnvironment"/>
    <property name="basedir" value="C:\Users\fmacicasan\git\FreeDaysIntern\Sts\freeday"/>
    <property name="java.endorsed.dirs" value="C:\Program Files\Java\jdk1.6.0_21\jre\lib\endorsed"/>
    <property name="os.arch" value="amd64"/>
    <property name="surefire.real.class.path" value="C:\Users\fmacicasan\git\FreeDaysIntern\Sts\freeday\target\surefire\surefirebooter4503095804421576897.jar"/>
    <property name="java.io.tmpdir" value="C:\Users\FMACIC~1\AppData\Local\Temp\"/>
    <property name="line.separator" value="
"/>
    <property name="java.vm.specification.vendor" value="Sun Microsystems Inc."/>
    <property name="user.variant" value=""/>
    <property name="os.name" value="Windows 7"/>
    <property name="sun.jnu.encoding" value="Cp1252"/>
    <property name="java.library.path" value="C:\Program Files\Java\jdk1.6.0_21\jre\bin;.;C:\Windows\Sun\Java\bin;C:\Windows\system32;C:\Windows;C:\Windows\system32;C:\Windows;C:\Windows\System32\Wbem;C:\Windows\System32\WindowsPowerShell\v1.0\;C:\Program Files (x86)\Bitvise Tunnelier;D:\Library\apache-maven-3.0.3\bin;D:\Library\grails-1.4.0.M1\bin;D:\Library\spring-roo-1.1.4.RELEASE\bin;C:\Program Files\Java\jdk1.6.0_21\bin;D:\Programs\Old_Mozilla;C:\Program Files (x86)\Git\bin;C:\Program Files (x86)\Notepad++;"/>
    <property name="surefire.test.class.path" value="C:\Users\fmacicasan\git\FreeDaysIntern\Sts\freeday\target\test-classes;C:\Users\fmacicasan\git\FreeDaysIntern\Sts\freeday\target\classes;C:\Users\fmacicasan\.m2\repository\junit\junit\4.8.2\junit-4.8.2.jar;C:\Users\fmacicasan\.m2\repository\log4j\log4j\1.2.16\log4j-1.2.16.jar;C:\Users\fmacicasan\.m2\repository\org\slf4j\slf4j-api\1.6.1\slf4j-api-1.6.1.jar;C:\Users\fmacicasan\.m2\repository\org\slf4j\jcl-over-slf4j\1.6.1\jcl-over-slf4j-1.6.1.jar;C:\Users\fmacicasan\.m2\repository\org\slf4j\slf4j-log4j12\1.6.1\slf4j-log4j12-1.6.1.jar;C:\Users\fmacicasan\.m2\repository\org\aspectj\aspectjrt\1.6.11\aspectjrt-1.6.11.jar;C:\Users\fmacicasan\.m2\repository\org\aspectj\aspectjweaver\1.6.11\aspectjweaver-1.6.11.jar;C:\Users\fmacicasan\.m2\repository\javax\servlet\servlet-api\2.5\servlet-api-2.5.jar;C:\Users\fmacicasan\.m2\repository\net\sf\flexjson\flexjson\2.1\flexjson-2.1.jar;C:\Users\fmacicasan\.m2\repository\org\springframework\roo\org.springframework.roo.annotations\1.1.4.RELEASE\org.springframework.roo.annotations-1.1.4.RELEASE.jar;C:\Users\fmacicasan\.m2\repository\org\springframework\spring-core\3.0.5.RELEASE\spring-core-3.0.5.RELEASE.jar;C:\Users\fmacicasan\.m2\repository\org\springframework\spring-asm\3.0.5.RELEASE\spring-asm-3.0.5.RELEASE.jar;C:\Users\fmacicasan\.m2\repository\org\springframework\spring-test\3.0.5.RELEASE\spring-test-3.0.5.RELEASE.jar;C:\Users\fmacicasan\.m2\repository\org\springframework\spring-context\3.0.5.RELEASE\spring-context-3.0.5.RELEASE.jar;C:\Users\fmacicasan\.m2\repository\org\springframework\spring-beans\3.0.5.RELEASE\spring-beans-3.0.5.RELEASE.jar;C:\Users\fmacicasan\.m2\repository\org\springframework\spring-expression\3.0.5.RELEASE\spring-expression-3.0.5.RELEASE.jar;C:\Users\fmacicasan\.m2\repository\org\springframework\spring-aop\3.0.5.RELEASE\spring-aop-3.0.5.RELEASE.jar;C:\Users\fmacicasan\.m2\repository\aopalliance\aopalliance\1.0\aopalliance-1.0.jar;C:\Users\fmacicasan\.m2\repository\org\springframework\spring-aspects\3.0.5.RELEASE\spring-aspects-3.0.5.RELEASE.jar;C:\Users\fmacicasan\.m2\repository\org\springframework\spring-context-support\3.0.5.RELEASE\spring-context-support-3.0.5.RELEASE.jar;C:\Users\fmacicasan\.m2\repository\mysql\mysql-connector-java\5.1.17\mysql-connector-java-5.1.17.jar;C:\Users\fmacicasan\.m2\repository\org\springframework\spring-tx\3.0.5.RELEASE\spring-tx-3.0.5.RELEASE.jar;C:\Users\fmacicasan\.m2\repository\org\hsqldb\hsqldb\1.8.0.10\hsqldb-1.8.0.10.jar;C:\Users\fmacicasan\.m2\repository\org\hibernate\hibernate-core\3.6.3.Final\hibernate-core-3.6.3.Final.jar;C:\Users\fmacicasan\.m2\repository\antlr\antlr\2.7.6\antlr-2.7.6.jar;C:\Users\fmacicasan\.m2\repository\commons-collections\commons-collections\3.1\commons-collections-3.1.jar;C:\Users\fmacicasan\.m2\repository\dom4j\dom4j\1.6.1\dom4j-1.6.1.jar;C:\Users\fmacicasan\.m2\repository\org\hibernate\hibernate-commons-annotations\3.2.0.Final\hibernate-commons-annotations-3.2.0.Final.jar;C:\Users\fmacicasan\.m2\repository\org\hibernate\hibernate-entitymanager\3.6.3.Final\hibernate-entitymanager-3.6.3.Final.jar;C:\Users\fmacicasan\.m2\repository\javassist\javassist\3.12.0.GA\javassist-3.12.0.GA.jar;C:\Users\fmacicasan\.m2\repository\org\hibernate\javax\persistence\hibernate-jpa-2.0-api\1.0.0.Final\hibernate-jpa-2.0-api-1.0.0.Final.jar;C:\Users\fmacicasan\.m2\repository\org\hibernate\hibernate-validator\4.1.0.Final\hibernate-validator-4.1.0.Final.jar;C:\Users\fmacicasan\.m2\repository\javax\validation\validation-api\1.0.0.GA\validation-api-1.0.0.GA.jar;C:\Users\fmacicasan\.m2\repository\cglib\cglib-nodep\2.2\cglib-nodep-2.2.jar;C:\Users\fmacicasan\.m2\repository\javax\transaction\jta\1.1\jta-1.1.jar;C:\Users\fmacicasan\.m2\repository\org\springframework\spring-jdbc\3.0.5.RELEASE\spring-jdbc-3.0.5.RELEASE.jar;C:\Users\fmacicasan\.m2\repository\org\springframework\spring-orm\3.0.5.RELEASE\spring-orm-3.0.5.RELEASE.jar;C:\Users\fmacicasan\.m2\repository\commons-pool\commons-pool\1.5.4\commons-pool-1.5.4.jar;C:\Users\fmacicasan\.m2\repository\commons-dbcp\commons-dbcp\1.3\commons-dbcp-1.3.jar;C:\Users\fmacicasan\.m2\repository\org\springframework\spring-web\3.0.5.RELEASE\spring-web-3.0.5.RELEASE.jar;C:\Users\fmacicasan\.m2\repository\org\springframework\spring-webmvc\3.0.5.RELEASE\spring-webmvc-3.0.5.RELEASE.jar;C:\Users\fmacicasan\.m2\repository\org\springframework\webflow\spring-js-resources\2.2.1.RELEASE\spring-js-resources-2.2.1.RELEASE.jar;C:\Users\fmacicasan\.m2\repository\commons-digester\commons-digester\2.0\commons-digester-2.0.jar;C:\Users\fmacicasan\.m2\repository\commons-beanutils\commons-beanutils\1.8.0\commons-beanutils-1.8.0.jar;C:\Users\fmacicasan\.m2\repository\javax\mail\mail\1.4\mail-1.4.jar;C:\Users\fmacicasan\.m2\repository\javax\activation\activation\1.1\activation-1.1.jar;C:\Users\fmacicasan\.m2\repository\commons-fileupload\commons-fileupload\1.2.1\commons-fileupload-1.2.1.jar;C:\Users\fmacicasan\.m2\repository\javax\servlet\jstl\1.2\jstl-1.2.jar;C:\Users\fmacicasan\.m2\repository\javax\el\el-api\1.0\el-api-1.0.jar;C:\Users\fmacicasan\.m2\repository\joda-time\joda-time\1.6\joda-time-1.6.jar;C:\Users\fmacicasan\.m2\repository\javax\servlet\jsp\jsp-api\2.1\jsp-api-2.1.jar;C:\Users\fmacicasan\.m2\repository\commons-codec\commons-codec\1.4\commons-codec-1.4.jar;C:\Users\fmacicasan\.m2\repository\org\apache\tiles\tiles-core\2.2.1\tiles-core-2.2.1.jar;C:\Users\fmacicasan\.m2\repository\org\apache\tiles\tiles-api\2.2.1\tiles-api-2.2.1.jar;C:\Users\fmacicasan\.m2\repository\org\apache\tiles\tiles-jsp\2.2.1\tiles-jsp-2.2.1.jar;C:\Users\fmacicasan\.m2\repository\org\apache\tiles\tiles-servlet\2.2.1\tiles-servlet-2.2.1.jar;C:\Users\fmacicasan\.m2\repository\org\apache\tiles\tiles-template\2.2.1\tiles-template-2.2.1.jar;C:\Users\fmacicasan\.m2\repository\org\springframework\security\spring-security-core\3.0.5.RELEASE\spring-security-core-3.0.5.RELEASE.jar;C:\Users\fmacicasan\.m2\repository\org\springframework\security\spring-security-config\3.0.5.RELEASE\spring-security-config-3.0.5.RELEASE.jar;C:\Users\fmacicasan\.m2\repository\org\springframework\security\spring-security-web\3.0.5.RELEASE\spring-security-web-3.0.5.RELEASE.jar;C:\Users\fmacicasan\.m2\repository\org\springframework\security\spring-security-taglibs\3.0.5.RELEASE\spring-security-taglibs-3.0.5.RELEASE.jar;C:\Users\fmacicasan\.m2\repository\org\springframework\security\spring-security-acl\3.0.5.RELEASE\spring-security-acl-3.0.5.RELEASE.jar;"/>
    <property name="java.specification.name" value="Java Platform API Specification"/>
    <property name="java.class.version" value="50.0"/>
    <property name="sun.management.compiler" value="HotSpot 64-Bit Server Compiler"/>
    <property name="os.version" value="6.1"/>
    <property name="user.home" value="C:\Users\fmacicasan"/>
    <property name="user.timezone" value="Europe/Athens"/>
    <property name="java.awt.printerjob" value="sun.awt.windows.WPrinterJob"/>
    <property name="java.specification.version" value="1.6"/>
    <property name="file.encoding" value="Cp1252"/>
    <property name="user.name" value="fmacicasan"/>
    <property name="java.class.path" value="C:\Users\fmacicasan\git\FreeDaysIntern\Sts\freeday\target\test-classes;C:\Users\fmacicasan\git\FreeDaysIntern\Sts\freeday\target\classes;C:\Users\fmacicasan\.m2\repository\junit\junit\4.8.2\junit-4.8.2.jar;C:\Users\fmacicasan\.m2\repository\log4j\log4j\1.2.16\log4j-1.2.16.jar;C:\Users\fmacicasan\.m2\repository\org\slf4j\slf4j-api\1.6.1\slf4j-api-1.6.1.jar;C:\Users\fmacicasan\.m2\repository\org\slf4j\jcl-over-slf4j\1.6.1\jcl-over-slf4j-1.6.1.jar;C:\Users\fmacicasan\.m2\repository\org\slf4j\slf4j-log4j12\1.6.1\slf4j-log4j12-1.6.1.jar;C:\Users\fmacicasan\.m2\repository\org\aspectj\aspectjrt\1.6.11\aspectjrt-1.6.11.jar;C:\Users\fmacicasan\.m2\repository\org\aspectj\aspectjweaver\1.6.11\aspectjweaver-1.6.11.jar;C:\Users\fmacicasan\.m2\repository\javax\servlet\servlet-api\2.5\servlet-api-2.5.jar;C:\Users\fmacicasan\.m2\repository\net\sf\flexjson\flexjson\2.1\flexjson-2.1.jar;C:\Users\fmacicasan\.m2\repository\org\springframework\roo\org.springframework.roo.annotations\1.1.4.RELEASE\org.springframework.roo.annotations-1.1.4.RELEASE.jar;C:\Users\fmacicasan\.m2\repository\org\springframework\spring-core\3.0.5.RELEASE\spring-core-3.0.5.RELEASE.jar;C:\Users\fmacicasan\.m2\repository\org\springframework\spring-asm\3.0.5.RELEASE\spring-asm-3.0.5.RELEASE.jar;C:\Users\fmacicasan\.m2\repository\org\springframework\spring-test\3.0.5.RELEASE\spring-test-3.0.5.RELEASE.jar;C:\Users\fmacicasan\.m2\repository\org\springframework\spring-context\3.0.5.RELEASE\spring-context-3.0.5.RELEASE.jar;C:\Users\fmacicasan\.m2\repository\org\springframework\spring-beans\3.0.5.RELEASE\spring-beans-3.0.5.RELEASE.jar;C:\Users\fmacicasan\.m2\repository\org\springframework\spring-expression\3.0.5.RELEASE\spring-expression-3.0.5.RELEASE.jar;C:\Users\fmacicasan\.m2\repository\org\springframework\spring-aop\3.0.5.RELEASE\spring-aop-3.0.5.RELEASE.jar;C:\Users\fmacicasan\.m2\repository\aopalliance\aopalliance\1.0\aopalliance-1.0.jar;C:\Users\fmacicasan\.m2\repository\org\springframework\spring-aspects\3.0.5.RELEASE\spring-aspects-3.0.5.RELEASE.jar;C:\Users\fmacicasan\.m2\repository\org\springframework\spring-context-support\3.0.5.RELEASE\spring-context-support-3.0.5.RELEASE.jar;C:\Users\fmacicasan\.m2\repository\mysql\mysql-connector-java\5.1.17\mysql-connector-java-5.1.17.jar;C:\Users\fmacicasan\.m2\repository\org\springframework\spring-tx\3.0.5.RELEASE\spring-tx-3.0.5.RELEASE.jar;C:\Users\fmacicasan\.m2\repository\org\hsqldb\hsqldb\1.8.0.10\hsqldb-1.8.0.10.jar;C:\Users\fmacicasan\.m2\repository\org\hibernate\hibernate-core\3.6.3.Final\hibernate-core-3.6.3.Final.jar;C:\Users\fmacicasan\.m2\repository\antlr\antlr\2.7.6\antlr-2.7.6.jar;C:\Users\fmacicasan\.m2\repository\commons-collections\commons-collections\3.1\commons-collections-3.1.jar;C:\Users\fmacicasan\.m2\repository\dom4j\dom4j\1.6.1\dom4j-1.6.1.jar;C:\Users\fmacicasan\.m2\repository\org\hibernate\hibernate-commons-annotations\3.2.0.Final\hibernate-commons-annotations-3.2.0.Final.jar;C:\Users\fmacicasan\.m2\repository\org\hibernate\hibernate-entitymanager\3.6.3.Final\hibernate-entitymanager-3.6.3.Final.jar;C:\Users\fmacicasan\.m2\repository\javassist\javassist\3.12.0.GA\javassist-3.12.0.GA.jar;C:\Users\fmacicasan\.m2\repository\org\hibernate\javax\persistence\hibernate-jpa-2.0-api\1.0.0.Final\hibernate-jpa-2.0-api-1.0.0.Final.jar;C:\Users\fmacicasan\.m2\repository\org\hibernate\hibernate-validator\4.1.0.Final\hibernate-validator-4.1.0.Final.jar;C:\Users\fmacicasan\.m2\repository\javax\validation\validation-api\1.0.0.GA\validation-api-1.0.0.GA.jar;C:\Users\fmacicasan\.m2\repository\cglib\cglib-nodep\2.2\cglib-nodep-2.2.jar;C:\Users\fmacicasan\.m2\repository\javax\transaction\jta\1.1\jta-1.1.jar;C:\Users\fmacicasan\.m2\repository\org\springframework\spring-jdbc\3.0.5.RELEASE\spring-jdbc-3.0.5.RELEASE.jar;C:\Users\fmacicasan\.m2\repository\org\springframework\spring-orm\3.0.5.RELEASE\spring-orm-3.0.5.RELEASE.jar;C:\Users\fmacicasan\.m2\repository\commons-pool\commons-pool\1.5.4\commons-pool-1.5.4.jar;C:\Users\fmacicasan\.m2\repository\commons-dbcp\commons-dbcp\1.3\commons-dbcp-1.3.jar;C:\Users\fmacicasan\.m2\repository\org\springframework\spring-web\3.0.5.RELEASE\spring-web-3.0.5.RELEASE.jar;C:\Users\fmacicasan\.m2\repository\org\springframework\spring-webmvc\3.0.5.RELEASE\spring-webmvc-3.0.5.RELEASE.jar;C:\Users\fmacicasan\.m2\repository\org\springframework\webflow\spring-js-resources\2.2.1.RELEASE\spring-js-resources-2.2.1.RELEASE.jar;C:\Users\fmacicasan\.m2\repository\commons-digester\commons-digester\2.0\commons-digester-2.0.jar;C:\Users\fmacicasan\.m2\repository\commons-beanutils\commons-beanutils\1.8.0\commons-beanutils-1.8.0.jar;C:\Users\fmacicasan\.m2\repository\javax\mail\mail\1.4\mail-1.4.jar;C:\Users\fmacicasan\.m2\repository\javax\activation\activation\1.1\activation-1.1.jar;C:\Users\fmacicasan\.m2\repository\commons-fileupload\commons-fileupload\1.2.1\commons-fileupload-1.2.1.jar;C:\Users\fmacicasan\.m2\repository\javax\servlet\jstl\1.2\jstl-1.2.jar;C:\Users\fmacicasan\.m2\repository\javax\el\el-api\1.0\el-api-1.0.jar;C:\Users\fmacicasan\.m2\repository\joda-time\joda-time\1.6\joda-time-1.6.jar;C:\Users\fmacicasan\.m2\repository\javax\servlet\jsp\jsp-api\2.1\jsp-api-2.1.jar;C:\Users\fmacicasan\.m2\repository\commons-codec\commons-codec\1.4\commons-codec-1.4.jar;C:\Users\fmacicasan\.m2\repository\org\apache\tiles\tiles-core\2.2.1\tiles-core-2.2.1.jar;C:\Users\fmacicasan\.m2\repository\org\apache\tiles\tiles-api\2.2.1\tiles-api-2.2.1.jar;C:\Users\fmacicasan\.m2\repository\org\apache\tiles\tiles-jsp\2.2.1\tiles-jsp-2.2.1.jar;C:\Users\fmacicasan\.m2\repository\org\apache\tiles\tiles-servlet\2.2.1\tiles-servlet-2.2.1.jar;C:\Users\fmacicasan\.m2\repository\org\apache\tiles\tiles-template\2.2.1\tiles-template-2.2.1.jar;C:\Users\fmacicasan\.m2\repository\org\springframework\security\spring-security-core\3.0.5.RELEASE\spring-security-core-3.0.5.RELEASE.jar;C:\Users\fmacicasan\.m2\repository\org\springframework\security\spring-security-config\3.0.5.RELEASE\spring-security-config-3.0.5.RELEASE.jar;C:\Users\fmacicasan\.m2\repository\org\springframework\security\spring-security-web\3.0.5.RELEASE\spring-security-web-3.0.5.RELEASE.jar;C:\Users\fmacicasan\.m2\repository\org\springframework\security\spring-security-taglibs\3.0.5.RELEASE\spring-security-taglibs-3.0.5.RELEASE.jar;C:\Users\fmacicasan\.m2\repository\org\springframework\security\spring-security-acl\3.0.5.RELEASE\spring-security-acl-3.0.5.RELEASE.jar;"/>
    <property name="java.vm.specification.version" value="1.0"/>
    <property name="sun.arch.data.model" value="64"/>
    <property name="java.home" value="C:\Program Files\Java\jdk1.6.0_21\jre"/>
    <property name="java.specification.vendor" value="Sun Microsystems Inc."/>
    <property name="user.language" value="en"/>
    <property name="awt.toolkit" value="sun.awt.windows.WToolkit"/>
    <property name="java.vm.info" value="mixed mode"/>
    <property name="java.version" value="1.6.0_21"/>
    <property name="java.ext.dirs" value="C:\Program Files\Java\jdk1.6.0_21\jre\lib\ext;C:\Windows\Sun\Java\lib\ext"/>
    <property name="sun.boot.class.path" value="C:\Program Files\Java\jdk1.6.0_21\jre\lib\resources.jar;C:\Program Files\Java\jdk1.6.0_21\jre\lib\rt.jar;C:\Program Files\Java\jdk1.6.0_21\jre\lib\sunrsasign.jar;C:\Program Files\Java\jdk1.6.0_21\jre\lib\jsse.jar;C:\Program Files\Java\jdk1.6.0_21\jre\lib\jce.jar;C:\Program Files\Java\jdk1.6.0_21\jre\lib\charsets.jar;C:\Program Files\Java\jdk1.6.0_21\jre\classes"/>
    <property name="java.vendor" value="Sun Microsystems Inc."/>
    <property name="localRepository" value="C:\Users\fmacicasan\.m2\repository"/>
    <property name="file.separator" value="\"/>
    <property name="java.vendor.url.bug" value="http://java.sun.com/cgi-bin/bugreport.cgi"/>
    <property name="sun.cpu.endian" value="little"/>
    <property name="sun.io.unicode.encoding" value="UnicodeLittle"/>
    <property name="sun.desktop" value="windows"/>
    <property name="sun.cpu.isalist" value="amd64"/>
  </properties>
  <testcase time="0.008" classname="freedays.domain.RegularUserIntegrationTest" name="testMarkerMethod"/>
  <testcase time="0.011" classname="freedays.domain.RegularUserIntegrationTest" name="testFlush"/>
  <testcase time="0.01" classname="freedays.domain.RegularUserIntegrationTest" name="testMerge"/>
  <testcase time="0.021" classname="freedays.domain.RegularUserIntegrationTest" name="testPersist"/>
  <testcase time="0.023" classname="freedays.domain.RegularUserIntegrationTest" name="testRemove">
    <error message="org.hibernate.exception.ConstraintViolationException: could not delete: [freedays.domain.RegularUser#111]; nested exception is javax.persistence.PersistenceException: org.hibernate.exception.ConstraintViolationException: could not delete: [freedays.domain.RegularUser#111]" type="org.springframework.orm.jpa.JpaSystemException">org.springframework.orm.jpa.JpaSystemException: org.hibernate.exception.ConstraintViolationException: could not delete: [freedays.domain.RegularUser#111]; nested exception is javax.persistence.PersistenceException: org.hibernate.exception.ConstraintViolationException: could not delete: [freedays.domain.RegularUser#111]
	at org.springframework.orm.jpa.EntityManagerFactoryUtils.convertJpaAccessExceptionIfPossible(EntityManagerFactoryUtils.java:311)
	at org.springframework.orm.jpa.aspectj.JpaExceptionTranslatorAspect.ajc$afterThrowing$org_springframework_orm_jpa_aspectj_JpaExceptionTranslatorAspect$1$18a1ac9(JpaExceptionTranslatorAspect.aj:15)
	at freedays.domain.RegularUser_Roo_Entity.ajc$interMethod$freedays_domain_RegularUser_Roo_Entity$freedays_domain_RegularUser$flush(RegularUser_Roo_Entity.aj:65)
	at freedays.domain.RegularUser.flush(RegularUser.java:1)
	at freedays.domain.RegularUser_Roo_Entity.ajc$interMethodDispatch1$freedays_domain_RegularUser_Roo_Entity$freedays_domain_RegularUser$flush(RegularUser_Roo_Entity.aj)
	at freedays.domain.RegularUserIntegrationTest_Roo_IntegrationTest.ajc$interMethod$freedays_domain_RegularUserIntegrationTest_Roo_IntegrationTest$freedays_domain_RegularUserIntegrationTest$testRemove(RegularUserIntegrationTest_Roo_IntegrationTest.aj:106)
	at freedays.domain.RegularUserIntegrationTest.testRemove(RegularUserIntegrationTest.java:1)
	at sun.reflect.NativeMethodAccessorImpl.invoke0(Native Method)
	at sun.reflect.NativeMethodAccessorImpl.invoke(NativeMethodAccessorImpl.java:39)
	at sun.reflect.DelegatingMethodAccessorImpl.invoke(DelegatingMethodAccessorImpl.java:25)
	at java.lang.reflect.Method.invoke(Method.java:597)
	at org.junit.runners.model.FrameworkMethod$1.runReflectiveCall(FrameworkMethod.java:44)
	at org.junit.internal.runners.model.ReflectiveCallable.run(ReflectiveCallable.java:15)
	at org.junit.runners.model.FrameworkMethod.invokeExplosively(FrameworkMethod.java:41)
	at org.junit.internal.runners.statements.InvokeMethod.evaluate(InvokeMethod.java:20)
	at org.springframework.test.context.junit4.statements.RunBeforeTestMethodCallbacks.evaluate(RunBeforeTestMethodCallbacks.java:74)
	at org.springframework.test.context.junit4.statements.RunAfterTestMethodCallbacks.evaluate(RunAfterTestMethodCallbacks.java:82)
	at org.springframework.test.context.junit4.statements.SpringRepeat.evaluate(SpringRepeat.java:72)
	at org.springframework.test.context.junit4.SpringJUnit4ClassRunner.runChild(SpringJUnit4ClassRunner.java:240)
	at org.junit.runners.BlockJUnit4ClassRunner.runChild(BlockJUnit4ClassRunner.java:49)
	at org.junit.runners.ParentRunner$3.run(ParentRunner.java:193)
	at org.junit.runners.ParentRunner$1.schedule(ParentRunner.java:52)
	at org.junit.runners.ParentRunner.runChildren(ParentRunner.java:191)
	at org.junit.runners.ParentRunner.access$000(ParentRunner.java:42)
	at org.junit.runners.ParentRunner$2.evaluate(ParentRunner.java:184)
	at org.springframework.test.context.junit4.statements.RunBeforeTestClassCallbacks.evaluate(RunBeforeTestClassCallbacks.java:61)
	at org.springframework.test.context.junit4.statements.RunAfterTestClassCallbacks.evaluate(RunAfterTestClassCallbacks.java:70)
	at org.junit.runners.ParentRunner.run(ParentRunner.java:236)
	at org.springframework.test.context.junit4.SpringJUnit4ClassRunner.run(SpringJUnit4ClassRunner.java:180)
	at org.apache.maven.surefire.junit4.JUnit4TestSet.execute(JUnit4TestSet.java:35)
	at org.apache.maven.surefire.junit4.JUnit4Provider.executeTestSet(JUnit4Provider.java:115)
	at org.apache.maven.surefire.junit4.JUnit4Provider.invoke(JUnit4Provider.java:97)
	at sun.reflect.NativeMethodAccessorImpl.invoke0(Native Method)
	at sun.reflect.NativeMethodAccessorImpl.invoke(NativeMethodAccessorImpl.java:39)
	at sun.reflect.DelegatingMethodAccessorImpl.invoke(DelegatingMethodAccessorImpl.java:25)
	at java.lang.reflect.Method.invoke(Method.java:597)
	at org.apache.maven.surefire.booter.ProviderFactory$ClassLoaderProxy.invoke(ProviderFactory.java:103)
	at $Proxy0.invoke(Unknown Source)
	at org.apache.maven.surefire.booter.SurefireStarter.invokeProvider(SurefireStarter.java:150)
	at org.apache.maven.surefire.booter.SurefireStarter.runSuitesInProcess(SurefireStarter.java:91)
	at org.apache.maven.surefire.booter.ForkedBooter.main(ForkedBooter.java:69)
Caused by: javax.persistence.PersistenceException: org.hibernate.exception.ConstraintViolationException: could not delete: [freedays.domain.RegularUser#111]
	at org.hibernate.ejb.AbstractEntityManagerImpl.convert(AbstractEntityManagerImpl.java:1214)
	at org.hibernate.ejb.AbstractEntityManagerImpl.convert(AbstractEntityManagerImpl.java:1147)
	at org.hibernate.ejb.AbstractEntityManagerImpl.convert(AbstractEntityManagerImpl.java:1153)
	at org.hibernate.ejb.AbstractEntityManagerImpl.flush(AbstractEntityManagerImpl.java:798)
	at sun.reflect.GeneratedMethodAccessor14.invoke(Unknown Source)
	at sun.reflect.DelegatingMethodAccessorImpl.invoke(DelegatingMethodAccessorImpl.java:25)
	at java.lang.reflect.Method.invoke(Method.java:597)
	at org.springframework.orm.jpa.SharedEntityManagerCreator$SharedEntityManagerInvocationHandler.invoke(SharedEntityManagerCreator.java:240)
	at $Proxy52.flush(Unknown Source)
	... 39 more
Caused by: org.hibernate.exception.ConstraintViolationException: could not delete: [freedays.domain.RegularUser#111]
	at org.hibernate.exception.SQLStateConverter.convert(SQLStateConverter.java:96)
	at org.hibernate.exception.JDBCExceptionHelper.convert(JDBCExceptionHelper.java:66)
	at org.hibernate.persister.entity.AbstractEntityPersister.delete(AbstractEntityPersister.java:2728)
	at org.hibernate.persister.entity.AbstractEntityPersister.delete(AbstractEntityPersister.java:2911)
	at org.hibernate.action.EntityDeleteAction.execute(EntityDeleteAction.java:97)
	at org.hibernate.engine.ActionQueue.execute(ActionQueue.java:273)
	at org.hibernate.engine.ActionQueue.executeActions(ActionQueue.java:265)
	at org.hibernate.engine.ActionQueue.executeActions(ActionQueue.java:189)
	at org.hibernate.event.def.AbstractFlushingEventListener.performExecutions(AbstractFlushingEventListener.java:321)
	at org.hibernate.event.def.DefaultFlushEventListener.onFlush(DefaultFlushEventListener.java:51)
	at org.hibernate.impl.SessionImpl.flush(SessionImpl.java:1216)
	at org.hibernate.ejb.AbstractEntityManagerImpl.flush(AbstractEntityManagerImpl.java:795)
	... 44 more
Caused by: com.mysql.jdbc.exceptions.jdbc4.MySQLIntegrityConstraintViolationException: Cannot delete or update a parent row: a foreign key constraint fails (`fmacicasan`.`fduser`, CONSTRAINT `FK99196D1D929C50D6b3c66989` FOREIGN KEY (`regular_user`) REFERENCES `regular_user` (`id`))
	at sun.reflect.NativeConstructorAccessorImpl.newInstance0(Native Method)
	at sun.reflect.NativeConstructorAccessorImpl.newInstance(NativeConstructorAccessorImpl.java:39)
	at sun.reflect.DelegatingConstructorAccessorImpl.newInstance(DelegatingConstructorAccessorImpl.java:27)
	at java.lang.reflect.Constructor.newInstance(Constructor.java:513)
	at com.mysql.jdbc.Util.handleNewInstance(Util.java:411)
	at com.mysql.jdbc.Util.getInstance(Util.java:386)
	at com.mysql.jdbc.SQLError.createSQLException(SQLError.java:1039)
	at com.mysql.jdbc.MysqlIO.checkErrorPacket(MysqlIO.java:3597)
	at com.mysql.jdbc.MysqlIO.checkErrorPacket(MysqlIO.java:3529)
	at com.mysql.jdbc.MysqlIO.sendCommand(MysqlIO.java:1990)
	at com.mysql.jdbc.MysqlIO.sqlQueryDirect(MysqlIO.java:2151)
	at com.mysql.jdbc.ConnectionImpl.execSQL(ConnectionImpl.java:2625)
	at com.mysql.jdbc.PreparedStatement.executeInternal(PreparedStatement.java:2119)
	at com.mysql.jdbc.PreparedStatement.executeUpdate(PreparedStatement.java:2415)
	at com.mysql.jdbc.PreparedStatement.executeUpdate(PreparedStatement.java:2333)
	at com.mysql.jdbc.PreparedStatement.executeUpdate(PreparedStatement.java:2318)
	at org.apache.commons.dbcp.DelegatingPreparedStatement.executeUpdate(DelegatingPreparedStatement.java:105)
	at org.apache.commons.dbcp.DelegatingPreparedStatement.executeUpdate(DelegatingPreparedStatement.java:105)
	at org.hibernate.persister.entity.AbstractEntityPersister.delete(AbstractEntityPersister.java:2710)
	... 53 more
</error>
    <system-out>2011-07-21 15:56:45,193 [main] DEBUG org.springframework.test.annotation.ProfileValueUtils - Retrieved @ProfileValueSourceConfiguration [null] for test class [freedays.domain.RegularUserIntegrationTest]
2011-07-21 15:56:45,193 [main] DEBUG org.springframework.test.annotation.ProfileValueUtils - Retrieved ProfileValueSource type [class org.springframework.test.annotation.SystemProfileValueSource] for class [freedays.domain.RegularUserIntegrationTest]
2011-07-21 15:56:45,193 [main] DEBUG org.springframework.beans.factory.annotation.InjectionMetadata - Processing injected method of bean &apos;freedays.domain.RegularUserIntegrationTest&apos;: AutowiredFieldElement for private freedays.domain.RegularUserDataOnDemand freedays.domain.RegularUserIntegrationTest.dod
2011-07-21 15:56:45,193 [main] DEBUG org.springframework.beans.factory.support.DefaultListableBeanFactory - Returning cached instance of singleton bean &apos;regularUserDataOnDemand&apos;
2011-07-21 15:56:45,193 [main] DEBUG org.springframework.test.context.support.DependencyInjectionTestExecutionListener - Performing dependency injection for test context [[TestContext@5230b601 testClass = RegularUserIntegrationTest, locations = array&lt;String&gt;[&apos;classpath:/META-INF/spring/applicationContext.xml&apos;], testInstance = freedays.domain.RegularUserIntegrationTest@43886a34, testMethod = [null], testException = [null]]].
2011-07-21 15:56:45,193 [main] DEBUG org.springframework.beans.factory.annotation.InjectionMetadata - Processing injected method of bean &apos;freedays.domain.RegularUserIntegrationTest&apos;: AutowiredFieldElement for private freedays.domain.RegularUserDataOnDemand freedays.domain.RegularUserIntegrationTest.dod
2011-07-21 15:56:45,193 [main] DEBUG org.springframework.beans.factory.support.DefaultListableBeanFactory - Returning cached instance of singleton bean &apos;regularUserDataOnDemand&apos;
2011-07-21 15:56:45,193 [main] DEBUG org.springframework.transaction.annotation.AnnotationTransactionAttributeSource - Adding transactional method &apos;testRemove&apos; with attribute: PROPAGATION_REQUIRED,ISOLATION_DEFAULT; &apos;&apos;
2011-07-21 15:56:45,194 [main] DEBUG org.springframework.test.context.transaction.TransactionalTestExecutionListener - Explicit transaction definition [PROPAGATION_REQUIRED,ISOLATION_DEFAULT; &apos;&apos;] found for test context [[TestContext@5230b601 testClass = RegularUserIntegrationTest, locations = array&lt;String&gt;[&apos;classpath:/META-INF/spring/applicationContext.xml&apos;], testInstance = freedays.domain.RegularUserIntegrationTest@43886a34, testMethod = testRemove@RegularUserIntegrationTest, testException = [null]]]
2011-07-21 15:56:45,194 [main] DEBUG org.springframework.beans.factory.support.DefaultListableBeanFactory - Returning cached instance of singleton bean &apos;transactionManager&apos;
2011-07-21 15:56:45,194 [main] DEBUG org.springframework.orm.jpa.JpaTransactionManager - Creating new transaction with name [testRemove]: PROPAGATION_REQUIRED,ISOLATION_DEFAULT; &apos;&apos;
2011-07-21 15:56:45,194 [main] DEBUG org.hibernate.impl.SessionImpl - opened session at timestamp: 13112530051
2011-07-21 15:56:45,194 [main] DEBUG org.springframework.orm.jpa.JpaTransactionManager - Opened new EntityManager [org.hibernate.ejb.EntityManagerImpl@bd5d765] for JPA transaction
2011-07-21 15:56:45,194 [main] DEBUG org.hibernate.transaction.JDBCTransaction - begin
2011-07-21 15:56:45,194 [main] DEBUG org.hibernate.jdbc.ConnectionManager - opening JDBC connection
2011-07-21 15:56:45,194 [main] DEBUG org.hibernate.transaction.JDBCTransaction - current autocommit status: true
2011-07-21 15:56:45,194 [main] DEBUG org.hibernate.transaction.JDBCTransaction - disabling autocommit
2011-07-21 15:56:45,195 [main] DEBUG org.springframework.orm.jpa.JpaTransactionManager - Not exposing JPA transaction [org.hibernate.ejb.EntityManagerImpl@bd5d765] as JDBC transaction because JpaDialect [org.springframework.orm.jpa.DefaultJpaDialect@1441c977] does not support JDBC Connection retrieval
2011-07-21 15:56:45,195 [main] DEBUG org.springframework.test.context.transaction.TransactionalTestExecutionListener - No method-level @Rollback override: using default rollback [true] for test context [[TestContext@5230b601 testClass = RegularUserIntegrationTest, locations = array&lt;String&gt;[&apos;classpath:/META-INF/spring/applicationContext.xml&apos;], testInstance = freedays.domain.RegularUserIntegrationTest@43886a34, testMethod = testRemove@RegularUserIntegrationTest, testException = [null]]]
2011-07-21 15:56:45,196 [main] INFO  org.springframework.test.context.transaction.TransactionalTestExecutionListener - Began transaction (5): transaction manager [org.springframework.orm.jpa.JpaTransactionManager@55b7bf86]; rollback [true]
2011-07-21 15:56:45,196 [main] DEBUG org.springframework.transaction.annotation.AnnotationTransactionAttributeSource - Adding transactional method &apos;testRemove&apos; with attribute: PROPAGATION_REQUIRED,ISOLATION_DEFAULT; &apos;&apos;
2011-07-21 15:56:45,196 [main] DEBUG org.springframework.beans.factory.support.DefaultListableBeanFactory - Returning cached instance of singleton bean &apos;transactionManager&apos;
2011-07-21 15:56:45,196 [main] DEBUG org.springframework.orm.jpa.JpaTransactionManager - Found thread-bound EntityManager [org.hibernate.ejb.EntityManagerImpl@bd5d765] for JPA transaction
2011-07-21 15:56:45,196 [main] DEBUG org.springframework.orm.jpa.JpaTransactionManager - Participating in existing transaction
2011-07-21 15:56:45,196 [main] DEBUG org.springframework.beans.factory.annotation.InjectionMetadata - Processing injected method of bean &apos;freedays.domain.RegularUser&apos;: PersistenceElement for transient javax.persistence.EntityManager freedays.domain.RegularUser.entityManager
2011-07-21 15:56:45,196 [main] DEBUG org.springframework.beans.factory.support.DefaultListableBeanFactory - Returning cached instance of singleton bean &apos;entityManagerFactory&apos;
2011-07-21 15:56:45,196 [main] DEBUG org.hibernate.jdbc.AbstractBatcher - about to open PreparedStatement (open PreparedStatements: 0, globally: 0)
2011-07-21 15:56:45,196 [main] DEBUG org.hibernate.SQL - select regularuse0_.id as id0_, regularuse0_.activ as activ0_, regularuse0_.creationdate as creation3_0_, regularuse0_.deleted as deleted0_, regularuse0_.email as email0_, regularuse0_.firstname as firstname0_, regularuse0_.lastmodified as lastmodi7_0_, regularuse0_.password as password0_, regularuse0_.surename as surename0_, regularuse0_.usermodifier as usermod10_0_, regularuse0_.username as username0_, regularuse0_.version as version0_ from regular_user regularuse0_ limit ?
2011-07-21 15:56:45,199 [main] DEBUG org.hibernate.jdbc.AbstractBatcher - about to open ResultSet (open ResultSets: 0, globally: 0)
2011-07-21 15:56:45,199 [main] DEBUG org.hibernate.loader.Loader - result row: EntityKey[freedays.domain.RegularUser#111]
2011-07-21 15:56:45,199 [main] DEBUG org.springframework.beans.factory.annotation.InjectionMetadata - Processing injected method of bean &apos;freedays.domain.RegularUser&apos;: PersistenceElement for transient javax.persistence.EntityManager freedays.domain.RegularUser.entityManager
2011-07-21 15:56:45,199 [main] DEBUG org.springframework.beans.factory.support.DefaultListableBeanFactory - Returning cached instance of singleton bean &apos;entityManagerFactory&apos;
2011-07-21 15:56:45,199 [main] DEBUG org.hibernate.loader.Loader - result row: EntityKey[freedays.domain.RegularUser#112]
2011-07-21 15:56:45,199 [main] DEBUG org.springframework.beans.factory.annotation.InjectionMetadata - Processing injected method of bean &apos;freedays.domain.RegularUser&apos;: PersistenceElement for transient javax.persistence.EntityManager freedays.domain.RegularUser.entityManager
2011-07-21 15:56:45,200 [main] DEBUG org.springframework.beans.factory.support.DefaultListableBeanFactory - Returning cached instance of singleton bean &apos;entityManagerFactory&apos;
2011-07-21 15:56:45,200 [main] DEBUG org.hibernate.jdbc.AbstractBatcher - about to close ResultSet (open ResultSets: 1, globally: 1)
2011-07-21 15:56:45,200 [main] DEBUG org.hibernate.jdbc.AbstractBatcher - about to close PreparedStatement (open PreparedStatements: 1, globally: 1)
2011-07-21 15:56:45,200 [main] DEBUG org.hibernate.engine.TwoPhaseLoad - resolving associations for [freedays.domain.RegularUser#111]
2011-07-21 15:56:45,200 [main] DEBUG org.hibernate.engine.TwoPhaseLoad - done materializing entity [freedays.domain.RegularUser#111]
2011-07-21 15:56:45,200 [main] DEBUG org.hibernate.engine.TwoPhaseLoad - resolving associations for [freedays.domain.RegularUser#112]
2011-07-21 15:56:45,200 [main] DEBUG org.hibernate.engine.TwoPhaseLoad - done materializing entity [freedays.domain.RegularUser#112]
2011-07-21 15:56:45,200 [main] DEBUG org.hibernate.engine.StatefulPersistenceContext - initializing non-lazy collections
2011-07-21 15:56:45,200 [main] DEBUG org.springframework.beans.factory.annotation.InjectionMetadata - Processing injected method of bean &apos;freedays.domain.RegularUser&apos;: PersistenceElement for transient javax.persistence.EntityManager freedays.domain.RegularUser.entityManager
2011-07-21 15:56:45,200 [main] DEBUG org.springframework.beans.factory.support.DefaultListableBeanFactory - Returning cached instance of singleton bean &apos;entityManagerFactory&apos;
2011-07-21 15:56:45,201 [main] DEBUG org.springframework.beans.factory.annotation.InjectionMetadata - Processing injected method of bean &apos;freedays.domain.RegularUser&apos;: PersistenceElement for transient javax.persistence.EntityManager freedays.domain.RegularUser.entityManager
2011-07-21 15:56:45,201 [main] DEBUG org.springframework.beans.factory.support.DefaultListableBeanFactory - Returning cached instance of singleton bean &apos;entityManagerFactory&apos;
2011-07-21 15:56:45,201 [main] DEBUG org.springframework.transaction.annotation.AnnotationTransactionAttributeSource - Adding transactional method &apos;remove&apos; with attribute: PROPAGATION_REQUIRED,ISOLATION_DEFAULT; &apos;&apos;
2011-07-21 15:56:45,201 [main] DEBUG org.springframework.beans.factory.support.DefaultListableBeanFactory - Returning cached instance of singleton bean &apos;transactionManager&apos;
2011-07-21 15:56:45,201 [main] DEBUG org.springframework.orm.jpa.JpaTransactionManager - Found thread-bound EntityManager [org.hibernate.ejb.EntityManagerImpl@bd5d765] for JPA transaction
2011-07-21 15:56:45,201 [main] DEBUG org.springframework.orm.jpa.JpaTransactionManager - Participating in existing transaction
2011-07-21 15:56:45,201 [main] DEBUG org.springframework.beans.factory.support.DefaultListableBeanFactory - Returning cached instance of singleton bean &apos;transactionManager&apos;
2011-07-21 15:56:45,201 [main] DEBUG org.springframework.orm.jpa.JpaTransactionManager - Found thread-bound EntityManager [org.hibernate.ejb.EntityManagerImpl@bd5d765] for JPA transaction
2011-07-21 15:56:45,201 [main] DEBUG org.springframework.orm.jpa.JpaTransactionManager - Participating in existing transaction
2011-07-21 15:56:45,201 [main] DEBUG org.hibernate.event.def.AbstractFlushingEventListener - processing flush-time cascades
2011-07-21 15:56:45,201 [main] DEBUG org.hibernate.event.def.AbstractFlushingEventListener - dirty checking collections
2011-07-21 15:56:45,201 [main] DEBUG org.hibernate.event.def.AbstractFlushingEventListener - Flushed: 0 insertions, 0 updates, 1 deletions to 2 objects
2011-07-21 15:56:45,201 [main] DEBUG org.hibernate.event.def.AbstractFlushingEventListener - Flushed: 0 (re)creations, 0 updates, 0 removals to 0 collections
2011-07-21 15:56:45,201 [main] DEBUG org.hibernate.pretty.Printer - listing entities:
2011-07-21 15:56:45,201 [main] DEBUG org.hibernate.pretty.Printer - freedays.domain.RegularUser{id=112, username=test2, surename=curmean, email=burtoflex89@yahoo.com, lastmodified=java.util.GregorianCalendar[time=1311114069000,areFieldsSet=true,areAllFieldsSet=true,lenient=true,zone=sun.util.calendar.ZoneInfo[id=&quot;Europe/Athens&quot;,offset=7200000,dstSavings=3600000,useDaylight=true,transitions=138,lastRule=java.util.SimpleTimeZone[id=Europe/Athens,offset=7200000,dstSavings=3600000,useDaylight=true,startYear=0,startMode=2,startMonth=2,startDay=-1,startDayOfWeek=1,startTime=3600000,startTimeMode=2,endMode=2,endMonth=9,endDay=-1,endDayOfWeek=1,endTime=3600000,endTimeMode=2]],firstDayOfWeek=1,minimalDaysInFirstWeek=1,ERA=1,YEAR=2011,MONTH=6,WEEK_OF_YEAR=30,WEEK_OF_MONTH=4,DAY_OF_MONTH=20,DAY_OF_YEAR=201,DAY_OF_WEEK=4,DAY_OF_WEEK_IN_MONTH=3,AM_PM=0,HOUR=1,HOUR_OF_DAY=1,MINUTE=21,SECOND=9,MILLISECOND=0,ZONE_OFFSET=7200000,DST_OFFSET=3600000], firstname=gigel, usermodifier=null, activ=true, password=testtest, deleted=false, creationdate=java.util.GregorianCalendar[time=1311114069000,areFieldsSet=true,areAllFieldsSet=true,lenient=true,zone=sun.util.calendar.ZoneInfo[id=&quot;Europe/Athens&quot;,offset=7200000,dstSavings=3600000,useDaylight=true,transitions=138,lastRule=java.util.SimpleTimeZone[id=Europe/Athens,offset=7200000,dstSavings=3600000,useDaylight=true,startYear=0,startMode=2,startMonth=2,startDay=-1,startDayOfWeek=1,startTime=3600000,startTimeMode=2,endMode=2,endMonth=9,endDay=-1,endDayOfWeek=1,endTime=3600000,endTimeMode=2]],firstDayOfWeek=1,minimalDaysInFirstWeek=1,ERA=1,YEAR=2011,MONTH=6,WEEK_OF_YEAR=30,WEEK_OF_MONTH=4,DAY_OF_MONTH=20,DAY_OF_YEAR=201,DAY_OF_WEEK=4,DAY_OF_WEEK_IN_MONTH=3,AM_PM=0,HOUR=1,HOUR_OF_DAY=1,MINUTE=21,SECOND=9,MILLISECOND=0,ZONE_OFFSET=7200000,DST_OFFSET=3600000], version=0}
2011-07-21 15:56:45,202 [main] DEBUG org.hibernate.pretty.Printer - freedays.domain.RegularUser{id=111, username=test, surename=bibeanu, email=burtoflex89@yahoo.com, lastmodified=java.util.GregorianCalendar[time=1311114069000,areFieldsSet=true,areAllFieldsSet=true,lenient=true,zone=sun.util.calendar.ZoneInfo[id=&quot;Europe/Athens&quot;,offset=7200000,dstSavings=3600000,useDaylight=true,transitions=138,lastRule=java.util.SimpleTimeZone[id=Europe/Athens,offset=7200000,dstSavings=3600000,useDaylight=true,startYear=0,startMode=2,startMonth=2,startDay=-1,startDayOfWeek=1,startTime=3600000,startTimeMode=2,endMode=2,endMonth=9,endDay=-1,endDayOfWeek=1,endTime=3600000,endTimeMode=2]],firstDayOfWeek=1,minimalDaysInFirstWeek=1,ERA=1,YEAR=2011,MONTH=6,WEEK_OF_YEAR=30,WEEK_OF_MONTH=4,DAY_OF_MONTH=20,DAY_OF_YEAR=201,DAY_OF_WEEK=4,DAY_OF_WEEK_IN_MONTH=3,AM_PM=0,HOUR=1,HOUR_OF_DAY=1,MINUTE=21,SECOND=9,MILLISECOND=0,ZONE_OFFSET=7200000,DST_OFFSET=3600000], firstname=nechifor, usermodifier=null, activ=true, password=testtest, deleted=false, creationdate=java.util.GregorianCalendar[time=1311114069000,areFieldsSet=true,areAllFieldsSet=true,lenient=true,zone=sun.util.calendar.ZoneInfo[id=&quot;Europe/Athens&quot;,offset=7200000,dstSavings=3600000,useDaylight=true,transitions=138,lastRule=java.util.SimpleTimeZone[id=Europe/Athens,offset=7200000,dstSavings=3600000,useDaylight=true,startYear=0,startMode=2,startMonth=2,startDay=-1,startDayOfWeek=1,startTime=3600000,startTimeMode=2,endMode=2,endMonth=9,endDay=-1,endDayOfWeek=1,endTime=3600000,endTimeMode=2]],firstDayOfWeek=1,minimalDaysInFirstWeek=1,ERA=1,YEAR=2011,MONTH=6,WEEK_OF_YEAR=30,WEEK_OF_MONTH=4,DAY_OF_MONTH=20,DAY_OF_YEAR=201,DAY_OF_WEEK=4,DAY_OF_WEEK_IN_MONTH=3,AM_PM=0,HOUR=1,HOUR_OF_DAY=1,MINUTE=21,SECOND=9,MILLISECOND=0,ZONE_OFFSET=7200000,DST_OFFSET=3600000], version=0}
2011-07-21 15:56:45,202 [main] DEBUG org.hibernate.jdbc.AbstractBatcher - about to open PreparedStatement (open PreparedStatements: 0, globally: 0)
2011-07-21 15:56:45,202 [main] DEBUG org.hibernate.SQL - delete from regular_user where id=? and version=?
2011-07-21 15:56:45,204 [main] DEBUG org.hibernate.jdbc.AbstractBatcher - about to close PreparedStatement (open PreparedStatements: 1, globally: 1)
2011-07-21 15:56:45,205 [main] DEBUG org.hibernate.util.JDBCExceptionReporter - could not delete: [freedays.domain.RegularUser#111] [delete from regular_user where id=? and version=?]
com.mysql.jdbc.exceptions.jdbc4.MySQLIntegrityConstraintViolationException: Cannot delete or update a parent row: a foreign key constraint fails (`fmacicasan`.`fduser`, CONSTRAINT `FK99196D1D929C50D6b3c66989` FOREIGN KEY (`regular_user`) REFERENCES `regular_user` (`id`))
	at sun.reflect.NativeConstructorAccessorImpl.newInstance0(Native Method)
	at sun.reflect.NativeConstructorAccessorImpl.newInstance(NativeConstructorAccessorImpl.java:39)
	at sun.reflect.DelegatingConstructorAccessorImpl.newInstance(DelegatingConstructorAccessorImpl.java:27)
	at java.lang.reflect.Constructor.newInstance(Constructor.java:513)
	at com.mysql.jdbc.Util.handleNewInstance(Util.java:411)
	at com.mysql.jdbc.Util.getInstance(Util.java:386)
	at com.mysql.jdbc.SQLError.createSQLException(SQLError.java:1039)
	at com.mysql.jdbc.MysqlIO.checkErrorPacket(MysqlIO.java:3597)
	at com.mysql.jdbc.MysqlIO.checkErrorPacket(MysqlIO.java:3529)
	at com.mysql.jdbc.MysqlIO.sendCommand(MysqlIO.java:1990)
	at com.mysql.jdbc.MysqlIO.sqlQueryDirect(MysqlIO.java:2151)
	at com.mysql.jdbc.ConnectionImpl.execSQL(ConnectionImpl.java:2625)
	at com.mysql.jdbc.PreparedStatement.executeInternal(PreparedStatement.java:2119)
	at com.mysql.jdbc.PreparedStatement.executeUpdate(PreparedStatement.java:2415)
	at com.mysql.jdbc.PreparedStatement.executeUpdate(PreparedStatement.java:2333)
	at com.mysql.jdbc.PreparedStatement.executeUpdate(PreparedStatement.java:2318)
	at org.apache.commons.dbcp.DelegatingPreparedStatement.executeUpdate(DelegatingPreparedStatement.java:105)
	at org.apache.commons.dbcp.DelegatingPreparedStatement.executeUpdate(DelegatingPreparedStatement.java:105)
	at org.hibernate.persister.entity.AbstractEntityPersister.delete(AbstractEntityPersister.java:2710)
	at org.hibernate.persister.entity.AbstractEntityPersister.delete(AbstractEntityPersister.java:2911)
	at org.hibernate.action.EntityDeleteAction.execute(EntityDeleteAction.java:97)
	at org.hibernate.engine.ActionQueue.execute(ActionQueue.java:273)
	at org.hibernate.engine.ActionQueue.executeActions(ActionQueue.java:265)
	at org.hibernate.engine.ActionQueue.executeActions(ActionQueue.java:189)
	at org.hibernate.event.def.AbstractFlushingEventListener.performExecutions(AbstractFlushingEventListener.java:321)
	at org.hibernate.event.def.DefaultFlushEventListener.onFlush(DefaultFlushEventListener.java:51)
	at org.hibernate.impl.SessionImpl.flush(SessionImpl.java:1216)
	at org.hibernate.ejb.AbstractEntityManagerImpl.flush(AbstractEntityManagerImpl.java:795)
	at sun.reflect.GeneratedMethodAccessor14.invoke(Unknown Source)
	at sun.reflect.DelegatingMethodAccessorImpl.invoke(DelegatingMethodAccessorImpl.java:25)
	at java.lang.reflect.Method.invoke(Method.java:597)
	at org.springframework.orm.jpa.SharedEntityManagerCreator$SharedEntityManagerInvocationHandler.invoke(SharedEntityManagerCreator.java:240)
	at $Proxy52.flush(Unknown Source)
	at freedays.domain.RegularUser_Roo_Entity.ajc$interMethod$freedays_domain_RegularUser_Roo_Entity$freedays_domain_RegularUser$flush(RegularUser_Roo_Entity.aj:65)
	at freedays.domain.RegularUser.flush(RegularUser.java:1)
	at freedays.domain.RegularUser_Roo_Entity.ajc$interMethodDispatch1$freedays_domain_RegularUser_Roo_Entity$freedays_domain_RegularUser$flush(RegularUser_Roo_Entity.aj)
	at freedays.domain.RegularUserIntegrationTest_Roo_IntegrationTest.ajc$interMethod$freedays_domain_RegularUserIntegrationTest_Roo_IntegrationTest$freedays_domain_RegularUserIntegrationTest$testRemove(RegularUserIntegrationTest_Roo_IntegrationTest.aj:106)
	at freedays.domain.RegularUserIntegrationTest.testRemove(RegularUserIntegrationTest.java:1)
	at sun.reflect.NativeMethodAccessorImpl.invoke0(Native Method)
	at sun.reflect.NativeMethodAccessorImpl.invoke(NativeMethodAccessorImpl.java:39)
	at sun.reflect.DelegatingMethodAccessorImpl.invoke(DelegatingMethodAccessorImpl.java:25)
	at java.lang.reflect.Method.invoke(Method.java:597)
	at org.junit.runners.model.FrameworkMethod$1.runReflectiveCall(FrameworkMethod.java:44)
	at org.junit.internal.runners.model.ReflectiveCallable.run(ReflectiveCallable.java:15)
	at org.junit.runners.model.FrameworkMethod.invokeExplosively(FrameworkMethod.java:41)
	at org.junit.internal.runners.statements.InvokeMethod.evaluate(InvokeMethod.java:20)
	at org.springframework.test.context.junit4.statements.RunBeforeTestMethodCallbacks.evaluate(RunBeforeTestMethodCallbacks.java:74)
	at org.springframework.test.context.junit4.statements.RunAfterTestMethodCallbacks.evaluate(RunAfterTestMethodCallbacks.java:82)
	at org.springframework.test.context.junit4.statements.SpringRepeat.evaluate(SpringRepeat.java:72)
	at org.springframework.test.context.junit4.SpringJUnit4ClassRunner.runChild(SpringJUnit4ClassRunner.java:240)
	at org.junit.runners.BlockJUnit4ClassRunner.runChild(BlockJUnit4ClassRunner.java:49)
	at org.junit.runners.ParentRunner$3.run(ParentRunner.java:193)
	at org.junit.runners.ParentRunner$1.schedule(ParentRunner.java:52)
	at org.junit.runners.ParentRunner.runChildren(ParentRunner.java:191)
	at org.junit.runners.ParentRunner.access$000(ParentRunner.java:42)
	at org.junit.runners.ParentRunner$2.evaluate(ParentRunner.java:184)
	at org.springframework.test.context.junit4.statements.RunBeforeTestClassCallbacks.evaluate(RunBeforeTestClassCallbacks.java:61)
	at org.springframework.test.context.junit4.statements.RunAfterTestClassCallbacks.evaluate(RunAfterTestClassCallbacks.java:70)
	at org.junit.runners.ParentRunner.run(ParentRunner.java:236)
	at org.springframework.test.context.junit4.SpringJUnit4ClassRunner.run(SpringJUnit4ClassRunner.java:180)
	at org.apache.maven.surefire.junit4.JUnit4TestSet.execute(JUnit4TestSet.java:35)
	at org.apache.maven.surefire.junit4.JUnit4Provider.executeTestSet(JUnit4Provider.java:115)
	at org.apache.maven.surefire.junit4.JUnit4Provider.invoke(JUnit4Provider.java:97)
	at sun.reflect.NativeMethodAccessorImpl.invoke0(Native Method)
	at sun.reflect.NativeMethodAccessorImpl.invoke(NativeMethodAccessorImpl.java:39)
	at sun.reflect.DelegatingMethodAccessorImpl.invoke(DelegatingMethodAccessorImpl.java:25)
	at java.lang.reflect.Method.invoke(Method.java:597)
	at org.apache.maven.surefire.booter.ProviderFactory$ClassLoaderProxy.invoke(ProviderFactory.java:103)
	at $Proxy0.invoke(Unknown Source)
	at org.apache.maven.surefire.booter.SurefireStarter.invokeProvider(SurefireStarter.java:150)
	at org.apache.maven.surefire.booter.SurefireStarter.runSuitesInProcess(SurefireStarter.java:91)
	at org.apache.maven.surefire.booter.ForkedBooter.main(ForkedBooter.java:69)
2011-07-21 15:56:45,206 [main] WARN  org.hibernate.util.JDBCExceptionReporter - SQL Error: 1451, SQLState: 23000
2011-07-21 15:56:45,206 [main] ERROR org.hibernate.util.JDBCExceptionReporter - Cannot delete or update a parent row: a foreign key constraint fails (`fmacicasan`.`fduser`, CONSTRAINT `FK99196D1D929C50D6b3c66989` FOREIGN KEY (`regular_user`) REFERENCES `regular_user` (`id`))
2011-07-21 15:56:45,206 [main] DEBUG org.hibernate.ejb.AbstractEntityManagerImpl - mark transaction for rollback
2011-07-21 15:56:45,207 [main] DEBUG org.springframework.orm.jpa.JpaTransactionManager - Participating transaction failed - marking existing transaction as rollback-only
2011-07-21 15:56:45,207 [main] DEBUG org.springframework.orm.jpa.JpaTransactionManager - Setting JPA transaction on EntityManager [org.hibernate.ejb.EntityManagerImpl@bd5d765] rollback-only
2011-07-21 15:56:45,207 [main] DEBUG org.springframework.orm.jpa.JpaTransactionManager - Participating transaction failed - marking existing transaction as rollback-only
2011-07-21 15:56:45,207 [main] DEBUG org.springframework.orm.jpa.JpaTransactionManager - Setting JPA transaction on EntityManager [org.hibernate.ejb.EntityManagerImpl@bd5d765] rollback-only
2011-07-21 15:56:45,207 [main] DEBUG org.springframework.test.context.transaction.TransactionalTestExecutionListener - No method-level @Rollback override: using default rollback [true] for test context [[TestContext@5230b601 testClass = RegularUserIntegrationTest, locations = array&lt;String&gt;[&apos;classpath:/META-INF/spring/applicationContext.xml&apos;], testInstance = freedays.domain.RegularUserIntegrationTest@43886a34, testMethod = testRemove@RegularUserIntegrationTest, testException = org.springframework.orm.jpa.JpaSystemException: org.hibernate.exception.ConstraintViolationException: could not delete: [freedays.domain.RegularUser#111]; nested exception is javax.persistence.PersistenceException: org.hibernate.exception.ConstraintViolationException: could not delete: [freedays.domain.RegularUser#111]]]
2011-07-21 15:56:45,207 [main] DEBUG org.springframework.orm.jpa.JpaTransactionManager - Initiating transaction rollback
2011-07-21 15:56:45,207 [main] DEBUG org.springframework.orm.jpa.JpaTransactionManager - Rolling back JPA transaction on EntityManager [org.hibernate.ejb.EntityManagerImpl@bd5d765]
2011-07-21 15:56:45,207 [main] DEBUG org.hibernate.transaction.JDBCTransaction - rollback
2011-07-21 15:56:45,212 [main] DEBUG org.hibernate.transaction.JDBCTransaction - re-enabling autocommit
2011-07-21 15:56:45,214 [main] DEBUG org.hibernate.transaction.JDBCTransaction - rolled back JDBC Connection
2011-07-21 15:56:45,214 [main] DEBUG org.hibernate.jdbc.ConnectionManager - aggressively releasing JDBC connection
2011-07-21 15:56:45,214 [main] DEBUG org.hibernate.jdbc.ConnectionManager - releasing JDBC connection [ (open PreparedStatements: 0, globally: 0) (open ResultSets: 0, globally: 0)]
2011-07-21 15:56:45,214 [main] DEBUG org.springframework.orm.jpa.JpaTransactionManager - Closing JPA EntityManager [org.hibernate.ejb.EntityManagerImpl@bd5d765] after transaction
2011-07-21 15:56:45,214 [main] DEBUG org.springframework.orm.jpa.EntityManagerFactoryUtils - Closing JPA EntityManager
2011-07-21 15:56:45,214 [main] INFO  org.springframework.test.context.transaction.TransactionalTestExecutionListener - Rolled back transaction after test execution for test context [[TestContext@5230b601 testClass = RegularUserIntegrationTest, locations = array&lt;String&gt;[&apos;classpath:/META-INF/spring/applicationContext.xml&apos;], testInstance = freedays.domain.RegularUserIntegrationTest@43886a34, testMethod = testRemove@RegularUserIntegrationTest, testException = org.springframework.orm.jpa.JpaSystemException: org.hibernate.exception.ConstraintViolationException: could not delete: [freedays.domain.RegularUser#111]; nested exception is javax.persistence.PersistenceException: org.hibernate.exception.ConstraintViolationException: could not delete: [freedays.domain.RegularUser#111]]]
2011-07-21 15:56:45,214 [main] DEBUG org.springframework.test.context.support.DirtiesContextTestExecutionListener - After test method: context [[TestContext@5230b601 testClass = RegularUserIntegrationTest, locations = array&lt;String&gt;[&apos;classpath:/META-INF/spring/applicationContext.xml&apos;], testInstance = freedays.domain.RegularUserIntegrationTest@43886a34, testMethod = testRemove@RegularUserIntegrationTest, testException = org.springframework.orm.jpa.JpaSystemException: org.hibernate.exception.ConstraintViolationException: could not delete: [freedays.domain.RegularUser#111]; nested exception is javax.persistence.PersistenceException: org.hibernate.exception.ConstraintViolationException: could not delete: [freedays.domain.RegularUser#111]]], class dirties context [false], class mode [null], method dirties context [false].
</system-out>
  </testcase>
  <testcase time="0.024" classname="freedays.domain.RegularUserIntegrationTest" name="testFindAllRegularUsersLikeMethod"/>
  <testcase time="0.014" classname="freedays.domain.RegularUserIntegrationTest" name="testCountRegularUsers"/>
  <testcase time="0.009" classname="freedays.domain.RegularUserIntegrationTest" name="testFindRegularUser"/>
  <testcase time="0.016" classname="freedays.domain.RegularUserIntegrationTest" name="testFindAllRegularUsers"/>
  <testcase time="0.016" classname="freedays.domain.RegularUserIntegrationTest" name="testFindRegularUserEntries"/>
</testsuite>